--- Job fixed_problem_hi.gms Start 03/28/22 13:28:30 32.2.0 rc62c018 WEX-WEI x86 64bit/MS Windows
--- Applying:
    C:\GAMS\32\gmsprmNT.txt
--- GAMS Parameters defined
    Input C:\Users\charl\OneDrive\Dokumente\A_Uni\HiWi\ArticleSubgradient\Code\SampleRun_Environment_Solar\900Scens\tol01\Scenario8\fixed_problem_hi.gms
    PageSize 0
    ScrDir C:\Users\charl\OneDrive\Dokumente\A_Uni\HiWi\ArticleSubgradient\Code\SampleRun_Environment_Solar\900Scens\tol01\Scenario8\225d\
    SysDir C:\GAMS\32\
    LogOption 3
    ErrMsg 1
    ErrorLog 99
    IDE 1
    LstTitleLeftAligned 1
GAMS 32.2.0   Copyright (C) 1987-2020 GAMS Development. All rights reserved
Licensee: Small MUD - 5 User License                     S200323/0001AN-GEN
          Friedrich-Alexander-Universitaet Erlangen-Nurnberg         DC7699
          C:\GAMS\32\gamslice.txt
--- Starting compilation
--- fixed_problem_hi.gms(30) 3 Mb
--- . solar_scenarios.csv(901) 3 Mb
--- fixed_problem_hi.gms(53) 3 Mb
--- . sampled_dynamic_hi.csv(25) 3 Mb
--- fixed_problem_hi.gms(62) 3 Mb
--- . battery_revenue.csv(25) 3 Mb
--- fixed_problem_hi.gms(216) 3 Mb
--- Starting execution: elapsed 0:00:00.044
--- fixed_problem_hi.gms(1133) 10 Mb
--- Generating MIP model schedule
--- fixed_problem_hi.gms(1104) 10 Mb
--- Starting Equ Objective: elapsed 0:00:00.175
--- fixed_problem_hi.gms(1106) 12 Mb
--- Starting Equ Const1: elapsed 0:00:00.567
--- fixed_problem_hi.gms(1109) 25 Mb
--- Starting Equ Const_chance_1: elapsed 0:00:00.619
--- fixed_problem_hi.gms(1112) 32 Mb
--- Starting Equ Const_chance_2: elapsed 0:00:00.662
--- fixed_problem_hi.gms(1136) 32 Mb
--- LOOPS iter = iter1
---   42,302 rows  65,725 columns  191,725 non-zeroes
---   900 discrete-columns
--- Executing CPLEX (Solvelink=2): elapsed 0:00:00.778

IBM ILOG CPLEX   32.2.0 rc62c018 Released Aug 26, 2020 WEI x86 64bit/MS Window
--- GAMS/Cplex Link licensed for continuous and discrete problems.
Cplex 12.10.0.0

Reading data...
Starting Cplex...
Space for names approximately 2.68 Mb
Use option 'names no' to turn use of names off
Version identifier: 12.10.0.0 | 2019-11-26 | 843d4de2ae
CPXPARAM_Advance                                 0
CPXPARAM_Threads                                 8
CPXPARAM_Parallel                                1
CPXPARAM_MIP_Display                             4
CPXPARAM_TimeLimit                               1800
CPXPARAM_Tune_TimeLimit                          360
CPXPARAM_MIP_Tolerances_AbsMIPGap                0
CPXPARAM_MIP_Tolerances_MIPGap                   0
CPXPARAM_WorkDir                                 "C:\Users\charl\OneDrive\Dokumente\A_Uni\HiWi\ArticleSubgradient\Code\SampleRun_Environment_Solar\900Scens\tol01\Scenario8\225d\"
Row 'Const_chance_2' infeasible, all entries at implied bounds.
Presolve time = 0.03 sec. (14.18 ticks)

Root node processing (before b&c):
  Real time             =    0.05 sec. (17.94 ticks)
Parallel b&c, 8 threads:
  Real time             =    0.00 sec. (0.00 ticks)
  Sync time (average)   =    0.00 sec.
  Wait time (average)   =    0.00 sec.
                          ------------
Total (root+branch&cut) =    0.05 sec. (17.94 ticks)
MIP status(103): integer infeasible
Cplex Time: 0.05sec (det. 18.13 ticks)
CPLEX Error  1217: No solution exists.
Problem is integer infeasible.
--- Reading solution for model schedule
--- Executing after solve: elapsed 0:00:01.082
--- fixed_problem_hi.gms(1133) 32 Mb
--- Generating MIP model schedule
--- fixed_problem_hi.gms(1104) 32 Mb
--- Starting Equ Objective: elapsed 0:00:01.082
--- fixed_problem_hi.gms(1106) 32 Mb
--- Starting Equ Const1: elapsed 0:00:01.465
--- fixed_problem_hi.gms(1109) 32 Mb
--- Starting Equ Const_chance_1: elapsed 0:00:01.539
--- fixed_problem_hi.gms(1112) 32 Mb
--- Starting Equ Const_chance_2: elapsed 0:00:01.617
--- fixed_problem_hi.gms(1136) 32 Mb
--- LOOPS iter = iter2
---   42,302 rows  65,725 columns  191,725 non-zeroes
---   900 discrete-columns
--- Executing CPLEX (Solvelink=2): elapsed 0:00:01.777

IBM ILOG CPLEX   32.2.0 rc62c018 Released Aug 26, 2020 WEI x86 64bit/MS Window
--- GAMS/Cplex Link licensed for continuous and discrete problems.
Cplex 12.10.0.0

Reading data...
Starting Cplex...
Space for names approximately 2.68 Mb
Use option 'names no' to turn use of names off
Version identifier: 12.10.0.0 | 2019-11-26 | 843d4de2ae
CPXPARAM_Advance                                 0
CPXPARAM_Threads                                 8
CPXPARAM_Parallel                                1
CPXPARAM_MIP_Display                             4
CPXPARAM_TimeLimit                               1800
CPXPARAM_Tune_TimeLimit                          360
CPXPARAM_MIP_Tolerances_AbsMIPGap                0
CPXPARAM_MIP_Tolerances_MIPGap                   0
CPXPARAM_WorkDir                                 "C:\Users\charl\OneDrive\Dokumente\A_Uni\HiWi\ArticleSubgradient\Code\SampleRun_Environment_Solar\900Scens\tol01\Scenario8\225d\"
Row 'Const_chance_2' infeasible, all entries at implied bounds.
Presolve time = 0.03 sec. (14.19 ticks)

Root node processing (before b&c):
  Real time             =    0.03 sec. (17.94 ticks)
Parallel b&c, 8 threads:
  Real time             =    0.00 sec. (0.00 ticks)
  Sync time (average)   =    0.00 sec.
  Wait time (average)   =    0.00 sec.
                          ------------
Total (root+branch&cut) =    0.03 sec. (17.94 ticks)
MIP status(103): integer infeasible
Cplex Time: 0.05sec (det. 18.13 ticks)
CPLEX Error  1217: No solution exists.
Problem is integer infeasible.
--- Reading solution for model schedule
--- Executing after solve: elapsed 0:00:02.026
--- fixed_problem_hi.gms(1133) 32 Mb
--- Generating MIP model schedule
--- fixed_problem_hi.gms(1104) 32 Mb
--- Starting Equ Objective: elapsed 0:00:02.026
--- fixed_problem_hi.gms(1106) 32 Mb
--- Starting Equ Const1: elapsed 0:00:02.432
--- fixed_problem_hi.gms(1109) 32 Mb
--- Starting Equ Const_chance_1: elapsed 0:00:02.521
--- fixed_problem_hi.gms(1112) 32 Mb
--- Starting Equ Const_chance_2: elapsed 0:00:02.604
--- fixed_problem_hi.gms(1136) 32 Mb
--- LOOPS iter = iter3
---   42,302 rows  65,725 columns  191,725 non-zeroes
---   900 discrete-columns
--- Executing CPLEX (Solvelink=2): elapsed 0:00:02.777

IBM ILOG CPLEX   32.2.0 rc62c018 Released Aug 26, 2020 WEI x86 64bit/MS Window
--- GAMS/Cplex Link licensed for continuous and discrete problems.
Cplex 12.10.0.0

Reading data...
Starting Cplex...
Space for names approximately 2.68 Mb
Use option 'names no' to turn use of names off
Version identifier: 12.10.0.0 | 2019-11-26 | 843d4de2ae
CPXPARAM_Advance                                 0
CPXPARAM_Threads                                 8
CPXPARAM_Parallel                                1
CPXPARAM_MIP_Display                             4
CPXPARAM_TimeLimit                               1800
CPXPARAM_Tune_TimeLimit                          360
CPXPARAM_MIP_Tolerances_AbsMIPGap                0
CPXPARAM_MIP_Tolerances_MIPGap                   0
CPXPARAM_WorkDir                                 "C:\Users\charl\OneDrive\Dokumente\A_Uni\HiWi\ArticleSubgradient\Code\SampleRun_Environment_Solar\900Scens\tol01\Scenario8\225d\"
Row 'Const_chance_2' infeasible, all entries at implied bounds.
Presolve time = 0.03 sec. (14.19 ticks)

Root node processing (before b&c):
  Real time             =    0.03 sec. (17.94 ticks)
Parallel b&c, 8 threads:
  Real time             =    0.00 sec. (0.00 ticks)
  Sync time (average)   =    0.00 sec.
  Wait time (average)   =    0.00 sec.
                          ------------
Total (root+branch&cut) =    0.03 sec. (17.94 ticks)
MIP status(103): integer infeasible
Cplex Time: 0.03sec (det. 18.13 ticks)
CPLEX Error  1217: No solution exists.
Problem is integer infeasible.
--- Reading solution for model schedule
--- Executing after solve: elapsed 0:00:03.031
--- fixed_problem_hi.gms(1133) 32 Mb
--- Generating MIP model schedule
--- fixed_problem_hi.gms(1104) 32 Mb
--- Starting Equ Objective: elapsed 0:00:03.032
--- fixed_problem_hi.gms(1106) 32 Mb
--- Starting Equ Const1: elapsed 0:00:03.465
--- fixed_problem_hi.gms(1109) 32 Mb
--- Starting Equ Const_chance_1: elapsed 0:00:03.563
--- fixed_problem_hi.gms(1112) 32 Mb
--- Starting Equ Const_chance_2: elapsed 0:00:03.655
--- fixed_problem_hi.gms(1136) 32 Mb
--- LOOPS iter = iter4
---   42,302 rows  65,725 columns  191,725 non-zeroes
---   900 discrete-columns
--- Executing CPLEX (Solvelink=2): elapsed 0:00:03.816

IBM ILOG CPLEX   32.2.0 rc62c018 Released Aug 26, 2020 WEI x86 64bit/MS Window
--- GAMS/Cplex Link licensed for continuous and discrete problems.
Cplex 12.10.0.0

Reading data...
Starting Cplex...
Space for names approximately 2.68 Mb
Use option 'names no' to turn use of names off
Version identifier: 12.10.0.0 | 2019-11-26 | 843d4de2ae
CPXPARAM_Advance                                 0
CPXPARAM_Threads                                 8
CPXPARAM_Parallel                                1
CPXPARAM_MIP_Display                             4
CPXPARAM_TimeLimit                               1800
CPXPARAM_Tune_TimeLimit                          360
CPXPARAM_MIP_Tolerances_AbsMIPGap                0
CPXPARAM_MIP_Tolerances_MIPGap                   0
CPXPARAM_WorkDir                                 "C:\Users\charl\OneDrive\Dokumente\A_Uni\HiWi\ArticleSubgradient\Code\SampleRun_Environment_Solar\900Scens\tol01\Scenario8\225d\"
Row 'Const_chance_2' infeasible, all entries at implied bounds.
Presolve time = 0.02 sec. (14.19 ticks)

Root node processing (before b&c):
  Real time             =    0.03 sec. (17.94 ticks)
Parallel b&c, 8 threads:
  Real time             =    0.00 sec. (0.00 ticks)
  Sync time (average)   =    0.00 sec.
  Wait time (average)   =    0.00 sec.
                          ------------
Total (root+branch&cut) =    0.03 sec. (17.94 ticks)
MIP status(103): integer infeasible
Cplex Time: 0.05sec (det. 18.13 ticks)
CPLEX Error  1217: No solution exists.
Problem is integer infeasible.
--- Reading solution for model schedule
--- Executing after solve: elapsed 0:00:04.083
--- fixed_problem_hi.gms(1133) 32 Mb
--- Generating MIP model schedule
--- fixed_problem_hi.gms(1104) 32 Mb
--- Starting Equ Objective: elapsed 0:00:04.083
--- fixed_problem_hi.gms(1106) 32 Mb
--- Starting Equ Const1: elapsed 0:00:04.547
--- fixed_problem_hi.gms(1109) 32 Mb
--- Starting Equ Const_chance_1: elapsed 0:00:04.641
--- fixed_problem_hi.gms(1112) 32 Mb
--- Starting Equ Const_chance_2: elapsed 0:00:04.727
--- fixed_problem_hi.gms(1136) 32 Mb
--- LOOPS iter = iter5
---   42,302 rows  65,725 columns  191,725 non-zeroes
---   900 discrete-columns
--- Executing CPLEX (Solvelink=2): elapsed 0:00:04.875

IBM ILOG CPLEX   32.2.0 rc62c018 Released Aug 26, 2020 WEI x86 64bit/MS Window
--- GAMS/Cplex Link licensed for continuous and discrete problems.
Cplex 12.10.0.0

Reading data...
Starting Cplex...
Space for names approximately 2.68 Mb
Use option 'names no' to turn use of names off
Version identifier: 12.10.0.0 | 2019-11-26 | 843d4de2ae
CPXPARAM_Advance                                 0
CPXPARAM_Threads                                 8
CPXPARAM_Parallel                                1
CPXPARAM_MIP_Display                             4
CPXPARAM_TimeLimit                               1800
CPXPARAM_Tune_TimeLimit                          360
CPXPARAM_MIP_Tolerances_AbsMIPGap                0
CPXPARAM_MIP_Tolerances_MIPGap                   0
CPXPARAM_WorkDir                                 "C:\Users\charl\OneDrive\Dokumente\A_Uni\HiWi\ArticleSubgradient\Code\SampleRun_Environment_Solar\900Scens\tol01\Scenario8\225d\"
Row 'Const_chance_2' infeasible, all entries at implied bounds.
Presolve time = 0.03 sec. (14.19 ticks)

Root node processing (before b&c):
  Real time             =    0.03 sec. (17.94 ticks)
Parallel b&c, 8 threads:
  Real time             =    0.00 sec. (0.00 ticks)
  Sync time (average)   =    0.00 sec.
  Wait time (average)   =    0.00 sec.
                          ------------
Total (root+branch&cut) =    0.03 sec. (17.94 ticks)
MIP status(103): integer infeasible
Cplex Time: 0.03sec (det. 18.13 ticks)
CPLEX Error  1217: No solution exists.
Problem is integer infeasible.
--- Reading solution for model schedule
--- Executing after solve: elapsed 0:00:05.121
--- fixed_problem_hi.gms(1133) 32 Mb
--- Generating MIP model schedule
--- fixed_problem_hi.gms(1104) 32 Mb
--- Starting Equ Objective: elapsed 0:00:05.121
--- fixed_problem_hi.gms(1106) 32 Mb
--- Starting Equ Const1: elapsed 0:00:05.535
--- fixed_problem_hi.gms(1109) 32 Mb
--- Starting Equ Const_chance_1: elapsed 0:00:05.633
--- fixed_problem_hi.gms(1112) 32 Mb
--- Starting Equ Const_chance_2: elapsed 0:00:05.725
--- fixed_problem_hi.gms(1136) 32 Mb
--- LOOPS iter = iter6
---   42,302 rows  65,725 columns  191,725 non-zeroes
---   900 discrete-columns
--- Executing CPLEX (Solvelink=2): elapsed 0:00:05.878

IBM ILOG CPLEX   32.2.0 rc62c018 Released Aug 26, 2020 WEI x86 64bit/MS Window
--- GAMS/Cplex Link licensed for continuous and discrete problems.
Cplex 12.10.0.0

Reading data...
Starting Cplex...
Space for names approximately 2.68 Mb
Use option 'names no' to turn use of names off
Version identifier: 12.10.0.0 | 2019-11-26 | 843d4de2ae
CPXPARAM_Advance                                 0
CPXPARAM_Threads                                 8
CPXPARAM_Parallel                                1
CPXPARAM_MIP_Display                             4
CPXPARAM_TimeLimit                               1800
CPXPARAM_Tune_TimeLimit                          360
CPXPARAM_MIP_Tolerances_AbsMIPGap                0
CPXPARAM_MIP_Tolerances_MIPGap                   0
CPXPARAM_WorkDir                                 "C:\Users\charl\OneDrive\Dokumente\A_Uni\HiWi\ArticleSubgradient\Code\SampleRun_Environment_Solar\900Scens\tol01\Scenario8\225d\"
Row 'Const_chance_2' infeasible, all entries at implied bounds.
Presolve time = 0.03 sec. (14.19 ticks)

Root node processing (before b&c):
  Real time             =    0.03 sec. (17.94 ticks)
Parallel b&c, 8 threads:
  Real time             =    0.00 sec. (0.00 ticks)
  Sync time (average)   =    0.00 sec.
  Wait time (average)   =    0.00 sec.
                          ------------
Total (root+branch&cut) =    0.03 sec. (17.94 ticks)
MIP status(103): integer infeasible
Cplex Time: 0.03sec (det. 18.13 ticks)
CPLEX Error  1217: No solution exists.
Problem is integer infeasible.
--- Reading solution for model schedule
--- Executing after solve: elapsed 0:00:06.117
--- fixed_problem_hi.gms(1133) 32 Mb
--- Generating MIP model schedule
--- fixed_problem_hi.gms(1104) 32 Mb
--- Starting Equ Objective: elapsed 0:00:06.117
--- fixed_problem_hi.gms(1106) 32 Mb
--- Starting Equ Const1: elapsed 0:00:06.516
--- fixed_problem_hi.gms(1109) 32 Mb
--- Starting Equ Const_chance_1: elapsed 0:00:06.601
--- fixed_problem_hi.gms(1112) 32 Mb
--- Starting Equ Const_chance_2: elapsed 0:00:06.682
--- fixed_problem_hi.gms(1136) 32 Mb
--- LOOPS iter = iter7
---   42,302 rows  65,725 columns  191,725 non-zeroes
---   900 discrete-columns
--- Executing CPLEX (Solvelink=2): elapsed 0:00:06.830

IBM ILOG CPLEX   32.2.0 rc62c018 Released Aug 26, 2020 WEI x86 64bit/MS Window
--- GAMS/Cplex Link licensed for continuous and discrete problems.
Cplex 12.10.0.0

Reading data...
Starting Cplex...
Space for names approximately 2.68 Mb
Use option 'names no' to turn use of names off
Version identifier: 12.10.0.0 | 2019-11-26 | 843d4de2ae
CPXPARAM_Advance                                 0
CPXPARAM_Threads                                 8
CPXPARAM_Parallel                                1
CPXPARAM_MIP_Display                             4
CPXPARAM_TimeLimit                               1800
CPXPARAM_Tune_TimeLimit                          360
CPXPARAM_MIP_Tolerances_AbsMIPGap                0
CPXPARAM_MIP_Tolerances_MIPGap                   0
CPXPARAM_WorkDir                                 "C:\Users\charl\OneDrive\Dokumente\A_Uni\HiWi\ArticleSubgradient\Code\SampleRun_Environment_Solar\900Scens\tol01\Scenario8\225d\"
Row 'Const_chance_2' infeasible, all entries at implied bounds.
Presolve time = 0.03 sec. (14.19 ticks)

Root node processing (before b&c):
  Real time             =    0.03 sec. (17.95 ticks)
Parallel b&c, 8 threads:
  Real time             =    0.00 sec. (0.00 ticks)
  Sync time (average)   =    0.00 sec.
  Wait time (average)   =    0.00 sec.
                          ------------
Total (root+branch&cut) =    0.03 sec. (17.95 ticks)
MIP status(103): integer infeasible
Cplex Time: 0.03sec (det. 18.13 ticks)
CPLEX Error  1217: No solution exists.
Problem is integer infeasible.
--- Reading solution for model schedule
--- Executing after solve: elapsed 0:00:07.087
--- fixed_problem_hi.gms(1133) 32 Mb
--- Generating MIP model schedule
--- fixed_problem_hi.gms(1104) 32 Mb
--- Starting Equ Objective: elapsed 0:00:07.087
--- fixed_problem_hi.gms(1106) 32 Mb
--- Starting Equ Const1: elapsed 0:00:07.477
--- fixed_problem_hi.gms(1109) 32 Mb
--- Starting Equ Const_chance_1: elapsed 0:00:07.568
--- fixed_problem_hi.gms(1112) 32 Mb
--- Starting Equ Const_chance_2: elapsed 0:00:07.654
--- fixed_problem_hi.gms(1136) 32 Mb
--- LOOPS iter = iter8
---   42,302 rows  65,725 columns  191,725 non-zeroes
---   900 discrete-columns
--- Executing CPLEX (Solvelink=2): elapsed 0:00:07.811

IBM ILOG CPLEX   32.2.0 rc62c018 Released Aug 26, 2020 WEI x86 64bit/MS Window
--- GAMS/Cplex Link licensed for continuous and discrete problems.
Cplex 12.10.0.0

Reading data...
Starting Cplex...
Space for names approximately 2.68 Mb
Use option 'names no' to turn use of names off
Version identifier: 12.10.0.0 | 2019-11-26 | 843d4de2ae
CPXPARAM_Advance                                 0
CPXPARAM_Threads                                 8
CPXPARAM_Parallel                                1
CPXPARAM_MIP_Display                             4
CPXPARAM_TimeLimit                               1800
CPXPARAM_Tune_TimeLimit                          360
CPXPARAM_MIP_Tolerances_AbsMIPGap                0
CPXPARAM_MIP_Tolerances_MIPGap                   0
CPXPARAM_WorkDir                                 "C:\Users\charl\OneDrive\Dokumente\A_Uni\HiWi\ArticleSubgradient\Code\SampleRun_Environment_Solar\900Scens\tol01\Scenario8\225d\"
Row 'Const_chance_2' infeasible, all entries at implied bounds.
Presolve time = 0.03 sec. (14.18 ticks)

Root node processing (before b&c):
  Real time             =    0.03 sec. (17.96 ticks)
Parallel b&c, 8 threads:
  Real time             =    0.00 sec. (0.00 ticks)
  Sync time (average)   =    0.00 sec.
  Wait time (average)   =    0.00 sec.
                          ------------
Total (root+branch&cut) =    0.03 sec. (17.96 ticks)
MIP status(103): integer infeasible
Cplex Time: 0.05sec (det. 18.14 ticks)
CPLEX Error  1217: No solution exists.
Problem is integer infeasible.
--- Reading solution for model schedule
--- Executing after solve: elapsed 0:00:08.051
--- fixed_problem_hi.gms(1133) 32 Mb
--- Generating MIP model schedule
--- fixed_problem_hi.gms(1104) 32 Mb
--- Starting Equ Objective: elapsed 0:00:08.052
--- fixed_problem_hi.gms(1106) 32 Mb
--- Starting Equ Const1: elapsed 0:00:08.494
--- fixed_problem_hi.gms(1109) 32 Mb
--- Starting Equ Const_chance_1: elapsed 0:00:08.591
--- fixed_problem_hi.gms(1112) 32 Mb
--- Starting Equ Const_chance_2: elapsed 0:00:08.676
--- fixed_problem_hi.gms(1136) 32 Mb
--- LOOPS iter = iter9
---   42,302 rows  65,725 columns  191,725 non-zeroes
---   900 discrete-columns
--- Executing CPLEX (Solvelink=2): elapsed 0:00:08.825

IBM ILOG CPLEX   32.2.0 rc62c018 Released Aug 26, 2020 WEI x86 64bit/MS Window
--- GAMS/Cplex Link licensed for continuous and discrete problems.
Cplex 12.10.0.0

Reading data...
Starting Cplex...
Space for names approximately 2.68 Mb
Use option 'names no' to turn use of names off
Version identifier: 12.10.0.0 | 2019-11-26 | 843d4de2ae
CPXPARAM_Advance                                 0
CPXPARAM_Threads                                 8
CPXPARAM_Parallel                                1
CPXPARAM_MIP_Display                             4
CPXPARAM_TimeLimit                               1800
CPXPARAM_Tune_TimeLimit                          360
CPXPARAM_MIP_Tolerances_AbsMIPGap                0
CPXPARAM_MIP_Tolerances_MIPGap                   0
CPXPARAM_WorkDir                                 "C:\Users\charl\OneDrive\Dokumente\A_Uni\HiWi\ArticleSubgradient\Code\SampleRun_Environment_Solar\900Scens\tol01\Scenario8\225d\"
Row 'Const_chance_2' infeasible, all entries at implied bounds.
Presolve time = 0.02 sec. (14.19 ticks)

Root node processing (before b&c):
  Real time             =    0.03 sec. (17.98 ticks)
Parallel b&c, 8 threads:
  Real time             =    0.00 sec. (0.00 ticks)
  Sync time (average)   =    0.00 sec.
  Wait time (average)   =    0.00 sec.
                          ------------
Total (root+branch&cut) =    0.03 sec. (17.98 ticks)
MIP status(103): integer infeasible
Cplex Time: 0.03sec (det. 18.17 ticks)
CPLEX Error  1217: No solution exists.
Problem is integer infeasible.
--- Reading solution for model schedule
--- Executing after solve: elapsed 0:00:09.060
--- fixed_problem_hi.gms(1133) 32 Mb
--- Generating MIP model schedule
--- fixed_problem_hi.gms(1104) 32 Mb
--- Starting Equ Objective: elapsed 0:00:09.060
--- fixed_problem_hi.gms(1106) 32 Mb
--- Starting Equ Const1: elapsed 0:00:09.446
--- fixed_problem_hi.gms(1109) 32 Mb
--- Starting Equ Const_chance_1: elapsed 0:00:09.538
--- fixed_problem_hi.gms(1112) 32 Mb
--- Starting Equ Const_chance_2: elapsed 0:00:09.631
--- fixed_problem_hi.gms(1136) 32 Mb
--- LOOPS iter = iter10
---   42,302 rows  65,725 columns  191,725 non-zeroes
---   900 discrete-columns
--- Executing CPLEX (Solvelink=2): elapsed 0:00:09.787

IBM ILOG CPLEX   32.2.0 rc62c018 Released Aug 26, 2020 WEI x86 64bit/MS Window
--- GAMS/Cplex Link licensed for continuous and discrete problems.
Cplex 12.10.0.0

Reading data...
Starting Cplex...
Space for names approximately 2.68 Mb
Use option 'names no' to turn use of names off
Version identifier: 12.10.0.0 | 2019-11-26 | 843d4de2ae
CPXPARAM_Advance                                 0
CPXPARAM_Threads                                 8
CPXPARAM_Parallel                                1
CPXPARAM_MIP_Display                             4
CPXPARAM_TimeLimit                               1800
CPXPARAM_Tune_TimeLimit                          360
CPXPARAM_MIP_Tolerances_AbsMIPGap                0
CPXPARAM_MIP_Tolerances_MIPGap                   0
CPXPARAM_WorkDir                                 "C:\Users\charl\OneDrive\Dokumente\A_Uni\HiWi\ArticleSubgradient\Code\SampleRun_Environment_Solar\900Scens\tol01\Scenario8\225d\"
Row 'Const_chance_2' infeasible, all entries at implied bounds.
Presolve time = 0.03 sec. (14.19 ticks)

Root node processing (before b&c):
  Real time             =    0.03 sec. (17.98 ticks)
Parallel b&c, 8 threads:
  Real time             =    0.00 sec. (0.00 ticks)
  Sync time (average)   =    0.00 sec.
  Wait time (average)   =    0.00 sec.
                          ------------
Total (root+branch&cut) =    0.03 sec. (17.98 ticks)
MIP status(103): integer infeasible
Cplex Time: 0.03sec (det. 18.17 ticks)
CPLEX Error  1217: No solution exists.
Problem is integer infeasible.
--- Reading solution for model schedule
--- Executing after solve: elapsed 0:00:10.027
--- fixed_problem_hi.gms(1133) 32 Mb
--- Generating MIP model schedule
--- fixed_problem_hi.gms(1104) 32 Mb
--- Starting Equ Objective: elapsed 0:00:10.027
--- fixed_problem_hi.gms(1106) 32 Mb
--- Starting Equ Const1: elapsed 0:00:10.444
--- fixed_problem_hi.gms(1109) 32 Mb
--- Starting Equ Const_chance_1: elapsed 0:00:10.565
--- fixed_problem_hi.gms(1112) 32 Mb
--- Starting Equ Const_chance_2: elapsed 0:00:10.650
--- fixed_problem_hi.gms(1136) 32 Mb
--- LOOPS iter = iter11
---   42,302 rows  65,725 columns  191,725 non-zeroes
---   900 discrete-columns
--- Executing CPLEX (Solvelink=2): elapsed 0:00:10.798

IBM ILOG CPLEX   32.2.0 rc62c018 Released Aug 26, 2020 WEI x86 64bit/MS Window
--- GAMS/Cplex Link licensed for continuous and discrete problems.
Cplex 12.10.0.0

Reading data...
Starting Cplex...
Space for names approximately 2.68 Mb
Use option 'names no' to turn use of names off
Version identifier: 12.10.0.0 | 2019-11-26 | 843d4de2ae
CPXPARAM_Advance                                 0
CPXPARAM_Threads                                 8
CPXPARAM_Parallel                                1
CPXPARAM_MIP_Display                             4
CPXPARAM_TimeLimit                               1800
CPXPARAM_Tune_TimeLimit                          360
CPXPARAM_MIP_Tolerances_AbsMIPGap                0
CPXPARAM_MIP_Tolerances_MIPGap                   0
CPXPARAM_WorkDir                                 "C:\Users\charl\OneDrive\Dokumente\A_Uni\HiWi\ArticleSubgradient\Code\SampleRun_Environment_Solar\900Scens\tol01\Scenario8\225d\"
Row 'Const_chance_2' infeasible, all entries at implied bounds.
Presolve time = 0.03 sec. (14.19 ticks)

Root node processing (before b&c):
  Real time             =    0.03 sec. (17.96 ticks)
Parallel b&c, 8 threads:
  Real time             =    0.00 sec. (0.00 ticks)
  Sync time (average)   =    0.00 sec.
  Wait time (average)   =    0.00 sec.
                          ------------
Total (root+branch&cut) =    0.03 sec. (17.96 ticks)
MIP status(103): integer infeasible
Cplex Time: 0.03sec (det. 18.15 ticks)
CPLEX Error  1217: No solution exists.
Problem is integer infeasible.
--- Reading solution for model schedule
--- Executing after solve: elapsed 0:00:11.046
--- fixed_problem_hi.gms(1133) 32 Mb
--- Generating MIP model schedule
--- fixed_problem_hi.gms(1104) 32 Mb
--- Starting Equ Objective: elapsed 0:00:11.046
--- fixed_problem_hi.gms(1106) 32 Mb
--- Starting Equ Const1: elapsed 0:00:11.472
--- fixed_problem_hi.gms(1109) 32 Mb
--- Starting Equ Const_chance_1: elapsed 0:00:11.569
--- fixed_problem_hi.gms(1112) 32 Mb
--- Starting Equ Const_chance_2: elapsed 0:00:11.648
--- fixed_problem_hi.gms(1136) 32 Mb
--- LOOPS iter = iter12
---   42,302 rows  65,725 columns  191,725 non-zeroes
---   900 discrete-columns
--- Executing CPLEX (Solvelink=2): elapsed 0:00:11.796

IBM ILOG CPLEX   32.2.0 rc62c018 Released Aug 26, 2020 WEI x86 64bit/MS Window
--- GAMS/Cplex Link licensed for continuous and discrete problems.
Cplex 12.10.0.0

Reading data...
Starting Cplex...
Space for names approximately 2.68 Mb
Use option 'names no' to turn use of names off
Version identifier: 12.10.0.0 | 2019-11-26 | 843d4de2ae
CPXPARAM_Advance                                 0
CPXPARAM_Threads                                 8
CPXPARAM_Parallel                                1
CPXPARAM_MIP_Display                             4
CPXPARAM_TimeLimit                               1800
CPXPARAM_Tune_TimeLimit                          360
CPXPARAM_MIP_Tolerances_AbsMIPGap                0
CPXPARAM_MIP_Tolerances_MIPGap                   0
CPXPARAM_WorkDir                                 "C:\Users\charl\OneDrive\Dokumente\A_Uni\HiWi\ArticleSubgradient\Code\SampleRun_Environment_Solar\900Scens\tol01\Scenario8\225d\"
Row 'Const_chance_2' infeasible, all entries at implied bounds.
Presolve time = 0.02 sec. (14.19 ticks)

Root node processing (before b&c):
  Real time             =    0.03 sec. (17.96 ticks)
Parallel b&c, 8 threads:
  Real time             =    0.00 sec. (0.00 ticks)
  Sync time (average)   =    0.00 sec.
  Wait time (average)   =    0.00 sec.
                          ------------
Total (root+branch&cut) =    0.03 sec. (17.96 ticks)
MIP status(103): integer infeasible
Cplex Time: 0.03sec (det. 18.15 ticks)
CPLEX Error  1217: No solution exists.
Problem is integer infeasible.
--- Reading solution for model schedule
--- Executing after solve: elapsed 0:00:12.043
--- fixed_problem_hi.gms(1133) 32 Mb
--- Generating MIP model schedule
--- fixed_problem_hi.gms(1104) 32 Mb
--- Starting Equ Objective: elapsed 0:00:12.044
--- fixed_problem_hi.gms(1106) 32 Mb
--- Starting Equ Const1: elapsed 0:00:12.460
--- fixed_problem_hi.gms(1109) 32 Mb
--- Starting Equ Const_chance_1: elapsed 0:00:12.547
--- fixed_problem_hi.gms(1112) 32 Mb
--- Starting Equ Const_chance_2: elapsed 0:00:12.636
--- fixed_problem_hi.gms(1136) 32 Mb
--- LOOPS iter = iter13
---   42,302 rows  65,725 columns  191,725 non-zeroes
---   900 discrete-columns
--- Executing CPLEX (Solvelink=2): elapsed 0:00:12.779

IBM ILOG CPLEX   32.2.0 rc62c018 Released Aug 26, 2020 WEI x86 64bit/MS Window
--- GAMS/Cplex Link licensed for continuous and discrete problems.
Cplex 12.10.0.0

Reading data...
Starting Cplex...
Space for names approximately 2.68 Mb
Use option 'names no' to turn use of names off
Version identifier: 12.10.0.0 | 2019-11-26 | 843d4de2ae
CPXPARAM_Advance                                 0
CPXPARAM_Threads                                 8
CPXPARAM_Parallel                                1
CPXPARAM_MIP_Display                             4
CPXPARAM_TimeLimit                               1800
CPXPARAM_Tune_TimeLimit                          360
CPXPARAM_MIP_Tolerances_AbsMIPGap                0
CPXPARAM_MIP_Tolerances_MIPGap                   0
CPXPARAM_WorkDir                                 "C:\Users\charl\OneDrive\Dokumente\A_Uni\HiWi\ArticleSubgradient\Code\SampleRun_Environment_Solar\900Scens\tol01\Scenario8\225d\"
Row 'Const_chance_2' infeasible, all entries at implied bounds.
Presolve time = 0.03 sec. (14.19 ticks)

Root node processing (before b&c):
  Real time             =    0.03 sec. (17.96 ticks)
Parallel b&c, 8 threads:
  Real time             =    0.00 sec. (0.00 ticks)
  Sync time (average)   =    0.00 sec.
  Wait time (average)   =    0.00 sec.
                          ------------
Total (root+branch&cut) =    0.03 sec. (17.96 ticks)
MIP status(103): integer infeasible
Cplex Time: 0.03sec (det. 18.15 ticks)
CPLEX Error  1217: No solution exists.
Problem is integer infeasible.
--- Reading solution for model schedule
--- Executing after solve: elapsed 0:00:13.027
--- fixed_problem_hi.gms(1133) 32 Mb
--- Generating MIP model schedule
--- fixed_problem_hi.gms(1104) 32 Mb
--- Starting Equ Objective: elapsed 0:00:13.027
--- fixed_problem_hi.gms(1106) 32 Mb
--- Starting Equ Const1: elapsed 0:00:13.424
--- fixed_problem_hi.gms(1109) 32 Mb
--- Starting Equ Const_chance_1: elapsed 0:00:13.535
--- fixed_problem_hi.gms(1112) 32 Mb
--- Starting Equ Const_chance_2: elapsed 0:00:13.632
--- fixed_problem_hi.gms(1136) 32 Mb
--- LOOPS iter = iter14
---   42,302 rows  65,725 columns  191,725 non-zeroes
---   900 discrete-columns
--- Executing CPLEX (Solvelink=2): elapsed 0:00:13.790

IBM ILOG CPLEX   32.2.0 rc62c018 Released Aug 26, 2020 WEI x86 64bit/MS Window
--- GAMS/Cplex Link licensed for continuous and discrete problems.
Cplex 12.10.0.0

Reading data...
Starting Cplex...
Space for names approximately 2.68 Mb
Use option 'names no' to turn use of names off
Version identifier: 12.10.0.0 | 2019-11-26 | 843d4de2ae
CPXPARAM_Advance                                 0
CPXPARAM_Threads                                 8
CPXPARAM_Parallel                                1
CPXPARAM_MIP_Display                             4
CPXPARAM_TimeLimit                               1800
CPXPARAM_Tune_TimeLimit                          360
CPXPARAM_MIP_Tolerances_AbsMIPGap                0
CPXPARAM_MIP_Tolerances_MIPGap                   0
CPXPARAM_WorkDir                                 "C:\Users\charl\OneDrive\Dokumente\A_Uni\HiWi\ArticleSubgradient\Code\SampleRun_Environment_Solar\900Scens\tol01\Scenario8\225d\"
Row 'Const_chance_2' infeasible, all entries at implied bounds.
Presolve time = 0.03 sec. (14.19 ticks)

Root node processing (before b&c):
  Real time             =    0.03 sec. (17.96 ticks)
Parallel b&c, 8 threads:
  Real time             =    0.00 sec. (0.00 ticks)
  Sync time (average)   =    0.00 sec.
  Wait time (average)   =    0.00 sec.
                          ------------
Total (root+branch&cut) =    0.03 sec. (17.96 ticks)
MIP status(103): integer infeasible
Cplex Time: 0.03sec (det. 18.15 ticks)
CPLEX Error  1217: No solution exists.
Problem is integer infeasible.
--- Reading solution for model schedule
--- Executing after solve: elapsed 0:00:14.047
--- fixed_problem_hi.gms(1133) 32 Mb
--- Generating MIP model schedule
--- fixed_problem_hi.gms(1104) 32 Mb
--- Starting Equ Objective: elapsed 0:00:14.047
--- fixed_problem_hi.gms(1106) 32 Mb
--- Starting Equ Const1: elapsed 0:00:14.445
--- fixed_problem_hi.gms(1109) 32 Mb
--- Starting Equ Const_chance_1: elapsed 0:00:14.555
--- fixed_problem_hi.gms(1112) 32 Mb
--- Starting Equ Const_chance_2: elapsed 0:00:14.684
--- fixed_problem_hi.gms(1136) 32 Mb
--- LOOPS iter = iter15
---   42,302 rows  65,725 columns  191,725 non-zeroes
---   900 discrete-columns
--- Executing CPLEX (Solvelink=2): elapsed 0:00:14.860

IBM ILOG CPLEX   32.2.0 rc62c018 Released Aug 26, 2020 WEI x86 64bit/MS Window
--- GAMS/Cplex Link licensed for continuous and discrete problems.
Cplex 12.10.0.0

Reading data...
Starting Cplex...
Space for names approximately 2.68 Mb
Use option 'names no' to turn use of names off
Version identifier: 12.10.0.0 | 2019-11-26 | 843d4de2ae
CPXPARAM_Advance                                 0
CPXPARAM_Threads                                 8
CPXPARAM_Parallel                                1
CPXPARAM_MIP_Display                             4
CPXPARAM_TimeLimit                               1800
CPXPARAM_Tune_TimeLimit                          360
CPXPARAM_MIP_Tolerances_AbsMIPGap                0
CPXPARAM_MIP_Tolerances_MIPGap                   0
CPXPARAM_WorkDir                                 "C:\Users\charl\OneDrive\Dokumente\A_Uni\HiWi\ArticleSubgradient\Code\SampleRun_Environment_Solar\900Scens\tol01\Scenario8\225d\"
Row 'Const_chance_2' infeasible, all entries at implied bounds.
Presolve time = 0.05 sec. (14.19 ticks)

Root node processing (before b&c):
  Real time             =    0.08 sec. (17.96 ticks)
Parallel b&c, 8 threads:
  Real time             =    0.00 sec. (0.00 ticks)
  Sync time (average)   =    0.00 sec.
  Wait time (average)   =    0.00 sec.
                          ------------
Total (root+branch&cut) =    0.08 sec. (17.96 ticks)
MIP status(103): integer infeasible
Cplex Time: 0.08sec (det. 18.15 ticks)
CPLEX Error  1217: No solution exists.
Problem is integer infeasible.
--- Reading solution for model schedule
--- Executing after solve: elapsed 0:00:15.204
--- fixed_problem_hi.gms(1133) 32 Mb
--- Generating MIP model schedule
--- fixed_problem_hi.gms(1104) 32 Mb
--- Starting Equ Objective: elapsed 0:00:15.204
--- fixed_problem_hi.gms(1106) 32 Mb
--- Starting Equ Const1: elapsed 0:00:15.971
--- fixed_problem_hi.gms(1109) 32 Mb
--- Starting Equ Const_chance_1: elapsed 0:00:16.288
--- fixed_problem_hi.gms(1112) 32 Mb
--- Starting Equ Const_chance_2: elapsed 0:00:16.545
--- fixed_problem_hi.gms(1136) 32 Mb
--- LOOPS iter = iter16
---   42,302 rows  65,725 columns  191,725 non-zeroes
---   900 discrete-columns
--- Executing CPLEX (Solvelink=2): elapsed 0:00:16.823

IBM ILOG CPLEX   32.2.0 rc62c018 Released Aug 26, 2020 WEI x86 64bit/MS Window
--- GAMS/Cplex Link licensed for continuous and discrete problems.
Cplex 12.10.0.0

Reading data...
Starting Cplex...
Space for names approximately 2.68 Mb
Use option 'names no' to turn use of names off
Version identifier: 12.10.0.0 | 2019-11-26 | 843d4de2ae
CPXPARAM_Advance                                 0
CPXPARAM_Threads                                 8
CPXPARAM_Parallel                                1
CPXPARAM_MIP_Display                             4
CPXPARAM_TimeLimit                               1800
CPXPARAM_Tune_TimeLimit                          360
CPXPARAM_MIP_Tolerances_AbsMIPGap                0
CPXPARAM_MIP_Tolerances_MIPGap                   0
CPXPARAM_WorkDir                                 "C:\Users\charl\OneDrive\Dokumente\A_Uni\HiWi\ArticleSubgradient\Code\SampleRun_Environment_Solar\900Scens\tol01\Scenario8\225d\"
Row 'Const_chance_2' infeasible, all entries at implied bounds.
Presolve time = 0.05 sec. (14.19 ticks)

Root node processing (before b&c):
  Real time             =    0.06 sec. (17.96 ticks)
Parallel b&c, 8 threads:
  Real time             =    0.00 sec. (0.00 ticks)
  Sync time (average)   =    0.00 sec.
  Wait time (average)   =    0.00 sec.
                          ------------
Total (root+branch&cut) =    0.06 sec. (17.96 ticks)
MIP status(103): integer infeasible
Cplex Time: 0.06sec (det. 18.15 ticks)
CPLEX Error  1217: No solution exists.
Problem is integer infeasible.
--- Reading solution for model schedule
--- Executing after solve: elapsed 0:00:17.233
--- fixed_problem_hi.gms(1133) 32 Mb
--- Generating MIP model schedule
--- fixed_problem_hi.gms(1104) 32 Mb
--- Starting Equ Objective: elapsed 0:00:17.234
--- fixed_problem_hi.gms(1106) 32 Mb
--- Starting Equ Const1: elapsed 0:00:17.774
--- fixed_problem_hi.gms(1109) 32 Mb
--- Starting Equ Const_chance_1: elapsed 0:00:17.955
--- fixed_problem_hi.gms(1112) 32 Mb
--- Starting Equ Const_chance_2: elapsed 0:00:18.153
--- fixed_problem_hi.gms(1136) 32 Mb
--- LOOPS iter = iter17
---   42,302 rows  65,725 columns  191,725 non-zeroes
---   900 discrete-columns
--- Executing CPLEX (Solvelink=2): elapsed 0:00:18.397

IBM ILOG CPLEX   32.2.0 rc62c018 Released Aug 26, 2020 WEI x86 64bit/MS Window
--- GAMS/Cplex Link licensed for continuous and discrete problems.
Cplex 12.10.0.0

Reading data...
Starting Cplex...
Space for names approximately 2.68 Mb
Use option 'names no' to turn use of names off
Version identifier: 12.10.0.0 | 2019-11-26 | 843d4de2ae
CPXPARAM_Advance                                 0
CPXPARAM_Threads                                 8
CPXPARAM_Parallel                                1
CPXPARAM_MIP_Display                             4
CPXPARAM_TimeLimit                               1800
CPXPARAM_Tune_TimeLimit                          360
CPXPARAM_MIP_Tolerances_AbsMIPGap                0
CPXPARAM_MIP_Tolerances_MIPGap                   0
CPXPARAM_WorkDir                                 "C:\Users\charl\OneDrive\Dokumente\A_Uni\HiWi\ArticleSubgradient\Code\SampleRun_Environment_Solar\900Scens\tol01\Scenario8\225d\"
Row 'Const_chance_2' infeasible, all entries at implied bounds.
Presolve time = 0.06 sec. (14.19 ticks)

Root node processing (before b&c):
  Real time             =    0.06 sec. (17.96 ticks)
Parallel b&c, 8 threads:
  Real time             =    0.00 sec. (0.00 ticks)
  Sync time (average)   =    0.00 sec.
  Wait time (average)   =    0.00 sec.
                          ------------
Total (root+branch&cut) =    0.06 sec. (17.96 ticks)
MIP status(103): integer infeasible
Cplex Time: 0.06sec (det. 18.15 ticks)
CPLEX Error  1217: No solution exists.
Problem is integer infeasible.
--- Reading solution for model schedule
--- Executing after solve: elapsed 0:00:18.743
--- fixed_problem_hi.gms(1133) 32 Mb
--- Generating MIP model schedule
--- fixed_problem_hi.gms(1104) 32 Mb
--- Starting Equ Objective: elapsed 0:00:18.744
--- fixed_problem_hi.gms(1106) 32 Mb
--- Starting Equ Const1: elapsed 0:00:19.263
--- fixed_problem_hi.gms(1109) 32 Mb
--- Starting Equ Const_chance_1: elapsed 0:00:19.355
--- fixed_problem_hi.gms(1112) 32 Mb
--- Starting Equ Const_chance_2: elapsed 0:00:19.439
--- fixed_problem_hi.gms(1136) 32 Mb
--- LOOPS iter = iter18
---   42,302 rows  65,725 columns  191,725 non-zeroes
---   900 discrete-columns
--- Executing CPLEX (Solvelink=2): elapsed 0:00:19.602

IBM ILOG CPLEX   32.2.0 rc62c018 Released Aug 26, 2020 WEI x86 64bit/MS Window
--- GAMS/Cplex Link licensed for continuous and discrete problems.
Cplex 12.10.0.0

Reading data...
Starting Cplex...
Space for names approximately 2.68 Mb
Use option 'names no' to turn use of names off
Version identifier: 12.10.0.0 | 2019-11-26 | 843d4de2ae
CPXPARAM_Advance                                 0
CPXPARAM_Threads                                 8
CPXPARAM_Parallel                                1
CPXPARAM_MIP_Display                             4
CPXPARAM_TimeLimit                               1800
CPXPARAM_Tune_TimeLimit                          360
CPXPARAM_MIP_Tolerances_AbsMIPGap                0
CPXPARAM_MIP_Tolerances_MIPGap                   0
CPXPARAM_WorkDir                                 "C:\Users\charl\OneDrive\Dokumente\A_Uni\HiWi\ArticleSubgradient\Code\SampleRun_Environment_Solar\900Scens\tol01\Scenario8\225d\"
Row 'Const_chance_2' infeasible, all entries at implied bounds.
Presolve time = 0.03 sec. (14.19 ticks)

Root node processing (before b&c):
  Real time             =    0.03 sec. (17.96 ticks)
Parallel b&c, 8 threads:
  Real time             =    0.00 sec. (0.00 ticks)
  Sync time (average)   =    0.00 sec.
  Wait time (average)   =    0.00 sec.
                          ------------
Total (root+branch&cut) =    0.03 sec. (17.96 ticks)
MIP status(103): integer infeasible
Cplex Time: 0.03sec (det. 18.15 ticks)
CPLEX Error  1217: No solution exists.
Problem is integer infeasible.
--- Reading solution for model schedule
--- Executing after solve: elapsed 0:00:19.834
--- fixed_problem_hi.gms(1133) 32 Mb
--- Generating MIP model schedule
--- fixed_problem_hi.gms(1104) 32 Mb
--- Starting Equ Objective: elapsed 0:00:19.835
--- fixed_problem_hi.gms(1106) 32 Mb
--- Starting Equ Const1: elapsed 0:00:20.239
--- fixed_problem_hi.gms(1109) 32 Mb
--- Starting Equ Const_chance_1: elapsed 0:00:20.340
--- fixed_problem_hi.gms(1112) 32 Mb
--- Starting Equ Const_chance_2: elapsed 0:00:20.440
--- fixed_problem_hi.gms(1136) 32 Mb
--- LOOPS iter = iter19
---   42,302 rows  65,725 columns  191,725 non-zeroes
---   900 discrete-columns
--- Executing CPLEX (Solvelink=2): elapsed 0:00:20.590

IBM ILOG CPLEX   32.2.0 rc62c018 Released Aug 26, 2020 WEI x86 64bit/MS Window
--- GAMS/Cplex Link licensed for continuous and discrete problems.
Cplex 12.10.0.0

Reading data...
Starting Cplex...
Space for names approximately 2.68 Mb
Use option 'names no' to turn use of names off
Version identifier: 12.10.0.0 | 2019-11-26 | 843d4de2ae
CPXPARAM_Advance                                 0
CPXPARAM_Threads                                 8
CPXPARAM_Parallel                                1
CPXPARAM_MIP_Display                             4
CPXPARAM_TimeLimit                               1800
CPXPARAM_Tune_TimeLimit                          360
CPXPARAM_MIP_Tolerances_AbsMIPGap                0
CPXPARAM_MIP_Tolerances_MIPGap                   0
CPXPARAM_WorkDir                                 "C:\Users\charl\OneDrive\Dokumente\A_Uni\HiWi\ArticleSubgradient\Code\SampleRun_Environment_Solar\900Scens\tol01\Scenario8\225d\"
Row 'Const_chance_2' infeasible, all entries at implied bounds.
Presolve time = 0.02 sec. (14.37 ticks)

Root node processing (before b&c):
  Real time             =    0.03 sec. (18.15 ticks)
Parallel b&c, 8 threads:
  Real time             =    0.00 sec. (0.00 ticks)
  Sync time (average)   =    0.00 sec.
  Wait time (average)   =    0.00 sec.
                          ------------
Total (root+branch&cut) =    0.03 sec. (18.15 ticks)
MIP status(103): integer infeasible
Cplex Time: 0.03sec (det. 18.34 ticks)
CPLEX Error  1217: No solution exists.
Problem is integer infeasible.
--- Reading solution for model schedule
--- Executing after solve: elapsed 0:00:20.809
--- fixed_problem_hi.gms(1133) 32 Mb
--- Generating MIP model schedule
--- fixed_problem_hi.gms(1104) 32 Mb
--- Starting Equ Objective: elapsed 0:00:20.809
--- fixed_problem_hi.gms(1106) 32 Mb
--- Starting Equ Const1: elapsed 0:00:21.202
--- fixed_problem_hi.gms(1109) 32 Mb
--- Starting Equ Const_chance_1: elapsed 0:00:21.309
--- fixed_problem_hi.gms(1112) 32 Mb
--- Starting Equ Const_chance_2: elapsed 0:00:21.436
--- fixed_problem_hi.gms(1136) 32 Mb
--- LOOPS iter = iter20
---   42,302 rows  65,725 columns  191,725 non-zeroes
---   900 discrete-columns
--- Executing CPLEX (Solvelink=2): elapsed 0:00:21.616

IBM ILOG CPLEX   32.2.0 rc62c018 Released Aug 26, 2020 WEI x86 64bit/MS Window
--- GAMS/Cplex Link licensed for continuous and discrete problems.
Cplex 12.10.0.0

Reading data...
Starting Cplex...
Space for names approximately 2.68 Mb
Use option 'names no' to turn use of names off
Version identifier: 12.10.0.0 | 2019-11-26 | 843d4de2ae
CPXPARAM_Advance                                 0
CPXPARAM_Threads                                 8
CPXPARAM_Parallel                                1
CPXPARAM_MIP_Display                             4
CPXPARAM_TimeLimit                               1800
CPXPARAM_Tune_TimeLimit                          360
CPXPARAM_MIP_Tolerances_AbsMIPGap                0
CPXPARAM_MIP_Tolerances_MIPGap                   0
CPXPARAM_WorkDir                                 "C:\Users\charl\OneDrive\Dokumente\A_Uni\HiWi\ArticleSubgradient\Code\SampleRun_Environment_Solar\900Scens\tol01\Scenario8\225d\"
Row 'Const_chance_2' infeasible, all entries at implied bounds.
Presolve time = 0.08 sec. (14.18 ticks)

Root node processing (before b&c):
  Real time             =    0.09 sec. (17.95 ticks)
Parallel b&c, 8 threads:
  Real time             =    0.00 sec. (0.00 ticks)
  Sync time (average)   =    0.00 sec.
  Wait time (average)   =    0.00 sec.
                          ------------
Total (root+branch&cut) =    0.09 sec. (17.95 ticks)
MIP status(103): integer infeasible
Cplex Time: 0.12sec (det. 18.14 ticks)
CPLEX Error  1217: No solution exists.
Problem is integer infeasible.
--- Reading solution for model schedule
--- Executing after solve: elapsed 0:00:22.067
--- fixed_problem_hi.gms(1133) 32 Mb
--- Generating MIP model schedule
--- fixed_problem_hi.gms(1104) 32 Mb
--- Starting Equ Objective: elapsed 0:00:22.067
--- fixed_problem_hi.gms(1106) 32 Mb
--- Starting Equ Const1: elapsed 0:00:22.733
--- fixed_problem_hi.gms(1109) 32 Mb
--- Starting Equ Const_chance_1: elapsed 0:00:22.928
--- fixed_problem_hi.gms(1112) 32 Mb
--- Starting Equ Const_chance_2: elapsed 0:00:23.157
--- fixed_problem_hi.gms(1136) 32 Mb
--- LOOPS iter = iter21
---   42,302 rows  65,725 columns  191,725 non-zeroes
---   900 discrete-columns
--- Executing CPLEX (Solvelink=2): elapsed 0:00:23.568

IBM ILOG CPLEX   32.2.0 rc62c018 Released Aug 26, 2020 WEI x86 64bit/MS Window
--- GAMS/Cplex Link licensed for continuous and discrete problems.
Cplex 12.10.0.0

Reading data...
Starting Cplex...
Space for names approximately 2.68 Mb
Use option 'names no' to turn use of names off
Version identifier: 12.10.0.0 | 2019-11-26 | 843d4de2ae
CPXPARAM_Advance                                 0
CPXPARAM_Threads                                 8
CPXPARAM_Parallel                                1
CPXPARAM_MIP_Display                             4
CPXPARAM_TimeLimit                               1800
CPXPARAM_Tune_TimeLimit                          360
CPXPARAM_MIP_Tolerances_AbsMIPGap                0
CPXPARAM_MIP_Tolerances_MIPGap                   0
CPXPARAM_WorkDir                                 "C:\Users\charl\OneDrive\Dokumente\A_Uni\HiWi\ArticleSubgradient\Code\SampleRun_Environment_Solar\900Scens\tol01\Scenario8\225d\"
Row 'Const_chance_2' infeasible, all entries at implied bounds.
Presolve time = 0.03 sec. (14.15 ticks)

Root node processing (before b&c):
  Real time             =    0.03 sec. (17.93 ticks)
Parallel b&c, 8 threads:
  Real time             =    0.00 sec. (0.00 ticks)
  Sync time (average)   =    0.00 sec.
  Wait time (average)   =    0.00 sec.
                          ------------
Total (root+branch&cut) =    0.03 sec. (17.93 ticks)
MIP status(103): integer infeasible
Cplex Time: 0.05sec (det. 18.12 ticks)
CPLEX Error  1217: No solution exists.
Problem is integer infeasible.
--- Reading solution for model schedule
--- Executing after solve: elapsed 0:00:23.832
--- fixed_problem_hi.gms(1133) 32 Mb
--- Generating MIP model schedule
--- fixed_problem_hi.gms(1104) 32 Mb
--- Starting Equ Objective: elapsed 0:00:23.832
--- fixed_problem_hi.gms(1106) 32 Mb
--- Starting Equ Const1: elapsed 0:00:24.258
--- fixed_problem_hi.gms(1109) 32 Mb
--- Starting Equ Const_chance_1: elapsed 0:00:24.378
--- fixed_problem_hi.gms(1112) 32 Mb
--- Starting Equ Const_chance_2: elapsed 0:00:24.467
--- fixed_problem_hi.gms(1136) 32 Mb
--- LOOPS iter = iter22
---   42,302 rows  65,725 columns  191,725 non-zeroes
---   900 discrete-columns
--- Executing CPLEX (Solvelink=2): elapsed 0:00:24.601

IBM ILOG CPLEX   32.2.0 rc62c018 Released Aug 26, 2020 WEI x86 64bit/MS Window
--- GAMS/Cplex Link licensed for continuous and discrete problems.
Cplex 12.10.0.0

Reading data...
Starting Cplex...
Space for names approximately 2.68 Mb
Use option 'names no' to turn use of names off
Version identifier: 12.10.0.0 | 2019-11-26 | 843d4de2ae
CPXPARAM_Advance                                 0
CPXPARAM_Threads                                 8
CPXPARAM_Parallel                                1
CPXPARAM_MIP_Display                             4
CPXPARAM_TimeLimit                               1800
CPXPARAM_Tune_TimeLimit                          360
CPXPARAM_MIP_Tolerances_AbsMIPGap                0
CPXPARAM_MIP_Tolerances_MIPGap                   0
CPXPARAM_WorkDir                                 "C:\Users\charl\OneDrive\Dokumente\A_Uni\HiWi\ArticleSubgradient\Code\SampleRun_Environment_Solar\900Scens\tol01\Scenario8\225d\"
Row 'Const_chance_2' infeasible, all entries at implied bounds.
Presolve time = 0.05 sec. (14.15 ticks)

Root node processing (before b&c):
  Real time             =    0.05 sec. (17.93 ticks)
Parallel b&c, 8 threads:
  Real time             =    0.00 sec. (0.00 ticks)
  Sync time (average)   =    0.00 sec.
  Wait time (average)   =    0.00 sec.
                          ------------
Total (root+branch&cut) =    0.05 sec. (17.93 ticks)
MIP status(103): integer infeasible
Cplex Time: 0.05sec (det. 18.12 ticks)
CPLEX Error  1217: No solution exists.
Problem is integer infeasible.
--- Reading solution for model schedule
--- Executing after solve: elapsed 0:00:24.846
--- fixed_problem_hi.gms(1133) 32 Mb
--- Generating MIP model schedule
--- fixed_problem_hi.gms(1104) 32 Mb
--- Starting Equ Objective: elapsed 0:00:24.846
--- fixed_problem_hi.gms(1106) 32 Mb
--- Starting Equ Const1: elapsed 0:00:25.250
--- fixed_problem_hi.gms(1109) 32 Mb
--- Starting Equ Const_chance_1: elapsed 0:00:25.352
--- fixed_problem_hi.gms(1112) 32 Mb
--- Starting Equ Const_chance_2: elapsed 0:00:25.464
--- fixed_problem_hi.gms(1136) 32 Mb
--- LOOPS iter = iter23
---   42,302 rows  65,725 columns  191,725 non-zeroes
---   900 discrete-columns
--- Executing CPLEX (Solvelink=2): elapsed 0:00:25.618

IBM ILOG CPLEX   32.2.0 rc62c018 Released Aug 26, 2020 WEI x86 64bit/MS Window
--- GAMS/Cplex Link licensed for continuous and discrete problems.
Cplex 12.10.0.0

Reading data...
Starting Cplex...
Space for names approximately 2.68 Mb
Use option 'names no' to turn use of names off
Version identifier: 12.10.0.0 | 2019-11-26 | 843d4de2ae
CPXPARAM_Advance                                 0
CPXPARAM_Threads                                 8
CPXPARAM_Parallel                                1
CPXPARAM_MIP_Display                             4
CPXPARAM_TimeLimit                               1800
CPXPARAM_Tune_TimeLimit                          360
CPXPARAM_MIP_Tolerances_AbsMIPGap                0
CPXPARAM_MIP_Tolerances_MIPGap                   0
CPXPARAM_WorkDir                                 "C:\Users\charl\OneDrive\Dokumente\A_Uni\HiWi\ArticleSubgradient\Code\SampleRun_Environment_Solar\900Scens\tol01\Scenario8\225d\"
Row 'Const_chance_2' infeasible, all entries at implied bounds.
Presolve time = 0.01 sec. (14.13 ticks)

Root node processing (before b&c):
  Real time             =    0.05 sec. (17.90 ticks)
Parallel b&c, 8 threads:
  Real time             =    0.00 sec. (0.00 ticks)
  Sync time (average)   =    0.00 sec.
  Wait time (average)   =    0.00 sec.
                          ------------
Total (root+branch&cut) =    0.05 sec. (17.90 ticks)
MIP status(103): integer infeasible
Cplex Time: 0.05sec (det. 18.09 ticks)
CPLEX Error  1217: No solution exists.
Problem is integer infeasible.
--- Reading solution for model schedule
--- Executing after solve: elapsed 0:00:25.855
--- fixed_problem_hi.gms(1133) 32 Mb
--- Generating MIP model schedule
--- fixed_problem_hi.gms(1104) 32 Mb
--- Starting Equ Objective: elapsed 0:00:25.855
--- fixed_problem_hi.gms(1106) 32 Mb
--- Starting Equ Const1: elapsed 0:00:26.266
--- fixed_problem_hi.gms(1109) 32 Mb
--- Starting Equ Const_chance_1: elapsed 0:00:26.371
--- fixed_problem_hi.gms(1112) 32 Mb
--- Starting Equ Const_chance_2: elapsed 0:00:26.479
--- fixed_problem_hi.gms(1136) 32 Mb
--- LOOPS iter = iter24
---   42,302 rows  65,725 columns  191,725 non-zeroes
---   900 discrete-columns
--- Executing CPLEX (Solvelink=2): elapsed 0:00:26.653

IBM ILOG CPLEX   32.2.0 rc62c018 Released Aug 26, 2020 WEI x86 64bit/MS Window
--- GAMS/Cplex Link licensed for continuous and discrete problems.
Cplex 12.10.0.0

Reading data...
Starting Cplex...
Space for names approximately 2.68 Mb
Use option 'names no' to turn use of names off
Version identifier: 12.10.0.0 | 2019-11-26 | 843d4de2ae
CPXPARAM_Advance                                 0
CPXPARAM_Threads                                 8
CPXPARAM_Parallel                                1
CPXPARAM_MIP_Display                             4
CPXPARAM_TimeLimit                               1800
CPXPARAM_Tune_TimeLimit                          360
CPXPARAM_MIP_Tolerances_AbsMIPGap                0
CPXPARAM_MIP_Tolerances_MIPGap                   0
CPXPARAM_WorkDir                                 "C:\Users\charl\OneDrive\Dokumente\A_Uni\HiWi\ArticleSubgradient\Code\SampleRun_Environment_Solar\900Scens\tol01\Scenario8\225d\"
Row 'Const_chance_2' infeasible, all entries at implied bounds.
Presolve time = 0.03 sec. (14.13 ticks)

Root node processing (before b&c):
  Real time             =    0.05 sec. (17.90 ticks)
Parallel b&c, 8 threads:
  Real time             =    0.00 sec. (0.00 ticks)
  Sync time (average)   =    0.00 sec.
  Wait time (average)   =    0.00 sec.
                          ------------
Total (root+branch&cut) =    0.05 sec. (17.90 ticks)
MIP status(103): integer infeasible
Cplex Time: 0.05sec (det. 18.09 ticks)
CPLEX Error  1217: No solution exists.
Problem is integer infeasible.
--- Reading solution for model schedule
--- Executing after solve: elapsed 0:00:26.951
--- fixed_problem_hi.gms(1133) 32 Mb
--- Generating MIP model schedule
--- fixed_problem_hi.gms(1104) 32 Mb
--- Starting Equ Objective: elapsed 0:00:26.951
--- fixed_problem_hi.gms(1106) 32 Mb
--- Starting Equ Const1: elapsed 0:00:27.644
--- fixed_problem_hi.gms(1109) 32 Mb
--- Starting Equ Const_chance_1: elapsed 0:00:27.935
--- fixed_problem_hi.gms(1112) 32 Mb
--- Starting Equ Const_chance_2: elapsed 0:00:28.224
--- fixed_problem_hi.gms(1136) 32 Mb
--- LOOPS iter = iter25
---   42,302 rows  65,725 columns  191,725 non-zeroes
---   900 discrete-columns
--- Executing CPLEX (Solvelink=2): elapsed 0:00:28.638

IBM ILOG CPLEX   32.2.0 rc62c018 Released Aug 26, 2020 WEI x86 64bit/MS Window
--- GAMS/Cplex Link licensed for continuous and discrete problems.
Cplex 12.10.0.0

Reading data...
Starting Cplex...
Space for names approximately 2.68 Mb
Use option 'names no' to turn use of names off
Version identifier: 12.10.0.0 | 2019-11-26 | 843d4de2ae
CPXPARAM_Advance                                 0
CPXPARAM_Threads                                 8
CPXPARAM_Parallel                                1
CPXPARAM_MIP_Display                             4
CPXPARAM_TimeLimit                               1800
CPXPARAM_Tune_TimeLimit                          360
CPXPARAM_MIP_Tolerances_AbsMIPGap                0
CPXPARAM_MIP_Tolerances_MIPGap                   0
CPXPARAM_WorkDir                                 "C:\Users\charl\OneDrive\Dokumente\A_Uni\HiWi\ArticleSubgradient\Code\SampleRun_Environment_Solar\900Scens\tol01\Scenario8\225d\"
Row 'Const_chance_2' infeasible, all entries at implied bounds.
Presolve time = 0.06 sec. (14.16 ticks)

Root node processing (before b&c):
  Real time             =    0.08 sec. (17.96 ticks)
Parallel b&c, 8 threads:
  Real time             =    0.00 sec. (0.00 ticks)
  Sync time (average)   =    0.00 sec.
  Wait time (average)   =    0.00 sec.
                          ------------
Total (root+branch&cut) =    0.08 sec. (17.96 ticks)
MIP status(103): integer infeasible
Cplex Time: 0.08sec (det. 18.15 ticks)
CPLEX Error  1217: No solution exists.
Problem is integer infeasible.
--- Reading solution for model schedule
--- Executing after solve: elapsed 0:00:29.031
--- fixed_problem_hi.gms(1133) 32 Mb
--- Generating MIP model schedule
--- fixed_problem_hi.gms(1104) 32 Mb
--- Starting Equ Objective: elapsed 0:00:29.031
--- fixed_problem_hi.gms(1106) 32 Mb
--- Starting Equ Const1: elapsed 0:00:29.559
--- fixed_problem_hi.gms(1109) 32 Mb
--- Starting Equ Const_chance_1: elapsed 0:00:29.726
--- fixed_problem_hi.gms(1112) 32 Mb
--- Starting Equ Const_chance_2: elapsed 0:00:29.876
--- fixed_problem_hi.gms(1136) 32 Mb
--- LOOPS iter = iter26
---   42,302 rows  65,725 columns  191,725 non-zeroes
---   900 discrete-columns
--- Executing CPLEX (Solvelink=2): elapsed 0:00:30.070

IBM ILOG CPLEX   32.2.0 rc62c018 Released Aug 26, 2020 WEI x86 64bit/MS Window
--- GAMS/Cplex Link licensed for continuous and discrete problems.
Cplex 12.10.0.0

Reading data...
Starting Cplex...
Space for names approximately 2.68 Mb
Use option 'names no' to turn use of names off
Version identifier: 12.10.0.0 | 2019-11-26 | 843d4de2ae
CPXPARAM_Advance                                 0
CPXPARAM_Threads                                 8
CPXPARAM_Parallel                                1
CPXPARAM_MIP_Display                             4
CPXPARAM_TimeLimit                               1800
CPXPARAM_Tune_TimeLimit                          360
CPXPARAM_MIP_Tolerances_AbsMIPGap                0
CPXPARAM_MIP_Tolerances_MIPGap                   0
CPXPARAM_WorkDir                                 "C:\Users\charl\OneDrive\Dokumente\A_Uni\HiWi\ArticleSubgradient\Code\SampleRun_Environment_Solar\900Scens\tol01\Scenario8\225d\"
Row 'Const_chance_2' infeasible, all entries at implied bounds.
Presolve time = 0.03 sec. (14.13 ticks)

Root node processing (before b&c):
  Real time             =    0.03 sec. (17.90 ticks)
Parallel b&c, 8 threads:
  Real time             =    0.00 sec. (0.00 ticks)
  Sync time (average)   =    0.00 sec.
  Wait time (average)   =    0.00 sec.
                          ------------
Total (root+branch&cut) =    0.03 sec. (17.90 ticks)
MIP status(103): integer infeasible
Cplex Time: 0.05sec (det. 18.09 ticks)
CPLEX Error  1217: No solution exists.
Problem is integer infeasible.
--- Reading solution for model schedule
--- Executing after solve: elapsed 0:00:30.299
--- fixed_problem_hi.gms(1133) 32 Mb
--- Generating MIP model schedule
--- fixed_problem_hi.gms(1104) 32 Mb
--- Starting Equ Objective: elapsed 0:00:30.299
--- fixed_problem_hi.gms(1106) 32 Mb
--- Starting Equ Const1: elapsed 0:00:30.680
--- fixed_problem_hi.gms(1109) 32 Mb
--- Starting Equ Const_chance_1: elapsed 0:00:30.787
--- fixed_problem_hi.gms(1112) 32 Mb
--- Starting Equ Const_chance_2: elapsed 0:00:30.899
--- fixed_problem_hi.gms(1136) 32 Mb
--- LOOPS iter = iter27
---   42,302 rows  65,725 columns  191,725 non-zeroes
---   900 discrete-columns
--- Executing CPLEX (Solvelink=2): elapsed 0:00:31.074

IBM ILOG CPLEX   32.2.0 rc62c018 Released Aug 26, 2020 WEI x86 64bit/MS Window
--- GAMS/Cplex Link licensed for continuous and discrete problems.
Cplex 12.10.0.0

Reading data...
Starting Cplex...
Space for names approximately 2.68 Mb
Use option 'names no' to turn use of names off
Version identifier: 12.10.0.0 | 2019-11-26 | 843d4de2ae
CPXPARAM_Advance                                 0
CPXPARAM_Threads                                 8
CPXPARAM_Parallel                                1
CPXPARAM_MIP_Display                             4
CPXPARAM_TimeLimit                               1800
CPXPARAM_Tune_TimeLimit                          360
CPXPARAM_MIP_Tolerances_AbsMIPGap                0
CPXPARAM_MIP_Tolerances_MIPGap                   0
CPXPARAM_WorkDir                                 "C:\Users\charl\OneDrive\Dokumente\A_Uni\HiWi\ArticleSubgradient\Code\SampleRun_Environment_Solar\900Scens\tol01\Scenario8\225d\"
Row 'Const_chance_2' infeasible, all entries at implied bounds.
Presolve time = 0.02 sec. (14.14 ticks)

Root node processing (before b&c):
  Real time             =    0.03 sec. (17.90 ticks)
Parallel b&c, 8 threads:
  Real time             =    0.00 sec. (0.00 ticks)
  Sync time (average)   =    0.00 sec.
  Wait time (average)   =    0.00 sec.
                          ------------
Total (root+branch&cut) =    0.03 sec. (17.90 ticks)
MIP status(103): integer infeasible
Cplex Time: 0.03sec (det. 18.09 ticks)
CPLEX Error  1217: No solution exists.
Problem is integer infeasible.
--- Reading solution for model schedule
--- Executing after solve: elapsed 0:00:31.331
--- fixed_problem_hi.gms(1133) 32 Mb
--- Generating MIP model schedule
--- fixed_problem_hi.gms(1104) 32 Mb
--- Starting Equ Objective: elapsed 0:00:31.332
--- fixed_problem_hi.gms(1106) 32 Mb
--- Starting Equ Const1: elapsed 0:00:31.821
--- fixed_problem_hi.gms(1109) 32 Mb
--- Starting Equ Const_chance_1: elapsed 0:00:32.047
--- fixed_problem_hi.gms(1112) 32 Mb
--- Starting Equ Const_chance_2: elapsed 0:00:32.300
--- fixed_problem_hi.gms(1136) 32 Mb
--- LOOPS iter = iter28
---   42,302 rows  65,725 columns  191,725 non-zeroes
---   900 discrete-columns
--- Executing CPLEX (Solvelink=2): elapsed 0:00:32.751

IBM ILOG CPLEX   32.2.0 rc62c018 Released Aug 26, 2020 WEI x86 64bit/MS Window
--- GAMS/Cplex Link licensed for continuous and discrete problems.
Cplex 12.10.0.0

Reading data...
Starting Cplex...
Space for names approximately 2.68 Mb
Use option 'names no' to turn use of names off
Version identifier: 12.10.0.0 | 2019-11-26 | 843d4de2ae
CPXPARAM_Advance                                 0
CPXPARAM_Threads                                 8
CPXPARAM_Parallel                                1
CPXPARAM_MIP_Display                             4
CPXPARAM_TimeLimit                               1800
CPXPARAM_Tune_TimeLimit                          360
CPXPARAM_MIP_Tolerances_AbsMIPGap                0
CPXPARAM_MIP_Tolerances_MIPGap                   0
CPXPARAM_WorkDir                                 "C:\Users\charl\OneDrive\Dokumente\A_Uni\HiWi\ArticleSubgradient\Code\SampleRun_Environment_Solar\900Scens\tol01\Scenario8\225d\"
Row 'Const_chance_2' infeasible, all entries at implied bounds.
Presolve time = 0.05 sec. (14.16 ticks)

Root node processing (before b&c):
  Real time             =    0.06 sec. (17.96 ticks)
Parallel b&c, 8 threads:
  Real time             =    0.00 sec. (0.00 ticks)
  Sync time (average)   =    0.00 sec.
  Wait time (average)   =    0.00 sec.
                          ------------
Total (root+branch&cut) =    0.06 sec. (17.96 ticks)
MIP status(103): integer infeasible
Cplex Time: 0.06sec (det. 18.14 ticks)
CPLEX Error  1217: No solution exists.
Problem is integer infeasible.
--- Reading solution for model schedule
--- Executing after solve: elapsed 0:00:33.167
--- fixed_problem_hi.gms(1133) 32 Mb
--- Generating MIP model schedule
--- fixed_problem_hi.gms(1104) 32 Mb
--- Starting Equ Objective: elapsed 0:00:33.168
--- fixed_problem_hi.gms(1106) 32 Mb
--- Starting Equ Const1: elapsed 0:00:33.666
--- fixed_problem_hi.gms(1109) 32 Mb
--- Starting Equ Const_chance_1: elapsed 0:00:33.794
--- fixed_problem_hi.gms(1112) 32 Mb
--- Starting Equ Const_chance_2: elapsed 0:00:33.925
--- fixed_problem_hi.gms(1136) 32 Mb
--- LOOPS iter = iter29
---   42,302 rows  65,725 columns  191,725 non-zeroes
---   900 discrete-columns
--- Executing CPLEX (Solvelink=2): elapsed 0:00:34.089

IBM ILOG CPLEX   32.2.0 rc62c018 Released Aug 26, 2020 WEI x86 64bit/MS Window
--- GAMS/Cplex Link licensed for continuous and discrete problems.
Cplex 12.10.0.0

Reading data...
Starting Cplex...
Space for names approximately 2.68 Mb
Use option 'names no' to turn use of names off
Version identifier: 12.10.0.0 | 2019-11-26 | 843d4de2ae
CPXPARAM_Advance                                 0
CPXPARAM_Threads                                 8
CPXPARAM_Parallel                                1
CPXPARAM_MIP_Display                             4
CPXPARAM_TimeLimit                               1800
CPXPARAM_Tune_TimeLimit                          360
CPXPARAM_MIP_Tolerances_AbsMIPGap                0
CPXPARAM_MIP_Tolerances_MIPGap                   0
CPXPARAM_WorkDir                                 "C:\Users\charl\OneDrive\Dokumente\A_Uni\HiWi\ArticleSubgradient\Code\SampleRun_Environment_Solar\900Scens\tol01\Scenario8\225d\"
Row 'Const_chance_1(scen899.t16)' infeasible, all entries at implied bounds.
Presolve time = 0.05 sec. (18.60 ticks)

Root node processing (before b&c):
  Real time             =    0.05 sec. (22.36 ticks)
Parallel b&c, 8 threads:
  Real time             =    0.00 sec. (0.00 ticks)
  Sync time (average)   =    0.00 sec.
  Wait time (average)   =    0.00 sec.
                          ------------
Total (root+branch&cut) =    0.05 sec. (22.36 ticks)
MIP status(103): integer infeasible
Cplex Time: 0.05sec (det. 22.55 ticks)
CPLEX Error  1217: No solution exists.
Problem is integer infeasible.
--- Reading solution for model schedule
--- Executing after solve: elapsed 0:00:34.337
--- fixed_problem_hi.gms(1133) 32 Mb
--- Generating MIP model schedule
--- fixed_problem_hi.gms(1104) 32 Mb
--- Starting Equ Objective: elapsed 0:00:34.337
--- fixed_problem_hi.gms(1106) 32 Mb
--- Starting Equ Const1: elapsed 0:00:34.760
--- fixed_problem_hi.gms(1109) 32 Mb
--- Starting Equ Const_chance_1: elapsed 0:00:34.860
--- fixed_problem_hi.gms(1112) 32 Mb
--- Starting Equ Const_chance_2: elapsed 0:00:34.966
--- fixed_problem_hi.gms(1136) 32 Mb
--- LOOPS iter = iter30
---   42,302 rows  65,725 columns  191,725 non-zeroes
---   900 discrete-columns
--- Executing CPLEX (Solvelink=2): elapsed 0:00:35.110

IBM ILOG CPLEX   32.2.0 rc62c018 Released Aug 26, 2020 WEI x86 64bit/MS Window
--- GAMS/Cplex Link licensed for continuous and discrete problems.
Cplex 12.10.0.0

Reading data...
Starting Cplex...
Space for names approximately 2.68 Mb
Use option 'names no' to turn use of names off
Version identifier: 12.10.0.0 | 2019-11-26 | 843d4de2ae
CPXPARAM_Advance                                 0
CPXPARAM_Threads                                 8
CPXPARAM_Parallel                                1
CPXPARAM_MIP_Display                             4
CPXPARAM_TimeLimit                               1800
CPXPARAM_Tune_TimeLimit                          360
CPXPARAM_MIP_Tolerances_AbsMIPGap                0
CPXPARAM_MIP_Tolerances_MIPGap                   0
CPXPARAM_WorkDir                                 "C:\Users\charl\OneDrive\Dokumente\A_Uni\HiWi\ArticleSubgradient\Code\SampleRun_Environment_Solar\900Scens\tol01\Scenario8\225d\"
Found incumbent of value 0.000000 after 0.02 sec. (2.70 ticks)
Tried aggregator 1 time.
MIP Presolve eliminated 8255 rows and 2725 columns.
MIP Presolve modified 5246 coefficients.
Reduced MIP has 34047 rows, 63000 columns, and 122838 nonzeros.
Reduced MIP has 900 binaries, 0 generals, 0 SOSs, and 0 indicators.
Presolve time = 0.09 sec. (59.36 ticks)
Probing time = 0.03 sec. (1.97 ticks)
Tried aggregator 1 time.
Detecting symmetries...
Reduced MIP has 34047 rows, 63000 columns, and 122838 nonzeros.
Reduced MIP has 900 binaries, 0 generals, 0 SOSs, and 0 indicators.
Presolve time = 0.20 sec. (85.37 ticks)

Root node processing (before b&c):
  Real time             =    0.39 sec. (172.42 ticks)
Parallel b&c, 8 threads:
  Real time             =    0.00 sec. (0.00 ticks)
  Sync time (average)   =    0.00 sec.
  Wait time (average)   =    0.00 sec.
                          ------------
Total (root+branch&cut) =    0.39 sec. (172.42 ticks)
MIP status(101): integer optimal solution
Cplex Time: 0.39sec (det. 172.61 ticks)
Fixing integer variables, and solving final LP...
Version identifier: 12.10.0.0 | 2019-11-26 | 843d4de2ae
CPXPARAM_Advance                                 2
CPXPARAM_Threads                                 8
CPXPARAM_Parallel                                1
CPXPARAM_MIP_Display                             4
CPXPARAM_TimeLimit                               1800
CPXPARAM_Tune_TimeLimit                          360
CPXPARAM_MIP_Tolerances_AbsMIPGap                0
CPXPARAM_MIP_Tolerances_MIPGap                   0
CPXPARAM_WorkDir                                 "C:\Users\charl\OneDrive\Dokumente\A_Uni\HiWi\ArticleSubgradient\Code\SampleRun_Environment_Solar\900Scens\tol01\Scenario8\225d\"
Parallel mode: deterministic, using up to 8 threads for concurrent optimization:
 * Starting dual Simplex on 1 thread...
 * Starting Barrier on 6 threads...
 * Starting primal Simplex on 1 thread...
Tried aggregator 1 time.
LP Presolve eliminated 8256 rows and 3625 columns.
Reduced LP has 34046 rows, 62100 columns, and 108592 nonzeros.
Presolve time = 0.28 sec. (68.30 ticks)
Initializing dual steep norms . . .

Dual simplex solved model.

Fixed MIP status(1): optimal
Cplex Time: 0.42sec (det. 109.14 ticks)

Proven optimal solution.

MIP Solution:            0.000000    (0 iterations, 0 nodes)
Final Solve:             0.000000    (0 iterations)

Best possible:           0.000000
Absolute gap:            0.000000
Relative gap:            0.000000

--- Reading solution for model schedule
--- Executing after solve: elapsed 0:00:36.187
--- fixed_problem_hi.gms(1166) 32 Mb
--- Putfile fixed_profit C:\Users\charl\OneDrive\Dokumente\A_Uni\HiWi\ArticleSubgradient\Code\SampleRun_Environment_Solar\900Scens\tol01\Scenario8\fixed_profit_hi.csv
--- Putfile TestingFile3 C:\Users\charl\OneDrive\Dokumente\A_Uni\HiWi\ArticleSubgradient\Code\SampleRun_Environment_Solar\900Scens\tol01\Scenario8\Alg_hi.csv
--- Profile Summary (1328 records processed)
    36.015   0.032GB      1133 Loop       
     1.016   0.032GB      1136 Solve Alg  schedule
     0.765   0.032GB      1104 Equation   Objective (1)
     0.687   0.032GB      1104 Equation   Objective (1)
     0.672   0.032GB      1104 Equation   Objective (1)
     0.531   0.032GB      1104 Equation   Objective (1)
     0.531   0.032GB      1104 Equation   Objective (1)
     0.531   0.032GB      1104 Equation   Objective (1)
     0.484   0.032GB      1104 Equation   Objective (1)
     0.484   0.032GB      1104 Equation   Objective (1)
*** Status: Normal completion
--- Job fixed_problem_hi.gms Stop 03/28/22 13:29:06 elapsed 0:00:36.192
