--- Job fixed_problem.gms Start 12/16/21 17:40:04 32.2.0 rc62c018 WEX-WEI x86 64bit/MS Windows
--- Applying:
    C:\GAMS\32\gmsprmNT.txt
--- GAMS Parameters defined
    Input C:\Users\charl\OneDrive\Dokumente\A_Uni\HiWi\projectTSAM\Code\Solar\600Scen\tol05\fixed_problem.gms
    PageSize 0
    ScrDir C:\Users\charl\OneDrive\Dokumente\A_Uni\HiWi\projectTSAM\Code\Solar\600Scen\tol05\225a\
    SysDir C:\GAMS\32\
    LogOption 3
    ErrMsg 1
    ErrorLog 99
    IDE 1
    LstTitleLeftAligned 1
GAMS 32.2.0   Copyright (C) 1987-2020 GAMS Development. All rights reserved
Licensee: Small MUD - 5 User License                     S200323/0001AN-GEN
          Friedrich-Alexander-Universitaet Erlangen-Nurnberg         DC7699
          C:\GAMS\32\gamslice.txt
--- Starting compilation
--- fixed_problem.gms(30) 3 Mb
--- . solar_scenarios_600.csv(601) 3 Mb
--- fixed_problem.gms(53) 3 Mb
--- . sampled_dynamic.csv(25) 3 Mb
--- fixed_problem.gms(62) 3 Mb
--- . battery_revenue.csv(25) 3 Mb
--- fixed_problem.gms(205) 3 Mb
--- Starting execution: elapsed 0:00:00.077
--- fixed_problem.gms(833) 8 Mb
--- Generating MIP model schedule
--- fixed_problem.gms(804) 8 Mb
--- Starting Equ Objective: elapsed 0:00:00.294
--- fixed_problem.gms(806) 9 Mb
--- Starting Equ Const1: elapsed 0:00:00.593
--- fixed_problem.gms(809) 18 Mb
--- Starting Equ Const_chance_1: elapsed 0:00:00.638
--- fixed_problem.gms(812) 23 Mb
--- Starting Equ Const_chance_2: elapsed 0:00:00.688
--- fixed_problem.gms(836) 23 Mb
--- LOOPS iter = iter1
---   28,202 rows  43,825 columns  127,825 non-zeroes
---   600 discrete-columns
--- Executing GUROBI (Solvelink=2): elapsed 0:00:00.813
--- Reading solution for model schedule
--- Executing after solve: elapsed 0:00:00.886
--- fixed_problem.gms(833) 23 Mb
--- Generating MIP model schedule
--- fixed_problem.gms(804) 23 Mb
--- Starting Equ Objective: elapsed 0:00:00.886
--- fixed_problem.gms(806) 23 Mb
--- Starting Equ Const1: elapsed 0:00:01.240
*** Error at line 804: Execution halted: Triggered by pending CtrlC event
--- fixed_problem.gms(836) 23 Mb 1 Error
*** SOLVE aborted
--- Profile Summary (2305 records processed)
     0.359   0.022GB       804 Equation   Objective (1)
     0.297   0.009GB       804 Equation   Objective (1)
     0.172   0.005GB       768 Loop       
     0.125   0.022GB       836 Solve Fini schedule (127825)
     0.063   0.022GB       836 Solve Alg  schedule
     0.047   0.018GB       806 Equation   Const1 (13800)
     0.046   0.022GB       809 Equation   Const_chance_1 (14400)
     0.016   0.005GB       775 Assignment dummysolar (8400)
     0.016   0.005GB       769 Loop       
     0.016   0.004GB       728 Assignment Solar (8104)
--- fixed_problem.gms(836) 23 Mb 1 Error
*** Status: Execution error(s)
--- Job fixed_problem.gms Stop 12/16/21 17:40:05 elapsed 0:00:01.255
