--- Job main_for_lr6.gms Start 12/16/21 17:42:28 32.2.0 rc62c018 WEX-WEI x86 64bit/MS Windows
--- Applying:
    C:\GAMS\32\gmsprmNT.txt
--- GAMS Parameters defined
    Input C:\Users\charl\OneDrive\Dokumente\A_Uni\HiWi\projectTSAM\Code\Solar\600Scen\tol05\main_for_lr6.gms
    PageSize 0
    ScrDir C:\Users\charl\OneDrive\Dokumente\A_Uni\HiWi\projectTSAM\Code\Solar\600Scen\tol05\225a\
    SysDir C:\GAMS\32\
    LogOption 3
    ErrMsg 1
    ErrorLog 99
    IDE 1
    LstTitleLeftAligned 1
GAMS 32.2.0   Copyright (C) 1987-2020 GAMS Development. All rights reserved
Licensee: Small MUD - 5 User License                     S200323/0001AN-GEN
          Friedrich-Alexander-Universitaet Erlangen-Nurnberg         DC7699
          C:\GAMS\32\gamslice.txt
--- Starting compilation
--- main_for_lr6.gms(19) 2 Mb
--- . inputME.gms(14) 3 Mb
--- .. solar_scenarios_600.csv(601) 3 Mb
--- . inputME.gms(36) 3 Mb
--- .. scenario_sorted_600_05.csv(601) 3 Mb
--- . inputME.gms(116) 3 Mb
--- .. battery_revenue.csv(25) 3 Mb
--- . inputME.gms(185) 3 Mb
--- main_for_lr6.gms(20) 3 Mb
--- . subgradient_parameters.gms(33) 3 Mb
--- main_for_lr6.gms(22) 3 Mb
--- . equations_all.gms(76) 3 Mb
--- main_for_lr6.gms(23) 3 Mb
--- . lp_lowerbound.gms(12) 3 Mb
--- main_for_lr6.gms(24) 3 Mb
--- . heuristic_upperbound.gms(58) 3 Mb
--- main_for_lr6.gms(39) 3 Mb
--- call csv2gdx Naive.csv id=nv index=1 values=2..lastCol useHeader=y
No errors, CSV2GDX time = 16ms
--- main_for_lr6.gms(40) 3 Mb
--- GDXin=C:\Users\charl\OneDrive\Dokumente\A_Uni\HiWi\projectTSAM\Code\Solar\600Scen\tol05\Naive.gdx
--- main_for_lr6.gms(75) 3 Mb
--- . plain_lr.gms(13) 3 Mb
--- main_for_lr6.gms(81) 3 Mb
--- . LR_updates.gms(18) 3 Mb
--- .. stepsizes.gms(21) 3 Mb
--- . LR_updates.gms(43) 3 Mb
--- main_for_lr6.gms(102) 3 Mb
--- Starting execution: elapsed 0:00:00.124
--- main_for_lr6.gms(1547) 8 Mb
--- Generating RMIP model schedule
--- main_for_lr6.gms(1494) 8 Mb
--- Starting Equ Objective: elapsed 0:00:00.352
--- main_for_lr6.gms(1496) 9 Mb
--- Starting Equ Const1: elapsed 0:00:00.710
--- main_for_lr6.gms(1502) 18 Mb
--- Starting Equ Const_chance_1: elapsed 0:00:00.767
--- main_for_lr6.gms(1509) 23 Mb
--- Starting Equ Const_chance_2: elapsed 0:00:00.821
--- main_for_lr6.gms(1548) 23 Mb
---   28,202 rows  43,825 columns  127,825 non-zeroes
---   600 discrete-columns
*** Error at line 1548: Control C Event: execution halted
--- main_for_lr6.gms(1548) 23 Mb 1 Error
*** SOLVE aborted
--- Profile Summary (2297 records processed)
     0.360   0.009GB      1494 Equation   Objective (1)
     0.203   0.005GB      1417 Loop       
     0.125   0.022GB      1548 Solve Fini schedule (127825)
     0.062   0.018GB      1496 Equation   Const1 (13800)
     0.047   0.023GB      1502 Equation   Const_chance_1 (14400)
     0.016   0.005GB      1422 Assignment dummy (600)
     0.016   0.005GB      1418 Loop       
     0.016   0.005GB      1424 Assignment dummysolar (8104)
     0.016   0.005GB      1418 Loop       
     0.016   0.005GB      1420 Assignment minsolar (0)
--- main_for_lr6.gms(1548) 23 Mb 1 Error
*** Status: Execution error(s)
--- Job main_for_lr6.gms Stop 12/16/21 17:42:29 elapsed 0:00:00.975
