--- Job main_for_lr4.gms Start 05/16/22 20:15:26 32.2.0 rc62c018 WEX-WEI x86 64bit/MS Windows
--- Applying:
    C:\GAMS\32\gmsprmNT.txt
--- GAMS Parameters defined
    Input C:\Users\charl\OneDrive\Dokumente\A_Uni\HiWi\ArticleSubgradient\Code\SampleRun_Environment_Solar\100Scens\tol03\Scenario_1\main_for_lr4.gms
    PageSize 0
    ScrDir C:\Users\charl\OneDrive\Dokumente\A_Uni\HiWi\ArticleSubgradient\Code\SampleRun_Environment_Solar\100Scens\tol03\Scenario_1\225c\
    SysDir C:\GAMS\32\
    LogOption 3
    ErrMsg 1
    ErrorLog 99
    IDE 1
    LstTitleLeftAligned 1
GAMS 32.2.0   Copyright (C) 1987-2020 GAMS Development. All rights reserved
Licensee: Small MUD - 5 User License                     S200323/0001AN-GEN
          Friedrich-Alexander-Universitaet Erlangen-Nurnberg         DC7699
          C:\GAMS\32\gamslice.txt
--- Starting compilation
--- main_for_lr4.gms(13) 2 Mb
--- . input.gms(8) 3 Mb
--- .. solar_scenarios.csv(101) 3 Mb
--- . input.gms(22) 3 Mb
--- .. scenario_sorted.csv(101) 3 Mb
--- . input.gms(38) 3 Mb
--- .. battery_revenue.csv(25) 3 Mb
--- . input.gms(105) 3 Mb
--- main_for_lr4.gms(14) 3 Mb
--- . subgradient_parameters.gms(31) 3 Mb
--- main_for_lr4.gms(15) 3 Mb
--- . equations_all.gms(76) 3 Mb
--- main_for_lr4.gms(16) 3 Mb
--- . lp_lowerbound.gms(12) 3 Mb
--- main_for_lr4.gms(17) 3 Mb
--- . heuristic_upperbound.gms(54) 3 Mb
--- main_for_lr4.gms(74) 3 Mb
--- . plain_lr.gms(13) 3 Mb
--- main_for_lr4.gms(80) 3 Mb
--- . LR_updates.gms(18) 3 Mb
--- .. stepsizes.gms(21) 3 Mb
--- . LR_updates.gms(43) 3 Mb
--- main_for_lr4.gms(103) 3 Mb
--- Starting execution: elapsed 0:00:00.130
--- main_for_lr4.gms(458) 5 Mb
--- Generating RMIP model schedule
--- main_for_lr4.gms(405) 5 Mb
--- Starting Equ Objective: elapsed 0:00:00.142
--- main_for_lr4.gms(407) 5 Mb
--- Starting Equ Const1: elapsed 0:00:00.178
--- main_for_lr4.gms(413) 6 Mb
--- Starting Equ Const_chance_1: elapsed 0:00:00.182
--- main_for_lr4.gms(420) 7 Mb
--- Starting Equ Const_chance_2: elapsed 0:00:00.186
--- main_for_lr4.gms(459) 7 Mb
---   4,702 rows  7,325 columns  21,325 non-zeroes
---   100 discrete-columns
--- Executing GUROBI (Solvelink=2): elapsed 0:00:00.248

Gurobi           32.2.0 rc62c018 Released Aug 26, 2020 WEI x86 64bit/MS Window

Gurobi link license.
*** Cannot initialize Gurobi environment.
*** Could be a missing or invalid license. (status=10009|10009)
--- Reading solution for model schedule
--- Executing after solve: elapsed 0:00:00.496
--- main_for_lr4.gms(481) 7 Mb
--- Generating MIP model schedule_scenario
--- main_for_lr4.gms(425) 7 Mb
--- Starting Equ Objective_scenario: elapsed 0:00:00.496
--- main_for_lr4.gms(409) 7 Mb
--- Starting Equ Const1_scenario: elapsed 0:00:00.496
--- main_for_lr4.gms(414) 7 Mb
--- Starting Equ Const_chance_1_scenario: elapsed 0:00:00.497
--- main_for_lr4.gms(484) 7 Mb
--- LOOPS rs = scen1
---   48 rows  97 columns  213 non-zeroes
--- Executing GUROBI (Solvelink=5): elapsed 0:00:00.502

Gurobi           32.2.0 rc62c018 Released Aug 26, 2020 WEI x86 64bit/MS Window

GAMS/Gurobi demo/community requires a Gurobi license from Gurobi Optimization.
*** Cannot initialize Gurobi environment.
*** Could be a missing or invalid license. (status=10009|10009)
--- Reading solution for model schedule_scenario
--- Executing after solve: elapsed 0:00:00.524
--- main_for_lr4.gms(481) 7 Mb
--- Generating MIP model schedule_scenario
--- main_for_lr4.gms(425) 7 Mb
--- Starting Equ Objective_scenario: elapsed 0:00:00.525
--- main_for_lr4.gms(409) 7 Mb
--- Starting Equ Const1_scenario: elapsed 0:00:00.525
--- main_for_lr4.gms(414) 7 Mb
--- Starting Equ Const_chance_1_scenario: elapsed 0:00:00.525
--- main_for_lr4.gms(484) 7 Mb
--- LOOPS rs = scen2
---   48 rows  97 columns  213 non-zeroes
--- Executing GUROBI (Solvelink=5): elapsed 0:00:00.529

Gurobi           32.2.0 rc62c018 Released Aug 26, 2020 WEI x86 64bit/MS Window

GAMS/Gurobi demo/community requires a Gurobi license from Gurobi Optimization.
*** Cannot initialize Gurobi environment.
*** Could be a missing or invalid license. (status=10009|10009)
--- Reading solution for model schedule_scenario
--- Executing after solve: elapsed 0:00:00.538
--- main_for_lr4.gms(481) 7 Mb
--- Generating MIP model schedule_scenario
--- main_for_lr4.gms(425) 7 Mb
--- Starting Equ Objective_scenario: elapsed 0:00:00.538
--- main_for_lr4.gms(409) 7 Mb
--- Starting Equ Const1_scenario: elapsed 0:00:00.539
--- main_for_lr4.gms(414) 7 Mb
--- Starting Equ Const_chance_1_scenario: elapsed 0:00:00.539
--- main_for_lr4.gms(484) 7 Mb
--- LOOPS rs = scen3
---   48 rows  97 columns  213 non-zeroes
--- Executing GUROBI (Solvelink=5): elapsed 0:00:00.543

Gurobi           32.2.0 rc62c018 Released Aug 26, 2020 WEI x86 64bit/MS Window

GAMS/Gurobi demo/community requires a Gurobi license from Gurobi Optimization.
*** Cannot initialize Gurobi environment.
*** Could be a missing or invalid license. (status=10009|10009)
--- Reading solution for model schedule_scenario
--- Executing after solve: elapsed 0:00:00.552
--- main_for_lr4.gms(481) 7 Mb
--- Generating MIP model schedule_scenario
--- main_for_lr4.gms(425) 7 Mb
--- Starting Equ Objective_scenario: elapsed 0:00:00.552
--- main_for_lr4.gms(409) 7 Mb
--- Starting Equ Const1_scenario: elapsed 0:00:00.553
--- main_for_lr4.gms(414) 7 Mb
--- Starting Equ Const_chance_1_scenario: elapsed 0:00:00.553
--- main_for_lr4.gms(484) 7 Mb
--- LOOPS rs = scen4
---   48 rows  97 columns  213 non-zeroes
--- Executing GUROBI (Solvelink=5): elapsed 0:00:00.557

Gurobi           32.2.0 rc62c018 Released Aug 26, 2020 WEI x86 64bit/MS Window

GAMS/Gurobi demo/community requires a Gurobi license from Gurobi Optimization.
*** Cannot initialize Gurobi environment.
*** Could be a missing or invalid license. (status=10009|10009)
--- Reading solution for model schedule_scenario
--- Executing after solve: elapsed 0:00:00.566
--- main_for_lr4.gms(481) 7 Mb
--- Generating MIP model schedule_scenario
--- main_for_lr4.gms(425) 7 Mb
--- Starting Equ Objective_scenario: elapsed 0:00:00.566
--- main_for_lr4.gms(409) 7 Mb
--- Starting Equ Const1_scenario: elapsed 0:00:00.567
--- main_for_lr4.gms(414) 7 Mb
--- Starting Equ Const_chance_1_scenario: elapsed 0:00:00.568
--- main_for_lr4.gms(484) 7 Mb
--- LOOPS rs = scen5
---   48 rows  97 columns  213 non-zeroes
--- Executing GUROBI (Solvelink=5): elapsed 0:00:00.572

Gurobi           32.2.0 rc62c018 Released Aug 26, 2020 WEI x86 64bit/MS Window

GAMS/Gurobi demo/community requires a Gurobi license from Gurobi Optimization.
*** Cannot initialize Gurobi environment.
*** Could be a missing or invalid license. (status=10009|10009)
--- Reading solution for model schedule_scenario
--- Executing after solve: elapsed 0:00:00.581
--- main_for_lr4.gms(481) 7 Mb
--- Generating MIP model schedule_scenario
--- main_for_lr4.gms(425) 7 Mb
--- Starting Equ Objective_scenario: elapsed 0:00:00.581
--- main_for_lr4.gms(409) 7 Mb
--- Starting Equ Const1_scenario: elapsed 0:00:00.581
--- main_for_lr4.gms(414) 7 Mb
--- Starting Equ Const_chance_1_scenario: elapsed 0:00:00.582
--- main_for_lr4.gms(484) 7 Mb
--- LOOPS rs = scen6
---   48 rows  97 columns  213 non-zeroes
--- Executing GUROBI (Solvelink=5): elapsed 0:00:00.585

Gurobi           32.2.0 rc62c018 Released Aug 26, 2020 WEI x86 64bit/MS Window

GAMS/Gurobi demo/community requires a Gurobi license from Gurobi Optimization.
*** Cannot initialize Gurobi environment.
*** Could be a missing or invalid license. (status=10009|10009)
--- Reading solution for model schedule_scenario
--- Executing after solve: elapsed 0:00:00.594
--- main_for_lr4.gms(481) 7 Mb
--- Generating MIP model schedule_scenario
--- main_for_lr4.gms(425) 7 Mb
--- Starting Equ Objective_scenario: elapsed 0:00:00.594
--- main_for_lr4.gms(409) 7 Mb
--- Starting Equ Const1_scenario: elapsed 0:00:00.594
--- main_for_lr4.gms(414) 7 Mb
--- Starting Equ Const_chance_1_scenario: elapsed 0:00:00.595
--- main_for_lr4.gms(484) 7 Mb
--- LOOPS rs = scen7
---   48 rows  97 columns  213 non-zeroes
--- Executing GUROBI (Solvelink=5): elapsed 0:00:00.598

Gurobi           32.2.0 rc62c018 Released Aug 26, 2020 WEI x86 64bit/MS Window

GAMS/Gurobi demo/community requires a Gurobi license from Gurobi Optimization.
*** Cannot initialize Gurobi environment.
*** Could be a missing or invalid license. (status=10009|10009)
--- Reading solution for model schedule_scenario
--- Executing after solve: elapsed 0:00:00.609
--- main_for_lr4.gms(481) 7 Mb
--- Generating MIP model schedule_scenario
--- main_for_lr4.gms(425) 7 Mb
--- Starting Equ Objective_scenario: elapsed 0:00:00.609
--- main_for_lr4.gms(409) 7 Mb
--- Starting Equ Const1_scenario: elapsed 0:00:00.609
--- main_for_lr4.gms(414) 7 Mb
--- Starting Equ Const_chance_1_scenario: elapsed 0:00:00.610
--- main_for_lr4.gms(484) 7 Mb
--- LOOPS rs = scen8
---   48 rows  97 columns  213 non-zeroes
--- Executing GUROBI (Solvelink=5): elapsed 0:00:00.613

Gurobi           32.2.0 rc62c018 Released Aug 26, 2020 WEI x86 64bit/MS Window

GAMS/Gurobi demo/community requires a Gurobi license from Gurobi Optimization.
*** Cannot initialize Gurobi environment.
*** Could be a missing or invalid license. (status=10009|10009)
--- Reading solution for model schedule_scenario
--- Executing after solve: elapsed 0:00:00.623
--- main_for_lr4.gms(481) 7 Mb
--- Generating MIP model schedule_scenario
--- main_for_lr4.gms(425) 7 Mb
--- Starting Equ Objective_scenario: elapsed 0:00:00.624
--- main_for_lr4.gms(409) 7 Mb
--- Starting Equ Const1_scenario: elapsed 0:00:00.624
--- main_for_lr4.gms(414) 7 Mb
--- Starting Equ Const_chance_1_scenario: elapsed 0:00:00.624
--- main_for_lr4.gms(484) 7 Mb
--- LOOPS rs = scen9
---   48 rows  97 columns  213 non-zeroes
--- Executing GUROBI (Solvelink=5): elapsed 0:00:00.628

Gurobi           32.2.0 rc62c018 Released Aug 26, 2020 WEI x86 64bit/MS Window

GAMS/Gurobi demo/community requires a Gurobi license from Gurobi Optimization.
*** Cannot initialize Gurobi environment.
*** Could be a missing or invalid license. (status=10009|10009)
--- Reading solution for model schedule_scenario
--- Executing after solve: elapsed 0:00:00.638
--- main_for_lr4.gms(481) 7 Mb
--- Generating MIP model schedule_scenario
--- main_for_lr4.gms(425) 7 Mb
--- Starting Equ Objective_scenario: elapsed 0:00:00.638
--- main_for_lr4.gms(409) 7 Mb
--- Starting Equ Const1_scenario: elapsed 0:00:00.638
--- main_for_lr4.gms(414) 7 Mb
--- Starting Equ Const_chance_1_scenario: elapsed 0:00:00.638
--- main_for_lr4.gms(484) 7 Mb
--- LOOPS rs = scen10
---   48 rows  97 columns  213 non-zeroes
--- Executing GUROBI (Solvelink=5): elapsed 0:00:00.641

Gurobi           32.2.0 rc62c018 Released Aug 26, 2020 WEI x86 64bit/MS Window

GAMS/Gurobi demo/community requires a Gurobi license from Gurobi Optimization.
*** Cannot initialize Gurobi environment.
*** Could be a missing or invalid license. (status=10009|10009)
--- Reading solution for model schedule_scenario
--- Executing after solve: elapsed 0:00:00.651
--- main_for_lr4.gms(481) 7 Mb
--- Generating MIP model schedule_scenario
--- main_for_lr4.gms(425) 7 Mb
--- Starting Equ Objective_scenario: elapsed 0:00:00.651
--- main_for_lr4.gms(409) 7 Mb
--- Starting Equ Const1_scenario: elapsed 0:00:00.651
--- main_for_lr4.gms(414) 7 Mb
--- Starting Equ Const_chance_1_scenario: elapsed 0:00:00.651
--- main_for_lr4.gms(484) 7 Mb
--- LOOPS rs = scen11
---   48 rows  97 columns  213 non-zeroes
--- Executing GUROBI (Solvelink=5): elapsed 0:00:00.654

Gurobi           32.2.0 rc62c018 Released Aug 26, 2020 WEI x86 64bit/MS Window

GAMS/Gurobi demo/community requires a Gurobi license from Gurobi Optimization.
*** Cannot initialize Gurobi environment.
*** Could be a missing or invalid license. (status=10009|10009)
--- Reading solution for model schedule_scenario
--- Executing after solve: elapsed 0:00:00.663
--- main_for_lr4.gms(481) 7 Mb
--- Generating MIP model schedule_scenario
--- main_for_lr4.gms(425) 7 Mb
--- Starting Equ Objective_scenario: elapsed 0:00:00.664
--- main_for_lr4.gms(409) 7 Mb
--- Starting Equ Const1_scenario: elapsed 0:00:00.664
--- main_for_lr4.gms(414) 7 Mb
--- Starting Equ Const_chance_1_scenario: elapsed 0:00:00.665
--- main_for_lr4.gms(484) 7 Mb
--- LOOPS rs = scen12
---   48 rows  97 columns  213 non-zeroes
--- Executing GUROBI (Solvelink=5): elapsed 0:00:00.668

Gurobi           32.2.0 rc62c018 Released Aug 26, 2020 WEI x86 64bit/MS Window

GAMS/Gurobi demo/community requires a Gurobi license from Gurobi Optimization.
*** Cannot initialize Gurobi environment.
*** Could be a missing or invalid license. (status=10009|10009)
--- Reading solution for model schedule_scenario
--- Executing after solve: elapsed 0:00:00.677
--- main_for_lr4.gms(481) 7 Mb
--- Generating MIP model schedule_scenario
--- main_for_lr4.gms(425) 7 Mb
--- Starting Equ Objective_scenario: elapsed 0:00:00.677
--- main_for_lr4.gms(409) 7 Mb
--- Starting Equ Const1_scenario: elapsed 0:00:00.678
--- main_for_lr4.gms(414) 7 Mb
--- Starting Equ Const_chance_1_scenario: elapsed 0:00:00.678
--- main_for_lr4.gms(484) 7 Mb
--- LOOPS rs = scen13
---   48 rows  97 columns  213 non-zeroes
--- Executing GUROBI (Solvelink=5): elapsed 0:00:00.681

Gurobi           32.2.0 rc62c018 Released Aug 26, 2020 WEI x86 64bit/MS Window

GAMS/Gurobi demo/community requires a Gurobi license from Gurobi Optimization.
*** Cannot initialize Gurobi environment.
*** Could be a missing or invalid license. (status=10009|10009)
--- Reading solution for model schedule_scenario
--- Executing after solve: elapsed 0:00:00.691
--- main_for_lr4.gms(481) 7 Mb
--- Generating MIP model schedule_scenario
--- main_for_lr4.gms(425) 7 Mb
--- Starting Equ Objective_scenario: elapsed 0:00:00.692
--- main_for_lr4.gms(409) 7 Mb
--- Starting Equ Const1_scenario: elapsed 0:00:00.692
--- main_for_lr4.gms(414) 7 Mb
--- Starting Equ Const_chance_1_scenario: elapsed 0:00:00.692
--- main_for_lr4.gms(484) 7 Mb
--- LOOPS rs = scen14
---   48 rows  97 columns  213 non-zeroes
--- Executing GUROBI (Solvelink=5): elapsed 0:00:00.695

Gurobi           32.2.0 rc62c018 Released Aug 26, 2020 WEI x86 64bit/MS Window

GAMS/Gurobi demo/community requires a Gurobi license from Gurobi Optimization.
*** Cannot initialize Gurobi environment.
*** Could be a missing or invalid license. (status=10009|10009)
--- Reading solution for model schedule_scenario
--- Executing after solve: elapsed 0:00:00.706
--- main_for_lr4.gms(481) 7 Mb
--- Generating MIP model schedule_scenario
--- main_for_lr4.gms(425) 7 Mb
--- Starting Equ Objective_scenario: elapsed 0:00:00.706
--- main_for_lr4.gms(409) 7 Mb
--- Starting Equ Const1_scenario: elapsed 0:00:00.706
--- main_for_lr4.gms(414) 7 Mb
--- Starting Equ Const_chance_1_scenario: elapsed 0:00:00.707
--- main_for_lr4.gms(484) 7 Mb
--- LOOPS rs = scen15
---   48 rows  97 columns  213 non-zeroes
--- Executing GUROBI (Solvelink=5): elapsed 0:00:00.710

Gurobi           32.2.0 rc62c018 Released Aug 26, 2020 WEI x86 64bit/MS Window

GAMS/Gurobi demo/community requires a Gurobi license from Gurobi Optimization.
*** Cannot initialize Gurobi environment.
*** Could be a missing or invalid license. (status=10009|10009)
--- Reading solution for model schedule_scenario
--- Executing after solve: elapsed 0:00:00.720
--- main_for_lr4.gms(481) 7 Mb
--- Generating MIP model schedule_scenario
--- main_for_lr4.gms(425) 7 Mb
--- Starting Equ Objective_scenario: elapsed 0:00:00.720
--- main_for_lr4.gms(409) 7 Mb
--- Starting Equ Const1_scenario: elapsed 0:00:00.720
--- main_for_lr4.gms(414) 7 Mb
--- Starting Equ Const_chance_1_scenario: elapsed 0:00:00.721
--- main_for_lr4.gms(484) 7 Mb
--- LOOPS rs = scen16
---   48 rows  97 columns  213 non-zeroes
--- Executing GUROBI (Solvelink=5): elapsed 0:00:00.725

Gurobi           32.2.0 rc62c018 Released Aug 26, 2020 WEI x86 64bit/MS Window

GAMS/Gurobi demo/community requires a Gurobi license from Gurobi Optimization.
*** Cannot initialize Gurobi environment.
*** Could be a missing or invalid license. (status=10009|10009)
--- Reading solution for model schedule_scenario
--- Executing after solve: elapsed 0:00:00.734
--- main_for_lr4.gms(481) 7 Mb
--- Generating MIP model schedule_scenario
--- main_for_lr4.gms(425) 7 Mb
--- Starting Equ Objective_scenario: elapsed 0:00:00.734
--- main_for_lr4.gms(409) 7 Mb
--- Starting Equ Const1_scenario: elapsed 0:00:00.734
--- main_for_lr4.gms(414) 7 Mb
--- Starting Equ Const_chance_1_scenario: elapsed 0:00:00.735
--- main_for_lr4.gms(484) 7 Mb
--- LOOPS rs = scen17
---   48 rows  97 columns  213 non-zeroes
--- Executing GUROBI (Solvelink=5): elapsed 0:00:00.738

Gurobi           32.2.0 rc62c018 Released Aug 26, 2020 WEI x86 64bit/MS Window

GAMS/Gurobi demo/community requires a Gurobi license from Gurobi Optimization.
*** Cannot initialize Gurobi environment.
*** Could be a missing or invalid license. (status=10009|10009)
--- Reading solution for model schedule_scenario
--- Executing after solve: elapsed 0:00:00.747
--- main_for_lr4.gms(481) 7 Mb
--- Generating MIP model schedule_scenario
--- main_for_lr4.gms(425) 7 Mb
--- Starting Equ Objective_scenario: elapsed 0:00:00.748
--- main_for_lr4.gms(409) 7 Mb
--- Starting Equ Const1_scenario: elapsed 0:00:00.748
--- main_for_lr4.gms(414) 7 Mb
--- Starting Equ Const_chance_1_scenario: elapsed 0:00:00.748
--- main_for_lr4.gms(484) 7 Mb
--- LOOPS rs = scen18
---   48 rows  97 columns  213 non-zeroes
--- Executing GUROBI (Solvelink=5): elapsed 0:00:00.751

Gurobi           32.2.0 rc62c018 Released Aug 26, 2020 WEI x86 64bit/MS Window

GAMS/Gurobi demo/community requires a Gurobi license from Gurobi Optimization.
*** Cannot initialize Gurobi environment.
*** Could be a missing or invalid license. (status=10009|10009)
--- Reading solution for model schedule_scenario
--- Executing after solve: elapsed 0:00:00.761
--- main_for_lr4.gms(481) 7 Mb
--- Generating MIP model schedule_scenario
--- main_for_lr4.gms(425) 7 Mb
--- Starting Equ Objective_scenario: elapsed 0:00:00.761
--- main_for_lr4.gms(409) 7 Mb
--- Starting Equ Const1_scenario: elapsed 0:00:00.762
--- main_for_lr4.gms(414) 7 Mb
--- Starting Equ Const_chance_1_scenario: elapsed 0:00:00.762
--- main_for_lr4.gms(484) 7 Mb
--- LOOPS rs = scen19
---   48 rows  97 columns  213 non-zeroes
--- Executing GUROBI (Solvelink=5): elapsed 0:00:00.765

Gurobi           32.2.0 rc62c018 Released Aug 26, 2020 WEI x86 64bit/MS Window

GAMS/Gurobi demo/community requires a Gurobi license from Gurobi Optimization.
*** Cannot initialize Gurobi environment.
*** Could be a missing or invalid license. (status=10009|10009)
--- Reading solution for model schedule_scenario
--- Executing after solve: elapsed 0:00:00.775
--- main_for_lr4.gms(481) 7 Mb
--- Generating MIP model schedule_scenario
--- main_for_lr4.gms(425) 7 Mb
--- Starting Equ Objective_scenario: elapsed 0:00:00.775
--- main_for_lr4.gms(409) 7 Mb
--- Starting Equ Const1_scenario: elapsed 0:00:00.775
--- main_for_lr4.gms(414) 7 Mb
--- Starting Equ Const_chance_1_scenario: elapsed 0:00:00.776
--- main_for_lr4.gms(484) 7 Mb
--- LOOPS rs = scen20
---   48 rows  97 columns  213 non-zeroes
--- Executing GUROBI (Solvelink=5): elapsed 0:00:00.778

Gurobi           32.2.0 rc62c018 Released Aug 26, 2020 WEI x86 64bit/MS Window

GAMS/Gurobi demo/community requires a Gurobi license from Gurobi Optimization.
*** Cannot initialize Gurobi environment.
*** Could be a missing or invalid license. (status=10009|10009)
--- Reading solution for model schedule_scenario
--- Executing after solve: elapsed 0:00:00.787
--- main_for_lr4.gms(481) 7 Mb
--- Generating MIP model schedule_scenario
--- main_for_lr4.gms(425) 7 Mb
--- Starting Equ Objective_scenario: elapsed 0:00:00.787
--- main_for_lr4.gms(409) 7 Mb
--- Starting Equ Const1_scenario: elapsed 0:00:00.787
--- main_for_lr4.gms(414) 7 Mb
--- Starting Equ Const_chance_1_scenario: elapsed 0:00:00.788
--- main_for_lr4.gms(484) 7 Mb
--- LOOPS rs = scen21
---   48 rows  97 columns  213 non-zeroes
--- Executing GUROBI (Solvelink=5): elapsed 0:00:00.791

Gurobi           32.2.0 rc62c018 Released Aug 26, 2020 WEI x86 64bit/MS Window

GAMS/Gurobi demo/community requires a Gurobi license from Gurobi Optimization.
*** Cannot initialize Gurobi environment.
*** Could be a missing or invalid license. (status=10009|10009)
--- Reading solution for model schedule_scenario
--- Executing after solve: elapsed 0:00:00.801
--- main_for_lr4.gms(481) 7 Mb
--- Generating MIP model schedule_scenario
--- main_for_lr4.gms(425) 7 Mb
--- Starting Equ Objective_scenario: elapsed 0:00:00.801
--- main_for_lr4.gms(409) 7 Mb
--- Starting Equ Const1_scenario: elapsed 0:00:00.801
--- main_for_lr4.gms(414) 7 Mb
--- Starting Equ Const_chance_1_scenario: elapsed 0:00:00.802
--- main_for_lr4.gms(484) 7 Mb
--- LOOPS rs = scen22
---   48 rows  97 columns  213 non-zeroes
--- Executing GUROBI (Solvelink=5): elapsed 0:00:00.805

Gurobi           32.2.0 rc62c018 Released Aug 26, 2020 WEI x86 64bit/MS Window

GAMS/Gurobi demo/community requires a Gurobi license from Gurobi Optimization.
*** Cannot initialize Gurobi environment.
*** Could be a missing or invalid license. (status=10009|10009)
--- Reading solution for model schedule_scenario
--- Executing after solve: elapsed 0:00:00.814
--- main_for_lr4.gms(481) 7 Mb
--- Generating MIP model schedule_scenario
--- main_for_lr4.gms(425) 7 Mb
--- Starting Equ Objective_scenario: elapsed 0:00:00.814
--- main_for_lr4.gms(409) 7 Mb
--- Starting Equ Const1_scenario: elapsed 0:00:00.814
--- main_for_lr4.gms(414) 7 Mb
--- Starting Equ Const_chance_1_scenario: elapsed 0:00:00.815
--- main_for_lr4.gms(484) 7 Mb
--- LOOPS rs = scen23
---   48 rows  97 columns  213 non-zeroes
--- Executing GUROBI (Solvelink=5): elapsed 0:00:00.819

Gurobi           32.2.0 rc62c018 Released Aug 26, 2020 WEI x86 64bit/MS Window

GAMS/Gurobi demo/community requires a Gurobi license from Gurobi Optimization.
*** Cannot initialize Gurobi environment.
*** Could be a missing or invalid license. (status=10009|10009)
--- Reading solution for model schedule_scenario
--- Executing after solve: elapsed 0:00:00.828
--- main_for_lr4.gms(481) 7 Mb
--- Generating MIP model schedule_scenario
--- main_for_lr4.gms(425) 7 Mb
--- Starting Equ Objective_scenario: elapsed 0:00:00.828
--- main_for_lr4.gms(409) 7 Mb
--- Starting Equ Const1_scenario: elapsed 0:00:00.829
--- main_for_lr4.gms(414) 7 Mb
--- Starting Equ Const_chance_1_scenario: elapsed 0:00:00.829
--- main_for_lr4.gms(484) 7 Mb
--- LOOPS rs = scen24
---   48 rows  97 columns  213 non-zeroes
--- Executing GUROBI (Solvelink=5): elapsed 0:00:00.832

Gurobi           32.2.0 rc62c018 Released Aug 26, 2020 WEI x86 64bit/MS Window

GAMS/Gurobi demo/community requires a Gurobi license from Gurobi Optimization.
*** Cannot initialize Gurobi environment.
*** Could be a missing or invalid license. (status=10009|10009)
--- Reading solution for model schedule_scenario
--- Executing after solve: elapsed 0:00:00.842
--- main_for_lr4.gms(481) 7 Mb
--- Generating MIP model schedule_scenario
--- main_for_lr4.gms(425) 7 Mb
--- Starting Equ Objective_scenario: elapsed 0:00:00.842
--- main_for_lr4.gms(409) 7 Mb
--- Starting Equ Const1_scenario: elapsed 0:00:00.842
--- main_for_lr4.gms(414) 7 Mb
--- Starting Equ Const_chance_1_scenario: elapsed 0:00:00.843
--- main_for_lr4.gms(484) 7 Mb
--- LOOPS rs = scen25
---   48 rows  97 columns  213 non-zeroes
--- Executing GUROBI (Solvelink=5): elapsed 0:00:00.846

Gurobi           32.2.0 rc62c018 Released Aug 26, 2020 WEI x86 64bit/MS Window

GAMS/Gurobi demo/community requires a Gurobi license from Gurobi Optimization.
*** Cannot initialize Gurobi environment.
*** Could be a missing or invalid license. (status=10009|10009)
--- Reading solution for model schedule_scenario
--- Executing after solve: elapsed 0:00:00.856
--- main_for_lr4.gms(481) 7 Mb
--- Generating MIP model schedule_scenario
--- main_for_lr4.gms(425) 7 Mb
--- Starting Equ Objective_scenario: elapsed 0:00:00.856
--- main_for_lr4.gms(409) 7 Mb
--- Starting Equ Const1_scenario: elapsed 0:00:00.857
--- main_for_lr4.gms(414) 7 Mb
--- Starting Equ Const_chance_1_scenario: elapsed 0:00:00.857
--- main_for_lr4.gms(484) 7 Mb
--- LOOPS rs = scen26
---   48 rows  97 columns  213 non-zeroes
--- Executing GUROBI (Solvelink=5): elapsed 0:00:00.861

Gurobi           32.2.0 rc62c018 Released Aug 26, 2020 WEI x86 64bit/MS Window

GAMS/Gurobi demo/community requires a Gurobi license from Gurobi Optimization.
*** Cannot initialize Gurobi environment.
*** Could be a missing or invalid license. (status=10009|10009)
--- Reading solution for model schedule_scenario
--- Executing after solve: elapsed 0:00:00.871
--- main_for_lr4.gms(481) 7 Mb
--- Generating MIP model schedule_scenario
--- main_for_lr4.gms(425) 7 Mb
--- Starting Equ Objective_scenario: elapsed 0:00:00.871
--- main_for_lr4.gms(409) 7 Mb
--- Starting Equ Const1_scenario: elapsed 0:00:00.871
--- main_for_lr4.gms(414) 7 Mb
--- Starting Equ Const_chance_1_scenario: elapsed 0:00:00.872
--- main_for_lr4.gms(484) 7 Mb
--- LOOPS rs = scen27
---   48 rows  97 columns  213 non-zeroes
--- Executing GUROBI (Solvelink=5): elapsed 0:00:00.874

Gurobi           32.2.0 rc62c018 Released Aug 26, 2020 WEI x86 64bit/MS Window

GAMS/Gurobi demo/community requires a Gurobi license from Gurobi Optimization.
*** Cannot initialize Gurobi environment.
*** Could be a missing or invalid license. (status=10009|10009)
--- Reading solution for model schedule_scenario
--- Executing after solve: elapsed 0:00:00.885
--- main_for_lr4.gms(481) 7 Mb
--- Generating MIP model schedule_scenario
--- main_for_lr4.gms(425) 7 Mb
--- Starting Equ Objective_scenario: elapsed 0:00:00.885
--- main_for_lr4.gms(409) 7 Mb
--- Starting Equ Const1_scenario: elapsed 0:00:00.885
--- main_for_lr4.gms(414) 7 Mb
--- Starting Equ Const_chance_1_scenario: elapsed 0:00:00.886
--- main_for_lr4.gms(484) 7 Mb
--- LOOPS rs = scen28
---   48 rows  97 columns  213 non-zeroes
--- Executing GUROBI (Solvelink=5): elapsed 0:00:00.889

Gurobi           32.2.0 rc62c018 Released Aug 26, 2020 WEI x86 64bit/MS Window

GAMS/Gurobi demo/community requires a Gurobi license from Gurobi Optimization.
*** Cannot initialize Gurobi environment.
*** Could be a missing or invalid license. (status=10009|10009)
--- Reading solution for model schedule_scenario
--- Executing after solve: elapsed 0:00:00.898
--- main_for_lr4.gms(481) 7 Mb
--- Generating MIP model schedule_scenario
--- main_for_lr4.gms(425) 7 Mb
--- Starting Equ Objective_scenario: elapsed 0:00:00.898
--- main_for_lr4.gms(409) 7 Mb
--- Starting Equ Const1_scenario: elapsed 0:00:00.898
--- main_for_lr4.gms(414) 7 Mb
--- Starting Equ Const_chance_1_scenario: elapsed 0:00:00.899
--- main_for_lr4.gms(484) 7 Mb
--- LOOPS rs = scen29
---   48 rows  97 columns  213 non-zeroes
--- Executing GUROBI (Solvelink=5): elapsed 0:00:00.902

Gurobi           32.2.0 rc62c018 Released Aug 26, 2020 WEI x86 64bit/MS Window

GAMS/Gurobi demo/community requires a Gurobi license from Gurobi Optimization.
*** Cannot initialize Gurobi environment.
*** Could be a missing or invalid license. (status=10009|10009)
--- Reading solution for model schedule_scenario
--- Executing after solve: elapsed 0:00:00.911
--- main_for_lr4.gms(481) 7 Mb
--- Generating MIP model schedule_scenario
--- main_for_lr4.gms(425) 7 Mb
--- Starting Equ Objective_scenario: elapsed 0:00:00.911
--- main_for_lr4.gms(409) 7 Mb
--- Starting Equ Const1_scenario: elapsed 0:00:00.912
--- main_for_lr4.gms(414) 7 Mb
--- Starting Equ Const_chance_1_scenario: elapsed 0:00:00.912
--- main_for_lr4.gms(484) 7 Mb
--- LOOPS rs = scen30
---   48 rows  97 columns  213 non-zeroes
--- Executing GUROBI (Solvelink=5): elapsed 0:00:00.915

Gurobi           32.2.0 rc62c018 Released Aug 26, 2020 WEI x86 64bit/MS Window

GAMS/Gurobi demo/community requires a Gurobi license from Gurobi Optimization.
*** Cannot initialize Gurobi environment.
*** Could be a missing or invalid license. (status=10009|10009)
--- Reading solution for model schedule_scenario
--- Executing after solve: elapsed 0:00:00.926
--- main_for_lr4.gms(481) 7 Mb
--- Generating MIP model schedule_scenario
--- main_for_lr4.gms(425) 7 Mb
--- Starting Equ Objective_scenario: elapsed 0:00:00.926
--- main_for_lr4.gms(409) 7 Mb
--- Starting Equ Const1_scenario: elapsed 0:00:00.926
--- main_for_lr4.gms(414) 7 Mb
--- Starting Equ Const_chance_1_scenario: elapsed 0:00:00.927
--- main_for_lr4.gms(484) 7 Mb
--- LOOPS rs = scen31
---   48 rows  97 columns  213 non-zeroes
--- Executing GUROBI (Solvelink=5): elapsed 0:00:00.930

Gurobi           32.2.0 rc62c018 Released Aug 26, 2020 WEI x86 64bit/MS Window

GAMS/Gurobi demo/community requires a Gurobi license from Gurobi Optimization.
*** Cannot initialize Gurobi environment.
*** Could be a missing or invalid license. (status=10009|10009)
--- Reading solution for model schedule_scenario
--- Executing after solve: elapsed 0:00:00.940
--- main_for_lr4.gms(481) 7 Mb
--- Generating MIP model schedule_scenario
--- main_for_lr4.gms(425) 7 Mb
--- Starting Equ Objective_scenario: elapsed 0:00:00.940
--- main_for_lr4.gms(409) 7 Mb
--- Starting Equ Const1_scenario: elapsed 0:00:00.940
--- main_for_lr4.gms(414) 7 Mb
--- Starting Equ Const_chance_1_scenario: elapsed 0:00:00.941
--- main_for_lr4.gms(484) 7 Mb
--- LOOPS rs = scen32
---   48 rows  97 columns  213 non-zeroes
--- Executing GUROBI (Solvelink=5): elapsed 0:00:00.944

Gurobi           32.2.0 rc62c018 Released Aug 26, 2020 WEI x86 64bit/MS Window

GAMS/Gurobi demo/community requires a Gurobi license from Gurobi Optimization.
*** Cannot initialize Gurobi environment.
*** Could be a missing or invalid license. (status=10009|10009)
--- Reading solution for model schedule_scenario
--- Executing after solve: elapsed 0:00:00.953
--- main_for_lr4.gms(481) 7 Mb
--- Generating MIP model schedule_scenario
--- main_for_lr4.gms(425) 7 Mb
--- Starting Equ Objective_scenario: elapsed 0:00:00.953
--- main_for_lr4.gms(409) 7 Mb
--- Starting Equ Const1_scenario: elapsed 0:00:00.953
--- main_for_lr4.gms(414) 7 Mb
--- Starting Equ Const_chance_1_scenario: elapsed 0:00:00.954
--- main_for_lr4.gms(484) 7 Mb
--- LOOPS rs = scen33
---   48 rows  97 columns  213 non-zeroes
--- Executing GUROBI (Solvelink=5): elapsed 0:00:00.957

Gurobi           32.2.0 rc62c018 Released Aug 26, 2020 WEI x86 64bit/MS Window

GAMS/Gurobi demo/community requires a Gurobi license from Gurobi Optimization.
*** Cannot initialize Gurobi environment.
*** Could be a missing or invalid license. (status=10009|10009)
--- Reading solution for model schedule_scenario
--- Executing after solve: elapsed 0:00:00.966
--- main_for_lr4.gms(481) 7 Mb
--- Generating MIP model schedule_scenario
--- main_for_lr4.gms(425) 7 Mb
--- Starting Equ Objective_scenario: elapsed 0:00:00.966
--- main_for_lr4.gms(409) 7 Mb
--- Starting Equ Const1_scenario: elapsed 0:00:00.966
--- main_for_lr4.gms(414) 7 Mb
--- Starting Equ Const_chance_1_scenario: elapsed 0:00:00.967
--- main_for_lr4.gms(484) 7 Mb
--- LOOPS rs = scen34
---   48 rows  97 columns  213 non-zeroes
--- Executing GUROBI (Solvelink=5): elapsed 0:00:00.970

Gurobi           32.2.0 rc62c018 Released Aug 26, 2020 WEI x86 64bit/MS Window

GAMS/Gurobi demo/community requires a Gurobi license from Gurobi Optimization.
*** Cannot initialize Gurobi environment.
*** Could be a missing or invalid license. (status=10009|10009)
--- Reading solution for model schedule_scenario
--- Executing after solve: elapsed 0:00:00.979
--- main_for_lr4.gms(481) 7 Mb
--- Generating MIP model schedule_scenario
--- main_for_lr4.gms(425) 7 Mb
--- Starting Equ Objective_scenario: elapsed 0:00:00.979
--- main_for_lr4.gms(409) 7 Mb
--- Starting Equ Const1_scenario: elapsed 0:00:00.980
--- main_for_lr4.gms(414) 7 Mb
--- Starting Equ Const_chance_1_scenario: elapsed 0:00:00.980
--- main_for_lr4.gms(484) 7 Mb
--- LOOPS rs = scen35
---   48 rows  97 columns  213 non-zeroes
--- Executing GUROBI (Solvelink=5): elapsed 0:00:00.983

Gurobi           32.2.0 rc62c018 Released Aug 26, 2020 WEI x86 64bit/MS Window

GAMS/Gurobi demo/community requires a Gurobi license from Gurobi Optimization.
*** Cannot initialize Gurobi environment.
*** Could be a missing or invalid license. (status=10009|10009)
--- Reading solution for model schedule_scenario
--- Executing after solve: elapsed 0:00:00.992
--- main_for_lr4.gms(481) 7 Mb
--- Generating MIP model schedule_scenario
--- main_for_lr4.gms(425) 7 Mb
--- Starting Equ Objective_scenario: elapsed 0:00:00.992
--- main_for_lr4.gms(409) 7 Mb
--- Starting Equ Const1_scenario: elapsed 0:00:00.993
--- main_for_lr4.gms(414) 7 Mb
--- Starting Equ Const_chance_1_scenario: elapsed 0:00:00.994
--- main_for_lr4.gms(484) 7 Mb
--- LOOPS rs = scen36
---   48 rows  97 columns  213 non-zeroes
--- Executing GUROBI (Solvelink=5): elapsed 0:00:00.997

Gurobi           32.2.0 rc62c018 Released Aug 26, 2020 WEI x86 64bit/MS Window

GAMS/Gurobi demo/community requires a Gurobi license from Gurobi Optimization.
*** Cannot initialize Gurobi environment.
*** Could be a missing or invalid license. (status=10009|10009)
--- Reading solution for model schedule_scenario
--- Executing after solve: elapsed 0:00:01.006
--- main_for_lr4.gms(481) 7 Mb
--- Generating MIP model schedule_scenario
--- main_for_lr4.gms(425) 7 Mb
--- Starting Equ Objective_scenario: elapsed 0:00:01.006
--- main_for_lr4.gms(409) 7 Mb
--- Starting Equ Const1_scenario: elapsed 0:00:01.007
--- main_for_lr4.gms(414) 7 Mb
--- Starting Equ Const_chance_1_scenario: elapsed 0:00:01.007
--- main_for_lr4.gms(484) 7 Mb
--- LOOPS rs = scen37
---   48 rows  97 columns  213 non-zeroes
--- Executing GUROBI (Solvelink=5): elapsed 0:00:01.011

Gurobi           32.2.0 rc62c018 Released Aug 26, 2020 WEI x86 64bit/MS Window

GAMS/Gurobi demo/community requires a Gurobi license from Gurobi Optimization.
*** Cannot initialize Gurobi environment.
*** Could be a missing or invalid license. (status=10009|10009)
--- Reading solution for model schedule_scenario
--- Executing after solve: elapsed 0:00:01.021
--- main_for_lr4.gms(481) 7 Mb
--- Generating MIP model schedule_scenario
--- main_for_lr4.gms(425) 7 Mb
--- Starting Equ Objective_scenario: elapsed 0:00:01.021
--- main_for_lr4.gms(409) 7 Mb
--- Starting Equ Const1_scenario: elapsed 0:00:01.021
--- main_for_lr4.gms(414) 7 Mb
--- Starting Equ Const_chance_1_scenario: elapsed 0:00:01.022
--- main_for_lr4.gms(484) 7 Mb
--- LOOPS rs = scen38
---   48 rows  97 columns  213 non-zeroes
--- Executing GUROBI (Solvelink=5): elapsed 0:00:01.025

Gurobi           32.2.0 rc62c018 Released Aug 26, 2020 WEI x86 64bit/MS Window

GAMS/Gurobi demo/community requires a Gurobi license from Gurobi Optimization.
*** Cannot initialize Gurobi environment.
*** Could be a missing or invalid license. (status=10009|10009)
--- Reading solution for model schedule_scenario
--- Executing after solve: elapsed 0:00:01.034
--- main_for_lr4.gms(481) 7 Mb
--- Generating MIP model schedule_scenario
--- main_for_lr4.gms(425) 7 Mb
--- Starting Equ Objective_scenario: elapsed 0:00:01.034
--- main_for_lr4.gms(409) 7 Mb
--- Starting Equ Const1_scenario: elapsed 0:00:01.035
--- main_for_lr4.gms(414) 7 Mb
--- Starting Equ Const_chance_1_scenario: elapsed 0:00:01.035
--- main_for_lr4.gms(484) 7 Mb
--- LOOPS rs = scen39
---   48 rows  97 columns  213 non-zeroes
--- Executing GUROBI (Solvelink=5): elapsed 0:00:01.038

Gurobi           32.2.0 rc62c018 Released Aug 26, 2020 WEI x86 64bit/MS Window

GAMS/Gurobi demo/community requires a Gurobi license from Gurobi Optimization.
*** Cannot initialize Gurobi environment.
*** Could be a missing or invalid license. (status=10009|10009)
--- Reading solution for model schedule_scenario
--- Executing after solve: elapsed 0:00:01.047
--- main_for_lr4.gms(481) 7 Mb
--- Generating MIP model schedule_scenario
--- main_for_lr4.gms(425) 7 Mb
--- Starting Equ Objective_scenario: elapsed 0:00:01.048
--- main_for_lr4.gms(409) 7 Mb
--- Starting Equ Const1_scenario: elapsed 0:00:01.048
--- main_for_lr4.gms(414) 7 Mb
--- Starting Equ Const_chance_1_scenario: elapsed 0:00:01.049
--- main_for_lr4.gms(484) 7 Mb
--- LOOPS rs = scen40
---   48 rows  97 columns  213 non-zeroes
--- Executing GUROBI (Solvelink=5): elapsed 0:00:01.052

Gurobi           32.2.0 rc62c018 Released Aug 26, 2020 WEI x86 64bit/MS Window

GAMS/Gurobi demo/community requires a Gurobi license from Gurobi Optimization.
*** Cannot initialize Gurobi environment.
*** Could be a missing or invalid license. (status=10009|10009)
--- Reading solution for model schedule_scenario
--- Executing after solve: elapsed 0:00:01.062
--- main_for_lr4.gms(481) 7 Mb
--- Generating MIP model schedule_scenario
--- main_for_lr4.gms(425) 7 Mb
--- Starting Equ Objective_scenario: elapsed 0:00:01.062
--- main_for_lr4.gms(409) 7 Mb
--- Starting Equ Const1_scenario: elapsed 0:00:01.062
--- main_for_lr4.gms(414) 7 Mb
--- Starting Equ Const_chance_1_scenario: elapsed 0:00:01.063
--- main_for_lr4.gms(484) 7 Mb
--- LOOPS rs = scen41
---   48 rows  97 columns  213 non-zeroes
--- Executing GUROBI (Solvelink=5): elapsed 0:00:01.066

Gurobi           32.2.0 rc62c018 Released Aug 26, 2020 WEI x86 64bit/MS Window

GAMS/Gurobi demo/community requires a Gurobi license from Gurobi Optimization.
*** Cannot initialize Gurobi environment.
*** Could be a missing or invalid license. (status=10009|10009)
--- Reading solution for model schedule_scenario
--- Executing after solve: elapsed 0:00:01.076
--- main_for_lr4.gms(481) 7 Mb
--- Generating MIP model schedule_scenario
--- main_for_lr4.gms(425) 7 Mb
--- Starting Equ Objective_scenario: elapsed 0:00:01.076
--- main_for_lr4.gms(409) 7 Mb
--- Starting Equ Const1_scenario: elapsed 0:00:01.076
--- main_for_lr4.gms(414) 7 Mb
--- Starting Equ Const_chance_1_scenario: elapsed 0:00:01.077
--- main_for_lr4.gms(484) 7 Mb
--- LOOPS rs = scen42
---   48 rows  97 columns  213 non-zeroes
--- Executing GUROBI (Solvelink=5): elapsed 0:00:01.080

Gurobi           32.2.0 rc62c018 Released Aug 26, 2020 WEI x86 64bit/MS Window

GAMS/Gurobi demo/community requires a Gurobi license from Gurobi Optimization.
*** Cannot initialize Gurobi environment.
*** Could be a missing or invalid license. (status=10009|10009)
--- Reading solution for model schedule_scenario
--- Executing after solve: elapsed 0:00:01.089
--- main_for_lr4.gms(481) 7 Mb
--- Generating MIP model schedule_scenario
--- main_for_lr4.gms(425) 7 Mb
--- Starting Equ Objective_scenario: elapsed 0:00:01.089
--- main_for_lr4.gms(409) 7 Mb
--- Starting Equ Const1_scenario: elapsed 0:00:01.090
--- main_for_lr4.gms(414) 7 Mb
--- Starting Equ Const_chance_1_scenario: elapsed 0:00:01.090
--- main_for_lr4.gms(484) 7 Mb
--- LOOPS rs = scen43
---   48 rows  97 columns  213 non-zeroes
--- Executing GUROBI (Solvelink=5): elapsed 0:00:01.093

Gurobi           32.2.0 rc62c018 Released Aug 26, 2020 WEI x86 64bit/MS Window

GAMS/Gurobi demo/community requires a Gurobi license from Gurobi Optimization.
*** Cannot initialize Gurobi environment.
*** Could be a missing or invalid license. (status=10009|10009)
--- Reading solution for model schedule_scenario
--- Executing after solve: elapsed 0:00:01.102
--- main_for_lr4.gms(481) 7 Mb
--- Generating MIP model schedule_scenario
--- main_for_lr4.gms(425) 7 Mb
--- Starting Equ Objective_scenario: elapsed 0:00:01.103
--- main_for_lr4.gms(409) 7 Mb
--- Starting Equ Const1_scenario: elapsed 0:00:01.103
--- main_for_lr4.gms(414) 7 Mb
--- Starting Equ Const_chance_1_scenario: elapsed 0:00:01.103
--- main_for_lr4.gms(484) 7 Mb
--- LOOPS rs = scen44
---   48 rows  97 columns  213 non-zeroes
--- Executing GUROBI (Solvelink=5): elapsed 0:00:01.106

Gurobi           32.2.0 rc62c018 Released Aug 26, 2020 WEI x86 64bit/MS Window

GAMS/Gurobi demo/community requires a Gurobi license from Gurobi Optimization.
*** Cannot initialize Gurobi environment.
*** Could be a missing or invalid license. (status=10009|10009)
--- Reading solution for model schedule_scenario
--- Executing after solve: elapsed 0:00:01.116
--- main_for_lr4.gms(481) 7 Mb
--- Generating MIP model schedule_scenario
--- main_for_lr4.gms(425) 7 Mb
--- Starting Equ Objective_scenario: elapsed 0:00:01.116
--- main_for_lr4.gms(409) 7 Mb
--- Starting Equ Const1_scenario: elapsed 0:00:01.116
--- main_for_lr4.gms(414) 7 Mb
--- Starting Equ Const_chance_1_scenario: elapsed 0:00:01.117
--- main_for_lr4.gms(484) 7 Mb
--- LOOPS rs = scen45
---   48 rows  97 columns  213 non-zeroes
--- Executing GUROBI (Solvelink=5): elapsed 0:00:01.120

Gurobi           32.2.0 rc62c018 Released Aug 26, 2020 WEI x86 64bit/MS Window

GAMS/Gurobi demo/community requires a Gurobi license from Gurobi Optimization.
*** Cannot initialize Gurobi environment.
*** Could be a missing or invalid license. (status=10009|10009)
--- Reading solution for model schedule_scenario
--- Executing after solve: elapsed 0:00:01.130
--- main_for_lr4.gms(481) 7 Mb
--- Generating MIP model schedule_scenario
--- main_for_lr4.gms(425) 7 Mb
--- Starting Equ Objective_scenario: elapsed 0:00:01.130
--- main_for_lr4.gms(409) 7 Mb
--- Starting Equ Const1_scenario: elapsed 0:00:01.131
--- main_for_lr4.gms(414) 7 Mb
--- Starting Equ Const_chance_1_scenario: elapsed 0:00:01.131
--- main_for_lr4.gms(484) 7 Mb
--- LOOPS rs = scen46
---   48 rows  97 columns  213 non-zeroes
--- Executing GUROBI (Solvelink=5): elapsed 0:00:01.135

Gurobi           32.2.0 rc62c018 Released Aug 26, 2020 WEI x86 64bit/MS Window

GAMS/Gurobi demo/community requires a Gurobi license from Gurobi Optimization.
*** Cannot initialize Gurobi environment.
*** Could be a missing or invalid license. (status=10009|10009)
--- Reading solution for model schedule_scenario
--- Executing after solve: elapsed 0:00:01.147
--- main_for_lr4.gms(481) 7 Mb
--- Generating MIP model schedule_scenario
--- main_for_lr4.gms(425) 7 Mb
--- Starting Equ Objective_scenario: elapsed 0:00:01.148
--- main_for_lr4.gms(409) 7 Mb
--- Starting Equ Const1_scenario: elapsed 0:00:01.148
--- main_for_lr4.gms(414) 7 Mb
--- Starting Equ Const_chance_1_scenario: elapsed 0:00:01.149
--- main_for_lr4.gms(484) 7 Mb
--- LOOPS rs = scen47
---   48 rows  97 columns  213 non-zeroes
--- Executing GUROBI (Solvelink=5): elapsed 0:00:01.152

Gurobi           32.2.0 rc62c018 Released Aug 26, 2020 WEI x86 64bit/MS Window

GAMS/Gurobi demo/community requires a Gurobi license from Gurobi Optimization.
*** Cannot initialize Gurobi environment.
*** Could be a missing or invalid license. (status=10009|10009)
--- Reading solution for model schedule_scenario
--- Executing after solve: elapsed 0:00:01.164
--- main_for_lr4.gms(481) 7 Mb
--- Generating MIP model schedule_scenario
--- main_for_lr4.gms(425) 7 Mb
--- Starting Equ Objective_scenario: elapsed 0:00:01.164
--- main_for_lr4.gms(409) 7 Mb
--- Starting Equ Const1_scenario: elapsed 0:00:01.165
--- main_for_lr4.gms(414) 7 Mb
--- Starting Equ Const_chance_1_scenario: elapsed 0:00:01.165
--- main_for_lr4.gms(484) 7 Mb
--- LOOPS rs = scen48
---   48 rows  97 columns  213 non-zeroes
--- Executing GUROBI (Solvelink=5): elapsed 0:00:01.169

Gurobi           32.2.0 rc62c018 Released Aug 26, 2020 WEI x86 64bit/MS Window

GAMS/Gurobi demo/community requires a Gurobi license from Gurobi Optimization.
*** Cannot initialize Gurobi environment.
*** Could be a missing or invalid license. (status=10009|10009)
--- Reading solution for model schedule_scenario
--- Executing after solve: elapsed 0:00:01.179
--- main_for_lr4.gms(481) 7 Mb
--- Generating MIP model schedule_scenario
--- main_for_lr4.gms(425) 7 Mb
--- Starting Equ Objective_scenario: elapsed 0:00:01.180
--- main_for_lr4.gms(409) 7 Mb
--- Starting Equ Const1_scenario: elapsed 0:00:01.180
--- main_for_lr4.gms(414) 7 Mb
--- Starting Equ Const_chance_1_scenario: elapsed 0:00:01.181
--- main_for_lr4.gms(484) 7 Mb
--- LOOPS rs = scen49
---   48 rows  97 columns  213 non-zeroes
--- Executing GUROBI (Solvelink=5): elapsed 0:00:01.184

Gurobi           32.2.0 rc62c018 Released Aug 26, 2020 WEI x86 64bit/MS Window

GAMS/Gurobi demo/community requires a Gurobi license from Gurobi Optimization.
*** Cannot initialize Gurobi environment.
*** Could be a missing or invalid license. (status=10009|10009)
--- Reading solution for model schedule_scenario
--- Executing after solve: elapsed 0:00:01.194
--- main_for_lr4.gms(481) 7 Mb
--- Generating MIP model schedule_scenario
--- main_for_lr4.gms(425) 7 Mb
--- Starting Equ Objective_scenario: elapsed 0:00:01.195
--- main_for_lr4.gms(409) 7 Mb
--- Starting Equ Const1_scenario: elapsed 0:00:01.195
--- main_for_lr4.gms(414) 7 Mb
--- Starting Equ Const_chance_1_scenario: elapsed 0:00:01.196
--- main_for_lr4.gms(484) 7 Mb
--- LOOPS rs = scen50
---   48 rows  97 columns  213 non-zeroes
--- Executing GUROBI (Solvelink=5): elapsed 0:00:01.199

Gurobi           32.2.0 rc62c018 Released Aug 26, 2020 WEI x86 64bit/MS Window

GAMS/Gurobi demo/community requires a Gurobi license from Gurobi Optimization.
*** Cannot initialize Gurobi environment.
*** Could be a missing or invalid license. (status=10009|10009)
--- Reading solution for model schedule_scenario
--- Executing after solve: elapsed 0:00:01.208
--- main_for_lr4.gms(481) 7 Mb
--- Generating MIP model schedule_scenario
--- main_for_lr4.gms(425) 7 Mb
--- Starting Equ Objective_scenario: elapsed 0:00:01.209
--- main_for_lr4.gms(409) 7 Mb
--- Starting Equ Const1_scenario: elapsed 0:00:01.209
--- main_for_lr4.gms(414) 7 Mb
--- Starting Equ Const_chance_1_scenario: elapsed 0:00:01.209
--- main_for_lr4.gms(484) 7 Mb
--- LOOPS rs = scen51
---   48 rows  97 columns  213 non-zeroes
--- Executing GUROBI (Solvelink=5): elapsed 0:00:01.212

Gurobi           32.2.0 rc62c018 Released Aug 26, 2020 WEI x86 64bit/MS Window

GAMS/Gurobi demo/community requires a Gurobi license from Gurobi Optimization.
*** Cannot initialize Gurobi environment.
*** Could be a missing or invalid license. (status=10009|10009)
--- Reading solution for model schedule_scenario
--- Executing after solve: elapsed 0:00:01.223
--- main_for_lr4.gms(481) 7 Mb
--- Generating MIP model schedule_scenario
--- main_for_lr4.gms(425) 7 Mb
--- Starting Equ Objective_scenario: elapsed 0:00:01.223
--- main_for_lr4.gms(409) 7 Mb
--- Starting Equ Const1_scenario: elapsed 0:00:01.223
--- main_for_lr4.gms(414) 7 Mb
--- Starting Equ Const_chance_1_scenario: elapsed 0:00:01.224
--- main_for_lr4.gms(484) 7 Mb
--- LOOPS rs = scen52
---   48 rows  97 columns  213 non-zeroes
--- Executing GUROBI (Solvelink=5): elapsed 0:00:01.227

Gurobi           32.2.0 rc62c018 Released Aug 26, 2020 WEI x86 64bit/MS Window

GAMS/Gurobi demo/community requires a Gurobi license from Gurobi Optimization.
*** Cannot initialize Gurobi environment.
*** Could be a missing or invalid license. (status=10009|10009)
--- Reading solution for model schedule_scenario
--- Executing after solve: elapsed 0:00:01.236
--- main_for_lr4.gms(481) 7 Mb
--- Generating MIP model schedule_scenario
--- main_for_lr4.gms(425) 7 Mb
--- Starting Equ Objective_scenario: elapsed 0:00:01.236
--- main_for_lr4.gms(409) 7 Mb
--- Starting Equ Const1_scenario: elapsed 0:00:01.236
--- main_for_lr4.gms(414) 7 Mb
--- Starting Equ Const_chance_1_scenario: elapsed 0:00:01.237
--- main_for_lr4.gms(484) 7 Mb
--- LOOPS rs = scen53
---   48 rows  97 columns  213 non-zeroes
--- Executing GUROBI (Solvelink=5): elapsed 0:00:01.240

Gurobi           32.2.0 rc62c018 Released Aug 26, 2020 WEI x86 64bit/MS Window

GAMS/Gurobi demo/community requires a Gurobi license from Gurobi Optimization.
*** Cannot initialize Gurobi environment.
*** Could be a missing or invalid license. (status=10009|10009)
--- Reading solution for model schedule_scenario
--- Executing after solve: elapsed 0:00:01.250
--- main_for_lr4.gms(481) 7 Mb
--- Generating MIP model schedule_scenario
--- main_for_lr4.gms(425) 7 Mb
--- Starting Equ Objective_scenario: elapsed 0:00:01.250
--- main_for_lr4.gms(409) 7 Mb
--- Starting Equ Const1_scenario: elapsed 0:00:01.250
--- main_for_lr4.gms(414) 7 Mb
--- Starting Equ Const_chance_1_scenario: elapsed 0:00:01.251
--- main_for_lr4.gms(484) 7 Mb
--- LOOPS rs = scen54
---   48 rows  97 columns  213 non-zeroes
--- Executing GUROBI (Solvelink=5): elapsed 0:00:01.255

Gurobi           32.2.0 rc62c018 Released Aug 26, 2020 WEI x86 64bit/MS Window

GAMS/Gurobi demo/community requires a Gurobi license from Gurobi Optimization.
*** Cannot initialize Gurobi environment.
*** Could be a missing or invalid license. (status=10009|10009)
--- Reading solution for model schedule_scenario
--- Executing after solve: elapsed 0:00:01.266
--- main_for_lr4.gms(481) 7 Mb
--- Generating MIP model schedule_scenario
--- main_for_lr4.gms(425) 7 Mb
--- Starting Equ Objective_scenario: elapsed 0:00:01.266
--- main_for_lr4.gms(409) 7 Mb
--- Starting Equ Const1_scenario: elapsed 0:00:01.266
--- main_for_lr4.gms(414) 7 Mb
--- Starting Equ Const_chance_1_scenario: elapsed 0:00:01.267
--- main_for_lr4.gms(484) 7 Mb
--- LOOPS rs = scen55
---   48 rows  97 columns  213 non-zeroes
--- Executing GUROBI (Solvelink=5): elapsed 0:00:01.270

Gurobi           32.2.0 rc62c018 Released Aug 26, 2020 WEI x86 64bit/MS Window

GAMS/Gurobi demo/community requires a Gurobi license from Gurobi Optimization.
*** Cannot initialize Gurobi environment.
*** Could be a missing or invalid license. (status=10009|10009)
--- Reading solution for model schedule_scenario
--- Executing after solve: elapsed 0:00:01.282
--- main_for_lr4.gms(481) 7 Mb
--- Generating MIP model schedule_scenario
--- main_for_lr4.gms(425) 7 Mb
--- Starting Equ Objective_scenario: elapsed 0:00:01.282
--- main_for_lr4.gms(409) 7 Mb
--- Starting Equ Const1_scenario: elapsed 0:00:01.282
--- main_for_lr4.gms(414) 7 Mb
--- Starting Equ Const_chance_1_scenario: elapsed 0:00:01.283
--- main_for_lr4.gms(484) 7 Mb
--- LOOPS rs = scen56
---   48 rows  97 columns  213 non-zeroes
--- Executing GUROBI (Solvelink=5): elapsed 0:00:01.286

Gurobi           32.2.0 rc62c018 Released Aug 26, 2020 WEI x86 64bit/MS Window

GAMS/Gurobi demo/community requires a Gurobi license from Gurobi Optimization.
*** Cannot initialize Gurobi environment.
*** Could be a missing or invalid license. (status=10009|10009)
--- Reading solution for model schedule_scenario
--- Executing after solve: elapsed 0:00:01.295
--- main_for_lr4.gms(481) 7 Mb
--- Generating MIP model schedule_scenario
--- main_for_lr4.gms(425) 7 Mb
--- Starting Equ Objective_scenario: elapsed 0:00:01.295
--- main_for_lr4.gms(409) 7 Mb
--- Starting Equ Const1_scenario: elapsed 0:00:01.295
--- main_for_lr4.gms(414) 7 Mb
--- Starting Equ Const_chance_1_scenario: elapsed 0:00:01.296
--- main_for_lr4.gms(484) 7 Mb
--- LOOPS rs = scen57
---   48 rows  97 columns  213 non-zeroes
--- Executing GUROBI (Solvelink=5): elapsed 0:00:01.300

Gurobi           32.2.0 rc62c018 Released Aug 26, 2020 WEI x86 64bit/MS Window

GAMS/Gurobi demo/community requires a Gurobi license from Gurobi Optimization.
*** Cannot initialize Gurobi environment.
*** Could be a missing or invalid license. (status=10009|10009)
--- Reading solution for model schedule_scenario
--- Executing after solve: elapsed 0:00:01.312
--- main_for_lr4.gms(481) 7 Mb
--- Generating MIP model schedule_scenario
--- main_for_lr4.gms(425) 7 Mb
--- Starting Equ Objective_scenario: elapsed 0:00:01.312
--- main_for_lr4.gms(409) 7 Mb
--- Starting Equ Const1_scenario: elapsed 0:00:01.312
--- main_for_lr4.gms(414) 7 Mb
--- Starting Equ Const_chance_1_scenario: elapsed 0:00:01.312
--- main_for_lr4.gms(484) 7 Mb
--- LOOPS rs = scen58
---   48 rows  97 columns  213 non-zeroes
--- Executing GUROBI (Solvelink=5): elapsed 0:00:01.316

Gurobi           32.2.0 rc62c018 Released Aug 26, 2020 WEI x86 64bit/MS Window

GAMS/Gurobi demo/community requires a Gurobi license from Gurobi Optimization.
*** Cannot initialize Gurobi environment.
*** Could be a missing or invalid license. (status=10009|10009)
--- Reading solution for model schedule_scenario
--- Executing after solve: elapsed 0:00:01.327
--- main_for_lr4.gms(481) 7 Mb
--- Generating MIP model schedule_scenario
--- main_for_lr4.gms(425) 7 Mb
--- Starting Equ Objective_scenario: elapsed 0:00:01.327
--- main_for_lr4.gms(409) 7 Mb
--- Starting Equ Const1_scenario: elapsed 0:00:01.327
--- main_for_lr4.gms(414) 7 Mb
--- Starting Equ Const_chance_1_scenario: elapsed 0:00:01.328
--- main_for_lr4.gms(484) 7 Mb
--- LOOPS rs = scen59
---   48 rows  97 columns  213 non-zeroes
--- Executing GUROBI (Solvelink=5): elapsed 0:00:01.331

Gurobi           32.2.0 rc62c018 Released Aug 26, 2020 WEI x86 64bit/MS Window

GAMS/Gurobi demo/community requires a Gurobi license from Gurobi Optimization.
*** Cannot initialize Gurobi environment.
*** Could be a missing or invalid license. (status=10009|10009)
--- Reading solution for model schedule_scenario
--- Executing after solve: elapsed 0:00:01.341
--- main_for_lr4.gms(481) 7 Mb
--- Generating MIP model schedule_scenario
--- main_for_lr4.gms(425) 7 Mb
--- Starting Equ Objective_scenario: elapsed 0:00:01.341
--- main_for_lr4.gms(409) 7 Mb
--- Starting Equ Const1_scenario: elapsed 0:00:01.341
--- main_for_lr4.gms(414) 7 Mb
--- Starting Equ Const_chance_1_scenario: elapsed 0:00:01.342
--- main_for_lr4.gms(484) 7 Mb
--- LOOPS rs = scen60
---   48 rows  97 columns  213 non-zeroes
--- Executing GUROBI (Solvelink=5): elapsed 0:00:01.345

Gurobi           32.2.0 rc62c018 Released Aug 26, 2020 WEI x86 64bit/MS Window

GAMS/Gurobi demo/community requires a Gurobi license from Gurobi Optimization.
*** Cannot initialize Gurobi environment.
*** Could be a missing or invalid license. (status=10009|10009)
--- Reading solution for model schedule_scenario
--- Executing after solve: elapsed 0:00:01.354
--- main_for_lr4.gms(481) 7 Mb
--- Generating MIP model schedule_scenario
--- main_for_lr4.gms(425) 7 Mb
--- Starting Equ Objective_scenario: elapsed 0:00:01.354
--- main_for_lr4.gms(409) 7 Mb
--- Starting Equ Const1_scenario: elapsed 0:00:01.354
--- main_for_lr4.gms(414) 7 Mb
--- Starting Equ Const_chance_1_scenario: elapsed 0:00:01.355
--- main_for_lr4.gms(484) 7 Mb
--- LOOPS rs = scen61
---   48 rows  97 columns  213 non-zeroes
--- Executing GUROBI (Solvelink=5): elapsed 0:00:01.359

Gurobi           32.2.0 rc62c018 Released Aug 26, 2020 WEI x86 64bit/MS Window

GAMS/Gurobi demo/community requires a Gurobi license from Gurobi Optimization.
*** Cannot initialize Gurobi environment.
*** Could be a missing or invalid license. (status=10009|10009)
--- Reading solution for model schedule_scenario
--- Executing after solve: elapsed 0:00:01.368
--- main_for_lr4.gms(481) 7 Mb
--- Generating MIP model schedule_scenario
--- main_for_lr4.gms(425) 7 Mb
--- Starting Equ Objective_scenario: elapsed 0:00:01.368
--- main_for_lr4.gms(409) 7 Mb
--- Starting Equ Const1_scenario: elapsed 0:00:01.368
--- main_for_lr4.gms(414) 7 Mb
--- Starting Equ Const_chance_1_scenario: elapsed 0:00:01.369
--- main_for_lr4.gms(484) 7 Mb
--- LOOPS rs = scen62
---   48 rows  97 columns  213 non-zeroes
--- Executing GUROBI (Solvelink=5): elapsed 0:00:01.373

Gurobi           32.2.0 rc62c018 Released Aug 26, 2020 WEI x86 64bit/MS Window

GAMS/Gurobi demo/community requires a Gurobi license from Gurobi Optimization.
*** Cannot initialize Gurobi environment.
*** Could be a missing or invalid license. (status=10009|10009)
--- Reading solution for model schedule_scenario
--- Executing after solve: elapsed 0:00:01.382
--- main_for_lr4.gms(481) 7 Mb
--- Generating MIP model schedule_scenario
--- main_for_lr4.gms(425) 7 Mb
--- Starting Equ Objective_scenario: elapsed 0:00:01.382
--- main_for_lr4.gms(409) 7 Mb
--- Starting Equ Const1_scenario: elapsed 0:00:01.383
--- main_for_lr4.gms(414) 7 Mb
--- Starting Equ Const_chance_1_scenario: elapsed 0:00:01.383
--- main_for_lr4.gms(484) 7 Mb
--- LOOPS rs = scen63
---   48 rows  97 columns  213 non-zeroes
--- Executing GUROBI (Solvelink=5): elapsed 0:00:01.387

Gurobi           32.2.0 rc62c018 Released Aug 26, 2020 WEI x86 64bit/MS Window

GAMS/Gurobi demo/community requires a Gurobi license from Gurobi Optimization.
*** Cannot initialize Gurobi environment.
*** Could be a missing or invalid license. (status=10009|10009)
--- Reading solution for model schedule_scenario
--- Executing after solve: elapsed 0:00:01.397
--- main_for_lr4.gms(481) 7 Mb
--- Generating MIP model schedule_scenario
--- main_for_lr4.gms(425) 7 Mb
--- Starting Equ Objective_scenario: elapsed 0:00:01.397
--- main_for_lr4.gms(409) 7 Mb
--- Starting Equ Const1_scenario: elapsed 0:00:01.398
--- main_for_lr4.gms(414) 7 Mb
--- Starting Equ Const_chance_1_scenario: elapsed 0:00:01.398
--- main_for_lr4.gms(484) 7 Mb
--- LOOPS rs = scen64
---   48 rows  97 columns  213 non-zeroes
--- Executing GUROBI (Solvelink=5): elapsed 0:00:01.402

Gurobi           32.2.0 rc62c018 Released Aug 26, 2020 WEI x86 64bit/MS Window

GAMS/Gurobi demo/community requires a Gurobi license from Gurobi Optimization.
*** Cannot initialize Gurobi environment.
*** Could be a missing or invalid license. (status=10009|10009)
--- Reading solution for model schedule_scenario
--- Executing after solve: elapsed 0:00:01.411
--- main_for_lr4.gms(481) 7 Mb
--- Generating MIP model schedule_scenario
--- main_for_lr4.gms(425) 7 Mb
--- Starting Equ Objective_scenario: elapsed 0:00:01.412
--- main_for_lr4.gms(409) 7 Mb
--- Starting Equ Const1_scenario: elapsed 0:00:01.412
--- main_for_lr4.gms(414) 7 Mb
--- Starting Equ Const_chance_1_scenario: elapsed 0:00:01.412
--- main_for_lr4.gms(484) 7 Mb
--- LOOPS rs = scen65
---   48 rows  97 columns  213 non-zeroes
--- Executing GUROBI (Solvelink=5): elapsed 0:00:01.415

Gurobi           32.2.0 rc62c018 Released Aug 26, 2020 WEI x86 64bit/MS Window

GAMS/Gurobi demo/community requires a Gurobi license from Gurobi Optimization.
*** Cannot initialize Gurobi environment.
*** Could be a missing or invalid license. (status=10009|10009)
--- Reading solution for model schedule_scenario
--- Executing after solve: elapsed 0:00:01.425
--- main_for_lr4.gms(481) 7 Mb
--- Generating MIP model schedule_scenario
--- main_for_lr4.gms(425) 7 Mb
--- Starting Equ Objective_scenario: elapsed 0:00:01.425
--- main_for_lr4.gms(409) 7 Mb
--- Starting Equ Const1_scenario: elapsed 0:00:01.426
--- main_for_lr4.gms(414) 7 Mb
--- Starting Equ Const_chance_1_scenario: elapsed 0:00:01.426
--- main_for_lr4.gms(484) 7 Mb
--- LOOPS rs = scen66
---   48 rows  97 columns  213 non-zeroes
--- Executing GUROBI (Solvelink=5): elapsed 0:00:01.429

Gurobi           32.2.0 rc62c018 Released Aug 26, 2020 WEI x86 64bit/MS Window

GAMS/Gurobi demo/community requires a Gurobi license from Gurobi Optimization.
*** Cannot initialize Gurobi environment.
*** Could be a missing or invalid license. (status=10009|10009)
--- Reading solution for model schedule_scenario
--- Executing after solve: elapsed 0:00:01.439
--- main_for_lr4.gms(481) 7 Mb
--- Generating MIP model schedule_scenario
--- main_for_lr4.gms(425) 7 Mb
--- Starting Equ Objective_scenario: elapsed 0:00:01.439
--- main_for_lr4.gms(409) 7 Mb
--- Starting Equ Const1_scenario: elapsed 0:00:01.440
--- main_for_lr4.gms(414) 7 Mb
--- Starting Equ Const_chance_1_scenario: elapsed 0:00:01.440
--- main_for_lr4.gms(484) 7 Mb
--- LOOPS rs = scen67
---   48 rows  97 columns  213 non-zeroes
--- Executing GUROBI (Solvelink=5): elapsed 0:00:01.444

Gurobi           32.2.0 rc62c018 Released Aug 26, 2020 WEI x86 64bit/MS Window

GAMS/Gurobi demo/community requires a Gurobi license from Gurobi Optimization.
*** Cannot initialize Gurobi environment.
*** Could be a missing or invalid license. (status=10009|10009)
--- Reading solution for model schedule_scenario
--- Executing after solve: elapsed 0:00:01.453
--- main_for_lr4.gms(481) 7 Mb
--- Generating MIP model schedule_scenario
--- main_for_lr4.gms(425) 7 Mb
--- Starting Equ Objective_scenario: elapsed 0:00:01.454
--- main_for_lr4.gms(409) 7 Mb
--- Starting Equ Const1_scenario: elapsed 0:00:01.454
--- main_for_lr4.gms(414) 7 Mb
--- Starting Equ Const_chance_1_scenario: elapsed 0:00:01.455
--- main_for_lr4.gms(484) 7 Mb
--- LOOPS rs = scen68
---   48 rows  97 columns  213 non-zeroes
--- Executing GUROBI (Solvelink=5): elapsed 0:00:01.458

Gurobi           32.2.0 rc62c018 Released Aug 26, 2020 WEI x86 64bit/MS Window

GAMS/Gurobi demo/community requires a Gurobi license from Gurobi Optimization.
*** Cannot initialize Gurobi environment.
*** Could be a missing or invalid license. (status=10009|10009)
--- Reading solution for model schedule_scenario
--- Executing after solve: elapsed 0:00:01.471
--- main_for_lr4.gms(481) 7 Mb
--- Generating MIP model schedule_scenario
--- main_for_lr4.gms(425) 7 Mb
--- Starting Equ Objective_scenario: elapsed 0:00:01.471
--- main_for_lr4.gms(409) 7 Mb
--- Starting Equ Const1_scenario: elapsed 0:00:01.471
--- main_for_lr4.gms(414) 7 Mb
--- Starting Equ Const_chance_1_scenario: elapsed 0:00:01.472
--- main_for_lr4.gms(484) 7 Mb
--- LOOPS rs = scen69
---   48 rows  97 columns  213 non-zeroes
--- Executing GUROBI (Solvelink=5): elapsed 0:00:01.476

Gurobi           32.2.0 rc62c018 Released Aug 26, 2020 WEI x86 64bit/MS Window

GAMS/Gurobi demo/community requires a Gurobi license from Gurobi Optimization.
*** Cannot initialize Gurobi environment.
*** Could be a missing or invalid license. (status=10009|10009)
--- Reading solution for model schedule_scenario
--- Executing after solve: elapsed 0:00:01.486
--- main_for_lr4.gms(481) 7 Mb
--- Generating MIP model schedule_scenario
--- main_for_lr4.gms(425) 7 Mb
--- Starting Equ Objective_scenario: elapsed 0:00:01.486
--- main_for_lr4.gms(409) 7 Mb
--- Starting Equ Const1_scenario: elapsed 0:00:01.486
--- main_for_lr4.gms(414) 7 Mb
--- Starting Equ Const_chance_1_scenario: elapsed 0:00:01.487
--- main_for_lr4.gms(484) 7 Mb
--- LOOPS rs = scen70
---   48 rows  97 columns  213 non-zeroes
--- Executing GUROBI (Solvelink=5): elapsed 0:00:01.491

Gurobi           32.2.0 rc62c018 Released Aug 26, 2020 WEI x86 64bit/MS Window

GAMS/Gurobi demo/community requires a Gurobi license from Gurobi Optimization.
*** Cannot initialize Gurobi environment.
*** Could be a missing or invalid license. (status=10009|10009)
--- Reading solution for model schedule_scenario
--- Executing after solve: elapsed 0:00:01.501
--- main_for_lr4.gms(481) 7 Mb
--- Generating MIP model schedule_scenario
--- main_for_lr4.gms(425) 7 Mb
--- Starting Equ Objective_scenario: elapsed 0:00:01.501
--- main_for_lr4.gms(409) 7 Mb
--- Starting Equ Const1_scenario: elapsed 0:00:01.501
--- main_for_lr4.gms(414) 7 Mb
--- Starting Equ Const_chance_1_scenario: elapsed 0:00:01.502
--- main_for_lr4.gms(484) 7 Mb
--- LOOPS rs = scen71
---   48 rows  97 columns  213 non-zeroes
--- Executing GUROBI (Solvelink=5): elapsed 0:00:01.506

Gurobi           32.2.0 rc62c018 Released Aug 26, 2020 WEI x86 64bit/MS Window

GAMS/Gurobi demo/community requires a Gurobi license from Gurobi Optimization.
*** Cannot initialize Gurobi environment.
*** Could be a missing or invalid license. (status=10009|10009)
--- Reading solution for model schedule_scenario
--- Executing after solve: elapsed 0:00:01.516
--- main_for_lr4.gms(481) 7 Mb
--- Generating MIP model schedule_scenario
--- main_for_lr4.gms(425) 7 Mb
--- Starting Equ Objective_scenario: elapsed 0:00:01.516
--- main_for_lr4.gms(409) 7 Mb
--- Starting Equ Const1_scenario: elapsed 0:00:01.517
--- main_for_lr4.gms(414) 7 Mb
--- Starting Equ Const_chance_1_scenario: elapsed 0:00:01.517
--- main_for_lr4.gms(484) 7 Mb
--- LOOPS rs = scen72
---   48 rows  97 columns  213 non-zeroes
--- Executing GUROBI (Solvelink=5): elapsed 0:00:01.520

Gurobi           32.2.0 rc62c018 Released Aug 26, 2020 WEI x86 64bit/MS Window

GAMS/Gurobi demo/community requires a Gurobi license from Gurobi Optimization.
*** Cannot initialize Gurobi environment.
*** Could be a missing or invalid license. (status=10009|10009)
--- Reading solution for model schedule_scenario
--- Executing after solve: elapsed 0:00:01.530
--- main_for_lr4.gms(481) 7 Mb
--- Generating MIP model schedule_scenario
--- main_for_lr4.gms(425) 7 Mb
--- Starting Equ Objective_scenario: elapsed 0:00:01.530
--- main_for_lr4.gms(409) 7 Mb
--- Starting Equ Const1_scenario: elapsed 0:00:01.530
--- main_for_lr4.gms(414) 7 Mb
--- Starting Equ Const_chance_1_scenario: elapsed 0:00:01.531
--- main_for_lr4.gms(484) 7 Mb
--- LOOPS rs = scen73
---   48 rows  97 columns  213 non-zeroes
--- Executing GUROBI (Solvelink=5): elapsed 0:00:01.534

Gurobi           32.2.0 rc62c018 Released Aug 26, 2020 WEI x86 64bit/MS Window

GAMS/Gurobi demo/community requires a Gurobi license from Gurobi Optimization.
*** Cannot initialize Gurobi environment.
*** Could be a missing or invalid license. (status=10009|10009)
--- Reading solution for model schedule_scenario
--- Executing after solve: elapsed 0:00:01.545
--- main_for_lr4.gms(481) 7 Mb
--- Generating MIP model schedule_scenario
--- main_for_lr4.gms(425) 7 Mb
--- Starting Equ Objective_scenario: elapsed 0:00:01.545
--- main_for_lr4.gms(409) 7 Mb
--- Starting Equ Const1_scenario: elapsed 0:00:01.545
--- main_for_lr4.gms(414) 7 Mb
--- Starting Equ Const_chance_1_scenario: elapsed 0:00:01.546
--- main_for_lr4.gms(484) 7 Mb
--- LOOPS rs = scen74
---   48 rows  97 columns  213 non-zeroes
--- Executing GUROBI (Solvelink=5): elapsed 0:00:01.549

Gurobi           32.2.0 rc62c018 Released Aug 26, 2020 WEI x86 64bit/MS Window

GAMS/Gurobi demo/community requires a Gurobi license from Gurobi Optimization.
*** Cannot initialize Gurobi environment.
*** Could be a missing or invalid license. (status=10009|10009)
--- Reading solution for model schedule_scenario
--- Executing after solve: elapsed 0:00:01.559
--- main_for_lr4.gms(481) 7 Mb
--- Generating MIP model schedule_scenario
--- main_for_lr4.gms(425) 7 Mb
--- Starting Equ Objective_scenario: elapsed 0:00:01.559
--- main_for_lr4.gms(409) 7 Mb
--- Starting Equ Const1_scenario: elapsed 0:00:01.560
--- main_for_lr4.gms(414) 7 Mb
--- Starting Equ Const_chance_1_scenario: elapsed 0:00:01.561
--- main_for_lr4.gms(484) 7 Mb
--- LOOPS rs = scen75
---   48 rows  97 columns  213 non-zeroes
--- Executing GUROBI (Solvelink=5): elapsed 0:00:01.564

Gurobi           32.2.0 rc62c018 Released Aug 26, 2020 WEI x86 64bit/MS Window

GAMS/Gurobi demo/community requires a Gurobi license from Gurobi Optimization.
*** Cannot initialize Gurobi environment.
*** Could be a missing or invalid license. (status=10009|10009)
--- Reading solution for model schedule_scenario
--- Executing after solve: elapsed 0:00:01.575
--- main_for_lr4.gms(481) 7 Mb
--- Generating MIP model schedule_scenario
--- main_for_lr4.gms(425) 7 Mb
--- Starting Equ Objective_scenario: elapsed 0:00:01.575
--- main_for_lr4.gms(409) 7 Mb
--- Starting Equ Const1_scenario: elapsed 0:00:01.575
--- main_for_lr4.gms(414) 7 Mb
--- Starting Equ Const_chance_1_scenario: elapsed 0:00:01.576
--- main_for_lr4.gms(484) 7 Mb
--- LOOPS rs = scen76
---   48 rows  97 columns  213 non-zeroes
--- Executing GUROBI (Solvelink=5): elapsed 0:00:01.579

Gurobi           32.2.0 rc62c018 Released Aug 26, 2020 WEI x86 64bit/MS Window

GAMS/Gurobi demo/community requires a Gurobi license from Gurobi Optimization.
*** Cannot initialize Gurobi environment.
*** Could be a missing or invalid license. (status=10009|10009)
--- Reading solution for model schedule_scenario
--- Executing after solve: elapsed 0:00:01.589
--- main_for_lr4.gms(481) 7 Mb
--- Generating MIP model schedule_scenario
--- main_for_lr4.gms(425) 7 Mb
--- Starting Equ Objective_scenario: elapsed 0:00:01.589
--- main_for_lr4.gms(409) 7 Mb
--- Starting Equ Const1_scenario: elapsed 0:00:01.590
--- main_for_lr4.gms(414) 7 Mb
--- Starting Equ Const_chance_1_scenario: elapsed 0:00:01.590
--- main_for_lr4.gms(484) 7 Mb
--- LOOPS rs = scen77
---   48 rows  97 columns  213 non-zeroes
--- Executing GUROBI (Solvelink=5): elapsed 0:00:01.593

Gurobi           32.2.0 rc62c018 Released Aug 26, 2020 WEI x86 64bit/MS Window

GAMS/Gurobi demo/community requires a Gurobi license from Gurobi Optimization.
*** Cannot initialize Gurobi environment.
*** Could be a missing or invalid license. (status=10009|10009)
--- Reading solution for model schedule_scenario
--- Executing after solve: elapsed 0:00:01.604
--- main_for_lr4.gms(481) 7 Mb
--- Generating MIP model schedule_scenario
--- main_for_lr4.gms(425) 7 Mb
--- Starting Equ Objective_scenario: elapsed 0:00:01.604
--- main_for_lr4.gms(409) 7 Mb
--- Starting Equ Const1_scenario: elapsed 0:00:01.604
--- main_for_lr4.gms(414) 7 Mb
--- Starting Equ Const_chance_1_scenario: elapsed 0:00:01.605
--- main_for_lr4.gms(484) 7 Mb
--- LOOPS rs = scen78
---   48 rows  97 columns  213 non-zeroes
--- Executing GUROBI (Solvelink=5): elapsed 0:00:01.608

Gurobi           32.2.0 rc62c018 Released Aug 26, 2020 WEI x86 64bit/MS Window

GAMS/Gurobi demo/community requires a Gurobi license from Gurobi Optimization.
*** Cannot initialize Gurobi environment.
*** Could be a missing or invalid license. (status=10009|10009)
--- Reading solution for model schedule_scenario
--- Executing after solve: elapsed 0:00:01.618
--- main_for_lr4.gms(481) 7 Mb
--- Generating MIP model schedule_scenario
--- main_for_lr4.gms(425) 7 Mb
--- Starting Equ Objective_scenario: elapsed 0:00:01.618
--- main_for_lr4.gms(409) 7 Mb
--- Starting Equ Const1_scenario: elapsed 0:00:01.618
--- main_for_lr4.gms(414) 7 Mb
--- Starting Equ Const_chance_1_scenario: elapsed 0:00:01.618
--- main_for_lr4.gms(484) 7 Mb
--- LOOPS rs = scen79
---   48 rows  97 columns  213 non-zeroes
--- Executing GUROBI (Solvelink=5): elapsed 0:00:01.622

Gurobi           32.2.0 rc62c018 Released Aug 26, 2020 WEI x86 64bit/MS Window

GAMS/Gurobi demo/community requires a Gurobi license from Gurobi Optimization.
*** Cannot initialize Gurobi environment.
*** Could be a missing or invalid license. (status=10009|10009)
--- Reading solution for model schedule_scenario
--- Executing after solve: elapsed 0:00:01.632
--- main_for_lr4.gms(481) 7 Mb
--- Generating MIP model schedule_scenario
--- main_for_lr4.gms(425) 7 Mb
--- Starting Equ Objective_scenario: elapsed 0:00:01.632
--- main_for_lr4.gms(409) 7 Mb
--- Starting Equ Const1_scenario: elapsed 0:00:01.633
--- main_for_lr4.gms(414) 7 Mb
--- Starting Equ Const_chance_1_scenario: elapsed 0:00:01.633
--- main_for_lr4.gms(484) 7 Mb
--- LOOPS rs = scen80
---   48 rows  97 columns  213 non-zeroes
--- Executing GUROBI (Solvelink=5): elapsed 0:00:01.637

Gurobi           32.2.0 rc62c018 Released Aug 26, 2020 WEI x86 64bit/MS Window

GAMS/Gurobi demo/community requires a Gurobi license from Gurobi Optimization.
*** Cannot initialize Gurobi environment.
*** Could be a missing or invalid license. (status=10009|10009)
--- Reading solution for model schedule_scenario
--- Executing after solve: elapsed 0:00:01.646
--- main_for_lr4.gms(481) 7 Mb
--- Generating MIP model schedule_scenario
--- main_for_lr4.gms(425) 7 Mb
--- Starting Equ Objective_scenario: elapsed 0:00:01.646
--- main_for_lr4.gms(409) 7 Mb
--- Starting Equ Const1_scenario: elapsed 0:00:01.647
--- main_for_lr4.gms(414) 7 Mb
--- Starting Equ Const_chance_1_scenario: elapsed 0:00:01.647
--- main_for_lr4.gms(484) 7 Mb
--- LOOPS rs = scen81
---   48 rows  97 columns  213 non-zeroes
--- Executing GUROBI (Solvelink=5): elapsed 0:00:01.650

Gurobi           32.2.0 rc62c018 Released Aug 26, 2020 WEI x86 64bit/MS Window

GAMS/Gurobi demo/community requires a Gurobi license from Gurobi Optimization.
*** Cannot initialize Gurobi environment.
*** Could be a missing or invalid license. (status=10009|10009)
--- Reading solution for model schedule_scenario
--- Executing after solve: elapsed 0:00:01.659
--- main_for_lr4.gms(481) 7 Mb
--- Generating MIP model schedule_scenario
--- main_for_lr4.gms(425) 7 Mb
--- Starting Equ Objective_scenario: elapsed 0:00:01.659
--- main_for_lr4.gms(409) 7 Mb
--- Starting Equ Const1_scenario: elapsed 0:00:01.660
--- main_for_lr4.gms(414) 7 Mb
--- Starting Equ Const_chance_1_scenario: elapsed 0:00:01.661
--- main_for_lr4.gms(484) 7 Mb
--- LOOPS rs = scen82
---   48 rows  97 columns  213 non-zeroes
--- Executing GUROBI (Solvelink=5): elapsed 0:00:01.664

Gurobi           32.2.0 rc62c018 Released Aug 26, 2020 WEI x86 64bit/MS Window

GAMS/Gurobi demo/community requires a Gurobi license from Gurobi Optimization.
*** Cannot initialize Gurobi environment.
*** Could be a missing or invalid license. (status=10009|10009)
--- Reading solution for model schedule_scenario
--- Executing after solve: elapsed 0:00:01.675
--- main_for_lr4.gms(481) 7 Mb
--- Generating MIP model schedule_scenario
--- main_for_lr4.gms(425) 7 Mb
--- Starting Equ Objective_scenario: elapsed 0:00:01.675
--- main_for_lr4.gms(409) 7 Mb
--- Starting Equ Const1_scenario: elapsed 0:00:01.675
--- main_for_lr4.gms(414) 7 Mb
--- Starting Equ Const_chance_1_scenario: elapsed 0:00:01.676
--- main_for_lr4.gms(484) 7 Mb
--- LOOPS rs = scen83
---   48 rows  97 columns  213 non-zeroes
--- Executing GUROBI (Solvelink=5): elapsed 0:00:01.679

Gurobi           32.2.0 rc62c018 Released Aug 26, 2020 WEI x86 64bit/MS Window

GAMS/Gurobi demo/community requires a Gurobi license from Gurobi Optimization.
*** Cannot initialize Gurobi environment.
*** Could be a missing or invalid license. (status=10009|10009)
--- Reading solution for model schedule_scenario
--- Executing after solve: elapsed 0:00:01.689
--- main_for_lr4.gms(481) 7 Mb
--- Generating MIP model schedule_scenario
--- main_for_lr4.gms(425) 7 Mb
--- Starting Equ Objective_scenario: elapsed 0:00:01.689
--- main_for_lr4.gms(409) 7 Mb
--- Starting Equ Const1_scenario: elapsed 0:00:01.690
--- main_for_lr4.gms(414) 7 Mb
--- Starting Equ Const_chance_1_scenario: elapsed 0:00:01.691
--- main_for_lr4.gms(484) 7 Mb
--- LOOPS rs = scen84
---   48 rows  97 columns  213 non-zeroes
--- Executing GUROBI (Solvelink=5): elapsed 0:00:01.694

Gurobi           32.2.0 rc62c018 Released Aug 26, 2020 WEI x86 64bit/MS Window

GAMS/Gurobi demo/community requires a Gurobi license from Gurobi Optimization.
*** Cannot initialize Gurobi environment.
*** Could be a missing or invalid license. (status=10009|10009)
--- Reading solution for model schedule_scenario
--- Executing after solve: elapsed 0:00:01.704
--- main_for_lr4.gms(481) 7 Mb
--- Generating MIP model schedule_scenario
--- main_for_lr4.gms(425) 7 Mb
--- Starting Equ Objective_scenario: elapsed 0:00:01.704
--- main_for_lr4.gms(409) 7 Mb
--- Starting Equ Const1_scenario: elapsed 0:00:01.705
--- main_for_lr4.gms(414) 7 Mb
--- Starting Equ Const_chance_1_scenario: elapsed 0:00:01.705
--- main_for_lr4.gms(484) 7 Mb
--- LOOPS rs = scen85
---   48 rows  97 columns  213 non-zeroes
--- Executing GUROBI (Solvelink=5): elapsed 0:00:01.708

Gurobi           32.2.0 rc62c018 Released Aug 26, 2020 WEI x86 64bit/MS Window

GAMS/Gurobi demo/community requires a Gurobi license from Gurobi Optimization.
*** Cannot initialize Gurobi environment.
*** Could be a missing or invalid license. (status=10009|10009)
--- Reading solution for model schedule_scenario
--- Executing after solve: elapsed 0:00:01.718
--- main_for_lr4.gms(481) 7 Mb
--- Generating MIP model schedule_scenario
--- main_for_lr4.gms(425) 7 Mb
--- Starting Equ Objective_scenario: elapsed 0:00:01.718
--- main_for_lr4.gms(409) 7 Mb
--- Starting Equ Const1_scenario: elapsed 0:00:01.719
--- main_for_lr4.gms(414) 7 Mb
--- Starting Equ Const_chance_1_scenario: elapsed 0:00:01.719
--- main_for_lr4.gms(484) 7 Mb
--- LOOPS rs = scen86
---   48 rows  97 columns  213 non-zeroes
--- Executing GUROBI (Solvelink=5): elapsed 0:00:01.723

Gurobi           32.2.0 rc62c018 Released Aug 26, 2020 WEI x86 64bit/MS Window

GAMS/Gurobi demo/community requires a Gurobi license from Gurobi Optimization.
*** Cannot initialize Gurobi environment.
*** Could be a missing or invalid license. (status=10009|10009)
--- Reading solution for model schedule_scenario
--- Executing after solve: elapsed 0:00:01.732
--- main_for_lr4.gms(481) 7 Mb
--- Generating MIP model schedule_scenario
--- main_for_lr4.gms(425) 7 Mb
--- Starting Equ Objective_scenario: elapsed 0:00:01.732
--- main_for_lr4.gms(409) 7 Mb
--- Starting Equ Const1_scenario: elapsed 0:00:01.732
--- main_for_lr4.gms(414) 7 Mb
--- Starting Equ Const_chance_1_scenario: elapsed 0:00:01.733
--- main_for_lr4.gms(484) 7 Mb
--- LOOPS rs = scen87
---   48 rows  97 columns  213 non-zeroes
--- Executing GUROBI (Solvelink=5): elapsed 0:00:01.736

Gurobi           32.2.0 rc62c018 Released Aug 26, 2020 WEI x86 64bit/MS Window

GAMS/Gurobi demo/community requires a Gurobi license from Gurobi Optimization.
*** Cannot initialize Gurobi environment.
*** Could be a missing or invalid license. (status=10009|10009)
--- Reading solution for model schedule_scenario
--- Executing after solve: elapsed 0:00:01.745
--- main_for_lr4.gms(481) 7 Mb
--- Generating MIP model schedule_scenario
--- main_for_lr4.gms(425) 7 Mb
--- Starting Equ Objective_scenario: elapsed 0:00:01.746
--- main_for_lr4.gms(409) 7 Mb
--- Starting Equ Const1_scenario: elapsed 0:00:01.746
--- main_for_lr4.gms(414) 7 Mb
--- Starting Equ Const_chance_1_scenario: elapsed 0:00:01.747
--- main_for_lr4.gms(484) 7 Mb
--- LOOPS rs = scen88
---   48 rows  97 columns  213 non-zeroes
--- Executing GUROBI (Solvelink=5): elapsed 0:00:01.750

Gurobi           32.2.0 rc62c018 Released Aug 26, 2020 WEI x86 64bit/MS Window

GAMS/Gurobi demo/community requires a Gurobi license from Gurobi Optimization.
*** Cannot initialize Gurobi environment.
*** Could be a missing or invalid license. (status=10009|10009)
--- Reading solution for model schedule_scenario
--- Executing after solve: elapsed 0:00:01.759
--- main_for_lr4.gms(481) 7 Mb
--- Generating MIP model schedule_scenario
--- main_for_lr4.gms(425) 7 Mb
--- Starting Equ Objective_scenario: elapsed 0:00:01.759
--- main_for_lr4.gms(409) 7 Mb
--- Starting Equ Const1_scenario: elapsed 0:00:01.760
--- main_for_lr4.gms(414) 7 Mb
--- Starting Equ Const_chance_1_scenario: elapsed 0:00:01.761
--- main_for_lr4.gms(484) 7 Mb
--- LOOPS rs = scen89
---   48 rows  97 columns  213 non-zeroes
--- Executing GUROBI (Solvelink=5): elapsed 0:00:01.765

Gurobi           32.2.0 rc62c018 Released Aug 26, 2020 WEI x86 64bit/MS Window

GAMS/Gurobi demo/community requires a Gurobi license from Gurobi Optimization.
*** Cannot initialize Gurobi environment.
*** Could be a missing or invalid license. (status=10009|10009)
--- Reading solution for model schedule_scenario
--- Executing after solve: elapsed 0:00:01.774
--- main_for_lr4.gms(481) 7 Mb
--- Generating MIP model schedule_scenario
--- main_for_lr4.gms(425) 7 Mb
--- Starting Equ Objective_scenario: elapsed 0:00:01.774
--- main_for_lr4.gms(409) 7 Mb
--- Starting Equ Const1_scenario: elapsed 0:00:01.774
--- main_for_lr4.gms(414) 7 Mb
--- Starting Equ Const_chance_1_scenario: elapsed 0:00:01.775
--- main_for_lr4.gms(484) 7 Mb
--- LOOPS rs = scen90
---   48 rows  97 columns  213 non-zeroes
--- Executing GUROBI (Solvelink=5): elapsed 0:00:01.779

Gurobi           32.2.0 rc62c018 Released Aug 26, 2020 WEI x86 64bit/MS Window

GAMS/Gurobi demo/community requires a Gurobi license from Gurobi Optimization.
*** Cannot initialize Gurobi environment.
*** Could be a missing or invalid license. (status=10009|10009)
--- Reading solution for model schedule_scenario
--- Executing after solve: elapsed 0:00:01.789
--- main_for_lr4.gms(481) 7 Mb
--- Generating MIP model schedule_scenario
--- main_for_lr4.gms(425) 7 Mb
--- Starting Equ Objective_scenario: elapsed 0:00:01.789
--- main_for_lr4.gms(409) 7 Mb
--- Starting Equ Const1_scenario: elapsed 0:00:01.789
--- main_for_lr4.gms(414) 7 Mb
--- Starting Equ Const_chance_1_scenario: elapsed 0:00:01.790
--- main_for_lr4.gms(484) 7 Mb
--- LOOPS rs = scen91
---   48 rows  97 columns  213 non-zeroes
--- Executing GUROBI (Solvelink=5): elapsed 0:00:01.793

Gurobi           32.2.0 rc62c018 Released Aug 26, 2020 WEI x86 64bit/MS Window

GAMS/Gurobi demo/community requires a Gurobi license from Gurobi Optimization.
*** Cannot initialize Gurobi environment.
*** Could be a missing or invalid license. (status=10009|10009)
--- Reading solution for model schedule_scenario
--- Executing after solve: elapsed 0:00:01.803
--- main_for_lr4.gms(481) 7 Mb
--- Generating MIP model schedule_scenario
--- main_for_lr4.gms(425) 7 Mb
--- Starting Equ Objective_scenario: elapsed 0:00:01.803
--- main_for_lr4.gms(409) 7 Mb
--- Starting Equ Const1_scenario: elapsed 0:00:01.803
--- main_for_lr4.gms(414) 7 Mb
--- Starting Equ Const_chance_1_scenario: elapsed 0:00:01.804
--- main_for_lr4.gms(484) 7 Mb
--- LOOPS rs = scen92
---   48 rows  97 columns  213 non-zeroes
--- Executing GUROBI (Solvelink=5): elapsed 0:00:01.807

Gurobi           32.2.0 rc62c018 Released Aug 26, 2020 WEI x86 64bit/MS Window

GAMS/Gurobi demo/community requires a Gurobi license from Gurobi Optimization.
*** Cannot initialize Gurobi environment.
*** Could be a missing or invalid license. (status=10009|10009)
--- Reading solution for model schedule_scenario
--- Executing after solve: elapsed 0:00:01.816
--- main_for_lr4.gms(481) 7 Mb
--- Generating MIP model schedule_scenario
--- main_for_lr4.gms(425) 7 Mb
--- Starting Equ Objective_scenario: elapsed 0:00:01.817
--- main_for_lr4.gms(409) 7 Mb
--- Starting Equ Const1_scenario: elapsed 0:00:01.817
--- main_for_lr4.gms(414) 7 Mb
--- Starting Equ Const_chance_1_scenario: elapsed 0:00:01.817
--- main_for_lr4.gms(484) 7 Mb
--- LOOPS rs = scen93
---   48 rows  97 columns  213 non-zeroes
--- Executing GUROBI (Solvelink=5): elapsed 0:00:01.821

Gurobi           32.2.0 rc62c018 Released Aug 26, 2020 WEI x86 64bit/MS Window

GAMS/Gurobi demo/community requires a Gurobi license from Gurobi Optimization.
*** Cannot initialize Gurobi environment.
*** Could be a missing or invalid license. (status=10009|10009)
--- Reading solution for model schedule_scenario
--- Executing after solve: elapsed 0:00:01.830
--- main_for_lr4.gms(481) 7 Mb
--- Generating MIP model schedule_scenario
--- main_for_lr4.gms(425) 7 Mb
--- Starting Equ Objective_scenario: elapsed 0:00:01.830
--- main_for_lr4.gms(409) 7 Mb
--- Starting Equ Const1_scenario: elapsed 0:00:01.831
--- main_for_lr4.gms(414) 7 Mb
--- Starting Equ Const_chance_1_scenario: elapsed 0:00:01.832
--- main_for_lr4.gms(484) 7 Mb
--- LOOPS rs = scen94
---   48 rows  97 columns  213 non-zeroes
--- Executing GUROBI (Solvelink=5): elapsed 0:00:01.835

Gurobi           32.2.0 rc62c018 Released Aug 26, 2020 WEI x86 64bit/MS Window

GAMS/Gurobi demo/community requires a Gurobi license from Gurobi Optimization.
*** Cannot initialize Gurobi environment.
*** Could be a missing or invalid license. (status=10009|10009)
--- Reading solution for model schedule_scenario
--- Executing after solve: elapsed 0:00:01.844
--- main_for_lr4.gms(481) 7 Mb
--- Generating MIP model schedule_scenario
--- main_for_lr4.gms(425) 7 Mb
--- Starting Equ Objective_scenario: elapsed 0:00:01.844
--- main_for_lr4.gms(409) 7 Mb
--- Starting Equ Const1_scenario: elapsed 0:00:01.845
--- main_for_lr4.gms(414) 7 Mb
--- Starting Equ Const_chance_1_scenario: elapsed 0:00:01.845
--- main_for_lr4.gms(484) 7 Mb
--- LOOPS rs = scen95
---   48 rows  97 columns  213 non-zeroes
--- Executing GUROBI (Solvelink=5): elapsed 0:00:01.848

Gurobi           32.2.0 rc62c018 Released Aug 26, 2020 WEI x86 64bit/MS Window

GAMS/Gurobi demo/community requires a Gurobi license from Gurobi Optimization.
*** Cannot initialize Gurobi environment.
*** Could be a missing or invalid license. (status=10009|10009)
--- Reading solution for model schedule_scenario
--- Executing after solve: elapsed 0:00:01.858
--- main_for_lr4.gms(481) 7 Mb
--- Generating MIP model schedule_scenario
--- main_for_lr4.gms(425) 7 Mb
--- Starting Equ Objective_scenario: elapsed 0:00:01.858
--- main_for_lr4.gms(409) 7 Mb
--- Starting Equ Const1_scenario: elapsed 0:00:01.858
--- main_for_lr4.gms(414) 7 Mb
--- Starting Equ Const_chance_1_scenario: elapsed 0:00:01.859
--- main_for_lr4.gms(484) 7 Mb
--- LOOPS rs = scen96
---   48 rows  97 columns  213 non-zeroes
--- Executing GUROBI (Solvelink=5): elapsed 0:00:01.862

Gurobi           32.2.0 rc62c018 Released Aug 26, 2020 WEI x86 64bit/MS Window

GAMS/Gurobi demo/community requires a Gurobi license from Gurobi Optimization.
*** Cannot initialize Gurobi environment.
*** Could be a missing or invalid license. (status=10009|10009)
--- Reading solution for model schedule_scenario
--- Executing after solve: elapsed 0:00:01.872
--- main_for_lr4.gms(481) 7 Mb
--- Generating MIP model schedule_scenario
--- main_for_lr4.gms(425) 7 Mb
--- Starting Equ Objective_scenario: elapsed 0:00:01.872
--- main_for_lr4.gms(409) 7 Mb
--- Starting Equ Const1_scenario: elapsed 0:00:01.872
--- main_for_lr4.gms(414) 7 Mb
--- Starting Equ Const_chance_1_scenario: elapsed 0:00:01.873
--- main_for_lr4.gms(484) 7 Mb
--- LOOPS rs = scen97
---   48 rows  97 columns  213 non-zeroes
--- Executing GUROBI (Solvelink=5): elapsed 0:00:01.876

Gurobi           32.2.0 rc62c018 Released Aug 26, 2020 WEI x86 64bit/MS Window

GAMS/Gurobi demo/community requires a Gurobi license from Gurobi Optimization.
*** Cannot initialize Gurobi environment.
*** Could be a missing or invalid license. (status=10009|10009)
--- Reading solution for model schedule_scenario
--- Executing after solve: elapsed 0:00:01.887
--- main_for_lr4.gms(481) 7 Mb
--- Generating MIP model schedule_scenario
--- main_for_lr4.gms(425) 7 Mb
--- Starting Equ Objective_scenario: elapsed 0:00:01.887
--- main_for_lr4.gms(409) 7 Mb
--- Starting Equ Const1_scenario: elapsed 0:00:01.888
--- main_for_lr4.gms(414) 7 Mb
--- Starting Equ Const_chance_1_scenario: elapsed 0:00:01.888
--- main_for_lr4.gms(484) 7 Mb
--- LOOPS rs = scen98
---   48 rows  97 columns  213 non-zeroes
--- Executing GUROBI (Solvelink=5): elapsed 0:00:01.892

Gurobi           32.2.0 rc62c018 Released Aug 26, 2020 WEI x86 64bit/MS Window

GAMS/Gurobi demo/community requires a Gurobi license from Gurobi Optimization.
*** Cannot initialize Gurobi environment.
*** Could be a missing or invalid license. (status=10009|10009)
--- Reading solution for model schedule_scenario
--- Executing after solve: elapsed 0:00:01.901
--- main_for_lr4.gms(481) 7 Mb
--- Generating MIP model schedule_scenario
--- main_for_lr4.gms(425) 7 Mb
--- Starting Equ Objective_scenario: elapsed 0:00:01.901
--- main_for_lr4.gms(409) 7 Mb
--- Starting Equ Const1_scenario: elapsed 0:00:01.902
--- main_for_lr4.gms(414) 7 Mb
--- Starting Equ Const_chance_1_scenario: elapsed 0:00:01.902
--- main_for_lr4.gms(484) 7 Mb
--- LOOPS rs = scen99
---   48 rows  97 columns  213 non-zeroes
--- Executing GUROBI (Solvelink=5): elapsed 0:00:01.905

Gurobi           32.2.0 rc62c018 Released Aug 26, 2020 WEI x86 64bit/MS Window

GAMS/Gurobi demo/community requires a Gurobi license from Gurobi Optimization.
*** Cannot initialize Gurobi environment.
*** Could be a missing or invalid license. (status=10009|10009)
--- Reading solution for model schedule_scenario
--- Executing after solve: elapsed 0:00:01.915
--- main_for_lr4.gms(481) 7 Mb
--- Generating MIP model schedule_scenario
--- main_for_lr4.gms(425) 7 Mb
--- Starting Equ Objective_scenario: elapsed 0:00:01.915
--- main_for_lr4.gms(409) 7 Mb
--- Starting Equ Const1_scenario: elapsed 0:00:01.915
--- main_for_lr4.gms(414) 7 Mb
--- Starting Equ Const_chance_1_scenario: elapsed 0:00:01.915
--- main_for_lr4.gms(484) 7 Mb
--- LOOPS rs = scen100
---   48 rows  97 columns  213 non-zeroes
--- Executing GUROBI (Solvelink=5): elapsed 0:00:01.918

Gurobi           32.2.0 rc62c018 Released Aug 26, 2020 WEI x86 64bit/MS Window

GAMS/Gurobi demo/community requires a Gurobi license from Gurobi Optimization.
*** Cannot initialize Gurobi environment.
*** Could be a missing or invalid license. (status=10009|10009)
--- Reading solution for model schedule_scenario
--- Executing after solve: elapsed 0:00:01.928
--- main_for_lr4.gms(508) 7 Mb
*** Error at line 508: Execution halted: abort 'sorted file not generated correctly check manually'
--- main_for_lr4.gms(508) 7 Mb 1 Error
--- Putfile scen_sorted C:\Users\charl\OneDrive\Dokumente\A_Uni\HiWi\ArticleSubgradient\Code\SampleRun_Environment_Solar\100Scens\tol03\Scenario_1\scen_sorted.csv
--- Profile Summary (1672 records processed)
     1.422   0.007GB       481 Loop       
     0.235   0.007GB       459 Solve Alg  schedule
     0.062   0.007GB       459 Solve Fini schedule (21325)
     0.031   0.005GB       405 Equation   Objective (1)
     0.016   0.007GB       484 Solve Alg  schedule_scenario
     0.016   0.007GB       484 Solve Fini schedule_scenario (213)
     0.016   0.007GB       484 Solve Fini schedule_scenario (213)
     0.016   0.007GB       484 Solve Alg  schedule_scenario
     0.016   0.007GB       484 Solve Alg  schedule_scenario
     0.016   0.007GB       484 Solve Alg  schedule_scenario
--- main_for_lr4.gms(508) 7 Mb 1 Error
*** Status: Execution error(s)
--- Job main_for_lr4.gms Stop 05/16/22 20:15:28 elapsed 0:00:01.931
