--- Job fixed_problem_hi.gms Start 03/18/22 11:54:41 32.2.0 rc62c018 WEX-WEI x86 64bit/MS Windows
--- Applying:
    C:\GAMS\32\gmsprmNT.txt
--- GAMS Parameters defined
    Input C:\Users\charl\OneDrive\Dokumente\A_Uni\HiWi\projectTSAM\Code\Wind\600Scen\tol01\fixed_problem_hi.gms
    PageSize 0
    ScrDir C:\Users\charl\OneDrive\Dokumente\A_Uni\HiWi\projectTSAM\Code\Wind\600Scen\tol01\225a\
    SysDir C:\GAMS\32\
    LogOption 3
    ErrMsg 1
    ErrorLog 99
    IDE 1
    LstTitleLeftAligned 1
GAMS 32.2.0   Copyright (C) 1987-2020 GAMS Development. All rights reserved
Licensee: Small MUD - 5 User License                     S200323/0001AN-GEN
          Friedrich-Alexander-Universitaet Erlangen-Nurnberg         DC7699
          C:\GAMS\32\gamslice.txt
--- Starting compilation
--- fixed_problem_hi.gms(27) 3 Mb
--- . wind_costs.csv(25) 3 Mb
--- fixed_problem_hi.gms(34) 3 Mb
--- . wind_scenarios.csv(601) 4 Mb
--- fixed_problem_hi.gms(157) 4 Mb
--- . sampled_dynamic_hi.csv(25) 4 Mb
--- fixed_problem_hi.gms(201) 4 Mb
--- Starting execution: elapsed 0:00:00.034
--- fixed_problem_hi.gms(821) 8 Mb
--- Generating MIP model SCHEDULE
--- fixed_problem_hi.gms(737) 8 Mb
--- Starting Equ Objective: elapsed 0:00:00.075
--- fixed_problem_hi.gms(739) 11 Mb
--- Starting Equ Const1_1: elapsed 0:00:00.520
--- fixed_problem_hi.gms(741) 19 Mb
--- Starting Equ Const1_2: elapsed 0:00:00.546
--- fixed_problem_hi.gms(747) 19 Mb
--- Starting Equ Const_3_1: elapsed 0:00:00.548
--- fixed_problem_hi.gms(748) 24 Mb
--- Starting Equ Const_3_2: elapsed 0:00:00.588
--- fixed_problem_hi.gms(752) 28 Mb
--- Starting Equ Const_4_1: elapsed 0:00:00.629
--- fixed_problem_hi.gms(753) 31 Mb
--- Starting Equ Const_4_2: elapsed 0:00:00.729
--- fixed_problem_hi.gms(756) 33 Mb
--- Starting Equ Const_5: elapsed 0:00:00.828
--- fixed_problem_hi.gms(759) 37 Mb
--- Starting Equ Const_6: elapsed 0:00:00.867
--- fixed_problem_hi.gms(824) 42 Mb
--- LOOPS iter = iter1
---   96,002 rows  58,225 columns  441,025 non-zeroes
---   15,000 discrete-columns
--- Executing GUROBI (Solvelink=2): elapsed 0:00:01.074

Gurobi           32.2.0 rc62c018 Released Aug 26, 2020 WEI x86 64bit/MS Window

Gurobi link license.
*** Cannot initialize Gurobi environment.
*** Could be a missing or invalid license. (status=10009|10009)
--- Reading solution for model SCHEDULE
--- Executing after solve: elapsed 0:00:01.318
--- fixed_problem_hi.gms(821) 42 Mb
--- Generating MIP model SCHEDULE
--- fixed_problem_hi.gms(737) 42 Mb
--- Starting Equ Objective: elapsed 0:00:01.318
--- fixed_problem_hi.gms(739) 42 Mb
--- Starting Equ Const1_1: elapsed 0:00:01.772
*** Error at line 737: Execution halted: Triggered by pending CtrlC event
--- fixed_problem_hi.gms(824) 42 Mb 1 Error
*** SOLVE aborted
--- Profile Summary (575 records processed)
     0.453   0.042GB       737 Equation   Objective (1)
     0.453   0.011GB       737 Equation   Objective (1)
     0.234   0.042GB       824 Solve Alg  SCHEDULE
     0.172   0.042GB       824 Solve Fini SCHEDULE (441025)
     0.094   0.033GB       753 Equation   Const_4_2 (13200)
     0.094   0.031GB       752 Equation   Const_4_1 (13200)
     0.047   0.024GB       747 Equation   Const_3_1 (13800)
     0.047   0.037GB       756 Equation   Const_5 (13800)
     0.046   0.028GB       748 Equation   Const_3_2 (13800)
     0.031   0.041GB       759 Equation   Const_6 (13800)
--- fixed_problem_hi.gms(824) 42 Mb 1 Error
*** Status: Execution error(s)
--- Job fixed_problem_hi.gms Stop 03/18/22 11:54:43 elapsed 0:00:01.784
