--- Job fixed_problem.gms Start 05/11/22 10:27:38 32.2.0 rc62c018 WEX-WEI x86 64bit/MS Windows
--- Applying:
    C:\GAMS\32\gmsprmNT.txt
--- GAMS Parameters defined
    Input C:\Users\charl\OneDrive\Dokumente\A_Uni\HiWi\ArticleSubgradient\Code\Wind\600Scens\tol01\fixed_problem.gms
    PageSize 0
    ScrDir C:\Users\charl\OneDrive\Dokumente\A_Uni\HiWi\ArticleSubgradient\Code\Wind\600Scens\tol01\225b\
    SysDir C:\GAMS\32\
    LogOption 3
    ErrMsg 1
    ErrorLog 99
    IDE 1
    LstTitleLeftAligned 1
GAMS 32.2.0   Copyright (C) 1987-2020 GAMS Development. All rights reserved
Licensee: Small MUD - 5 User License                     S200323/0001AN-GEN
          Friedrich-Alexander-Universitaet Erlangen-Nurnberg         DC7699
          C:\GAMS\32\gamslice.txt
--- Starting compilation
--- fixed_problem.gms(27) 3 Mb
--- . wind_costs.csv(25) 3 Mb
--- fixed_problem.gms(34) 3 Mb
--- . wind_scenarios.csv(601) 4 Mb
--- fixed_problem.gms(157) 4 Mb
--- . sampled_dynamic.csv(25) 4 Mb
--- fixed_problem.gms(202) 4 Mb
--- Starting execution: elapsed 0:00:00.038
--- fixed_problem.gms(821) 8 Mb
--- Generating MIP model SCHEDULE
--- fixed_problem.gms(737) 8 Mb
--- Starting Equ Objective: elapsed 0:00:00.097
--- fixed_problem.gms(739) 11 Mb
--- Starting Equ Const1_1: elapsed 0:00:00.538
--- fixed_problem.gms(741) 19 Mb
--- Starting Equ Const1_2: elapsed 0:00:00.558
--- fixed_problem.gms(747) 19 Mb
--- Starting Equ Const_3_1: elapsed 0:00:00.561
--- fixed_problem.gms(748) 24 Mb
--- Starting Equ Const_3_2: elapsed 0:00:00.598
--- fixed_problem.gms(752) 28 Mb
--- Starting Equ Const_4_1: elapsed 0:00:00.640
--- fixed_problem.gms(753) 31 Mb
--- Starting Equ Const_4_2: elapsed 0:00:00.738
--- fixed_problem.gms(756) 33 Mb
--- Starting Equ Const_5: elapsed 0:00:00.846
--- fixed_problem.gms(759) 37 Mb
--- Starting Equ Const_6: elapsed 0:00:00.886
--- fixed_problem.gms(824) 42 Mb
--- LOOPS iter = iter1
---   96,002 rows  58,225 columns  441,025 non-zeroes
---   15,000 discrete-columns
--- Executing GUROBI (Solvelink=2): elapsed 0:00:01.088

Gurobi           32.2.0 rc62c018 Released Aug 26, 2020 WEI x86 64bit/MS Window

Gurobi link license.
*** Cannot initialize Gurobi environment.
*** Could be a missing or invalid license. (status=10009|10009)
--- Reading solution for model SCHEDULE
--- Executing after solve: elapsed 0:00:01.329
--- fixed_problem.gms(821) 42 Mb
--- Generating MIP model SCHEDULE
--- fixed_problem.gms(737) 42 Mb
--- Starting Equ Objective: elapsed 0:00:01.329
--- fixed_problem.gms(739) 42 Mb
--- Starting Equ Const1_1: elapsed 0:00:01.789
--- fixed_problem.gms(741) 42 Mb
--- Starting Equ Const1_2: elapsed 0:00:01.856
*** Error at line 739: Execution halted: Triggered by pending CtrlC event
--- fixed_problem.gms(824) 42 Mb 1 Error
*** SOLVE aborted
--- Profile Summary (576 records processed)
     0.453   0.042GB       737 Equation   Objective (1)
     0.438   0.011GB       737 Equation   Objective (1)
     0.219   0.042GB       824 Solve Alg  SCHEDULE
     0.172   0.042GB       824 Solve Fini SCHEDULE (441025)
     0.109   0.033GB       753 Equation   Const_4_2 (13200)
     0.094   0.031GB       752 Equation   Const_4_1 (13200)
     0.078   0.042GB       739 Equation   Const1_1 (14400)
     0.047   0.028GB       748 Equation   Const_3_2 (13800)
     0.047   0.037GB       756 Equation   Const_5 (13800)
     0.032   0.005GB       686 Loop       
--- fixed_problem.gms(824) 42 Mb 1 Error
*** Status: Execution error(s)
--- Job fixed_problem.gms Stop 05/11/22 10:27:40 elapsed 0:00:01.876
