--- Job main_for_lr6.gms Start 06/22/22 11:37:54 32.2.0 rc62c018 WEX-WEI x86 64bit/MS Windows
--- Applying:
    C:\GAMS\32\gmsprmNT.txt
--- GAMS Parameters defined
    Input C:\Users\charl\OneDrive\Dokumente\A_Uni\HiWi\ArticleSubgradient\Code\SampleRun_Environment_Solar\100Scens\tol05\Scenario_1\main_for_lr6.gms
    PageSize 0
    ScrDir C:\Users\charl\OneDrive\Dokumente\A_Uni\HiWi\ArticleSubgradient\Code\SampleRun_Environment_Solar\100Scens\tol05\Scenario_1\225c\
    SysDir C:\GAMS\32\
    LogOption 3
    ErrMsg 1
    ErrorLog 99
    IDE 1
    LstTitleLeftAligned 1
GAMS 32.2.0   Copyright (C) 1987-2020 GAMS Development. All rights reserved
Licensee: Small MUD - 5 User License                     S200323/0001AN-GEN
          Friedrich-Alexander-Universitaet Erlangen-Nurnberg         DC7699
          C:\GAMS\32\gamslice.txt
--- Starting compilation
--- main_for_lr6.gms(10) 2 Mb
--- . input.gms(8) 3 Mb
--- .. solar_scenarios.csv(101) 3 Mb
--- . input.gms(22) 3 Mb
--- .. scenario_sorted.csv(101) 3 Mb
--- . input.gms(38) 3 Mb
--- .. battery_revenue.csv(25) 3 Mb
--- . input.gms(105) 3 Mb
--- main_for_lr6.gms(11) 3 Mb
--- . subgradient_parameters.gms(31) 3 Mb
--- main_for_lr6.gms(12) 3 Mb
--- . equations_all.gms(76) 3 Mb
--- main_for_lr6.gms(13) 3 Mb
--- . lp_lowerbound.gms(12) 3 Mb
--- main_for_lr6.gms(14) 3 Mb
--- . heuristic_upperbound.gms(54) 3 Mb
--- main_for_lr6.gms(31) 3 Mb
--- call csv2gdx Naive.csv id=nv index=1 values=2..lastCol useHeader=y
No errors, CSV2GDX time = 15ms
--- main_for_lr6.gms(32) 3 Mb
--- GDXin=C:\Users\charl\OneDrive\Dokumente\A_Uni\HiWi\ArticleSubgradient\Code\SampleRun_Environment_Solar\100Scens\tol05\Scenario_1\Naive.gdx
--- main_for_lr6.gms(81) 3 Mb
--- . plain_lr.gms(16) 3 Mb
--- main_for_lr6.gms(87) 3 Mb
--- . LR_updates.gms(18) 3 Mb
--- .. stepsizes.gms(21) 3 Mb
--- . LR_updates.gms(59) 3 Mb
--- main_for_lr6.gms(107) 3 Mb
--- Starting execution: elapsed 0:00:00.264
--- main_for_lr6.gms(455) 5 Mb
--- Generating RMIP model schedule
--- main_for_lr6.gms(402) 5 Mb
--- Starting Equ Objective: elapsed 0:00:00.274
--- main_for_lr6.gms(404) 5 Mb
--- Starting Equ Const1: elapsed 0:00:00.312
--- main_for_lr6.gms(410) 6 Mb
--- Starting Equ Const_chance_1: elapsed 0:00:00.317
--- main_for_lr6.gms(417) 7 Mb
--- Starting Equ Const_chance_2: elapsed 0:00:00.321
--- main_for_lr6.gms(456) 7 Mb
---   4,702 rows  7,325 columns  21,325 non-zeroes
---   100 discrete-columns
--- Executing GUROBI (Solvelink=2): elapsed 0:00:00.341

Gurobi           32.2.0 rc62c018 Released Aug 26, 2020 WEI x86 64bit/MS Window

Gurobi link license.
*** Cannot initialize Gurobi environment.
*** Could be a missing or invalid license. (status=10009|10009)
--- Reading solution for model schedule
--- Executing after solve: elapsed 0:00:00.453
--- main_for_lr6.gms(478) 7 Mb
--- Generating MIP model schedule_scenario
--- main_for_lr6.gms(422) 7 Mb
--- Starting Equ Objective_scenario: elapsed 0:00:00.454
--- main_for_lr6.gms(406) 7 Mb
--- Starting Equ Const1_scenario: elapsed 0:00:00.454
--- main_for_lr6.gms(411) 7 Mb
--- Starting Equ Const_chance_1_scenario: elapsed 0:00:00.455
--- main_for_lr6.gms(481) 7 Mb
--- LOOPS rs = scen1
---   48 rows  97 columns  213 non-zeroes
--- Executing GUROBI (Solvelink=5): elapsed 0:00:00.462

Gurobi           32.2.0 rc62c018 Released Aug 26, 2020 WEI x86 64bit/MS Window

GAMS/Gurobi demo/community requires a Gurobi license from Gurobi Optimization.
*** Cannot initialize Gurobi environment.
*** Could be a missing or invalid license. (status=10009|10009)
--- Reading solution for model schedule_scenario
--- Executing after solve: elapsed 0:00:00.482
--- main_for_lr6.gms(478) 7 Mb
--- Generating MIP model schedule_scenario
--- main_for_lr6.gms(422) 7 Mb
--- Starting Equ Objective_scenario: elapsed 0:00:00.482
--- main_for_lr6.gms(406) 7 Mb
--- Starting Equ Const1_scenario: elapsed 0:00:00.482
--- main_for_lr6.gms(411) 7 Mb
--- Starting Equ Const_chance_1_scenario: elapsed 0:00:00.483
--- main_for_lr6.gms(481) 7 Mb
--- LOOPS rs = scen2
---   48 rows  97 columns  213 non-zeroes
--- Executing GUROBI (Solvelink=5): elapsed 0:00:00.489

Gurobi           32.2.0 rc62c018 Released Aug 26, 2020 WEI x86 64bit/MS Window

GAMS/Gurobi demo/community requires a Gurobi license from Gurobi Optimization.
*** Cannot initialize Gurobi environment.
*** Could be a missing or invalid license. (status=10009|10009)
--- Reading solution for model schedule_scenario
--- Executing after solve: elapsed 0:00:00.501
--- main_for_lr6.gms(478) 7 Mb
--- Generating MIP model schedule_scenario
--- main_for_lr6.gms(422) 7 Mb
--- Starting Equ Objective_scenario: elapsed 0:00:00.501
--- main_for_lr6.gms(406) 7 Mb
--- Starting Equ Const1_scenario: elapsed 0:00:00.501
--- main_for_lr6.gms(411) 7 Mb
--- Starting Equ Const_chance_1_scenario: elapsed 0:00:00.501
--- main_for_lr6.gms(481) 7 Mb
--- LOOPS rs = scen3
---   48 rows  97 columns  213 non-zeroes
--- Executing GUROBI (Solvelink=5): elapsed 0:00:00.505

Gurobi           32.2.0 rc62c018 Released Aug 26, 2020 WEI x86 64bit/MS Window

GAMS/Gurobi demo/community requires a Gurobi license from Gurobi Optimization.
*** Cannot initialize Gurobi environment.
*** Could be a missing or invalid license. (status=10009|10009)
--- Reading solution for model schedule_scenario
--- Executing after solve: elapsed 0:00:00.514
--- main_for_lr6.gms(478) 7 Mb
--- Generating MIP model schedule_scenario
--- main_for_lr6.gms(422) 7 Mb
--- Starting Equ Objective_scenario: elapsed 0:00:00.515
--- main_for_lr6.gms(406) 7 Mb
--- Starting Equ Const1_scenario: elapsed 0:00:00.515
--- main_for_lr6.gms(411) 7 Mb
--- Starting Equ Const_chance_1_scenario: elapsed 0:00:00.516
--- main_for_lr6.gms(481) 7 Mb
--- LOOPS rs = scen4
---   48 rows  97 columns  213 non-zeroes
--- Executing GUROBI (Solvelink=5): elapsed 0:00:00.519

Gurobi           32.2.0 rc62c018 Released Aug 26, 2020 WEI x86 64bit/MS Window

GAMS/Gurobi demo/community requires a Gurobi license from Gurobi Optimization.
*** Cannot initialize Gurobi environment.
*** Could be a missing or invalid license. (status=10009|10009)
--- Reading solution for model schedule_scenario
--- Executing after solve: elapsed 0:00:00.529
--- main_for_lr6.gms(478) 7 Mb
--- Generating MIP model schedule_scenario
--- main_for_lr6.gms(422) 7 Mb
--- Starting Equ Objective_scenario: elapsed 0:00:00.530
--- main_for_lr6.gms(406) 7 Mb
--- Starting Equ Const1_scenario: elapsed 0:00:00.530
--- main_for_lr6.gms(411) 7 Mb
--- Starting Equ Const_chance_1_scenario: elapsed 0:00:00.530
--- main_for_lr6.gms(481) 7 Mb
--- LOOPS rs = scen5
---   48 rows  97 columns  213 non-zeroes
--- Executing GUROBI (Solvelink=5): elapsed 0:00:00.534

Gurobi           32.2.0 rc62c018 Released Aug 26, 2020 WEI x86 64bit/MS Window

GAMS/Gurobi demo/community requires a Gurobi license from Gurobi Optimization.
*** Cannot initialize Gurobi environment.
*** Could be a missing or invalid license. (status=10009|10009)
--- Reading solution for model schedule_scenario
--- Executing after solve: elapsed 0:00:00.546
--- main_for_lr6.gms(478) 7 Mb
--- Generating MIP model schedule_scenario
--- main_for_lr6.gms(422) 7 Mb
--- Starting Equ Objective_scenario: elapsed 0:00:00.546
--- main_for_lr6.gms(406) 7 Mb
--- Starting Equ Const1_scenario: elapsed 0:00:00.546
--- main_for_lr6.gms(411) 7 Mb
--- Starting Equ Const_chance_1_scenario: elapsed 0:00:00.547
--- main_for_lr6.gms(481) 7 Mb
--- LOOPS rs = scen6
---   48 rows  97 columns  213 non-zeroes
--- Executing GUROBI (Solvelink=5): elapsed 0:00:00.551

Gurobi           32.2.0 rc62c018 Released Aug 26, 2020 WEI x86 64bit/MS Window

GAMS/Gurobi demo/community requires a Gurobi license from Gurobi Optimization.
*** Cannot initialize Gurobi environment.
*** Could be a missing or invalid license. (status=10009|10009)
--- Reading solution for model schedule_scenario
--- Executing after solve: elapsed 0:00:00.561
--- main_for_lr6.gms(478) 7 Mb
--- Generating MIP model schedule_scenario
--- main_for_lr6.gms(422) 7 Mb
--- Starting Equ Objective_scenario: elapsed 0:00:00.561
--- main_for_lr6.gms(406) 7 Mb
--- Starting Equ Const1_scenario: elapsed 0:00:00.561
--- main_for_lr6.gms(411) 7 Mb
--- Starting Equ Const_chance_1_scenario: elapsed 0:00:00.562
--- main_for_lr6.gms(481) 7 Mb
--- LOOPS rs = scen7
---   48 rows  97 columns  213 non-zeroes
--- Executing GUROBI (Solvelink=5): elapsed 0:00:00.565

Gurobi           32.2.0 rc62c018 Released Aug 26, 2020 WEI x86 64bit/MS Window

GAMS/Gurobi demo/community requires a Gurobi license from Gurobi Optimization.
*** Cannot initialize Gurobi environment.
*** Could be a missing or invalid license. (status=10009|10009)
--- Reading solution for model schedule_scenario
--- Executing after solve: elapsed 0:00:00.576
--- main_for_lr6.gms(478) 7 Mb
--- Generating MIP model schedule_scenario
--- main_for_lr6.gms(422) 7 Mb
--- Starting Equ Objective_scenario: elapsed 0:00:00.576
--- main_for_lr6.gms(406) 7 Mb
--- Starting Equ Const1_scenario: elapsed 0:00:00.577
--- main_for_lr6.gms(411) 7 Mb
--- Starting Equ Const_chance_1_scenario: elapsed 0:00:00.577
--- main_for_lr6.gms(481) 7 Mb
--- LOOPS rs = scen8
---   48 rows  97 columns  213 non-zeroes
--- Executing GUROBI (Solvelink=5): elapsed 0:00:00.580

Gurobi           32.2.0 rc62c018 Released Aug 26, 2020 WEI x86 64bit/MS Window

GAMS/Gurobi demo/community requires a Gurobi license from Gurobi Optimization.
*** Cannot initialize Gurobi environment.
*** Could be a missing or invalid license. (status=10009|10009)
--- Reading solution for model schedule_scenario
--- Executing after solve: elapsed 0:00:00.590
--- main_for_lr6.gms(478) 7 Mb
--- Generating MIP model schedule_scenario
--- main_for_lr6.gms(422) 7 Mb
--- Starting Equ Objective_scenario: elapsed 0:00:00.590
--- main_for_lr6.gms(406) 7 Mb
--- Starting Equ Const1_scenario: elapsed 0:00:00.591
--- main_for_lr6.gms(411) 7 Mb
--- Starting Equ Const_chance_1_scenario: elapsed 0:00:00.592
--- main_for_lr6.gms(481) 7 Mb
--- LOOPS rs = scen9
---   48 rows  97 columns  213 non-zeroes
--- Executing GUROBI (Solvelink=5): elapsed 0:00:00.595

Gurobi           32.2.0 rc62c018 Released Aug 26, 2020 WEI x86 64bit/MS Window

GAMS/Gurobi demo/community requires a Gurobi license from Gurobi Optimization.
*** Cannot initialize Gurobi environment.
*** Could be a missing or invalid license. (status=10009|10009)
--- Reading solution for model schedule_scenario
--- Executing after solve: elapsed 0:00:00.604
--- main_for_lr6.gms(478) 7 Mb
--- Generating MIP model schedule_scenario
--- main_for_lr6.gms(422) 7 Mb
--- Starting Equ Objective_scenario: elapsed 0:00:00.605
--- main_for_lr6.gms(406) 7 Mb
--- Starting Equ Const1_scenario: elapsed 0:00:00.605
--- main_for_lr6.gms(411) 7 Mb
--- Starting Equ Const_chance_1_scenario: elapsed 0:00:00.606
--- main_for_lr6.gms(481) 7 Mb
--- LOOPS rs = scen10
---   48 rows  97 columns  213 non-zeroes
--- Executing GUROBI (Solvelink=5): elapsed 0:00:00.609

Gurobi           32.2.0 rc62c018 Released Aug 26, 2020 WEI x86 64bit/MS Window

GAMS/Gurobi demo/community requires a Gurobi license from Gurobi Optimization.
*** Cannot initialize Gurobi environment.
*** Could be a missing or invalid license. (status=10009|10009)
--- Reading solution for model schedule_scenario
--- Executing after solve: elapsed 0:00:00.620
--- main_for_lr6.gms(478) 7 Mb
--- Generating MIP model schedule_scenario
--- main_for_lr6.gms(422) 7 Mb
--- Starting Equ Objective_scenario: elapsed 0:00:00.620
--- main_for_lr6.gms(406) 7 Mb
--- Starting Equ Const1_scenario: elapsed 0:00:00.620
--- main_for_lr6.gms(411) 7 Mb
--- Starting Equ Const_chance_1_scenario: elapsed 0:00:00.621
--- main_for_lr6.gms(481) 7 Mb
--- LOOPS rs = scen11
---   48 rows  97 columns  213 non-zeroes
--- Executing GUROBI (Solvelink=5): elapsed 0:00:00.624

Gurobi           32.2.0 rc62c018 Released Aug 26, 2020 WEI x86 64bit/MS Window

GAMS/Gurobi demo/community requires a Gurobi license from Gurobi Optimization.
*** Cannot initialize Gurobi environment.
*** Could be a missing or invalid license. (status=10009|10009)
--- Reading solution for model schedule_scenario
--- Executing after solve: elapsed 0:00:00.636
--- main_for_lr6.gms(478) 7 Mb
--- Generating MIP model schedule_scenario
--- main_for_lr6.gms(422) 7 Mb
--- Starting Equ Objective_scenario: elapsed 0:00:00.636
--- main_for_lr6.gms(406) 7 Mb
--- Starting Equ Const1_scenario: elapsed 0:00:00.636
--- main_for_lr6.gms(411) 7 Mb
--- Starting Equ Const_chance_1_scenario: elapsed 0:00:00.637
--- main_for_lr6.gms(481) 7 Mb
--- LOOPS rs = scen12
---   48 rows  97 columns  213 non-zeroes
--- Executing GUROBI (Solvelink=5): elapsed 0:00:00.642

Gurobi           32.2.0 rc62c018 Released Aug 26, 2020 WEI x86 64bit/MS Window

GAMS/Gurobi demo/community requires a Gurobi license from Gurobi Optimization.
*** Cannot initialize Gurobi environment.
*** Could be a missing or invalid license. (status=10009|10009)
--- Reading solution for model schedule_scenario
--- Executing after solve: elapsed 0:00:00.652
--- main_for_lr6.gms(478) 7 Mb
--- Generating MIP model schedule_scenario
--- main_for_lr6.gms(422) 7 Mb
--- Starting Equ Objective_scenario: elapsed 0:00:00.653
--- main_for_lr6.gms(406) 7 Mb
--- Starting Equ Const1_scenario: elapsed 0:00:00.653
--- main_for_lr6.gms(411) 7 Mb
--- Starting Equ Const_chance_1_scenario: elapsed 0:00:00.654
--- main_for_lr6.gms(481) 7 Mb
--- LOOPS rs = scen13
---   48 rows  97 columns  213 non-zeroes
--- Executing GUROBI (Solvelink=5): elapsed 0:00:00.657

Gurobi           32.2.0 rc62c018 Released Aug 26, 2020 WEI x86 64bit/MS Window

GAMS/Gurobi demo/community requires a Gurobi license from Gurobi Optimization.
*** Cannot initialize Gurobi environment.
*** Could be a missing or invalid license. (status=10009|10009)
--- Reading solution for model schedule_scenario
--- Executing after solve: elapsed 0:00:00.671
--- main_for_lr6.gms(478) 7 Mb
--- Generating MIP model schedule_scenario
--- main_for_lr6.gms(422) 7 Mb
--- Starting Equ Objective_scenario: elapsed 0:00:00.671
--- main_for_lr6.gms(406) 7 Mb
--- Starting Equ Const1_scenario: elapsed 0:00:00.672
--- main_for_lr6.gms(411) 7 Mb
--- Starting Equ Const_chance_1_scenario: elapsed 0:00:00.672
--- main_for_lr6.gms(481) 7 Mb
--- LOOPS rs = scen14
---   48 rows  97 columns  213 non-zeroes
--- Executing GUROBI (Solvelink=5): elapsed 0:00:00.677

Gurobi           32.2.0 rc62c018 Released Aug 26, 2020 WEI x86 64bit/MS Window

GAMS/Gurobi demo/community requires a Gurobi license from Gurobi Optimization.
*** Cannot initialize Gurobi environment.
*** Could be a missing or invalid license. (status=10009|10009)
--- Reading solution for model schedule_scenario
--- Executing after solve: elapsed 0:00:00.687
--- main_for_lr6.gms(478) 7 Mb
--- Generating MIP model schedule_scenario
--- main_for_lr6.gms(422) 7 Mb
--- Starting Equ Objective_scenario: elapsed 0:00:00.687
--- main_for_lr6.gms(406) 7 Mb
--- Starting Equ Const1_scenario: elapsed 0:00:00.687
--- main_for_lr6.gms(411) 7 Mb
--- Starting Equ Const_chance_1_scenario: elapsed 0:00:00.688
--- main_for_lr6.gms(481) 7 Mb
--- LOOPS rs = scen15
---   48 rows  97 columns  213 non-zeroes
--- Executing GUROBI (Solvelink=5): elapsed 0:00:00.691

Gurobi           32.2.0 rc62c018 Released Aug 26, 2020 WEI x86 64bit/MS Window

GAMS/Gurobi demo/community requires a Gurobi license from Gurobi Optimization.
*** Cannot initialize Gurobi environment.
*** Could be a missing or invalid license. (status=10009|10009)
--- Reading solution for model schedule_scenario
--- Executing after solve: elapsed 0:00:00.701
--- main_for_lr6.gms(478) 7 Mb
--- Generating MIP model schedule_scenario
--- main_for_lr6.gms(422) 7 Mb
--- Starting Equ Objective_scenario: elapsed 0:00:00.701
--- main_for_lr6.gms(406) 7 Mb
--- Starting Equ Const1_scenario: elapsed 0:00:00.701
--- main_for_lr6.gms(411) 7 Mb
--- Starting Equ Const_chance_1_scenario: elapsed 0:00:00.702
--- main_for_lr6.gms(481) 7 Mb
--- LOOPS rs = scen16
---   48 rows  97 columns  213 non-zeroes
--- Executing GUROBI (Solvelink=5): elapsed 0:00:00.705

Gurobi           32.2.0 rc62c018 Released Aug 26, 2020 WEI x86 64bit/MS Window

GAMS/Gurobi demo/community requires a Gurobi license from Gurobi Optimization.
*** Cannot initialize Gurobi environment.
*** Could be a missing or invalid license. (status=10009|10009)
--- Reading solution for model schedule_scenario
--- Executing after solve: elapsed 0:00:00.716
--- main_for_lr6.gms(478) 7 Mb
--- Generating MIP model schedule_scenario
--- main_for_lr6.gms(422) 7 Mb
--- Starting Equ Objective_scenario: elapsed 0:00:00.717
--- main_for_lr6.gms(406) 7 Mb
--- Starting Equ Const1_scenario: elapsed 0:00:00.717
--- main_for_lr6.gms(411) 7 Mb
--- Starting Equ Const_chance_1_scenario: elapsed 0:00:00.718
--- main_for_lr6.gms(481) 7 Mb
--- LOOPS rs = scen17
---   48 rows  97 columns  213 non-zeroes
--- Executing GUROBI (Solvelink=5): elapsed 0:00:00.721

Gurobi           32.2.0 rc62c018 Released Aug 26, 2020 WEI x86 64bit/MS Window

GAMS/Gurobi demo/community requires a Gurobi license from Gurobi Optimization.
*** Cannot initialize Gurobi environment.
*** Could be a missing or invalid license. (status=10009|10009)
--- Reading solution for model schedule_scenario
--- Executing after solve: elapsed 0:00:00.731
--- main_for_lr6.gms(478) 7 Mb
--- Generating MIP model schedule_scenario
--- main_for_lr6.gms(422) 7 Mb
--- Starting Equ Objective_scenario: elapsed 0:00:00.731
--- main_for_lr6.gms(406) 7 Mb
--- Starting Equ Const1_scenario: elapsed 0:00:00.731
--- main_for_lr6.gms(411) 7 Mb
--- Starting Equ Const_chance_1_scenario: elapsed 0:00:00.732
--- main_for_lr6.gms(481) 7 Mb
--- LOOPS rs = scen18
---   48 rows  97 columns  213 non-zeroes
--- Executing GUROBI (Solvelink=5): elapsed 0:00:00.735

Gurobi           32.2.0 rc62c018 Released Aug 26, 2020 WEI x86 64bit/MS Window

GAMS/Gurobi demo/community requires a Gurobi license from Gurobi Optimization.
*** Cannot initialize Gurobi environment.
*** Could be a missing or invalid license. (status=10009|10009)
--- Reading solution for model schedule_scenario
--- Executing after solve: elapsed 0:00:00.746
--- main_for_lr6.gms(478) 7 Mb
--- Generating MIP model schedule_scenario
--- main_for_lr6.gms(422) 7 Mb
--- Starting Equ Objective_scenario: elapsed 0:00:00.746
--- main_for_lr6.gms(406) 7 Mb
--- Starting Equ Const1_scenario: elapsed 0:00:00.747
--- main_for_lr6.gms(411) 7 Mb
--- Starting Equ Const_chance_1_scenario: elapsed 0:00:00.748
--- main_for_lr6.gms(481) 7 Mb
--- LOOPS rs = scen19
---   48 rows  97 columns  213 non-zeroes
--- Executing GUROBI (Solvelink=5): elapsed 0:00:00.751

Gurobi           32.2.0 rc62c018 Released Aug 26, 2020 WEI x86 64bit/MS Window

GAMS/Gurobi demo/community requires a Gurobi license from Gurobi Optimization.
*** Cannot initialize Gurobi environment.
*** Could be a missing or invalid license. (status=10009|10009)
--- Reading solution for model schedule_scenario
--- Executing after solve: elapsed 0:00:00.762
--- main_for_lr6.gms(478) 7 Mb
--- Generating MIP model schedule_scenario
--- main_for_lr6.gms(422) 7 Mb
--- Starting Equ Objective_scenario: elapsed 0:00:00.762
--- main_for_lr6.gms(406) 7 Mb
--- Starting Equ Const1_scenario: elapsed 0:00:00.762
--- main_for_lr6.gms(411) 7 Mb
--- Starting Equ Const_chance_1_scenario: elapsed 0:00:00.763
--- main_for_lr6.gms(481) 7 Mb
--- LOOPS rs = scen20
---   48 rows  97 columns  213 non-zeroes
--- Executing GUROBI (Solvelink=5): elapsed 0:00:00.766

Gurobi           32.2.0 rc62c018 Released Aug 26, 2020 WEI x86 64bit/MS Window

GAMS/Gurobi demo/community requires a Gurobi license from Gurobi Optimization.
*** Cannot initialize Gurobi environment.
*** Could be a missing or invalid license. (status=10009|10009)
--- Reading solution for model schedule_scenario
--- Executing after solve: elapsed 0:00:00.776
--- main_for_lr6.gms(478) 7 Mb
--- Generating MIP model schedule_scenario
--- main_for_lr6.gms(422) 7 Mb
--- Starting Equ Objective_scenario: elapsed 0:00:00.776
--- main_for_lr6.gms(406) 7 Mb
--- Starting Equ Const1_scenario: elapsed 0:00:00.776
--- main_for_lr6.gms(411) 7 Mb
--- Starting Equ Const_chance_1_scenario: elapsed 0:00:00.777
--- main_for_lr6.gms(481) 7 Mb
--- LOOPS rs = scen21
---   48 rows  97 columns  213 non-zeroes
--- Executing GUROBI (Solvelink=5): elapsed 0:00:00.780

Gurobi           32.2.0 rc62c018 Released Aug 26, 2020 WEI x86 64bit/MS Window

GAMS/Gurobi demo/community requires a Gurobi license from Gurobi Optimization.
*** Cannot initialize Gurobi environment.
*** Could be a missing or invalid license. (status=10009|10009)
--- Reading solution for model schedule_scenario
--- Executing after solve: elapsed 0:00:00.792
--- main_for_lr6.gms(478) 7 Mb
--- Generating MIP model schedule_scenario
--- main_for_lr6.gms(422) 7 Mb
--- Starting Equ Objective_scenario: elapsed 0:00:00.792
--- main_for_lr6.gms(406) 7 Mb
--- Starting Equ Const1_scenario: elapsed 0:00:00.793
--- main_for_lr6.gms(411) 7 Mb
--- Starting Equ Const_chance_1_scenario: elapsed 0:00:00.793
--- main_for_lr6.gms(481) 7 Mb
--- LOOPS rs = scen22
---   48 rows  97 columns  213 non-zeroes
--- Executing GUROBI (Solvelink=5): elapsed 0:00:00.797

Gurobi           32.2.0 rc62c018 Released Aug 26, 2020 WEI x86 64bit/MS Window

GAMS/Gurobi demo/community requires a Gurobi license from Gurobi Optimization.
*** Cannot initialize Gurobi environment.
*** Could be a missing or invalid license. (status=10009|10009)
--- Reading solution for model schedule_scenario
--- Executing after solve: elapsed 0:00:00.807
--- main_for_lr6.gms(478) 7 Mb
--- Generating MIP model schedule_scenario
--- main_for_lr6.gms(422) 7 Mb
--- Starting Equ Objective_scenario: elapsed 0:00:00.807
--- main_for_lr6.gms(406) 7 Mb
--- Starting Equ Const1_scenario: elapsed 0:00:00.807
--- main_for_lr6.gms(411) 7 Mb
--- Starting Equ Const_chance_1_scenario: elapsed 0:00:00.808
--- main_for_lr6.gms(481) 7 Mb
--- LOOPS rs = scen23
---   48 rows  97 columns  213 non-zeroes
--- Executing GUROBI (Solvelink=5): elapsed 0:00:00.811

Gurobi           32.2.0 rc62c018 Released Aug 26, 2020 WEI x86 64bit/MS Window

GAMS/Gurobi demo/community requires a Gurobi license from Gurobi Optimization.
*** Cannot initialize Gurobi environment.
*** Could be a missing or invalid license. (status=10009|10009)
--- Reading solution for model schedule_scenario
--- Executing after solve: elapsed 0:00:00.823
--- main_for_lr6.gms(478) 7 Mb
--- Generating MIP model schedule_scenario
--- main_for_lr6.gms(422) 7 Mb
--- Starting Equ Objective_scenario: elapsed 0:00:00.823
--- main_for_lr6.gms(406) 7 Mb
--- Starting Equ Const1_scenario: elapsed 0:00:00.823
--- main_for_lr6.gms(411) 7 Mb
--- Starting Equ Const_chance_1_scenario: elapsed 0:00:00.824
--- main_for_lr6.gms(481) 7 Mb
--- LOOPS rs = scen24
---   48 rows  97 columns  213 non-zeroes
--- Executing GUROBI (Solvelink=5): elapsed 0:00:00.827

Gurobi           32.2.0 rc62c018 Released Aug 26, 2020 WEI x86 64bit/MS Window

GAMS/Gurobi demo/community requires a Gurobi license from Gurobi Optimization.
*** Cannot initialize Gurobi environment.
*** Could be a missing or invalid license. (status=10009|10009)
--- Reading solution for model schedule_scenario
--- Executing after solve: elapsed 0:00:00.836
--- main_for_lr6.gms(478) 7 Mb
--- Generating MIP model schedule_scenario
--- main_for_lr6.gms(422) 7 Mb
--- Starting Equ Objective_scenario: elapsed 0:00:00.837
--- main_for_lr6.gms(406) 7 Mb
--- Starting Equ Const1_scenario: elapsed 0:00:00.837
--- main_for_lr6.gms(411) 7 Mb
--- Starting Equ Const_chance_1_scenario: elapsed 0:00:00.837
--- main_for_lr6.gms(481) 7 Mb
--- LOOPS rs = scen25
---   48 rows  97 columns  213 non-zeroes
--- Executing GUROBI (Solvelink=5): elapsed 0:00:00.840

Gurobi           32.2.0 rc62c018 Released Aug 26, 2020 WEI x86 64bit/MS Window

GAMS/Gurobi demo/community requires a Gurobi license from Gurobi Optimization.
*** Cannot initialize Gurobi environment.
*** Could be a missing or invalid license. (status=10009|10009)
--- Reading solution for model schedule_scenario
--- Executing after solve: elapsed 0:00:00.850
--- main_for_lr6.gms(478) 7 Mb
--- Generating MIP model schedule_scenario
--- main_for_lr6.gms(422) 7 Mb
--- Starting Equ Objective_scenario: elapsed 0:00:00.850
--- main_for_lr6.gms(406) 7 Mb
--- Starting Equ Const1_scenario: elapsed 0:00:00.851
--- main_for_lr6.gms(411) 7 Mb
--- Starting Equ Const_chance_1_scenario: elapsed 0:00:00.851
--- main_for_lr6.gms(481) 7 Mb
--- LOOPS rs = scen26
---   48 rows  97 columns  213 non-zeroes
--- Executing GUROBI (Solvelink=5): elapsed 0:00:00.855

Gurobi           32.2.0 rc62c018 Released Aug 26, 2020 WEI x86 64bit/MS Window

GAMS/Gurobi demo/community requires a Gurobi license from Gurobi Optimization.
*** Cannot initialize Gurobi environment.
*** Could be a missing or invalid license. (status=10009|10009)
--- Reading solution for model schedule_scenario
--- Executing after solve: elapsed 0:00:00.867
--- main_for_lr6.gms(478) 7 Mb
--- Generating MIP model schedule_scenario
--- main_for_lr6.gms(422) 7 Mb
--- Starting Equ Objective_scenario: elapsed 0:00:00.867
--- main_for_lr6.gms(406) 7 Mb
--- Starting Equ Const1_scenario: elapsed 0:00:00.867
--- main_for_lr6.gms(411) 7 Mb
--- Starting Equ Const_chance_1_scenario: elapsed 0:00:00.868
--- main_for_lr6.gms(481) 7 Mb
--- LOOPS rs = scen27
---   48 rows  97 columns  213 non-zeroes
--- Executing GUROBI (Solvelink=5): elapsed 0:00:00.871

Gurobi           32.2.0 rc62c018 Released Aug 26, 2020 WEI x86 64bit/MS Window

GAMS/Gurobi demo/community requires a Gurobi license from Gurobi Optimization.
*** Cannot initialize Gurobi environment.
*** Could be a missing or invalid license. (status=10009|10009)
--- Reading solution for model schedule_scenario
--- Executing after solve: elapsed 0:00:00.883
--- main_for_lr6.gms(478) 7 Mb
--- Generating MIP model schedule_scenario
--- main_for_lr6.gms(422) 7 Mb
--- Starting Equ Objective_scenario: elapsed 0:00:00.883
--- main_for_lr6.gms(406) 7 Mb
--- Starting Equ Const1_scenario: elapsed 0:00:00.883
--- main_for_lr6.gms(411) 7 Mb
--- Starting Equ Const_chance_1_scenario: elapsed 0:00:00.884
--- main_for_lr6.gms(481) 7 Mb
--- LOOPS rs = scen28
---   48 rows  97 columns  213 non-zeroes
--- Executing GUROBI (Solvelink=5): elapsed 0:00:00.887

Gurobi           32.2.0 rc62c018 Released Aug 26, 2020 WEI x86 64bit/MS Window

GAMS/Gurobi demo/community requires a Gurobi license from Gurobi Optimization.
*** Cannot initialize Gurobi environment.
*** Could be a missing or invalid license. (status=10009|10009)
--- Reading solution for model schedule_scenario
--- Executing after solve: elapsed 0:00:00.897
--- main_for_lr6.gms(478) 7 Mb
--- Generating MIP model schedule_scenario
--- main_for_lr6.gms(422) 7 Mb
--- Starting Equ Objective_scenario: elapsed 0:00:00.897
--- main_for_lr6.gms(406) 7 Mb
--- Starting Equ Const1_scenario: elapsed 0:00:00.897
--- main_for_lr6.gms(411) 7 Mb
--- Starting Equ Const_chance_1_scenario: elapsed 0:00:00.898
--- main_for_lr6.gms(481) 7 Mb
--- LOOPS rs = scen29
---   48 rows  97 columns  213 non-zeroes
--- Executing GUROBI (Solvelink=5): elapsed 0:00:00.901

Gurobi           32.2.0 rc62c018 Released Aug 26, 2020 WEI x86 64bit/MS Window

GAMS/Gurobi demo/community requires a Gurobi license from Gurobi Optimization.
*** Cannot initialize Gurobi environment.
*** Could be a missing or invalid license. (status=10009|10009)
--- Reading solution for model schedule_scenario
--- Executing after solve: elapsed 0:00:00.912
--- main_for_lr6.gms(478) 7 Mb
--- Generating MIP model schedule_scenario
--- main_for_lr6.gms(422) 7 Mb
--- Starting Equ Objective_scenario: elapsed 0:00:00.912
--- main_for_lr6.gms(406) 7 Mb
--- Starting Equ Const1_scenario: elapsed 0:00:00.912
--- main_for_lr6.gms(411) 7 Mb
--- Starting Equ Const_chance_1_scenario: elapsed 0:00:00.913
--- main_for_lr6.gms(481) 7 Mb
--- LOOPS rs = scen30
---   48 rows  97 columns  213 non-zeroes
--- Executing GUROBI (Solvelink=5): elapsed 0:00:00.916

Gurobi           32.2.0 rc62c018 Released Aug 26, 2020 WEI x86 64bit/MS Window

GAMS/Gurobi demo/community requires a Gurobi license from Gurobi Optimization.
*** Cannot initialize Gurobi environment.
*** Could be a missing or invalid license. (status=10009|10009)
--- Reading solution for model schedule_scenario
--- Executing after solve: elapsed 0:00:00.926
--- main_for_lr6.gms(478) 7 Mb
--- Generating MIP model schedule_scenario
--- main_for_lr6.gms(422) 7 Mb
--- Starting Equ Objective_scenario: elapsed 0:00:00.926
--- main_for_lr6.gms(406) 7 Mb
--- Starting Equ Const1_scenario: elapsed 0:00:00.927
--- main_for_lr6.gms(411) 7 Mb
--- Starting Equ Const_chance_1_scenario: elapsed 0:00:00.927
--- main_for_lr6.gms(481) 7 Mb
--- LOOPS rs = scen31
---   48 rows  97 columns  213 non-zeroes
--- Executing GUROBI (Solvelink=5): elapsed 0:00:00.930

Gurobi           32.2.0 rc62c018 Released Aug 26, 2020 WEI x86 64bit/MS Window

GAMS/Gurobi demo/community requires a Gurobi license from Gurobi Optimization.
*** Cannot initialize Gurobi environment.
*** Could be a missing or invalid license. (status=10009|10009)
--- Reading solution for model schedule_scenario
--- Executing after solve: elapsed 0:00:00.940
--- main_for_lr6.gms(478) 7 Mb
--- Generating MIP model schedule_scenario
--- main_for_lr6.gms(422) 7 Mb
--- Starting Equ Objective_scenario: elapsed 0:00:00.940
--- main_for_lr6.gms(406) 7 Mb
--- Starting Equ Const1_scenario: elapsed 0:00:00.941
--- main_for_lr6.gms(411) 7 Mb
--- Starting Equ Const_chance_1_scenario: elapsed 0:00:00.942
--- main_for_lr6.gms(481) 7 Mb
--- LOOPS rs = scen32
---   48 rows  97 columns  213 non-zeroes
--- Executing GUROBI (Solvelink=5): elapsed 0:00:00.945

Gurobi           32.2.0 rc62c018 Released Aug 26, 2020 WEI x86 64bit/MS Window

GAMS/Gurobi demo/community requires a Gurobi license from Gurobi Optimization.
*** Cannot initialize Gurobi environment.
*** Could be a missing or invalid license. (status=10009|10009)
--- Reading solution for model schedule_scenario
--- Executing after solve: elapsed 0:00:00.956
--- main_for_lr6.gms(478) 7 Mb
--- Generating MIP model schedule_scenario
--- main_for_lr6.gms(422) 7 Mb
--- Starting Equ Objective_scenario: elapsed 0:00:00.957
--- main_for_lr6.gms(406) 7 Mb
--- Starting Equ Const1_scenario: elapsed 0:00:00.957
--- main_for_lr6.gms(411) 7 Mb
--- Starting Equ Const_chance_1_scenario: elapsed 0:00:00.958
--- main_for_lr6.gms(481) 7 Mb
--- LOOPS rs = scen33
---   48 rows  97 columns  213 non-zeroes
--- Executing GUROBI (Solvelink=5): elapsed 0:00:00.963

Gurobi           32.2.0 rc62c018 Released Aug 26, 2020 WEI x86 64bit/MS Window

GAMS/Gurobi demo/community requires a Gurobi license from Gurobi Optimization.
*** Cannot initialize Gurobi environment.
*** Could be a missing or invalid license. (status=10009|10009)
--- Reading solution for model schedule_scenario
--- Executing after solve: elapsed 0:00:00.974
--- main_for_lr6.gms(478) 7 Mb
--- Generating MIP model schedule_scenario
--- main_for_lr6.gms(422) 7 Mb
--- Starting Equ Objective_scenario: elapsed 0:00:00.974
--- main_for_lr6.gms(406) 7 Mb
--- Starting Equ Const1_scenario: elapsed 0:00:00.974
--- main_for_lr6.gms(411) 7 Mb
--- Starting Equ Const_chance_1_scenario: elapsed 0:00:00.975
--- main_for_lr6.gms(481) 7 Mb
--- LOOPS rs = scen34
---   48 rows  97 columns  213 non-zeroes
--- Executing GUROBI (Solvelink=5): elapsed 0:00:00.978

Gurobi           32.2.0 rc62c018 Released Aug 26, 2020 WEI x86 64bit/MS Window

GAMS/Gurobi demo/community requires a Gurobi license from Gurobi Optimization.
*** Cannot initialize Gurobi environment.
*** Could be a missing or invalid license. (status=10009|10009)
--- Reading solution for model schedule_scenario
--- Executing after solve: elapsed 0:00:00.990
--- main_for_lr6.gms(478) 7 Mb
--- Generating MIP model schedule_scenario
--- main_for_lr6.gms(422) 7 Mb
--- Starting Equ Objective_scenario: elapsed 0:00:00.990
--- main_for_lr6.gms(406) 7 Mb
--- Starting Equ Const1_scenario: elapsed 0:00:00.991
--- main_for_lr6.gms(411) 7 Mb
--- Starting Equ Const_chance_1_scenario: elapsed 0:00:00.991
--- main_for_lr6.gms(481) 7 Mb
--- LOOPS rs = scen35
---   48 rows  97 columns  213 non-zeroes
--- Executing GUROBI (Solvelink=5): elapsed 0:00:00.995

Gurobi           32.2.0 rc62c018 Released Aug 26, 2020 WEI x86 64bit/MS Window

GAMS/Gurobi demo/community requires a Gurobi license from Gurobi Optimization.
*** Cannot initialize Gurobi environment.
*** Could be a missing or invalid license. (status=10009|10009)
--- Reading solution for model schedule_scenario
--- Executing after solve: elapsed 0:00:01.005
--- main_for_lr6.gms(478) 7 Mb
--- Generating MIP model schedule_scenario
--- main_for_lr6.gms(422) 7 Mb
--- Starting Equ Objective_scenario: elapsed 0:00:01.005
--- main_for_lr6.gms(406) 7 Mb
--- Starting Equ Const1_scenario: elapsed 0:00:01.006
--- main_for_lr6.gms(411) 7 Mb
--- Starting Equ Const_chance_1_scenario: elapsed 0:00:01.006
--- main_for_lr6.gms(481) 7 Mb
--- LOOPS rs = scen36
---   48 rows  97 columns  213 non-zeroes
--- Executing GUROBI (Solvelink=5): elapsed 0:00:01.009

Gurobi           32.2.0 rc62c018 Released Aug 26, 2020 WEI x86 64bit/MS Window

GAMS/Gurobi demo/community requires a Gurobi license from Gurobi Optimization.
*** Cannot initialize Gurobi environment.
*** Could be a missing or invalid license. (status=10009|10009)
--- Reading solution for model schedule_scenario
--- Executing after solve: elapsed 0:00:01.020
--- main_for_lr6.gms(478) 7 Mb
--- Generating MIP model schedule_scenario
--- main_for_lr6.gms(422) 7 Mb
--- Starting Equ Objective_scenario: elapsed 0:00:01.020
--- main_for_lr6.gms(406) 7 Mb
--- Starting Equ Const1_scenario: elapsed 0:00:01.020
--- main_for_lr6.gms(411) 7 Mb
--- Starting Equ Const_chance_1_scenario: elapsed 0:00:01.021
--- main_for_lr6.gms(481) 7 Mb
--- LOOPS rs = scen37
---   48 rows  97 columns  213 non-zeroes
--- Executing GUROBI (Solvelink=5): elapsed 0:00:01.024

Gurobi           32.2.0 rc62c018 Released Aug 26, 2020 WEI x86 64bit/MS Window

GAMS/Gurobi demo/community requires a Gurobi license from Gurobi Optimization.
*** Cannot initialize Gurobi environment.
*** Could be a missing or invalid license. (status=10009|10009)
--- Reading solution for model schedule_scenario
--- Executing after solve: elapsed 0:00:01.036
--- main_for_lr6.gms(478) 7 Mb
--- Generating MIP model schedule_scenario
--- main_for_lr6.gms(422) 7 Mb
--- Starting Equ Objective_scenario: elapsed 0:00:01.036
--- main_for_lr6.gms(406) 7 Mb
--- Starting Equ Const1_scenario: elapsed 0:00:01.036
--- main_for_lr6.gms(411) 7 Mb
--- Starting Equ Const_chance_1_scenario: elapsed 0:00:01.037
--- main_for_lr6.gms(481) 7 Mb
--- LOOPS rs = scen38
---   48 rows  97 columns  213 non-zeroes
--- Executing GUROBI (Solvelink=5): elapsed 0:00:01.040

Gurobi           32.2.0 rc62c018 Released Aug 26, 2020 WEI x86 64bit/MS Window

GAMS/Gurobi demo/community requires a Gurobi license from Gurobi Optimization.
*** Cannot initialize Gurobi environment.
*** Could be a missing or invalid license. (status=10009|10009)
--- Reading solution for model schedule_scenario
--- Executing after solve: elapsed 0:00:01.050
--- main_for_lr6.gms(478) 7 Mb
--- Generating MIP model schedule_scenario
--- main_for_lr6.gms(422) 7 Mb
--- Starting Equ Objective_scenario: elapsed 0:00:01.050
--- main_for_lr6.gms(406) 7 Mb
--- Starting Equ Const1_scenario: elapsed 0:00:01.051
--- main_for_lr6.gms(411) 7 Mb
--- Starting Equ Const_chance_1_scenario: elapsed 0:00:01.051
--- main_for_lr6.gms(481) 7 Mb
--- LOOPS rs = scen39
---   48 rows  97 columns  213 non-zeroes
--- Executing GUROBI (Solvelink=5): elapsed 0:00:01.055

Gurobi           32.2.0 rc62c018 Released Aug 26, 2020 WEI x86 64bit/MS Window

GAMS/Gurobi demo/community requires a Gurobi license from Gurobi Optimization.
*** Cannot initialize Gurobi environment.
*** Could be a missing or invalid license. (status=10009|10009)
--- Reading solution for model schedule_scenario
--- Executing after solve: elapsed 0:00:01.066
--- main_for_lr6.gms(478) 7 Mb
--- Generating MIP model schedule_scenario
--- main_for_lr6.gms(422) 7 Mb
--- Starting Equ Objective_scenario: elapsed 0:00:01.066
--- main_for_lr6.gms(406) 7 Mb
--- Starting Equ Const1_scenario: elapsed 0:00:01.066
--- main_for_lr6.gms(411) 7 Mb
--- Starting Equ Const_chance_1_scenario: elapsed 0:00:01.067
--- main_for_lr6.gms(481) 7 Mb
--- LOOPS rs = scen40
---   48 rows  97 columns  213 non-zeroes
--- Executing GUROBI (Solvelink=5): elapsed 0:00:01.072

Gurobi           32.2.0 rc62c018 Released Aug 26, 2020 WEI x86 64bit/MS Window

GAMS/Gurobi demo/community requires a Gurobi license from Gurobi Optimization.
*** Cannot initialize Gurobi environment.
*** Could be a missing or invalid license. (status=10009|10009)
--- Reading solution for model schedule_scenario
--- Executing after solve: elapsed 0:00:01.084
--- main_for_lr6.gms(478) 7 Mb
--- Generating MIP model schedule_scenario
--- main_for_lr6.gms(422) 7 Mb
--- Starting Equ Objective_scenario: elapsed 0:00:01.084
--- main_for_lr6.gms(406) 7 Mb
--- Starting Equ Const1_scenario: elapsed 0:00:01.084
--- main_for_lr6.gms(411) 7 Mb
--- Starting Equ Const_chance_1_scenario: elapsed 0:00:01.085
--- main_for_lr6.gms(481) 7 Mb
--- LOOPS rs = scen41
---   48 rows  97 columns  213 non-zeroes
--- Executing GUROBI (Solvelink=5): elapsed 0:00:01.088

Gurobi           32.2.0 rc62c018 Released Aug 26, 2020 WEI x86 64bit/MS Window

GAMS/Gurobi demo/community requires a Gurobi license from Gurobi Optimization.
*** Cannot initialize Gurobi environment.
*** Could be a missing or invalid license. (status=10009|10009)
--- Reading solution for model schedule_scenario
--- Executing after solve: elapsed 0:00:01.099
--- main_for_lr6.gms(478) 7 Mb
--- Generating MIP model schedule_scenario
--- main_for_lr6.gms(422) 7 Mb
--- Starting Equ Objective_scenario: elapsed 0:00:01.099
--- main_for_lr6.gms(406) 7 Mb
--- Starting Equ Const1_scenario: elapsed 0:00:01.099
--- main_for_lr6.gms(411) 7 Mb
--- Starting Equ Const_chance_1_scenario: elapsed 0:00:01.100
--- main_for_lr6.gms(481) 7 Mb
--- LOOPS rs = scen42
---   48 rows  97 columns  213 non-zeroes
--- Executing GUROBI (Solvelink=5): elapsed 0:00:01.103

Gurobi           32.2.0 rc62c018 Released Aug 26, 2020 WEI x86 64bit/MS Window

GAMS/Gurobi demo/community requires a Gurobi license from Gurobi Optimization.
*** Cannot initialize Gurobi environment.
*** Could be a missing or invalid license. (status=10009|10009)
--- Reading solution for model schedule_scenario
--- Executing after solve: elapsed 0:00:01.115
--- main_for_lr6.gms(478) 7 Mb
--- Generating MIP model schedule_scenario
--- main_for_lr6.gms(422) 7 Mb
--- Starting Equ Objective_scenario: elapsed 0:00:01.115
--- main_for_lr6.gms(406) 7 Mb
--- Starting Equ Const1_scenario: elapsed 0:00:01.115
--- main_for_lr6.gms(411) 7 Mb
--- Starting Equ Const_chance_1_scenario: elapsed 0:00:01.116
--- main_for_lr6.gms(481) 7 Mb
--- LOOPS rs = scen43
---   48 rows  97 columns  213 non-zeroes
--- Executing GUROBI (Solvelink=5): elapsed 0:00:01.119

Gurobi           32.2.0 rc62c018 Released Aug 26, 2020 WEI x86 64bit/MS Window

GAMS/Gurobi demo/community requires a Gurobi license from Gurobi Optimization.
*** Cannot initialize Gurobi environment.
*** Could be a missing or invalid license. (status=10009|10009)
--- Reading solution for model schedule_scenario
--- Executing after solve: elapsed 0:00:01.129
--- main_for_lr6.gms(478) 7 Mb
--- Generating MIP model schedule_scenario
--- main_for_lr6.gms(422) 7 Mb
--- Starting Equ Objective_scenario: elapsed 0:00:01.129
--- main_for_lr6.gms(406) 7 Mb
--- Starting Equ Const1_scenario: elapsed 0:00:01.129
--- main_for_lr6.gms(411) 7 Mb
--- Starting Equ Const_chance_1_scenario: elapsed 0:00:01.130
--- main_for_lr6.gms(481) 7 Mb
--- LOOPS rs = scen44
---   48 rows  97 columns  213 non-zeroes
--- Executing GUROBI (Solvelink=5): elapsed 0:00:01.133

Gurobi           32.2.0 rc62c018 Released Aug 26, 2020 WEI x86 64bit/MS Window

GAMS/Gurobi demo/community requires a Gurobi license from Gurobi Optimization.
*** Cannot initialize Gurobi environment.
*** Could be a missing or invalid license. (status=10009|10009)
--- Reading solution for model schedule_scenario
--- Executing after solve: elapsed 0:00:01.146
--- main_for_lr6.gms(478) 7 Mb
--- Generating MIP model schedule_scenario
--- main_for_lr6.gms(422) 7 Mb
--- Starting Equ Objective_scenario: elapsed 0:00:01.146
--- main_for_lr6.gms(406) 7 Mb
--- Starting Equ Const1_scenario: elapsed 0:00:01.146
--- main_for_lr6.gms(411) 7 Mb
--- Starting Equ Const_chance_1_scenario: elapsed 0:00:01.147
--- main_for_lr6.gms(481) 7 Mb
--- LOOPS rs = scen45
---   48 rows  97 columns  213 non-zeroes
--- Executing GUROBI (Solvelink=5): elapsed 0:00:01.150

Gurobi           32.2.0 rc62c018 Released Aug 26, 2020 WEI x86 64bit/MS Window

GAMS/Gurobi demo/community requires a Gurobi license from Gurobi Optimization.
*** Cannot initialize Gurobi environment.
*** Could be a missing or invalid license. (status=10009|10009)
--- Reading solution for model schedule_scenario
--- Executing after solve: elapsed 0:00:01.161
--- main_for_lr6.gms(478) 7 Mb
--- Generating MIP model schedule_scenario
--- main_for_lr6.gms(422) 7 Mb
--- Starting Equ Objective_scenario: elapsed 0:00:01.162
--- main_for_lr6.gms(406) 7 Mb
--- Starting Equ Const1_scenario: elapsed 0:00:01.162
--- main_for_lr6.gms(411) 7 Mb
--- Starting Equ Const_chance_1_scenario: elapsed 0:00:01.164
--- main_for_lr6.gms(481) 7 Mb
--- LOOPS rs = scen46
---   48 rows  97 columns  213 non-zeroes
--- Executing GUROBI (Solvelink=5): elapsed 0:00:01.168

Gurobi           32.2.0 rc62c018 Released Aug 26, 2020 WEI x86 64bit/MS Window

GAMS/Gurobi demo/community requires a Gurobi license from Gurobi Optimization.
*** Cannot initialize Gurobi environment.
*** Could be a missing or invalid license. (status=10009|10009)
--- Reading solution for model schedule_scenario
--- Executing after solve: elapsed 0:00:01.180
--- main_for_lr6.gms(478) 7 Mb
--- Generating MIP model schedule_scenario
--- main_for_lr6.gms(422) 7 Mb
--- Starting Equ Objective_scenario: elapsed 0:00:01.181
--- main_for_lr6.gms(406) 7 Mb
--- Starting Equ Const1_scenario: elapsed 0:00:01.181
--- main_for_lr6.gms(411) 7 Mb
--- Starting Equ Const_chance_1_scenario: elapsed 0:00:01.182
--- main_for_lr6.gms(481) 7 Mb
--- LOOPS rs = scen47
---   48 rows  97 columns  213 non-zeroes
--- Executing GUROBI (Solvelink=5): elapsed 0:00:01.185

Gurobi           32.2.0 rc62c018 Released Aug 26, 2020 WEI x86 64bit/MS Window

GAMS/Gurobi demo/community requires a Gurobi license from Gurobi Optimization.
*** Cannot initialize Gurobi environment.
*** Could be a missing or invalid license. (status=10009|10009)
--- Reading solution for model schedule_scenario
--- Executing after solve: elapsed 0:00:01.196
--- main_for_lr6.gms(478) 7 Mb
--- Generating MIP model schedule_scenario
--- main_for_lr6.gms(422) 7 Mb
--- Starting Equ Objective_scenario: elapsed 0:00:01.196
--- main_for_lr6.gms(406) 7 Mb
--- Starting Equ Const1_scenario: elapsed 0:00:01.197
--- main_for_lr6.gms(411) 7 Mb
--- Starting Equ Const_chance_1_scenario: elapsed 0:00:01.197
--- main_for_lr6.gms(481) 7 Mb
--- LOOPS rs = scen48
---   48 rows  97 columns  213 non-zeroes
--- Executing GUROBI (Solvelink=5): elapsed 0:00:01.200

Gurobi           32.2.0 rc62c018 Released Aug 26, 2020 WEI x86 64bit/MS Window

GAMS/Gurobi demo/community requires a Gurobi license from Gurobi Optimization.
*** Cannot initialize Gurobi environment.
*** Could be a missing or invalid license. (status=10009|10009)
--- Reading solution for model schedule_scenario
--- Executing after solve: elapsed 0:00:01.211
--- main_for_lr6.gms(478) 7 Mb
--- Generating MIP model schedule_scenario
--- main_for_lr6.gms(422) 7 Mb
--- Starting Equ Objective_scenario: elapsed 0:00:01.211
--- main_for_lr6.gms(406) 7 Mb
--- Starting Equ Const1_scenario: elapsed 0:00:01.211
--- main_for_lr6.gms(411) 7 Mb
--- Starting Equ Const_chance_1_scenario: elapsed 0:00:01.212
--- main_for_lr6.gms(481) 7 Mb
--- LOOPS rs = scen49
---   48 rows  97 columns  213 non-zeroes
--- Executing GUROBI (Solvelink=5): elapsed 0:00:01.215

Gurobi           32.2.0 rc62c018 Released Aug 26, 2020 WEI x86 64bit/MS Window

GAMS/Gurobi demo/community requires a Gurobi license from Gurobi Optimization.
*** Cannot initialize Gurobi environment.
*** Could be a missing or invalid license. (status=10009|10009)
--- Reading solution for model schedule_scenario
--- Executing after solve: elapsed 0:00:01.225
--- main_for_lr6.gms(478) 7 Mb
--- Generating MIP model schedule_scenario
--- main_for_lr6.gms(422) 7 Mb
--- Starting Equ Objective_scenario: elapsed 0:00:01.225
--- main_for_lr6.gms(406) 7 Mb
--- Starting Equ Const1_scenario: elapsed 0:00:01.226
--- main_for_lr6.gms(411) 7 Mb
--- Starting Equ Const_chance_1_scenario: elapsed 0:00:01.227
--- main_for_lr6.gms(481) 7 Mb
--- LOOPS rs = scen50
---   48 rows  97 columns  213 non-zeroes
--- Executing GUROBI (Solvelink=5): elapsed 0:00:01.230

Gurobi           32.2.0 rc62c018 Released Aug 26, 2020 WEI x86 64bit/MS Window

GAMS/Gurobi demo/community requires a Gurobi license from Gurobi Optimization.
*** Cannot initialize Gurobi environment.
*** Could be a missing or invalid license. (status=10009|10009)
--- Reading solution for model schedule_scenario
--- Executing after solve: elapsed 0:00:01.241
--- main_for_lr6.gms(478) 7 Mb
--- Generating MIP model schedule_scenario
--- main_for_lr6.gms(422) 7 Mb
--- Starting Equ Objective_scenario: elapsed 0:00:01.241
--- main_for_lr6.gms(406) 7 Mb
--- Starting Equ Const1_scenario: elapsed 0:00:01.241
--- main_for_lr6.gms(411) 7 Mb
--- Starting Equ Const_chance_1_scenario: elapsed 0:00:01.242
--- main_for_lr6.gms(481) 7 Mb
--- LOOPS rs = scen51
---   48 rows  97 columns  213 non-zeroes
--- Executing GUROBI (Solvelink=5): elapsed 0:00:01.246

Gurobi           32.2.0 rc62c018 Released Aug 26, 2020 WEI x86 64bit/MS Window

GAMS/Gurobi demo/community requires a Gurobi license from Gurobi Optimization.
*** Cannot initialize Gurobi environment.
*** Could be a missing or invalid license. (status=10009|10009)
--- Reading solution for model schedule_scenario
--- Executing after solve: elapsed 0:00:01.257
--- main_for_lr6.gms(478) 7 Mb
--- Generating MIP model schedule_scenario
--- main_for_lr6.gms(422) 7 Mb
--- Starting Equ Objective_scenario: elapsed 0:00:01.258
--- main_for_lr6.gms(406) 7 Mb
--- Starting Equ Const1_scenario: elapsed 0:00:01.258
--- main_for_lr6.gms(411) 7 Mb
--- Starting Equ Const_chance_1_scenario: elapsed 0:00:01.259
--- main_for_lr6.gms(481) 7 Mb
--- LOOPS rs = scen52
---   48 rows  97 columns  213 non-zeroes
--- Executing GUROBI (Solvelink=5): elapsed 0:00:01.262

Gurobi           32.2.0 rc62c018 Released Aug 26, 2020 WEI x86 64bit/MS Window

GAMS/Gurobi demo/community requires a Gurobi license from Gurobi Optimization.
*** Cannot initialize Gurobi environment.
*** Could be a missing or invalid license. (status=10009|10009)
--- Reading solution for model schedule_scenario
--- Executing after solve: elapsed 0:00:01.272
--- main_for_lr6.gms(478) 7 Mb
--- Generating MIP model schedule_scenario
--- main_for_lr6.gms(422) 7 Mb
--- Starting Equ Objective_scenario: elapsed 0:00:01.273
--- main_for_lr6.gms(406) 7 Mb
--- Starting Equ Const1_scenario: elapsed 0:00:01.273
--- main_for_lr6.gms(411) 7 Mb
--- Starting Equ Const_chance_1_scenario: elapsed 0:00:01.274
--- main_for_lr6.gms(481) 7 Mb
--- LOOPS rs = scen53
---   48 rows  97 columns  213 non-zeroes
--- Executing GUROBI (Solvelink=5): elapsed 0:00:01.278

Gurobi           32.2.0 rc62c018 Released Aug 26, 2020 WEI x86 64bit/MS Window

GAMS/Gurobi demo/community requires a Gurobi license from Gurobi Optimization.
*** Cannot initialize Gurobi environment.
*** Could be a missing or invalid license. (status=10009|10009)
--- Reading solution for model schedule_scenario
--- Executing after solve: elapsed 0:00:01.288
--- main_for_lr6.gms(478) 7 Mb
--- Generating MIP model schedule_scenario
--- main_for_lr6.gms(422) 7 Mb
--- Starting Equ Objective_scenario: elapsed 0:00:01.289
--- main_for_lr6.gms(406) 7 Mb
--- Starting Equ Const1_scenario: elapsed 0:00:01.289
--- main_for_lr6.gms(411) 7 Mb
--- Starting Equ Const_chance_1_scenario: elapsed 0:00:01.290
--- main_for_lr6.gms(481) 7 Mb
--- LOOPS rs = scen54
---   48 rows  97 columns  213 non-zeroes
--- Executing GUROBI (Solvelink=5): elapsed 0:00:01.294

Gurobi           32.2.0 rc62c018 Released Aug 26, 2020 WEI x86 64bit/MS Window

GAMS/Gurobi demo/community requires a Gurobi license from Gurobi Optimization.
*** Cannot initialize Gurobi environment.
*** Could be a missing or invalid license. (status=10009|10009)
--- Reading solution for model schedule_scenario
--- Executing after solve: elapsed 0:00:01.303
--- main_for_lr6.gms(478) 7 Mb
--- Generating MIP model schedule_scenario
--- main_for_lr6.gms(422) 7 Mb
--- Starting Equ Objective_scenario: elapsed 0:00:01.304
--- main_for_lr6.gms(406) 7 Mb
--- Starting Equ Const1_scenario: elapsed 0:00:01.304
--- main_for_lr6.gms(411) 7 Mb
--- Starting Equ Const_chance_1_scenario: elapsed 0:00:01.305
--- main_for_lr6.gms(481) 7 Mb
--- LOOPS rs = scen55
---   48 rows  97 columns  213 non-zeroes
--- Executing GUROBI (Solvelink=5): elapsed 0:00:01.308

Gurobi           32.2.0 rc62c018 Released Aug 26, 2020 WEI x86 64bit/MS Window

GAMS/Gurobi demo/community requires a Gurobi license from Gurobi Optimization.
*** Cannot initialize Gurobi environment.
*** Could be a missing or invalid license. (status=10009|10009)
--- Reading solution for model schedule_scenario
--- Executing after solve: elapsed 0:00:01.318
--- main_for_lr6.gms(478) 7 Mb
--- Generating MIP model schedule_scenario
--- main_for_lr6.gms(422) 7 Mb
--- Starting Equ Objective_scenario: elapsed 0:00:01.318
--- main_for_lr6.gms(406) 7 Mb
--- Starting Equ Const1_scenario: elapsed 0:00:01.319
--- main_for_lr6.gms(411) 7 Mb
--- Starting Equ Const_chance_1_scenario: elapsed 0:00:01.319
--- main_for_lr6.gms(481) 7 Mb
--- LOOPS rs = scen56
---   48 rows  97 columns  213 non-zeroes
*** Error at line 481: Control C Event: execution halted
--- main_for_lr6.gms(481) 7 Mb 1 Error
*** SOLVE aborted
--- Profile Summary (1063 records processed)
     0.093   0.007GB       456 Solve Alg  schedule
     0.031   0.005GB       402 Equation   Objective (1)
     0.016   0.007GB       481 Solve Fini schedule_scenario (213)
     0.016   0.007GB       481 Solve Alg  schedule_scenario
     0.016   0.007GB       481 Solve Alg  schedule_scenario
     0.016   0.007GB       481 Solve Alg  schedule_scenario
     0.016   0.007GB       481 Solve Alg  schedule_scenario
     0.016   0.007GB       481 Solve Alg  schedule_scenario
     0.016   0.007GB       481 Solve Alg  schedule_scenario
     0.016   0.007GB       410 Equation   Const_chance_1 (2400)
--- main_for_lr6.gms(481) 7 Mb 1 Error
*** Status: Execution error(s)
--- Job main_for_lr6.gms Stop 06/22/22 11:37:56 elapsed 0:00:01.324
