--- Job Naive_LR_solving_2Approach.gms Start 11/01/21 17:10:28 32.2.0 rc62c018 WEX-WEI x86 64bit/MS Windows
--- Applying:
    C:\GAMS\32\gmsprmNT.txt
--- GAMS Parameters defined
    Input C:\Users\charl\OneDrive\Dokumente\A_Uni\HiWi\ArticleSubgradient\Code\SampleRun_Environment\600Scens\tol03\Scenario4\Naive_LR_solving_2Approach.gms
    PageSize 0
    ScrDir C:\Users\charl\OneDrive\Dokumente\A_Uni\HiWi\ArticleSubgradient\Code\SampleRun_Environment\600Scens\tol03\Scenario4\225a\
    SysDir C:\GAMS\32\
    LogOption 3
    ErrMsg 1
    ErrorLog 99
    IDE 1
    LstTitleLeftAligned 1
GAMS 32.2.0   Copyright (C) 1987-2020 GAMS Development. All rights reserved
Licensee: Small MUD - 5 User License                     S200323/0001AN-GEN
          Friedrich-Alexander-Universitaet Erlangen-Nurnberg         DC7699
          C:\GAMS\32\gamslice.txt
--- Starting compilation
--- Naive_LR_solving_2Approach.gms(14) 2 Mb
--- . inputME.gms(22) 3 Mb
--- .. wind_scenarios_600_4.csv(601) 4 Mb
--- . inputME.gms(44) 4 Mb
--- .. scenario_sorted.csv(601) 4 Mb
--- . inputME.gms(64) 4 Mb
--- .. wind_costs.csv(25) 4 Mb
--- . inputME.gms(136) 4 Mb
--- Naive_LR_solving_2Approach.gms(15) 4 Mb
--- . subgradient_parameters.gms(33) 4 Mb
--- Naive_LR_solving_2Approach.gms(16) 4 Mb
--- . equations_all.gms(96) 4 Mb
--- Naive_LR_solving_2Approach.gms(76) 4 Mb
--- . lp_lowerbound.gms(12) 4 Mb
--- Naive_LR_solving_2Approach.gms(77) 4 Mb
--- . heuristic_upperbound.gms(58) 4 Mb
--- Naive_LR_solving_2Approach.gms(115) 4 Mb
--- . plain_lr.gms(12) 4 Mb
--- Naive_LR_solving_2Approach.gms(121) 4 Mb
--- . LR_updates.gms(17) 4 Mb
--- .. stepsizes.gms(21) 4 Mb
--- . LR_updates.gms(42) 4 Mb
--- Naive_LR_solving_2Approach.gms(152) 4 Mb
--- Starting execution: elapsed 0:00:00.079
--- Naive_LR_solving_2Approach.gms(1535) 7 Mb
--- Generating MIP model schedule
--- Naive_LR_solving_2Approach.gms(1441) 7 Mb
--- Starting Equ Objective: elapsed 0:00:00.165
--- Naive_LR_solving_2Approach.gms(1450) 9 Mb
--- Starting Equ Const1_1: elapsed 0:00:00.550
--- Naive_LR_solving_2Approach.gms(1457) 18 Mb
--- Starting Equ Const1_2: elapsed 0:00:00.639
--- Naive_LR_solving_2Approach.gms(1466) 18 Mb
--- Starting Equ Const_3_1: elapsed 0:00:00.642
--- Naive_LR_solving_2Approach.gms(1469) 22 Mb
--- Starting Equ Const_3_2: elapsed 0:00:00.765
--- Naive_LR_solving_2Approach.gms(1474) 26 Mb
--- Starting Equ Const_4_1: elapsed 0:00:00.887
--- Naive_LR_solving_2Approach.gms(1477) 29 Mb
--- Starting Equ Const_4_2: elapsed 0:00:01.055
--- Naive_LR_solving_2Approach.gms(1480) 31 Mb
--- Starting Equ Const_5: elapsed 0:00:01.215
--- Naive_LR_solving_2Approach.gms(1484) 36 Mb
--- Starting Equ Const_6: elapsed 0:00:01.312
--- Naive_LR_solving_2Approach.gms(1536) 40 Mb
---   96,002 rows  58,225 columns  441,025 non-zeroes
---   43,800 discrete-columns
--- Executing GUROBI (Solvelink=2): elapsed 0:00:01.565

Gurobi           32.2.0 rc62c018 Released Aug 26, 2020 WEI x86 64bit/MS Window

Gurobi link license.
*** Cannot initialize Gurobi environment.
*** Could be a missing or invalid license. (status=10009|10009)
--- Reading solution for model schedule
--- Executing after solve: elapsed 0:00:01.790
--- Naive_LR_solving_2Approach.gms(1571) 40 Mb
--- Generating RMIP model schedule
--- Naive_LR_solving_2Approach.gms(1441) 40 Mb
--- Starting Equ Objective: elapsed 0:00:01.790
--- Naive_LR_solving_2Approach.gms(1450) 40 Mb
--- Starting Equ Const1_1: elapsed 0:00:02.216
--- Naive_LR_solving_2Approach.gms(1457) 40 Mb
--- Starting Equ Const1_2: elapsed 0:00:02.349
--- Naive_LR_solving_2Approach.gms(1466) 40 Mb
--- Starting Equ Const_3_1: elapsed 0:00:02.351
--- Naive_LR_solving_2Approach.gms(1469) 40 Mb
--- Starting Equ Const_3_2: elapsed 0:00:02.498
--- Naive_LR_solving_2Approach.gms(1474) 40 Mb
--- Starting Equ Const_4_1: elapsed 0:00:02.652
--- Naive_LR_solving_2Approach.gms(1477) 40 Mb
--- Starting Equ Const_4_2: elapsed 0:00:02.833
--- Naive_LR_solving_2Approach.gms(1480) 40 Mb
--- Starting Equ Const_5: elapsed 0:00:03.020
--- Naive_LR_solving_2Approach.gms(1484) 40 Mb
--- Starting Equ Const_6: elapsed 0:00:03.142
--- Naive_LR_solving_2Approach.gms(1572) 40 Mb
---   96,002 rows  58,225 columns  441,025 non-zeroes
---   43,800 discrete-columns
*** Error at line 1572: Control C Event: execution halted
--- Naive_LR_solving_2Approach.gms(1572) 40 Mb 1 Error
*** SOLVE aborted
--- Putfile TestingFile3 C:\Users\charl\OneDrive\Dokumente\A_Uni\HiWi\ArticleSubgradient\Code\SampleRun_Environment\600Scens\tol03\Scenario4\TestingFileAproach2.csv
--- Profile Summary (1483 records processed)
     0.422   0.040GB      1441 Equation   Objective (1)
     0.390   0.009GB      1441 Equation   Objective (1)
     0.203   0.040GB      1536 Solve Alg  schedule
     0.188   0.040GB      1474 Equation   Const_4_1 (13200)
     0.187   0.040GB      1572 Solve Fini schedule (441025)
     0.187   0.040GB      1477 Equation   Const_4_2 (13200)
     0.171   0.029GB      1474 Equation   Const_4_1 (13200)
     0.157   0.031GB      1477 Equation   Const_4_2 (13200)
     0.156   0.040GB      1536 Solve Fini schedule (441025)
     0.156   0.040GB      1469 Equation   Const_3_2 (13800)
--- Naive_LR_solving_2Approach.gms(1572) 40 Mb 1 Error
*** Status: Execution error(s)
--- Job Naive_LR_solving_2Approach.gms Stop 11/01/21 17:10:31 elapsed 0:00:03.505
