--- Job fixed_problem_hi.gms Start 03/21/22 14:29:45 32.2.0 rc62c018 WEX-WEI x86 64bit/MS Windows
--- Applying:
    C:\GAMS\32\gmsprmNT.txt
--- GAMS Parameters defined
    Input C:\Users\charl\OneDrive\Dokumente\A_Uni\HiWi\ArticleSubgradient\Code\SampleRun_Environment_Solar\900Scens\tol03\Scenario3\fixed_problem_hi.gms
    PageSize 0
    ScrDir C:\Users\charl\OneDrive\Dokumente\A_Uni\HiWi\ArticleSubgradient\Code\SampleRun_Environment_Solar\900Scens\tol03\Scenario3\225c\
    SysDir C:\GAMS\32\
    LogOption 3
    ErrMsg 1
    ErrorLog 99
    IDE 1
    LstTitleLeftAligned 1
GAMS 32.2.0   Copyright (C) 1987-2020 GAMS Development. All rights reserved
Licensee: Small MUD - 5 User License                     S200323/0001AN-GEN
          Friedrich-Alexander-Universitaet Erlangen-Nurnberg         DC7699
          C:\GAMS\32\gamslice.txt
--- Starting compilation
--- fixed_problem_hi.gms(30) 3 Mb
--- . solar_scenarios.csv(901) 3 Mb
--- fixed_problem_hi.gms(53) 3 Mb
--- . sampled_dynamic_hi.csv(25) 3 Mb
--- fixed_problem_hi.gms(62) 3 Mb
--- . battery_revenue.csv(25) 3 Mb
--- fixed_problem_hi.gms(216) 3 Mb
--- Starting execution: elapsed 0:00:00.116
--- fixed_problem_hi.gms(1133) 10 Mb
--- Generating MIP model schedule
--- fixed_problem_hi.gms(1104) 10 Mb
--- Starting Equ Objective: elapsed 0:00:00.365
--- fixed_problem_hi.gms(1106) 12 Mb
--- Starting Equ Const1: elapsed 0:00:00.709
--- fixed_problem_hi.gms(1109) 25 Mb
--- Starting Equ Const_chance_1: elapsed 0:00:00.749
--- fixed_problem_hi.gms(1112) 32 Mb
--- Starting Equ Const_chance_2: elapsed 0:00:00.790
--- fixed_problem_hi.gms(1136) 32 Mb
--- LOOPS iter = iter1
---   42,302 rows  65,725 columns  191,725 non-zeroes
---   900 discrete-columns
--- Executing GUROBI (Solvelink=2): elapsed 0:00:00.952

Gurobi           32.2.0 rc62c018 Released Aug 26, 2020 WEI x86 64bit/MS Window

Gurobi link license.
*** Cannot initialize Gurobi environment.
*** Could be a missing or invalid license. (status=10009|10009)
--- Reading solution for model schedule
--- Executing after solve: elapsed 0:00:01.282
--- fixed_problem_hi.gms(1133) 32 Mb
--- Generating MIP model schedule
--- fixed_problem_hi.gms(1104) 32 Mb
--- Starting Equ Objective: elapsed 0:00:01.282
--- fixed_problem_hi.gms(1106) 32 Mb
--- Starting Equ Const1: elapsed 0:00:01.662
*** Error at line 1104: Execution halted: Triggered by pending CtrlC event
--- fixed_problem_hi.gms(1136) 32 Mb 1 Error
*** SOLVE aborted
--- Profile Summary (2090 records processed)
     0.391   0.032GB      1104 Equation   Objective (1)
     0.344   0.012GB      1104 Equation   Objective (1)
     0.313   0.032GB      1136 Solve Alg  schedule
     0.219   0.005GB      1068 Loop       
     0.156   0.032GB      1136 Solve Fini schedule (191725)
     0.047   0.032GB      1109 Equation   Const_chance_1 (21600)
     0.031   0.025GB      1106 Equation   Const1 (20700)
     0.016   0.005GB      1071 Assignment minsolar (14)
     0.016   0.005GB      1069 Loop       
     0.016   0.005GB      1059 Assignment dummysolar (12083)
--- fixed_problem_hi.gms(1136) 32 Mb 1 Error
*** Status: Execution error(s)
--- Job fixed_problem_hi.gms Stop 03/21/22 14:29:47 elapsed 0:00:01.673
