--- Job fixed_problem.gms Start 03/16/22 14:05:44 32.2.0 rc62c018 WEX-WEI x86 64bit/MS Windows
--- Applying:
    C:\GAMS\32\gmsprmNT.txt
--- GAMS Parameters defined
    Input C:\Users\charl\OneDrive\Dokumente\A_Uni\HiWi\ArticleSubgradient\Code\SampleRun_Environment_Wind\100Scens\tol05\Scenario1\fixed_problem.gms
    PageSize 0
    ScrDir C:\Users\charl\OneDrive\Dokumente\A_Uni\HiWi\ArticleSubgradient\Code\SampleRun_Environment_Wind\100Scens\tol05\Scenario1\225c\
    SysDir C:\GAMS\32\
    LogOption 3
    ErrMsg 1
    ErrorLog 99
    IDE 1
    LstTitleLeftAligned 1
GAMS 32.2.0   Copyright (C) 1987-2020 GAMS Development. All rights reserved
Licensee: Small MUD - 5 User License                     S200323/0001AN-GEN
          Friedrich-Alexander-Universitaet Erlangen-Nurnberg         DC7699
          C:\GAMS\32\gamslice.txt
--- Starting compilation
--- fixed_problem.gms(27) 3 Mb
--- . wind_costs.csv(25) 3 Mb
--- fixed_problem.gms(34) 3 Mb
--- . wind_scenarios.csv(101) 3 Mb
--- fixed_problem.gms(157) 3 Mb
--- . sampled_dynamic.csv(25) 3 Mb
--- fixed_problem.gms(193) 3 Mb
--- Starting execution: elapsed 0:00:00.045
--- fixed_problem.gms(321) 5 Mb
--- Generating MIP model SCHEDULE
--- fixed_problem.gms(237) 5 Mb
--- Starting Equ Objective: elapsed 0:00:00.058
--- fixed_problem.gms(239) 5 Mb
--- Starting Equ Const1_1: elapsed 0:00:00.121
--- fixed_problem.gms(241) 7 Mb
--- Starting Equ Const1_2: elapsed 0:00:00.125
--- fixed_problem.gms(247) 7 Mb
--- Starting Equ Const_3_1: elapsed 0:00:00.126
--- fixed_problem.gms(248) 7 Mb
--- Starting Equ Const_3_2: elapsed 0:00:00.135
--- fixed_problem.gms(252) 8 Mb
--- Starting Equ Const_4_1: elapsed 0:00:00.142
--- fixed_problem.gms(253) 8 Mb
--- Starting Equ Const_4_2: elapsed 0:00:00.159
--- fixed_problem.gms(256) 9 Mb
--- Starting Equ Const_5: elapsed 0:00:00.177
--- fixed_problem.gms(259) 9 Mb
--- Starting Equ Const_6: elapsed 0:00:00.185
--- fixed_problem.gms(324) 10 Mb
--- LOOPS iter = iter1
---   16,002 rows  9,725 columns  73,525 non-zeroes
---   2,500 discrete-columns
--- Executing GUROBI (Solvelink=2): elapsed 0:00:00.241

Gurobi           32.2.0 rc62c018 Released Aug 26, 2020 WEI x86 64bit/MS Window

Gurobi link license.
*** Cannot initialize Gurobi environment.
*** Could be a missing or invalid license. (status=10009|10009)
--- Reading solution for model SCHEDULE
--- Executing after solve: elapsed 0:00:00.430
--- fixed_problem.gms(321) 10 Mb
--- Generating MIP model SCHEDULE
--- fixed_problem.gms(237) 10 Mb
--- Starting Equ Objective: elapsed 0:00:00.431
--- fixed_problem.gms(239) 10 Mb
--- Starting Equ Const1_1: elapsed 0:00:00.498
--- fixed_problem.gms(241) 10 Mb
--- Starting Equ Const1_2: elapsed 0:00:00.505
--- fixed_problem.gms(247) 10 Mb
--- Starting Equ Const_3_1: elapsed 0:00:00.505
--- fixed_problem.gms(248) 10 Mb
--- Starting Equ Const_3_2: elapsed 0:00:00.518
--- fixed_problem.gms(252) 10 Mb
--- Starting Equ Const_4_1: elapsed 0:00:00.530
--- fixed_problem.gms(253) 10 Mb
--- Starting Equ Const_4_2: elapsed 0:00:00.547
--- fixed_problem.gms(256) 10 Mb
--- Starting Equ Const_5: elapsed 0:00:00.563
--- fixed_problem.gms(259) 10 Mb
--- Starting Equ Const_6: elapsed 0:00:00.569
--- fixed_problem.gms(324) 10 Mb
--- LOOPS iter = iter2
---   16,002 rows  9,725 columns  73,525 non-zeroes
---   2,500 discrete-columns
--- Executing GUROBI (Solvelink=2): elapsed 0:00:00.606

Gurobi           32.2.0 rc62c018 Released Aug 26, 2020 WEI x86 64bit/MS Window

Gurobi link license.
*** Cannot initialize Gurobi environment.
*** Could be a missing or invalid license. (status=10009|10009)
--- Reading solution for model SCHEDULE
--- Executing after solve: elapsed 0:00:00.674
--- fixed_problem.gms(321) 10 Mb
--- Generating MIP model SCHEDULE
--- fixed_problem.gms(237) 10 Mb
--- Starting Equ Objective: elapsed 0:00:00.674
--- fixed_problem.gms(239) 10 Mb
--- Starting Equ Const1_1: elapsed 0:00:00.754
--- fixed_problem.gms(241) 10 Mb
--- Starting Equ Const1_2: elapsed 0:00:00.764
--- fixed_problem.gms(247) 10 Mb
--- Starting Equ Const_3_1: elapsed 0:00:00.764
--- fixed_problem.gms(248) 10 Mb
--- Starting Equ Const_3_2: elapsed 0:00:00.773
--- fixed_problem.gms(252) 10 Mb
--- Starting Equ Const_4_1: elapsed 0:00:00.781
--- fixed_problem.gms(253) 10 Mb
--- Starting Equ Const_4_2: elapsed 0:00:00.798
--- fixed_problem.gms(256) 10 Mb
--- Starting Equ Const_5: elapsed 0:00:00.814
--- fixed_problem.gms(259) 10 Mb
--- Starting Equ Const_6: elapsed 0:00:00.819
--- fixed_problem.gms(324) 10 Mb
--- LOOPS iter = iter3
---   16,002 rows  9,725 columns  73,525 non-zeroes
---   2,500 discrete-columns
--- Executing GUROBI (Solvelink=2): elapsed 0:00:00.855

Gurobi           32.2.0 rc62c018 Released Aug 26, 2020 WEI x86 64bit/MS Window

Gurobi link license.
*** Cannot initialize Gurobi environment.
*** Could be a missing or invalid license. (status=10009|10009)
--- Reading solution for model SCHEDULE
--- Executing after solve: elapsed 0:00:00.923
--- fixed_problem.gms(321) 10 Mb
--- Generating MIP model SCHEDULE
--- fixed_problem.gms(237) 10 Mb
--- Starting Equ Objective: elapsed 0:00:00.923
--- fixed_problem.gms(239) 10 Mb
--- Starting Equ Const1_1: elapsed 0:00:00.988
--- fixed_problem.gms(241) 10 Mb
--- Starting Equ Const1_2: elapsed 0:00:00.994
--- fixed_problem.gms(247) 10 Mb
--- Starting Equ Const_3_1: elapsed 0:00:00.994
--- fixed_problem.gms(248) 10 Mb
--- Starting Equ Const_3_2: elapsed 0:00:01.005
--- fixed_problem.gms(252) 10 Mb
--- Starting Equ Const_4_1: elapsed 0:00:01.018
--- fixed_problem.gms(253) 10 Mb
--- Starting Equ Const_4_2: elapsed 0:00:01.034
--- fixed_problem.gms(256) 10 Mb
--- Starting Equ Const_5: elapsed 0:00:01.050
--- fixed_problem.gms(259) 10 Mb
--- Starting Equ Const_6: elapsed 0:00:01.055
--- fixed_problem.gms(324) 10 Mb
--- LOOPS iter = iter4
---   16,002 rows  9,725 columns  73,525 non-zeroes
---   2,500 discrete-columns
--- Executing GUROBI (Solvelink=2): elapsed 0:00:01.089

Gurobi           32.2.0 rc62c018 Released Aug 26, 2020 WEI x86 64bit/MS Window

Gurobi link license.
*** Cannot initialize Gurobi environment.
*** Could be a missing or invalid license. (status=10009|10009)
--- Reading solution for model SCHEDULE
--- Executing after solve: elapsed 0:00:01.156
--- fixed_problem.gms(321) 10 Mb
--- Generating MIP model SCHEDULE
--- fixed_problem.gms(237) 10 Mb
--- Starting Equ Objective: elapsed 0:00:01.157
--- fixed_problem.gms(239) 10 Mb
--- Starting Equ Const1_1: elapsed 0:00:01.219
--- fixed_problem.gms(241) 10 Mb
--- Starting Equ Const1_2: elapsed 0:00:01.227
--- fixed_problem.gms(247) 10 Mb
--- Starting Equ Const_3_1: elapsed 0:00:01.227
--- fixed_problem.gms(248) 10 Mb
--- Starting Equ Const_3_2: elapsed 0:00:01.235
--- fixed_problem.gms(252) 10 Mb
--- Starting Equ Const_4_1: elapsed 0:00:01.247
--- fixed_problem.gms(253) 10 Mb
--- Starting Equ Const_4_2: elapsed 0:00:01.267
--- fixed_problem.gms(256) 10 Mb
--- Starting Equ Const_5: elapsed 0:00:01.284
--- fixed_problem.gms(259) 10 Mb
--- Starting Equ Const_6: elapsed 0:00:01.291
--- fixed_problem.gms(324) 10 Mb
--- LOOPS iter = iter5
---   16,002 rows  9,725 columns  73,525 non-zeroes
---   2,500 discrete-columns
--- Executing GUROBI (Solvelink=2): elapsed 0:00:01.335

Gurobi           32.2.0 rc62c018 Released Aug 26, 2020 WEI x86 64bit/MS Window

Gurobi link license.
*** Cannot initialize Gurobi environment.
*** Could be a missing or invalid license. (status=10009|10009)
--- Reading solution for model SCHEDULE
--- Executing after solve: elapsed 0:00:01.403
--- fixed_problem.gms(321) 10 Mb
--- Generating MIP model SCHEDULE
--- fixed_problem.gms(237) 10 Mb
--- Starting Equ Objective: elapsed 0:00:01.403
--- fixed_problem.gms(239) 10 Mb
--- Starting Equ Const1_1: elapsed 0:00:01.464
--- fixed_problem.gms(241) 10 Mb
--- Starting Equ Const1_2: elapsed 0:00:01.475
--- fixed_problem.gms(247) 10 Mb
--- Starting Equ Const_3_1: elapsed 0:00:01.475
--- fixed_problem.gms(248) 10 Mb
--- Starting Equ Const_3_2: elapsed 0:00:01.487
--- fixed_problem.gms(252) 10 Mb
--- Starting Equ Const_4_1: elapsed 0:00:01.501
--- fixed_problem.gms(253) 10 Mb
--- Starting Equ Const_4_2: elapsed 0:00:01.524
--- fixed_problem.gms(256) 10 Mb
--- Starting Equ Const_5: elapsed 0:00:01.544
--- fixed_problem.gms(259) 10 Mb
--- Starting Equ Const_6: elapsed 0:00:01.551
--- fixed_problem.gms(324) 10 Mb
--- LOOPS iter = iter6
---   16,002 rows  9,725 columns  73,525 non-zeroes
---   2,500 discrete-columns
--- Executing GUROBI (Solvelink=2): elapsed 0:00:01.587

Gurobi           32.2.0 rc62c018 Released Aug 26, 2020 WEI x86 64bit/MS Window

Gurobi link license.
*** Cannot initialize Gurobi environment.
*** Could be a missing or invalid license. (status=10009|10009)
--- Reading solution for model SCHEDULE
--- Executing after solve: elapsed 0:00:01.652
--- fixed_problem.gms(321) 10 Mb
--- Generating MIP model SCHEDULE
--- fixed_problem.gms(237) 10 Mb
--- Starting Equ Objective: elapsed 0:00:01.652
--- fixed_problem.gms(239) 10 Mb
--- Starting Equ Const1_1: elapsed 0:00:01.714
--- fixed_problem.gms(241) 10 Mb
--- Starting Equ Const1_2: elapsed 0:00:01.721
--- fixed_problem.gms(247) 10 Mb
--- Starting Equ Const_3_1: elapsed 0:00:01.721
--- fixed_problem.gms(248) 10 Mb
--- Starting Equ Const_3_2: elapsed 0:00:01.731
--- fixed_problem.gms(252) 10 Mb
--- Starting Equ Const_4_1: elapsed 0:00:01.745
--- fixed_problem.gms(253) 10 Mb
--- Starting Equ Const_4_2: elapsed 0:00:01.767
--- fixed_problem.gms(256) 10 Mb
--- Starting Equ Const_5: elapsed 0:00:01.785
--- fixed_problem.gms(259) 10 Mb
--- Starting Equ Const_6: elapsed 0:00:01.791
--- fixed_problem.gms(324) 10 Mb
--- LOOPS iter = iter7
---   16,002 rows  9,725 columns  73,525 non-zeroes
---   2,500 discrete-columns
--- Executing GUROBI (Solvelink=2): elapsed 0:00:01.827

Gurobi           32.2.0 rc62c018 Released Aug 26, 2020 WEI x86 64bit/MS Window

Gurobi link license.
*** Cannot initialize Gurobi environment.
*** Could be a missing or invalid license. (status=10009|10009)
--- Reading solution for model SCHEDULE
--- Executing after solve: elapsed 0:00:01.887
--- fixed_problem.gms(321) 10 Mb
--- Generating MIP model SCHEDULE
--- fixed_problem.gms(237) 10 Mb
--- Starting Equ Objective: elapsed 0:00:01.887
--- fixed_problem.gms(239) 10 Mb
--- Starting Equ Const1_1: elapsed 0:00:01.947
--- fixed_problem.gms(241) 10 Mb
--- Starting Equ Const1_2: elapsed 0:00:01.953
--- fixed_problem.gms(247) 10 Mb
--- Starting Equ Const_3_1: elapsed 0:00:01.954
--- fixed_problem.gms(248) 10 Mb
--- Starting Equ Const_3_2: elapsed 0:00:01.962
--- fixed_problem.gms(252) 10 Mb
--- Starting Equ Const_4_1: elapsed 0:00:01.971
--- fixed_problem.gms(253) 10 Mb
--- Starting Equ Const_4_2: elapsed 0:00:01.991
--- fixed_problem.gms(256) 10 Mb
--- Starting Equ Const_5: elapsed 0:00:02.008
--- fixed_problem.gms(259) 10 Mb
--- Starting Equ Const_6: elapsed 0:00:02.013
--- fixed_problem.gms(324) 10 Mb
--- LOOPS iter = iter8
---   16,002 rows  9,725 columns  73,525 non-zeroes
---   2,500 discrete-columns
--- Executing GUROBI (Solvelink=2): elapsed 0:00:02.052

Gurobi           32.2.0 rc62c018 Released Aug 26, 2020 WEI x86 64bit/MS Window

Gurobi link license.
*** Cannot initialize Gurobi environment.
*** Could be a missing or invalid license. (status=10009|10009)
--- Reading solution for model SCHEDULE
--- Executing after solve: elapsed 0:00:02.119
--- fixed_problem.gms(321) 10 Mb
--- Generating MIP model SCHEDULE
--- fixed_problem.gms(237) 10 Mb
--- Starting Equ Objective: elapsed 0:00:02.119
--- fixed_problem.gms(239) 10 Mb
--- Starting Equ Const1_1: elapsed 0:00:02.181
*** Error at line 237: Execution halted: Triggered by pending CtrlC event
--- fixed_problem.gms(324) 10 Mb 1 Error
*** SOLVE aborted
--- Profile Summary (629 records processed)
     0.188   0.010GB       324 Solve Alg  SCHEDULE
     0.078   0.010GB       237 Equation   Objective (1)
     0.078   0.005GB       237 Equation   Objective (1)
     0.078   0.010GB       237 Equation   Objective (1)
     0.063   0.010GB       237 Equation   Objective (1)
     0.063   0.010GB       324 Solve Alg  SCHEDULE
     0.063   0.010GB       324 Solve Alg  SCHEDULE
     0.063   0.010GB       237 Equation   Objective (1)
     0.063   0.010GB       237 Equation   Objective (1)
     0.062   0.010GB       237 Equation   Objective (1)
--- fixed_problem.gms(324) 10 Mb 1 Error
*** Status: Execution error(s)
--- Job fixed_problem.gms Stop 03/16/22 14:05:47 elapsed 0:00:02.185
