--- Job SAA_solar_hi.gms Start 12/20/21 15:17:38 32.2.0 rc62c018 WEX-WEI x86 64bit/MS Windows
--- Applying:
    C:\GAMS\32\gmsprmNT.txt
--- GAMS Parameters defined
    Input C:\Users\charl\OneDrive\Dokumente\A_Uni\HiWi\projectTSAM\Code\Solar\900Scen\tol01\SAA_solar_hi.gms
    PageSize 0
    ScrDir C:\Users\charl\OneDrive\Dokumente\A_Uni\HiWi\projectTSAM\Code\Solar\900Scen\tol01\225a\
    SysDir C:\GAMS\32\
    LogOption 3
    ErrMsg 1
    ErrorLog 99
    IDE 1
    LstTitleLeftAligned 1
GAMS 32.2.0   Copyright (C) 1987-2020 GAMS Development. All rights reserved
Licensee: Small MUD - 5 User License                     S200323/0001AN-GEN
          Friedrich-Alexander-Universitaet Erlangen-Nurnberg         DC7699
          C:\GAMS\32\gamslice.txt
--- Starting compilation
--- SAA_solar_hi.gms(41) 3 Mb
--- . ScenarioSet_hierarchical_solar900.csv(4273) 6 Mb
--- SAA_solar_hi.gms(69) 6 Mb
--- . battery_revenue.csv(25) 6 Mb
--- SAA_solar_hi.gms(89) 6 Mb
--- . ScenarioWeights_hierarchical_solar900.csv(4273) 6 Mb
--- SAA_solar_hi.gms(278) 6 Mb
--- Starting execution: elapsed 0:00:00.071
--- SAA_solar_hi.gms(8757) 28 Mb
--- Generating MIP model schedule
--- SAA_solar_hi.gms(8726) 28 Mb
--- Starting Equ Objective: elapsed 0:00:01.028
--- SAA_solar_hi.gms(8728) 28 Mb
--- Starting Equ Const1: elapsed 0:00:01.049
--- SAA_solar_hi.gms(8731) 29 Mb
--- Starting Equ Const_chance_1: elapsed 0:00:01.068
--- SAA_solar_hi.gms(8734) 29 Mb
--- Starting Equ Const_chance_2: elapsed 0:00:01.085
--- SAA_solar_hi.gms(8808) 29 Mb
--- LOOPS rho_ind = r1
---       iter = iter1
---   942 rows  1,485 columns  4,285 non-zeroes
---   20 discrete-columns
--- Executing GUROBI (Solvelink=2): elapsed 0:00:01.109
--- Reading solution for model schedule
--- Executing after solve: elapsed 0:00:01.179
--- SAA_solar_hi.gms(8757) 29 Mb
*** Error at line 8798: Execution halted: Triggered by pending CtrlC event
--- SAA_solar_hi.gms(8757) 29 Mb 1 Error
--- Profile Summary (40 records processed)
     0.062   0.029GB      8808 Solve Alg  schedule
     0.032   0.029GB      8808 Solve Fini schedule (4285)
     0.016   0.028GB      8726 Equation   Objective (1)
     0.016   0.029GB      8728 Equation   Const1 (460)
     0.016   0.006GB      4382 Assignment Solar (57766)
     0.016   0.013GB      8738 Assignment X (102528)
     0.016   0.026GB      8741 Assignment P (102528)
     0.015   0.028GB      8808 Solve Init schedule
     0.015   0.006GB      4380 Assignment Solar (57790)
     0.015   0.020GB      8740 Assignment Q (102528)
--- SAA_solar_hi.gms(8757) 29 Mb 1 Error
*** Status: Execution error(s)
--- Job SAA_solar_hi.gms Stop 12/20/21 15:17:39 elapsed 0:00:01.325
