--- Job fixed_problem.gms Start 03/24/22 16:16:34 32.2.0 rc62c018 WEX-WEI x86 64bit/MS Windows
--- Applying:
    C:\GAMS\32\gmsprmNT.txt
--- GAMS Parameters defined
    Input C:\Users\charl\OneDrive\Dokumente\A_Uni\HiWi\projectTSAM\Code\Wind\900Scen\tol07\fixed_problem.gms
    PageSize 0
    ScrDir C:\Users\charl\OneDrive\Dokumente\A_Uni\HiWi\projectTSAM\Code\Wind\900Scen\tol07\225a\
    SysDir C:\GAMS\32\
    LogOption 3
    ErrMsg 1
    ErrorLog 99
    IDE 1
    LstTitleLeftAligned 1
GAMS 32.2.0   Copyright (C) 1987-2020 GAMS Development. All rights reserved
Licensee: Small MUD - 5 User License                     S200323/0001AN-GEN
          Friedrich-Alexander-Universitaet Erlangen-Nurnberg         DC7699
          C:\GAMS\32\gamslice.txt
--- Starting compilation
--- fixed_problem.gms(27) 3 Mb
--- . wind_costs.csv(25) 3 Mb
--- fixed_problem.gms(34) 3 Mb
--- . wind_scenarios.csv(901) 4 Mb
--- fixed_problem.gms(157) 4 Mb 1 Error
*** Error 282 in C:\Users\charl\OneDrive\Dokumente\A_Uni\HiWi\projectTSAM\Code\Wind\900Scen\tol07\fixed_problem.gms
    Unable to open include file
--- fixed_problem.gms(159) 4 Mb 2 Errors
*** Error 463 in C:\Users\charl\OneDrive\Dokumente\A_Uni\HiWi\projectTSAM\Code\Wind\900Scen\tol07\fixed_problem.gms
    The column section in the previous table is missing.
       You may want to use $ON/OFFEMPTY
--- fixed_problem.gms(173) 4 Mb 3 Errors
*** Error 257 in C:\Users\charl\OneDrive\Dokumente\A_Uni\HiWi\projectTSAM\Code\Wind\900Scen\tol07\fixed_problem.gms
    Solve statement not checked because of previous errors
--- fixed_problem.gms(176) 4 Mb 4 Errors
*** Error 141 in C:\Users\charl\OneDrive\Dokumente\A_Uni\HiWi\projectTSAM\Code\Wind\900Scen\tol07\fixed_problem.gms
    Symbol declared but no values have been assigned. Check for missing
       data definition, assignment, data loading or implicit assignment
       via a solve statement.
       A wild shot: You may have spurious commas in the explanatory
       text of a declaration. Check symbol reference list.
--- fixed_problem.gms(202) 4 Mb 4 Errors
*** Status: Compilation error(s)
--- Job fixed_problem.gms Stop 03/24/22 16:16:34 elapsed 0:00:00.092
