--- Job main_for_lr1.gms Start 08/12/22 12:19:49 32.2.0 rc62c018 WEX-WEI x86 64bit/MS Windows
--- Applying:
    C:\GAMS\32\gmsprmNT.txt
--- GAMS Parameters defined
    Input C:\Users\charl\OneDrive\Dokumente\A_Uni\HiWi\ArticleSubgradient\Code\Model_II\Wind_Example_Instances\100Scens\tol03\main_for_lr1.gms
    PageSize 0
    ScrDir C:\Users\charl\OneDrive\Dokumente\A_Uni\HiWi\ArticleSubgradient\Code\Model_II\Wind_Example_Instances\100Scens\tol03\225c\
    SysDir C:\GAMS\32\
    LogOption 3
    ErrMsg 1
    ErrorLog 99
    IDE 1
    LstTitleLeftAligned 1
GAMS 32.2.0   Copyright (C) 1987-2020 GAMS Development. All rights reserved
Licensee: Small MUD - 5 User License                     S200323/0001AN-GEN
          Friedrich-Alexander-Universitaet Erlangen-Nurnberg         DC7699
          C:\GAMS\32\gamslice.txt
--- Starting compilation
--- main_for_lr1.gms(13) 2 Mb
--- . input.gms(13) 3 Mb
--- .. wind_costs.csv(25) 3 Mb
--- . input.gms(23) 3 Mb
--- .. wind_scenarios.csv(101) 3 Mb
--- . input.gms(107) 3 Mb
--- main_for_lr1.gms(14) 3 Mb
--- . subgradient_parameters.gms(33) 3 Mb
--- main_for_lr1.gms(15) 3 Mb
--- . equations.gms(118) 3 Mb
--- main_for_lr1.gms(16) 3 Mb
--- . lp_lowerbound.gms(12) 3 Mb
--- main_for_lr1.gms(17) 3 Mb
--- . heuristic_upperbound.gms(10) 3 Mb
--- .. sampled_dynamic.csv(25) 3 Mb
--- . heuristic_upperbound.gms(49) 3 Mb
--- main_for_lr1.gms(34) 3 Mb
--- call csv2gdx Naive.csv id=nv index=1 values=2..lastCol useHeader=y
No errors, CSV2GDX time = 16ms
--- main_for_lr1.gms(35) 3 Mb
--- GDXin=C:\Users\charl\OneDrive\Dokumente\A_Uni\HiWi\ArticleSubgradient\Code\Model_II\Wind_Example_Instances\100Scens\tol03\Naive.gdx
--- main_for_lr1.gms(83) 3 Mb
--- . plain_lr.gms(16) 3 Mb
--- main_for_lr1.gms(89) 3 Mb
--- . LR_updates.gms(18) 3 Mb
--- .. stepsizes.gms(21) 3 Mb
--- . LR_updates.gms(59) 3 Mb
--- main_for_lr1.gms(109) 3 Mb
--- Starting execution: elapsed 0:00:00.210
--- main_for_lr1.gms(403) 5 Mb
--- Generating RMIP model schedule
--- main_for_lr1.gms(321) 5 Mb
--- Starting Equ Objective: elapsed 0:00:00.218
--- main_for_lr1.gms(329) 5 Mb
--- Starting Equ Const1_1: elapsed 0:00:00.285
--- main_for_lr1.gms(337) 7 Mb
--- Starting Equ Const1_2: elapsed 0:00:00.296
--- main_for_lr1.gms(344) 7 Mb
--- Starting Equ Const_3_1: elapsed 0:00:00.296
--- main_for_lr1.gms(347) 7 Mb
--- Starting Equ Const_3_2: elapsed 0:00:00.304
--- main_for_lr1.gms(353) 8 Mb
--- Starting Equ Const_4_1: elapsed 0:00:00.305
--- main_for_lr1.gms(357) 8 Mb
--- Starting Equ Const_4_2: elapsed 0:00:00.321
--- main_for_lr1.gms(361) 9 Mb
--- Starting Equ Const_5: elapsed 0:00:00.336
--- main_for_lr1.gms(366) 9 Mb
--- Starting Equ Const_6: elapsed 0:00:00.336
--- main_for_lr1.gms(404) 10 Mb
---   16,002 rows  9,725 columns  73,525 non-zeroes
---   2,500 discrete-columns
--- Executing GUROBI (Solvelink=2): elapsed 0:00:00.370

Gurobi           32.2.0 rc62c018 Released Aug 26, 2020 WEI x86 64bit/MS Window

Gurobi link license.
*** Cannot initialize Gurobi environment.
*** Could be a missing or invalid license. (status=10009|10009)
--- Reading solution for model schedule
--- Executing after solve: elapsed 0:00:00.447
--- main_for_lr1.gms(464) 10 Mb
--- Generating MIP model SCHEDULEFIX
--- main_for_lr1.gms(319) 10 Mb
--- Starting Equ ObjectiveFIX: elapsed 0:00:00.447
--- main_for_lr1.gms(331) 10 Mb
--- Starting Equ Const1_1FIX: elapsed 0:00:00.501
--- main_for_lr1.gms(338) 10 Mb
--- Starting Equ Const1_2FIX: elapsed 0:00:00.516
--- main_for_lr1.gms(343) 10 Mb
--- Starting Equ Const_3_1FIX: elapsed 0:00:00.516
--- main_for_lr1.gms(349) 10 Mb
--- Starting Equ Const_3_2FIX: elapsed 0:00:00.516
--- main_for_lr1.gms(355) 10 Mb
--- Starting Equ Const_4_1FIX: elapsed 0:00:00.537
--- main_for_lr1.gms(359) 10 Mb
--- Starting Equ Const_4_2FIX: elapsed 0:00:00.553
--- main_for_lr1.gms(363) 10 Mb
--- Starting Equ Const_5FIX: elapsed 0:00:00.568
--- main_for_lr1.gms(368) 10 Mb
--- Starting Equ Const_6FIX: elapsed 0:00:00.572
--- main_for_lr1.gms(467) 10 Mb
--- LOOPS iterFIX = iter1
---   16,002 rows  9,725 columns  73,525 non-zeroes
---   2,500 discrete-columns
--- Executing GUROBI (Solvelink=2): elapsed 0:00:00.600

Gurobi           32.2.0 rc62c018 Released Aug 26, 2020 WEI x86 64bit/MS Window

Gurobi link license.
*** Cannot initialize Gurobi environment.
*** Could be a missing or invalid license. (status=10009|10009)
--- Reading solution for model SCHEDULEFIX
--- Executing after solve: elapsed 0:00:00.653
--- main_for_lr1.gms(464) 10 Mb
--- Generating MIP model SCHEDULEFIX
--- main_for_lr1.gms(319) 10 Mb
--- Starting Equ ObjectiveFIX: elapsed 0:00:00.653
--- main_for_lr1.gms(331) 10 Mb
--- Starting Equ Const1_1FIX: elapsed 0:00:00.716
--- main_for_lr1.gms(338) 10 Mb
--- Starting Equ Const1_2FIX: elapsed 0:00:00.716
--- main_for_lr1.gms(343) 10 Mb
--- Starting Equ Const_3_1FIX: elapsed 0:00:00.716
--- main_for_lr1.gms(349) 10 Mb
--- Starting Equ Const_3_2FIX: elapsed 0:00:00.731
--- main_for_lr1.gms(355) 10 Mb
--- Starting Equ Const_4_1FIX: elapsed 0:00:00.731
--- main_for_lr1.gms(359) 10 Mb
--- Starting Equ Const_4_2FIX: elapsed 0:00:00.747
--- main_for_lr1.gms(363) 10 Mb
--- Starting Equ Const_5FIX: elapsed 0:00:00.769
--- main_for_lr1.gms(368) 10 Mb
--- Starting Equ Const_6FIX: elapsed 0:00:00.769
--- main_for_lr1.gms(467) 10 Mb
--- LOOPS iterFIX = iter2
---   16,002 rows  9,725 columns  73,525 non-zeroes
---   2,500 discrete-columns
--- Executing GUROBI (Solvelink=2): elapsed 0:00:00.800

Gurobi           32.2.0 rc62c018 Released Aug 26, 2020 WEI x86 64bit/MS Window

Gurobi link license.
*** Cannot initialize Gurobi environment.
*** Could be a missing or invalid license. (status=10009|10009)
--- Reading solution for model SCHEDULEFIX
--- Executing after solve: elapsed 0:00:00.873
--- main_for_lr1.gms(464) 10 Mb
--- Generating MIP model SCHEDULEFIX
--- main_for_lr1.gms(319) 10 Mb
--- Starting Equ ObjectiveFIX: elapsed 0:00:00.873
--- main_for_lr1.gms(331) 10 Mb
--- Starting Equ Const1_1FIX: elapsed 0:00:00.932
--- main_for_lr1.gms(338) 10 Mb
--- Starting Equ Const1_2FIX: elapsed 0:00:00.932
--- main_for_lr1.gms(343) 10 Mb
--- Starting Equ Const_3_1FIX: elapsed 0:00:00.932
--- main_for_lr1.gms(349) 10 Mb
--- Starting Equ Const_3_2FIX: elapsed 0:00:00.947
--- main_for_lr1.gms(355) 10 Mb
--- Starting Equ Const_4_1FIX: elapsed 0:00:00.947
--- main_for_lr1.gms(359) 10 Mb
--- Starting Equ Const_4_2FIX: elapsed 0:00:00.963
--- main_for_lr1.gms(363) 10 Mb
--- Starting Equ Const_5FIX: elapsed 0:00:00.984
--- main_for_lr1.gms(368) 10 Mb
--- Starting Equ Const_6FIX: elapsed 0:00:00.984
--- main_for_lr1.gms(467) 10 Mb
--- LOOPS iterFIX = iter3
---   16,002 rows  9,725 columns  73,525 non-zeroes
---   2,500 discrete-columns
--- Executing GUROBI (Solvelink=2): elapsed 0:00:01.017

Gurobi           32.2.0 rc62c018 Released Aug 26, 2020 WEI x86 64bit/MS Window

Gurobi link license.
*** Cannot initialize Gurobi environment.
*** Could be a missing or invalid license. (status=10009|10009)
--- Reading solution for model SCHEDULEFIX
--- Executing after solve: elapsed 0:00:01.095
--- main_for_lr1.gms(464) 10 Mb
--- Generating MIP model SCHEDULEFIX
--- main_for_lr1.gms(319) 10 Mb
--- Starting Equ ObjectiveFIX: elapsed 0:00:01.096
--- main_for_lr1.gms(331) 10 Mb
--- Starting Equ Const1_1FIX: elapsed 0:00:01.155
--- main_for_lr1.gms(338) 10 Mb
--- Starting Equ Const1_2FIX: elapsed 0:00:01.155
--- main_for_lr1.gms(343) 10 Mb
--- Starting Equ Const_3_1FIX: elapsed 0:00:01.155
--- main_for_lr1.gms(349) 10 Mb
--- Starting Equ Const_3_2FIX: elapsed 0:00:01.171
--- main_for_lr1.gms(355) 10 Mb
--- Starting Equ Const_4_1FIX: elapsed 0:00:01.171
--- main_for_lr1.gms(359) 10 Mb
--- Starting Equ Const_4_2FIX: elapsed 0:00:01.187
--- main_for_lr1.gms(363) 10 Mb
--- Starting Equ Const_5FIX: elapsed 0:00:01.212
--- main_for_lr1.gms(368) 10 Mb
--- Starting Equ Const_6FIX: elapsed 0:00:01.212
--- main_for_lr1.gms(467) 10 Mb
--- LOOPS iterFIX = iter4
---   16,002 rows  9,725 columns  73,525 non-zeroes
---   2,500 discrete-columns
--- Executing GUROBI (Solvelink=2): elapsed 0:00:01.247

Gurobi           32.2.0 rc62c018 Released Aug 26, 2020 WEI x86 64bit/MS Window

Gurobi link license.
*** Cannot initialize Gurobi environment.
*** Could be a missing or invalid license. (status=10009|10009)
--- Reading solution for model SCHEDULEFIX
--- Executing after solve: elapsed 0:00:01.327
--- main_for_lr1.gms(464) 10 Mb
--- Generating MIP model SCHEDULEFIX
--- main_for_lr1.gms(319) 10 Mb
--- Starting Equ ObjectiveFIX: elapsed 0:00:01.327
--- main_for_lr1.gms(331) 10 Mb
--- Starting Equ Const1_1FIX: elapsed 0:00:01.375
--- main_for_lr1.gms(338) 10 Mb
--- Starting Equ Const1_2FIX: elapsed 0:00:01.391
--- main_for_lr1.gms(343) 10 Mb
--- Starting Equ Const_3_1FIX: elapsed 0:00:01.391
--- main_for_lr1.gms(349) 10 Mb
--- Starting Equ Const_3_2FIX: elapsed 0:00:01.391
--- main_for_lr1.gms(355) 10 Mb
--- Starting Equ Const_4_1FIX: elapsed 0:00:01.401
--- main_for_lr1.gms(359) 10 Mb
--- Starting Equ Const_4_2FIX: elapsed 0:00:01.417
--- main_for_lr1.gms(363) 10 Mb
--- Starting Equ Const_5FIX: elapsed 0:00:01.435
--- main_for_lr1.gms(368) 10 Mb
--- Starting Equ Const_6FIX: elapsed 0:00:01.435
--- main_for_lr1.gms(467) 10 Mb
--- LOOPS iterFIX = iter5
---   16,002 rows  9,725 columns  73,525 non-zeroes
---   2,500 discrete-columns
--- Executing GUROBI (Solvelink=2): elapsed 0:00:01.466

Gurobi           32.2.0 rc62c018 Released Aug 26, 2020 WEI x86 64bit/MS Window

Gurobi link license.
*** Cannot initialize Gurobi environment.
*** Could be a missing or invalid license. (status=10009|10009)
--- Reading solution for model SCHEDULEFIX
--- Executing after solve: elapsed 0:00:01.542
--- main_for_lr1.gms(464) 10 Mb
--- Generating MIP model SCHEDULEFIX
--- main_for_lr1.gms(319) 10 Mb
--- Starting Equ ObjectiveFIX: elapsed 0:00:01.542
--- main_for_lr1.gms(331) 10 Mb
--- Starting Equ Const1_1FIX: elapsed 0:00:01.601
--- main_for_lr1.gms(338) 10 Mb
--- Starting Equ Const1_2FIX: elapsed 0:00:01.601
--- main_for_lr1.gms(343) 10 Mb
--- Starting Equ Const_3_1FIX: elapsed 0:00:01.601
--- main_for_lr1.gms(349) 10 Mb
--- Starting Equ Const_3_2FIX: elapsed 0:00:01.620
--- main_for_lr1.gms(355) 10 Mb
--- Starting Equ Const_4_1FIX: elapsed 0:00:01.628
--- main_for_lr1.gms(359) 10 Mb
--- Starting Equ Const_4_2FIX: elapsed 0:00:01.643
--- main_for_lr1.gms(363) 10 Mb
--- Starting Equ Const_5FIX: elapsed 0:00:01.658
--- main_for_lr1.gms(368) 10 Mb
--- Starting Equ Const_6FIX: elapsed 0:00:01.658
--- main_for_lr1.gms(467) 10 Mb
--- LOOPS iterFIX = iter6
---   16,002 rows  9,725 columns  73,525 non-zeroes
---   2,500 discrete-columns
--- Executing GUROBI (Solvelink=2): elapsed 0:00:01.702

Gurobi           32.2.0 rc62c018 Released Aug 26, 2020 WEI x86 64bit/MS Window

Gurobi link license.
*** Cannot initialize Gurobi environment.
*** Could be a missing or invalid license. (status=10009|10009)
--- Reading solution for model SCHEDULEFIX
--- Executing after solve: elapsed 0:00:01.766
--- main_for_lr1.gms(464) 10 Mb
--- Generating MIP model SCHEDULEFIX
--- main_for_lr1.gms(319) 10 Mb
--- Starting Equ ObjectiveFIX: elapsed 0:00:01.766
--- main_for_lr1.gms(331) 10 Mb
--- Starting Equ Const1_1FIX: elapsed 0:00:01.817
--- main_for_lr1.gms(338) 10 Mb
--- Starting Equ Const1_2FIX: elapsed 0:00:01.833
--- main_for_lr1.gms(343) 10 Mb
--- Starting Equ Const_3_1FIX: elapsed 0:00:01.833
--- main_for_lr1.gms(349) 10 Mb
--- Starting Equ Const_3_2FIX: elapsed 0:00:01.833
--- main_for_lr1.gms(355) 10 Mb
--- Starting Equ Const_4_1FIX: elapsed 0:00:01.848
--- main_for_lr1.gms(359) 10 Mb
--- Starting Equ Const_4_2FIX: elapsed 0:00:01.864
--- main_for_lr1.gms(363) 10 Mb
--- Starting Equ Const_5FIX: elapsed 0:00:01.882
--- main_for_lr1.gms(368) 10 Mb
--- Starting Equ Const_6FIX: elapsed 0:00:01.882
--- main_for_lr1.gms(467) 10 Mb
--- LOOPS iterFIX = iter7
---   16,002 rows  9,725 columns  73,525 non-zeroes
---   2,500 discrete-columns
--- Executing GUROBI (Solvelink=2): elapsed 0:00:01.917

Gurobi           32.2.0 rc62c018 Released Aug 26, 2020 WEI x86 64bit/MS Window

Gurobi link license.
*** Cannot initialize Gurobi environment.
*** Could be a missing or invalid license. (status=10009|10009)
--- Reading solution for model SCHEDULEFIX
--- Executing after solve: elapsed 0:00:01.989
--- main_for_lr1.gms(464) 10 Mb
--- Generating MIP model SCHEDULEFIX
--- main_for_lr1.gms(319) 10 Mb
--- Starting Equ ObjectiveFIX: elapsed 0:00:01.989
--- main_for_lr1.gms(331) 10 Mb
--- Starting Equ Const1_1FIX: elapsed 0:00:02.044
--- main_for_lr1.gms(338) 10 Mb
--- Starting Equ Const1_2FIX: elapsed 0:00:02.044
--- main_for_lr1.gms(343) 10 Mb
--- Starting Equ Const_3_1FIX: elapsed 0:00:02.044
--- main_for_lr1.gms(349) 10 Mb
--- Starting Equ Const_3_2FIX: elapsed 0:00:02.060
--- main_for_lr1.gms(355) 10 Mb
--- Starting Equ Const_4_1FIX: elapsed 0:00:02.060
--- main_for_lr1.gms(359) 10 Mb
--- Starting Equ Const_4_2FIX: elapsed 0:00:02.076
--- main_for_lr1.gms(363) 10 Mb
--- Starting Equ Const_5FIX: elapsed 0:00:02.111
*** Error at line 359: Execution halted: Triggered by pending CtrlC event
--- main_for_lr1.gms(467) 10 Mb 1 Error
*** SOLVE aborted
--- Profile Summary (532 records processed)
     0.079   0.010GB       404 Solve Alg  schedule
     0.079   0.010GB       467 Solve Alg  SCHEDULEFIX
     0.078   0.010GB       467 Solve Alg  SCHEDULEFIX
     0.078   0.010GB       467 Solve Alg  SCHEDULEFIX
     0.078   0.010GB       467 Solve Alg  SCHEDULEFIX
     0.063   0.005GB       321 Equation   Objective (1)
     0.063   0.010GB       467 Solve Alg  SCHEDULEFIX
     0.063   0.010GB       319 Equation   ObjectiveFIX (1)
     0.063   0.010GB       319 Equation   ObjectiveFIX (1)
     0.062   0.010GB       319 Equation   ObjectiveFIX (1)
--- main_for_lr1.gms(467) 10 Mb 1 Error
*** Status: Execution error(s)
--- Job main_for_lr1.gms Stop 08/12/22 12:19:51 elapsed 0:00:02.111
