--- Job inputME.gms Start 09/20/21 11:07:17 32.2.0 rc62c018 WEX-WEI x86 64bit/MS Windows
--- Applying:
    C:\GAMS\32\gmsprmNT.txt
--- GAMS Parameters defined
    Input C:\Users\charl\OneDrive\Dokumente\A_Uni\HiWi\ArticleSubgradient\Code\150_01\inputME.gms
    PageSize 0
    ScrDir C:\Users\charl\OneDrive\Dokumente\A_Uni\HiWi\ArticleSubgradient\Code\150_01\225a\
    SysDir C:\GAMS\32\
    LogOption 3
    ErrMsg 1
    ErrorLog 99
    IDE 1
    LstTitleLeftAligned 1
GAMS 32.2.0   Copyright (C) 1987-2020 GAMS Development. All rights reserved
Licensee: Small MUD - 5 User License                     S200323/0001AN-GEN
          Friedrich-Alexander-Universitaet Erlangen-Nurnberg         DC7699
          C:\GAMS\32\gamslice.txt
--- Starting compilation
--- inputME.gms(22) 3 Mb
--- . wind_scenarios_20.csv(21) 3 Mb
--- inputME.gms(85) 3 Mb
--- . scenario_sorted_20_05.csv(21) 3 Mb
--- inputME.gms(125) 3 Mb
--- . wind_costs.csv(25) 3 Mb
--- inputME.gms(197) 3 Mb
--- Starting execution: elapsed 0:00:00.017
--- inputME.gms(261) 4 Mb
*** Status: Normal completion
--- Job inputME.gms Stop 09/20/21 11:07:17 elapsed 0:00:00.020
