--- Job main_for_lr6.gms Start 01/06/22 17:21:04 32.2.0 rc62c018 WEX-WEI x86 64bit/MS Windows
--- Applying:
    C:\GAMS\32\gmsprmNT.txt
--- GAMS Parameters defined
    Input C:\Users\charl\OneDrive\Dokumente\A_Uni\HiWi\projectTSAM\Code\Wind\1500Scen\tol03\main_for_lr6.gms
    PageSize 0
    ScrDir C:\Users\charl\OneDrive\Dokumente\A_Uni\HiWi\projectTSAM\Code\Wind\1500Scen\tol03\225a\
    SysDir C:\GAMS\32\
    LogOption 3
    ErrMsg 1
    ErrorLog 99
    IDE 1
    LstTitleLeftAligned 1
GAMS 32.2.0   Copyright (C) 1987-2020 GAMS Development. All rights reserved
Licensee: Small MUD - 5 User License                     S200323/0001AN-GEN
          Friedrich-Alexander-Universitaet Erlangen-Nurnberg         DC7699
          C:\GAMS\32\gamslice.txt
--- Starting compilation
--- main_for_lr6.gms(13) 2 Mb
--- . input.gms(14) 3 Mb
--- .. wind_costs.csv(25) 3 Mb
--- . input.gms(25) 3 Mb
--- .. wind_scenarios.csv(1501) 4 Mb
--- . input.gms(55) 4 Mb
--- .. sampled_dynamic_hi.csv(25) 4 Mb
--- . input.gms(128) 4 Mb
--- main_for_lr6.gms(14) 4 Mb
--- . subgradient_parameters.gms(35) 4 Mb
--- main_for_lr6.gms(15) 4 Mb
--- . equations.gms(123) 4 Mb
--- main_for_lr6.gms(16) 4 Mb
--- . lp_lowerbound.gms(12) 4 Mb
--- main_for_lr6.gms(17) 4 Mb
--- . heuristic_upperbound.gms(59) 4 Mb
--- main_for_lr6.gms(35) 4 Mb
--- call csv2gdx Naive.csv id=nv index=1 values=2..lastCol useHeader=y
No errors, CSV2GDX time = 15ms
--- main_for_lr6.gms(36) 4 Mb
--- GDXin=C:\Users\charl\OneDrive\Dokumente\A_Uni\HiWi\projectTSAM\Code\Wind\1500Scen\tol03\Naive.gdx
--- main_for_lr6.gms(88) 4 Mb
--- . plain_lr.gms(12) 4 Mb
--- main_for_lr6.gms(94) 4 Mb
--- . LR_updates.gms(17) 4 Mb
--- .. stepsizes.gms(21) 4 Mb
--- . LR_updates.gms(42) 4 Mb
--- main_for_lr6.gms(118) 4 Mb
--- Starting execution: elapsed 0:00:00.209
--- main_for_lr6.gms(1856) 15 Mb
--- Generating RMIP model schedule
--- main_for_lr6.gms(1769) 15 Mb
--- Starting Equ Objective: elapsed 0:00:00.752
--- main_for_lr6.gms(1778) 23 Mb
--- Starting Equ Const1_1: elapsed 0:00:01.778
--- main_for_lr6.gms(1787) 43 Mb
--- Starting Equ Const1_2: elapsed 0:00:01.835
--- main_for_lr6.gms(1796) 43 Mb
--- Starting Equ Const_3_1: elapsed 0:00:01.847
--- main_for_lr6.gms(1799) 54 Mb
--- Starting Equ Const_3_2: elapsed 0:00:01.950
--- main_for_lr6.gms(1805) 64 Mb
--- Starting Equ Const_4_1: elapsed 0:00:02.047
--- main_for_lr6.gms(1809) 71 Mb
--- Starting Equ Const_4_2: elapsed 0:00:02.292
--- main_for_lr6.gms(1813) 77 Mb
--- Starting Equ Const_5: elapsed 0:00:02.538
--- main_for_lr6.gms(1818) 88 Mb
--- Starting Equ Const_6: elapsed 0:00:02.622
*** Error at line 1813: Execution halted: Triggered by pending CtrlC event
--- main_for_lr6.gms(1857) 88 Mb 1 Error
*** SOLVE aborted
--- Profile Summary (3383 records processed)
     1.032   0.023GB      1769 Equation   Objective (1)
     0.484   0.006GB      1674 Loop       
     0.250   0.071GB      1805 Equation   Const_4_1 (33000)
     0.235   0.077GB      1809 Equation   Const_4_2 (33000)
     0.110   0.053GB      1796 Equation   Const_3_1 (34500)
     0.093   0.064GB      1799 Equation   Const_3_2 (34500)
     0.093   0.088GB      1813 Equation   Const_5 (34500)
     0.062   0.006GB      1675 Loop       
     0.047   0.043GB      1778 Equation   Const1_1 (36000)
     0.032   0.006GB      1675 Loop       
--- main_for_lr6.gms(1857) 88 Mb 1 Error
*** Status: Execution error(s)
--- Job main_for_lr6.gms Stop 01/06/22 17:21:07 elapsed 0:00:02.718
