--- Job SAA_solar.gms Start 12/20/21 14:28:26 32.2.0 rc62c018 WEX-WEI x86 64bit/MS Windows
--- Applying:
    C:\GAMS\32\gmsprmNT.txt
--- GAMS Parameters defined
    Input C:\Users\charl\OneDrive\Dokumente\A_Uni\HiWi\projectTSAM\Code\Solar\1500Scen\tol03\SAA_solar.gms
    PageSize 0
    ScrDir C:\Users\charl\OneDrive\Dokumente\A_Uni\HiWi\projectTSAM\Code\Solar\1500Scen\tol03\225a\
    SysDir C:\GAMS\32\
    LogOption 3
    ErrMsg 1
    ErrorLog 99
    IDE 1
    LstTitleLeftAligned 1
GAMS 32.2.0   Copyright (C) 1987-2020 GAMS Development. All rights reserved
Licensee: Small MUD - 5 User License                     S200323/0001AN-GEN
          Friedrich-Alexander-Universitaet Erlangen-Nurnberg         DC7699
          C:\GAMS\32\gamslice.txt
--- Starting compilation
--- SAA_solar.gms(41) 3 Mb
--- . solar_scenarios_7200.csv(7201) 7 Mb
--- SAA_solar.gms(69) 7 Mb
--- . battery_revenue.csv(25) 7 Mb
--- SAA_solar.gms(89) 7 Mb
--- . ScenarioWeights_naive.csv(1201) 7 Mb
--- SAA_solar.gms(278) 7 Mb
--- Starting execution: elapsed 0:00:00.132
--- SAA_solar.gms(8613) 45 Mb
*** Error at line 8656: Execution halted: Triggered by pending CtrlC event
--- SAA_solar.gms(8613) 45 Mb 1 Error
--- Profile Summary (30 records processed)
     0.016   0.008GB      7308 Assignment Solar (96497)
     0.016   0.019GB      8594 Assignment X (172800)
     0.016   0.019GB      8595 Assignment X (172800)
     0.016   0.041GB      8597 Assignment P (172800)
     0.015   0.008GB      7310 Assignment Solar (96472)
     0.015   0.030GB      8596 Assignment Q (172800)
--- SAA_solar.gms(8613) 45 Mb 1 Error
*** Status: Execution error(s)
--- Job SAA_solar.gms Stop 12/20/21 14:28:28 elapsed 0:00:01.200
