--- Job main_for_lr1.gms Start 07/17/22 16:41:01 32.2.0 rc62c018 WEX-WEI x86 64bit/MS Windows
--- Applying:
    C:\GAMS\32\gmsprmNT.txt
--- GAMS Parameters defined
    Input C:\Users\charl\OneDrive\Dokumente\A_Uni\HiWi\ArticleSubgradient\Code\SampleRun_Environment_Wind\100Scens\tol01\Scenario1\main_for_lr1.gms
    PageSize 0
    ScrDir C:\Users\charl\OneDrive\Dokumente\A_Uni\HiWi\ArticleSubgradient\Code\SampleRun_Environment_Wind\100Scens\tol01\Scenario1\225a\
    SysDir C:\GAMS\32\
    LogOption 3
    ErrMsg 1
    ErrorLog 99
    IDE 1
    LstTitleLeftAligned 1
GAMS 32.2.0   Copyright (C) 1987-2020 GAMS Development. All rights reserved
Licensee: Small MUD - 5 User License                     S200323/0001AN-GEN
          Friedrich-Alexander-Universitaet Erlangen-Nurnberg         DC7699
          C:\GAMS\32\gamslice.txt
--- Starting compilation
--- main_for_lr1.gms(10) 2 Mb
--- . input.gms(13) 3 Mb
--- .. wind_costs.csv(25) 3 Mb
--- . input.gms(23) 3 Mb
--- .. wind_scenarios.csv(101) 3 Mb
--- . input.gms(107) 3 Mb
--- main_for_lr1.gms(11) 3 Mb
--- . subgradient_parameters.gms(33) 3 Mb
--- main_for_lr1.gms(12) 3 Mb
--- . equations.gms(118) 3 Mb
--- main_for_lr1.gms(13) 3 Mb
--- . lp_lowerbound.gms(12) 3 Mb
--- main_for_lr1.gms(14) 3 Mb
--- . heuristic_upperbound.gms(10) 3 Mb 1 Error
*** Error 282 in C:\Users\charl\OneDrive\Dokumente\A_Uni\HiWi\ArticleSubgradient\Code\SampleRun_Environment_Wind\100Scens\tol01\Scenario1\heuristic_upperbound.gms
    Unable to open include file
--- . heuristic_upperbound.gms(12) 3 Mb 2 Errors
*** Error 463 in C:\Users\charl\OneDrive\Dokumente\A_Uni\HiWi\ArticleSubgradient\Code\SampleRun_Environment_Wind\100Scens\tol01\Scenario1\heuristic_upperbound.gms
    The column section in the previous table is missing.
       You may want to use $ON/OFFEMPTY
--- . heuristic_upperbound.gms(29) 3 Mb 3 Errors
*** Error 257 in C:\Users\charl\OneDrive\Dokumente\A_Uni\HiWi\ArticleSubgradient\Code\SampleRun_Environment_Wind\100Scens\tol01\Scenario1\heuristic_upperbound.gms
    Solve statement not checked because of previous errors
--- . heuristic_upperbound.gms(49) 3 Mb
--- main_for_lr1.gms(31) 3 Mb
--- call csv2gdx Naive.csv id=nv index=1 values=2..lastCol useHeader=y
No errors, CSV2GDX time = 0ms
--- main_for_lr1.gms(32) 3 Mb
--- GDXin=C:\Users\charl\OneDrive\Dokumente\A_Uni\HiWi\ArticleSubgradient\Code\SampleRun_Environment_Wind\100Scens\tol01\Scenario1\Naive.gdx
--- main_for_lr1.gms(80) 3 Mb
--- . plain_lr.gms(4) 3 Mb 4 Errors
*** Error 257 in C:\Users\charl\OneDrive\Dokumente\A_Uni\HiWi\ArticleSubgradient\Code\SampleRun_Environment_Wind\100Scens\tol01\Scenario1\plain_lr.gms
    Solve statement not checked because of previous errors
--- . plain_lr.gms(16) 3 Mb
--- main_for_lr1.gms(86) 3 Mb
--- . LR_updates.gms(18) 3 Mb
--- .. stepsizes.gms(21) 3 Mb
--- . LR_updates.gms(44) 3 Mb 5 Errors
*** Error 141 in C:\Users\charl\OneDrive\Dokumente\A_Uni\HiWi\ArticleSubgradient\Code\SampleRun_Environment_Wind\100Scens\tol01\Scenario1\LR_updates.gms
    Symbol declared but no values have been assigned. Check for missing
       data definition, assignment, data loading or implicit assignment
       via a solve statement.
       A wild shot: You may have spurious commas in the explanatory
       text of a declaration. Check symbol reference list.
--- . LR_updates.gms(59) 3 Mb
--- main_for_lr1.gms(106) 3 Mb 5 Errors
*** Status: Compilation error(s)
--- Job main_for_lr1.gms Stop 07/17/22 16:41:02 elapsed 0:00:00.198
