--- Job main_for_naive.gms Start 07/17/22 16:40:54 32.2.0 rc62c018 WEX-WEI x86 64bit/MS Windows
--- Applying:
    C:\GAMS\32\gmsprmNT.txt
--- GAMS Parameters defined
    Input C:\Users\charl\OneDrive\Dokumente\A_Uni\HiWi\ArticleSubgradient\Code\SampleRun_Environment_Wind\100Scens\tol01\Scenario1\main_for_naive.gms
    PageSize 0
    ScrDir C:\Users\charl\OneDrive\Dokumente\A_Uni\HiWi\ArticleSubgradient\Code\SampleRun_Environment_Wind\100Scens\tol01\Scenario1\225a\
    SysDir C:\GAMS\32\
    LogOption 3
    ErrMsg 1
    ErrorLog 99
    IDE 1
    LstTitleLeftAligned 1
GAMS 32.2.0   Copyright (C) 1987-2020 GAMS Development. All rights reserved
Licensee: Small MUD - 5 User License                     S200323/0001AN-GEN
          Friedrich-Alexander-Universitaet Erlangen-Nurnberg         DC7699
          C:\GAMS\32\gamslice.txt
--- Starting compilation
--- main_for_naive.gms(9) 2 Mb
--- . input.gms(13) 3 Mb
--- .. wind_costs.csv(25) 3 Mb
--- . input.gms(23) 3 Mb
--- .. wind_scenarios.csv(101) 3 Mb
--- . input.gms(107) 3 Mb
--- main_for_naive.gms(10) 3 Mb
--- . subgradient_parameters.gms(33) 3 Mb
--- main_for_naive.gms(11) 3 Mb
--- . equations.gms(118) 3 Mb
--- main_for_naive.gms(46) 3 Mb
--- Starting execution: elapsed 0:00:00.068
--- main_for_naive.gms(402) 5 Mb
--- Generating MIP model schedule
--- main_for_naive.gms(317) 5 Mb
--- Starting Equ Objective: elapsed 0:00:00.077
--- main_for_naive.gms(325) 5 Mb
--- Starting Equ Const1_1: elapsed 0:00:00.136
--- main_for_naive.gms(333) 7 Mb
--- Starting Equ Const1_2: elapsed 0:00:00.139
--- main_for_naive.gms(340) 7 Mb
--- Starting Equ Const_3_1: elapsed 0:00:00.140
--- main_for_naive.gms(343) 7 Mb
--- Starting Equ Const_3_2: elapsed 0:00:00.145
--- main_for_naive.gms(349) 8 Mb
--- Starting Equ Const_4_1: elapsed 0:00:00.151
--- main_for_naive.gms(353) 8 Mb
--- Starting Equ Const_4_2: elapsed 0:00:00.169
--- main_for_naive.gms(357) 9 Mb
--- Starting Equ Const_5: elapsed 0:00:00.185
--- main_for_naive.gms(362) 9 Mb
--- Starting Equ Const_6: elapsed 0:00:00.190
--- main_for_naive.gms(403) 10 Mb
---   16,002 rows  9,725 columns  73,525 non-zeroes
---   2,500 discrete-columns
--- Executing GUROBI (Solvelink=2): elapsed 0:00:00.239

Gurobi           32.2.0 rc62c018 Released Aug 26, 2020 WEI x86 64bit/MS Window

Gurobi link license.
*** Cannot initialize Gurobi environment.
*** Could be a missing or invalid license. (status=10009|10009)
--- Reading solution for model schedule
--- Executing after solve: elapsed 0:00:00.509
--- main_for_naive.gms(429) 10 Mb
--- Putfile TestingFile3 C:\Users\charl\OneDrive\Dokumente\A_Uni\HiWi\ArticleSubgradient\Code\SampleRun_Environment_Wind\100Scens\tol01\Scenario1\Naive.csv
--- Profile Summary (236 records processed)
     0.265   0.010GB       403 Solve Alg  schedule
     0.063   0.005GB       317 Equation   Objective (1)
     0.032   0.010GB       403 Solve Fini schedule (73525)
     0.016   0.010GB       403 Solve Read schedule
     0.016   0.008GB       343 Equation   Const_3_2 (2300)
     0.016   0.009GB       353 Equation   Const_4_2 (2200)
     0.015   0.010GB       362 Equation   Const_6 (2300)
     0.015   0.004GB       231 Assignment dummywind (2400)
     0.015   0.004GB       225 Loop       
     0.015   0.004GB       224 Loop       
*** Status: Normal completion
--- Job main_for_naive.gms Stop 07/17/22 16:40:55 elapsed 0:00:00.512
