--- Job fixed_problem.gms Start 03/21/22 11:40:18 32.2.0 rc62c018 WEX-WEI x86 64bit/MS Windows
--- Applying:
    C:\GAMS\32\gmsprmNT.txt
--- GAMS Parameters defined
    Input C:\Users\charl\OneDrive\Dokumente\A_Uni\HiWi\ArticleSubgradient\Code\SampleRun_Environment_Solar\1500Scens\tol07\Scenario1\fixed_problem.gms
    PageSize 0
    ScrDir C:\Users\charl\OneDrive\Dokumente\A_Uni\HiWi\ArticleSubgradient\Code\SampleRun_Environment_Solar\1500Scens\tol07\Scenario1\225a\
    SysDir C:\GAMS\32\
    LogOption 3
    ErrMsg 1
    ErrorLog 99
    IDE 1
    LstTitleLeftAligned 1
GAMS 32.2.0   Copyright (C) 1987-2020 GAMS Development. All rights reserved
Licensee: Small MUD - 5 User License                     S200323/0001AN-GEN
          Friedrich-Alexander-Universitaet Erlangen-Nurnberg         DC7699
          C:\GAMS\32\gamslice.txt
--- Starting compilation
--- fixed_problem.gms(30) 3 Mb
--- . solar_scenarios.csv(1501) 4 Mb
--- fixed_problem.gms(53) 4 Mb
--- . sampled_dynamic.csv(25) 4 Mb
--- fixed_problem.gms(62) 4 Mb
--- . battery_revenue.csv(25) 4 Mb
--- fixed_problem.gms(216) 4 Mb
--- Starting execution: elapsed 0:00:00.053
--- fixed_problem.gms(1733) 14 Mb
--- Generating MIP model schedule
--- fixed_problem.gms(1704) 14 Mb
--- Starting Equ Objective: elapsed 0:00:01.036
--- fixed_problem.gms(1706) 17 Mb
--- Starting Equ Const1: elapsed 0:00:01.618
--- fixed_problem.gms(1709) 38 Mb
--- Starting Equ Const_chance_1: elapsed 0:00:01.689
--- fixed_problem.gms(1712) 50 Mb
--- Starting Equ Const_chance_2: elapsed 0:00:01.770
*** Error at line 1709: Execution halted: Triggered by pending CtrlC event
--- fixed_problem.gms(1736) 50 Mb 1 Error
*** SOLVE aborted
--- Profile Summary (5535 records processed)
     0.938   0.005GB      1668 Loop       
     0.593   0.017GB      1704 Equation   Objective (1)
     0.078   0.050GB      1709 Equation   Const_chance_1 (36000)
     0.063   0.038GB      1706 Equation   Const1 (34500)
     0.062   0.005GB      1669 Loop       
     0.047   0.005GB      1669 Loop       
     0.047   0.005GB      1669 Loop       
     0.047   0.005GB      1669 Loop       
     0.047   0.005GB      1669 Loop       
     0.047   0.005GB      1669 Loop       
--- fixed_problem.gms(1736) 50 Mb 1 Error
*** Status: Execution error(s)
--- Job fixed_problem.gms Stop 03/21/22 11:40:20 elapsed 0:00:01.834
