--- Job fixed_problem.gms Start 03/21/22 11:38:25 32.2.0 rc62c018 WEX-WEI x86 64bit/MS Windows
--- Applying:
    C:\GAMS\32\gmsprmNT.txt
--- GAMS Parameters defined
    Input C:\Users\charl\OneDrive\Dokumente\A_Uni\HiWi\ArticleSubgradient\Code\SampleRun_Environment_Solar\1500Scens\tol03\Scenario1\fixed_problem.gms
    PageSize 0
    ScrDir C:\Users\charl\OneDrive\Dokumente\A_Uni\HiWi\ArticleSubgradient\Code\SampleRun_Environment_Solar\1500Scens\tol03\Scenario1\225a\
    SysDir C:\GAMS\32\
    LogOption 3
    ErrMsg 1
    ErrorLog 99
    IDE 1
    LstTitleLeftAligned 1
GAMS 32.2.0   Copyright (C) 1987-2020 GAMS Development. All rights reserved
Licensee: Small MUD - 5 User License                     S200323/0001AN-GEN
          Friedrich-Alexander-Universitaet Erlangen-Nurnberg         DC7699
          C:\GAMS\32\gamslice.txt
--- Starting compilation
--- fixed_problem.gms(30) 3 Mb
--- . solar_scenarios.csv(1501) 4 Mb
--- fixed_problem.gms(53) 4 Mb
--- . sampled_dynamic.csv(25) 4 Mb
--- fixed_problem.gms(62) 4 Mb
--- . battery_revenue.csv(25) 4 Mb
--- fixed_problem.gms(216) 4 Mb
--- Starting execution: elapsed 0:00:00.050
--- fixed_problem.gms(1733) 14 Mb
--- Generating MIP model schedule
--- fixed_problem.gms(1704) 14 Mb
--- Starting Equ Objective: elapsed 0:00:00.713
--- fixed_problem.gms(1706) 18 Mb
--- Starting Equ Const1: elapsed 0:00:01.323
--- fixed_problem.gms(1709) 38 Mb
--- Starting Equ Const_chance_1: elapsed 0:00:01.391
--- fixed_problem.gms(1712) 50 Mb
--- Starting Equ Const_chance_2: elapsed 0:00:01.468
--- fixed_problem.gms(1736) 50 Mb
--- LOOPS iter = iter1
---   70,502 rows  109,525 columns  319,525 non-zeroes
---   1,500 discrete-columns
--- Executing GUROBI (Solvelink=2): elapsed 0:00:01.635

Gurobi           32.2.0 rc62c018 Released Aug 26, 2020 WEI x86 64bit/MS Window

Gurobi link license.
*** Cannot initialize Gurobi environment.
*** Could be a missing or invalid license. (status=10009|10009)
--- Reading solution for model schedule
--- Executing after solve: elapsed 0:00:01.824
--- fixed_problem.gms(1733) 50 Mb
--- Generating MIP model schedule
--- fixed_problem.gms(1704) 50 Mb
--- Starting Equ Objective: elapsed 0:00:01.825
--- fixed_problem.gms(1706) 51 Mb
--- Starting Equ Const1: elapsed 0:00:02.484
*** Error at line 1704: Execution halted: Triggered by pending CtrlC event
--- fixed_problem.gms(1736) 51 Mb 1 Error
*** SOLVE aborted
--- Profile Summary (3386 records processed)
     0.672   0.051GB      1704 Equation   Objective (1)
     0.625   0.005GB      1668 Loop       
     0.609   0.018GB      1704 Equation   Objective (1)
     0.187   0.051GB      1736 Solve Alg  schedule
     0.156   0.051GB      1736 Solve Fini schedule (319525)
     0.079   0.050GB      1709 Equation   Const_chance_1 (36000)
     0.078   0.038GB      1706 Equation   Const1 (34500)
     0.047   0.005GB      1669 Loop       
     0.047   0.005GB      1669 Loop       
     0.032   0.005GB      1669 Loop       
--- fixed_problem.gms(1736) 51 Mb 1 Error
*** Status: Execution error(s)
--- Job fixed_problem.gms Stop 03/21/22 11:38:27 elapsed 0:00:02.502
