--- Job fixed_problem.gms Start 12/20/21 14:02:53 32.2.0 rc62c018 WEX-WEI x86 64bit/MS Windows
--- Applying:
    C:\GAMS\32\gmsprmNT.txt
--- GAMS Parameters defined
    Input C:\Users\charl\OneDrive\Dokumente\A_Uni\HiWi\projectTSAM\Code\Solar\1500Scen\tol05\fixed_problem.gms
    PageSize 0
    ScrDir C:\Users\charl\OneDrive\Dokumente\A_Uni\HiWi\projectTSAM\Code\Solar\1500Scen\tol05\225a\
    SysDir C:\GAMS\32\
    LogOption 3
    ErrMsg 1
    ErrorLog 99
    IDE 1
    LstTitleLeftAligned 1
GAMS 32.2.0   Copyright (C) 1987-2020 GAMS Development. All rights reserved
Licensee: Small MUD - 5 User License                     S200323/0001AN-GEN
          Friedrich-Alexander-Universitaet Erlangen-Nurnberg         DC7699
          C:\GAMS\32\gamslice.txt
--- Starting compilation
--- fixed_problem.gms(30) 3 Mb
--- . solar_scenarios_1500.csv(1501) 4 Mb
--- fixed_problem.gms(53) 4 Mb
--- . sampled_dynamic.csv(25) 4 Mb
--- fixed_problem.gms(62) 4 Mb
--- . battery_revenue.csv(25) 4 Mb
--- fixed_problem.gms(208) 4 Mb
--- Starting execution: elapsed 0:00:00.089
--- fixed_problem.gms(1668) 5 Mb
*** Error at line 1671: Execution halted: Triggered by pending CtrlC event
--- fixed_problem.gms(1668) 5 Mb 1 Error
--- Profile Summary (4881 records processed)
     0.047   0.005GB      1669 Loop       
     0.047   0.005GB      1669 Loop       
     0.047   0.005GB      1669 Loop       
     0.047   0.005GB      1669 Loop       
     0.032   0.005GB      1669 Loop       
     0.032   0.005GB      1669 Loop       
     0.031   0.005GB      1669 Loop       
     0.031   0.005GB      1669 Loop       
     0.031   0.005GB      1669 Loop       
     0.031   0.005GB      1669 Loop       
--- fixed_problem.gms(1668) 5 Mb 1 Error
*** Status: Execution error(s)
--- Job fixed_problem.gms Stop 12/20/21 14:02:54 elapsed 0:00:00.765
