--- Job fixed_problem_hi.gms Start 12/20/21 14:25:52 32.2.0 rc62c018 WEX-WEI x86 64bit/MS Windows
--- Applying:
    C:\GAMS\32\gmsprmNT.txt
--- GAMS Parameters defined
    Input C:\Users\charl\OneDrive\Dokumente\A_Uni\HiWi\projectTSAM\Code\Solar\1500Scen\tol05\fixed_problem_hi.gms
    PageSize 0
    ScrDir C:\Users\charl\OneDrive\Dokumente\A_Uni\HiWi\projectTSAM\Code\Solar\1500Scen\tol05\225a\
    SysDir C:\GAMS\32\
    LogOption 3
    ErrMsg 1
    ErrorLog 99
    IDE 1
    LstTitleLeftAligned 1
GAMS 32.2.0   Copyright (C) 1987-2020 GAMS Development. All rights reserved
Licensee: Small MUD - 5 User License                     S200323/0001AN-GEN
          Friedrich-Alexander-Universitaet Erlangen-Nurnberg         DC7699
          C:\GAMS\32\gamslice.txt
--- Starting compilation
--- fixed_problem_hi.gms(30) 3 Mb
--- . solar_scenarios_1500.csv(1501) 4 Mb
--- fixed_problem_hi.gms(53) 4 Mb
--- . sampled_dynamic_hi.csv(25) 4 Mb
--- fixed_problem_hi.gms(62) 4 Mb
--- . battery_revenue.csv(25) 4 Mb
--- fixed_problem_hi.gms(208) 4 Mb
--- Starting execution: elapsed 0:00:00.040
--- fixed_problem_hi.gms(1733) 14 Mb
--- Generating MIP model schedule
--- fixed_problem_hi.gms(1704) 14 Mb
--- Starting Equ Objective: elapsed 0:00:00.834
--- fixed_problem_hi.gms(1706) 17 Mb
--- Starting Equ Const1: elapsed 0:00:01.338
--- fixed_problem_hi.gms(1709) 38 Mb
--- Starting Equ Const_chance_1: elapsed 0:00:01.394
--- fixed_problem_hi.gms(1712) 50 Mb
--- Starting Equ Const_chance_2: elapsed 0:00:01.460
--- fixed_problem_hi.gms(1736) 50 Mb
--- LOOPS iter = iter1
---   70,502 rows  109,525 columns  319,525 non-zeroes
---   1,500 discrete-columns
--- Executing GUROBI (Solvelink=2): elapsed 0:00:01.618

Gurobi           32.2.0 rc62c018 Released Aug 26, 2020 WEI x86 64bit/MS Window

Gurobi link license.
*** Cannot initialize Gurobi environment.
*** Could be a missing or invalid license. (status=10009|10009)
--- Reading solution for model schedule
--- Executing after solve: elapsed 0:00:01.766
--- fixed_problem_hi.gms(1733) 50 Mb
--- Generating MIP model schedule
--- fixed_problem_hi.gms(1704) 50 Mb
--- Starting Equ Objective: elapsed 0:00:01.767
--- fixed_problem_hi.gms(1706) 51 Mb
--- Starting Equ Const1: elapsed 0:00:02.346
--- fixed_problem_hi.gms(1709) 51 Mb
--- Starting Equ Const_chance_1: elapsed 0:00:02.461
--- fixed_problem_hi.gms(1712) 51 Mb
--- Starting Equ Const_chance_2: elapsed 0:00:02.577
--- fixed_problem_hi.gms(1736) 51 Mb
--- LOOPS iter = iter2
---   70,502 rows  109,525 columns  319,525 non-zeroes
---   1,500 discrete-columns
*** Error at line 1736: Control C Event: execution halted
--- fixed_problem_hi.gms(1736) 51 Mb 1 Error
*** SOLVE aborted
--- Profile Summary (5548 records processed)
     0.765   0.005GB      1668 Loop       
     0.578   0.051GB      1704 Equation   Objective (1)
     0.500   0.017GB      1704 Equation   Objective (1)
     0.203   0.051GB      1736 Solve Fini schedule (319525)
     0.156   0.051GB      1736 Solve Fini schedule (319525)
     0.141   0.051GB      1736 Solve Alg  schedule
     0.125   0.051GB      1706 Equation   Const1 (34500)
     0.109   0.051GB      1709 Equation   Const_chance_1 (36000)
     0.078   0.050GB      1709 Equation   Const_chance_1 (36000)
     0.063   0.005GB      1669 Loop       
--- fixed_problem_hi.gms(1736) 51 Mb 1 Error
*** Status: Execution error(s)
--- Job fixed_problem_hi.gms Stop 12/20/21 14:25:55 elapsed 0:00:02.822
