--- Job heuristic_upperbound.gms Start 12/20/21 14:04:02 32.2.0 rc62c018 WEX-WEI x86 64bit/MS Windows
--- Applying:
    C:\GAMS\32\gmsprmNT.txt
--- GAMS Parameters defined
    Input C:\Users\charl\OneDrive\Dokumente\A_Uni\HiWi\projectTSAM\Code\Solar\1500Scen\tol05\heuristic_upperbound.gms
    PageSize 0
    ScrDir C:\Users\charl\OneDrive\Dokumente\A_Uni\HiWi\projectTSAM\Code\Solar\1500Scen\tol05\225a\
    SysDir C:\GAMS\32\
    LogOption 3
    ErrMsg 1
    ErrorLog 99
    IDE 1
    LstTitleLeftAligned 1
GAMS 32.2.0   Copyright (C) 1987-2020 GAMS Development. All rights reserved
Licensee: Small MUD - 5 User License                     S200323/0001AN-GEN
          Friedrich-Alexander-Universitaet Erlangen-Nurnberg         DC7699
          C:\GAMS\32\gamslice.txt
--- Starting compilation
--- heuristic_upperbound.gms(8) 2 Mb 1 Error
*** Error 140 in C:\Users\charl\OneDrive\Dokumente\A_Uni\HiWi\projectTSAM\Code\Solar\1500Scen\tol05\heuristic_upperbound.gms
    Unknown symbol
--- heuristic_upperbound.gms(9) 2 Mb 2 Errors
*** Error 140 in C:\Users\charl\OneDrive\Dokumente\A_Uni\HiWi\projectTSAM\Code\Solar\1500Scen\tol05\heuristic_upperbound.gms
    Unknown symbol
--- heuristic_upperbound.gms(10) 2 Mb 3 Errors
*** Error 157 in C:\Users\charl\OneDrive\Dokumente\A_Uni\HiWi\projectTSAM\Code\Solar\1500Scen\tol05\heuristic_upperbound.gms
    No known set found in alias list
--- heuristic_upperbound.gms(13) 2 Mb 4 Errors
*** Error 352 in C:\Users\charl\OneDrive\Dokumente\A_Uni\HiWi\projectTSAM\Code\Solar\1500Scen\tol05\heuristic_upperbound.gms
    Set has not been initialized
--- heuristic_upperbound.gms(14) 2 Mb 6 Errors
*** Error 140 in C:\Users\charl\OneDrive\Dokumente\A_Uni\HiWi\projectTSAM\Code\Solar\1500Scen\tol05\heuristic_upperbound.gms
    Unknown symbol
*** Error 141 in C:\Users\charl\OneDrive\Dokumente\A_Uni\HiWi\projectTSAM\Code\Solar\1500Scen\tol05\heuristic_upperbound.gms
    Symbol declared but no values have been assigned. Check for missing
       data definition, assignment, data loading or implicit assignment
       via a solve statement.
       A wild shot: You may have spurious commas in the explanatory
       text of a declaration. Check symbol reference list.
--- heuristic_upperbound.gms(16) 2 Mb 9 Errors
*** Error 241 in C:\Users\charl\OneDrive\Dokumente\A_Uni\HiWi\projectTSAM\Code\Solar\1500Scen\tol05\heuristic_upperbound.gms
    Model has not been defined
*** Error 140 in C:\Users\charl\OneDrive\Dokumente\A_Uni\HiWi\projectTSAM\Code\Solar\1500Scen\tol05\heuristic_upperbound.gms
    Unknown symbol
*** Error 257 in C:\Users\charl\OneDrive\Dokumente\A_Uni\HiWi\projectTSAM\Code\Solar\1500Scen\tol05\heuristic_upperbound.gms
    Solve statement not checked because of previous errors
--- heuristic_upperbound.gms(17) 3 Mb 11 Errors
*** Error 352 in C:\Users\charl\OneDrive\Dokumente\A_Uni\HiWi\projectTSAM\Code\Solar\1500Scen\tol05\heuristic_upperbound.gms
    Set has not been initialized
*** Error 141 in C:\Users\charl\OneDrive\Dokumente\A_Uni\HiWi\projectTSAM\Code\Solar\1500Scen\tol05\heuristic_upperbound.gms
    Symbol declared but no values have been assigned. Check for missing
       data definition, assignment, data loading or implicit assignment
       via a solve statement.
       A wild shot: You may have spurious commas in the explanatory
       text of a declaration. Check symbol reference list.
--- heuristic_upperbound.gms(20) 3 Mb 12 Errors
*** Error 352 in C:\Users\charl\OneDrive\Dokumente\A_Uni\HiWi\projectTSAM\Code\Solar\1500Scen\tol05\heuristic_upperbound.gms
    Set has not been initialized
--- heuristic_upperbound.gms(25) 3 Mb 13 Errors
*** Error 140 in C:\Users\charl\OneDrive\Dokumente\A_Uni\HiWi\projectTSAM\Code\Solar\1500Scen\tol05\heuristic_upperbound.gms
    Unknown symbol
--- heuristic_upperbound.gms(26) 3 Mb 14 Errors
*** Error 140 in C:\Users\charl\OneDrive\Dokumente\A_Uni\HiWi\projectTSAM\Code\Solar\1500Scen\tol05\heuristic_upperbound.gms
    Unknown symbol
--- heuristic_upperbound.gms(36) 3 Mb 17 Errors
*** Error 352 in C:\Users\charl\OneDrive\Dokumente\A_Uni\HiWi\projectTSAM\Code\Solar\1500Scen\tol05\heuristic_upperbound.gms
    Set has not been initialized
*** Error 352 in C:\Users\charl\OneDrive\Dokumente\A_Uni\HiWi\projectTSAM\Code\Solar\1500Scen\tol05\heuristic_upperbound.gms
    Set has not been initialized
*** Error 352 in C:\Users\charl\OneDrive\Dokumente\A_Uni\HiWi\projectTSAM\Code\Solar\1500Scen\tol05\heuristic_upperbound.gms
    Set has not been initialized
--- heuristic_upperbound.gms(40) 3 Mb 22 Errors
*** Error 140 in C:\Users\charl\OneDrive\Dokumente\A_Uni\HiWi\projectTSAM\Code\Solar\1500Scen\tol05\heuristic_upperbound.gms
    Unknown symbol
*** Error 123 in C:\Users\charl\OneDrive\Dokumente\A_Uni\HiWi\projectTSAM\Code\Solar\1500Scen\tol05\heuristic_upperbound.gms
    Set has not been initialized and the dimension is unknown
*** Error 140 in C:\Users\charl\OneDrive\Dokumente\A_Uni\HiWi\projectTSAM\Code\Solar\1500Scen\tol05\heuristic_upperbound.gms
    Unknown symbol
*** Error 352 in C:\Users\charl\OneDrive\Dokumente\A_Uni\HiWi\projectTSAM\Code\Solar\1500Scen\tol05\heuristic_upperbound.gms
    Set has not been initialized
*** Error 116 in C:\Users\charl\OneDrive\Dokumente\A_Uni\HiWi\projectTSAM\Code\Solar\1500Scen\tol05\heuristic_upperbound.gms
    Label is unknown
--- heuristic_upperbound.gms(42) 3 Mb 25 Errors
*** Error 352 in C:\Users\charl\OneDrive\Dokumente\A_Uni\HiWi\projectTSAM\Code\Solar\1500Scen\tol05\heuristic_upperbound.gms
    Set has not been initialized
*** Error 352 in C:\Users\charl\OneDrive\Dokumente\A_Uni\HiWi\projectTSAM\Code\Solar\1500Scen\tol05\heuristic_upperbound.gms
    Set has not been initialized
*** Error 140 in C:\Users\charl\OneDrive\Dokumente\A_Uni\HiWi\projectTSAM\Code\Solar\1500Scen\tol05\heuristic_upperbound.gms
    Unknown symbol
--- heuristic_upperbound.gms(44) 3 Mb 26 Errors
*** Error 140 in C:\Users\charl\OneDrive\Dokumente\A_Uni\HiWi\projectTSAM\Code\Solar\1500Scen\tol05\heuristic_upperbound.gms
    Unknown symbol
--- heuristic_upperbound.gms(47) 3 Mb 28 Errors
*** Error 241 in C:\Users\charl\OneDrive\Dokumente\A_Uni\HiWi\projectTSAM\Code\Solar\1500Scen\tol05\heuristic_upperbound.gms
    Model has not been defined
*** Error 257 in C:\Users\charl\OneDrive\Dokumente\A_Uni\HiWi\projectTSAM\Code\Solar\1500Scen\tol05\heuristic_upperbound.gms
    Solve statement not checked because of previous errors
--- heuristic_upperbound.gms(49) 3 Mb 29 Errors
*** Error 140 in C:\Users\charl\OneDrive\Dokumente\A_Uni\HiWi\projectTSAM\Code\Solar\1500Scen\tol05\heuristic_upperbound.gms
    Unknown symbol
--- heuristic_upperbound.gms(50) 3 Mb 30 Errors
*** Error 140 in C:\Users\charl\OneDrive\Dokumente\A_Uni\HiWi\projectTSAM\Code\Solar\1500Scen\tol05\heuristic_upperbound.gms
    Unknown symbol
--- heuristic_upperbound.gms(51) 3 Mb 34 Errors
*** Error 140 in C:\Users\charl\OneDrive\Dokumente\A_Uni\HiWi\projectTSAM\Code\Solar\1500Scen\tol05\heuristic_upperbound.gms
    Unknown symbol
*** Error 120 in C:\Users\charl\OneDrive\Dokumente\A_Uni\HiWi\projectTSAM\Code\Solar\1500Scen\tol05\heuristic_upperbound.gms
    Unknown identifier entered as set
*** Error 340 in C:\Users\charl\OneDrive\Dokumente\A_Uni\HiWi\projectTSAM\Code\Solar\1500Scen\tol05\heuristic_upperbound.gms
    A label/element with the same name exist. You may have forgotten
       to quote a label/element reference. For example,
       set i / a,b,c /; parameter x(i); x('a') = 10;
*** Error 140 in C:\Users\charl\OneDrive\Dokumente\A_Uni\HiWi\projectTSAM\Code\Solar\1500Scen\tol05\heuristic_upperbound.gms
    Unknown symbol
--- heuristic_upperbound.gms(54) 3 Mb 35 Errors
*** Error 352 in C:\Users\charl\OneDrive\Dokumente\A_Uni\HiWi\projectTSAM\Code\Solar\1500Scen\tol05\heuristic_upperbound.gms
    Set has not been initialized
--- heuristic_upperbound.gms(55) 3 Mb 36 Errors
*** Error 352 in C:\Users\charl\OneDrive\Dokumente\A_Uni\HiWi\projectTSAM\Code\Solar\1500Scen\tol05\heuristic_upperbound.gms
    Set has not been initialized
--- heuristic_upperbound.gms(58) 3 Mb 36 Errors
*** Status: Compilation error(s)
--- Job heuristic_upperbound.gms Stop 12/20/21 14:04:02 elapsed 0:00:00.028
