--- Job main_for_naive.gms Start 12/16/21 17:53:55 32.2.0 rc62c018 WEX-WEI x86 64bit/MS Windows
--- Applying:
    C:\GAMS\32\gmsprmNT.txt
--- GAMS Parameters defined
    Input C:\Users\charl\OneDrive\Dokumente\A_Uni\HiWi\projectTSAM\Code\Solar\900Scen\tol05\main_for_naive.gms
    PageSize 0
    ScrDir C:\Users\charl\OneDrive\Dokumente\A_Uni\HiWi\projectTSAM\Code\Solar\900Scen\tol05\225a\
    SysDir C:\GAMS\32\
    LogOption 3
    ErrMsg 1
    ErrorLog 99
    IDE 1
    LstTitleLeftAligned 1
GAMS 32.2.0   Copyright (C) 1987-2020 GAMS Development. All rights reserved
Licensee: Small MUD - 5 User License                     S200323/0001AN-GEN
          Friedrich-Alexander-Universitaet Erlangen-Nurnberg         DC7699
          C:\GAMS\32\gamslice.txt
--- Starting compilation
--- main_for_naive.gms(13) 2 Mb
--- . inputME.gms(14) 3 Mb
--- .. solar_scenarios_900.csv(901) 3 Mb
--- . inputME.gms(36) 3 Mb
--- .. scenario_sorted_900_05.csv(901) 4 Mb
--- . inputME.gms(116) 4 Mb
--- .. battery_revenue.csv(25) 4 Mb
--- . inputME.gms(185) 4 Mb
--- main_for_naive.gms(14) 4 Mb
--- . subgradient_parameters.gms(33) 4 Mb
--- main_for_naive.gms(16) 4 Mb
--- . equations_all.gms(76) 4 Mb
--- main_for_naive.gms(51) 4 Mb
--- Starting execution: elapsed 0:00:00.059
--- main_for_naive.gms(2144) 10 Mb
--- Generating MIP model schedule
--- main_for_naive.gms(2088) 10 Mb
--- main_for_naive.gms(2090) 12 Mb
--- Starting Equ Const1: elapsed 0:00:00.999
--- main_for_naive.gms(2096) 25 Mb
--- Starting Equ Const_chance_1: elapsed 0:00:01.063
--- main_for_naive.gms(2103) 32 Mb
--- Starting Equ Const_chance_2: elapsed 0:00:01.184
--- main_for_naive.gms(2145) 32 Mb
---   42,302 rows  65,725 columns  191,725 non-zeroes
---   900 discrete-columns
*** Error at line 2145: Control C Event: execution halted
--- main_for_naive.gms(2145) 32 Mb 1 Error
*** SOLVE aborted
--- Profile Summary (3375 records processed)
     0.453   0.005GB      2011 Loop       
     0.438   0.012GB      2088 Equation   Objective (1)
     0.172   0.032GB      2145 Solve Fini schedule (191725)
     0.110   0.032GB      2096 Equation   Const_chance_1 (21600)
     0.062   0.025GB      2090 Equation   Const1 (20700)
     0.047   0.005GB      2012 Loop       
     0.031   0.005GB      2012 Loop       
     0.031   0.005GB      2012 Loop       
     0.031   0.005GB      2012 Loop       
     0.031   0.005GB      2012 Loop       
--- main_for_naive.gms(2145) 32 Mb 1 Error
*** Status: Execution error(s)
--- Job main_for_naive.gms Stop 12/16/21 17:53:57 elapsed 0:00:01.392
