--- Job main_for_lr5.gms Start 03/14/22 11:45:50 32.2.0 rc62c018 WEX-WEI x86 64bit/MS Windows
--- Applying:
    C:\GAMS\32\gmsprmNT.txt
--- GAMS Parameters defined
    Input C:\Users\charl\OneDrive\Dokumente\A_Uni\HiWi\projectTSAM\Code\Wind\1500Scen\tol05\main_for_lr5.gms
    PageSize 0
    ScrDir C:\Users\charl\OneDrive\Dokumente\A_Uni\HiWi\projectTSAM\Code\Wind\1500Scen\tol05\225a\
    SysDir C:\GAMS\32\
    LogOption 3
    ErrMsg 1
    ErrorLog 99
    IDE 1
    LstTitleLeftAligned 1
GAMS 32.2.0   Copyright (C) 1987-2020 GAMS Development. All rights reserved
Licensee: Small MUD - 5 User License                     S200323/0001AN-GEN
          Friedrich-Alexander-Universitaet Erlangen-Nurnberg         DC7699
          C:\GAMS\32\gamslice.txt
--- Starting compilation
--- main_for_lr5.gms(13) 2 Mb
--- . input.gms(14) 3 Mb
--- .. wind_costs.csv(25) 3 Mb
--- . input.gms(25) 3 Mb
--- .. wind_scenarios.csv(1501) 4 Mb
--- . input.gms(122) 4 Mb
--- main_for_lr5.gms(14) 4 Mb
--- . subgradient_parameters.gms(35) 4 Mb
--- main_for_lr5.gms(15) 4 Mb
--- . equations.gms(123) 4 Mb
--- main_for_lr5.gms(16) 4 Mb
--- . lp_lowerbound.gms(12) 4 Mb
--- main_for_lr5.gms(17) 4 Mb
--- . heuristic_upperbound.gms(9) 4 Mb
--- .. sampled_dynamic.csv(25) 4 Mb
--- . heuristic_upperbound.gms(65) 4 Mb
--- main_for_lr5.gms(35) 4 Mb
--- call csv2gdx Naive.csv id=nv index=1 values=2..lastCol useHeader=y
No errors, CSV2GDX time = 16ms
--- main_for_lr5.gms(36) 4 Mb
--- GDXin=C:\Users\charl\OneDrive\Dokumente\A_Uni\HiWi\projectTSAM\Code\Wind\1500Scen\tol05\Naive.gdx
--- main_for_lr5.gms(88) 4 Mb
--- . plain_lr.gms(12) 4 Mb
--- main_for_lr5.gms(94) 4 Mb
--- . LR_updates.gms(17) 4 Mb
--- .. stepsizes.gms(21) 4 Mb
--- . LR_updates.gms(42) 4 Mb
--- main_for_lr5.gms(118) 4 Mb
--- Starting execution: elapsed 0:00:00.179
--- main_for_lr5.gms(1825) 15 Mb
--- Generating RMIP model schedule
--- main_for_lr5.gms(1738) 15 Mb
--- Starting Equ Objective: elapsed 0:00:00.925
--- main_for_lr5.gms(1747) 23 Mb
--- Starting Equ Const1_1: elapsed 0:00:01.909
--- main_for_lr5.gms(1756) 43 Mb
--- Starting Equ Const1_2: elapsed 0:00:01.965
--- main_for_lr5.gms(1765) 43 Mb
--- Starting Equ Const_3_1: elapsed 0:00:01.975
--- main_for_lr5.gms(1768) 54 Mb
--- Starting Equ Const_3_2: elapsed 0:00:02.069
--- main_for_lr5.gms(1774) 64 Mb
--- Starting Equ Const_4_1: elapsed 0:00:02.170
--- main_for_lr5.gms(1778) 71 Mb
--- Starting Equ Const_4_2: elapsed 0:00:02.414
--- main_for_lr5.gms(1782) 77 Mb
--- Starting Equ Const_5: elapsed 0:00:02.659
*** Error at line 1778: Execution halted: Triggered by pending CtrlC event
--- main_for_lr5.gms(1826) 77 Mb 1 Error
*** SOLVE aborted
--- Profile Summary (5542 records processed)
     0.985   0.023GB      1738 Equation   Objective (1)
     0.687   0.006GB      1643 Loop       
     0.250   0.077GB      1778 Equation   Const_4_2 (33000)
     0.250   0.071GB      1774 Equation   Const_4_1 (33000)
     0.094   0.053GB      1765 Equation   Const_3_1 (34500)
     0.094   0.064GB      1768 Equation   Const_3_2 (34500)
     0.047   0.006GB      1644 Loop       
     0.047   0.043GB      1747 Equation   Const1_1 (36000)
     0.046   0.006GB      1644 Loop       
     0.032   0.006GB      1644 Loop       
--- main_for_lr5.gms(1826) 77 Mb 1 Error
*** Status: Execution error(s)
--- Job main_for_lr5.gms Stop 03/14/22 11:45:52 elapsed 0:00:02.745
