--- Job Naive_LR_solving.gms Start 10/22/21 16:41:09 32.2.0 rc62c018 WEX-WEI x86 64bit/MS Windows
--- Applying:
    C:\GAMS\32\gmsprmNT.txt
--- GAMS Parameters defined
    Input C:\Users\charl\OneDrive\Dokumente\A_Uni\HiWi\ArticleSubgradient\Code\150_01\Naive_LR_solving.gms
    PageSize 0
    ScrDir C:\Users\charl\OneDrive\Dokumente\A_Uni\HiWi\ArticleSubgradient\Code\150_01\225d\
    SysDir C:\GAMS\32\
    LogOption 3
    ErrMsg 1
    ErrorLog 99
    IDE 1
    LstTitleLeftAligned 1
GAMS 32.2.0   Copyright (C) 1987-2020 GAMS Development. All rights reserved
Licensee: Small MUD - 5 User License                     S200323/0001AN-GEN
          Friedrich-Alexander-Universitaet Erlangen-Nurnberg         DC7699
          C:\GAMS\32\gamslice.txt
--- Starting compilation
--- Naive_LR_solving.gms(19) 2 Mb
--- . inputME.gms(22) 3 Mb
--- .. wind_scenarios_1500_2.csv(1501) 4 Mb
--- . inputME.gms(85) 4 Mb
--- .. scenario_sorted_1500_2.csv(1501) 4 Mb
--- . inputME.gms(125) 4 Mb
--- .. wind_costs.csv(25) 4 Mb
--- . inputME.gms(197) 4 Mb
--- Naive_LR_solving.gms(20) 4 Mb
--- . subgradient_parameters.gms(33) 4 Mb
--- Naive_LR_solving.gms(22) 4 Mb
--- . equations_all.gms(96) 4 Mb
--- Naive_LR_solving.gms(23) 4 Mb
--- . lp_lowerbound.gms(12) 4 Mb
--- Naive_LR_solving.gms(24) 4 Mb
--- . heuristic_upperbound.gms(58) 4 Mb
--- Naive_LR_solving.gms(117) 4 Mb
--- . plain_lr.gms(12) 4 Mb
--- Naive_LR_solving.gms(123) 4 Mb
--- . LR_updates.gms(17) 4 Mb
--- .. stepsizes.gms(21) 4 Mb
--- . LR_updates.gms(42) 4 Mb
--- Naive_LR_solving.gms(149) 4 Mb
--- Starting execution: elapsed 0:00:00.048
--- Naive_LR_solving.gms(3379) 10 Mb
--- Generating RMIP model schedule
--- Naive_LR_solving.gms(3308) 10 Mb
--- Starting Equ Objective: elapsed 0:00:00.803
--- Naive_LR_solving.gms(3317) 18 Mb
--- Starting Equ Const1_1: elapsed 0:00:01.804
--- Naive_LR_solving.gms(3324) 39 Mb
--- Starting Equ Const1_2: elapsed 0:00:01.857
--- Naive_LR_solving.gms(3333) 39 Mb
--- Starting Equ Const_3_1: elapsed 0:00:01.869
--- Naive_LR_solving.gms(3336) 49 Mb
--- Starting Equ Const_3_2: elapsed 0:00:01.978
--- Naive_LR_solving.gms(3341) 60 Mb
--- Starting Equ Const_4_1: elapsed 0:00:02.075
--- Naive_LR_solving.gms(3344) 67 Mb
--- Starting Equ Const_4_2: elapsed 0:00:02.315
--- Naive_LR_solving.gms(3347) 73 Mb
--- Starting Equ Const_5: elapsed 0:00:02.553
--- Naive_LR_solving.gms(3351) 83 Mb
--- Starting Equ Const_6: elapsed 0:00:02.639
--- Naive_LR_solving.gms(3380) 95 Mb
---   240,002 rows  145,525 columns  1,102,525 non-zeroes
---   109,500 discrete-columns
--- Executing GUROBI (Solvelink=2): elapsed 0:00:03.150

Gurobi           32.2.0 rc62c018 Released Aug 26, 2020 WEI x86 64bit/MS Window

Gurobi link license.
*** Cannot initialize Gurobi environment.
*** Could be a missing or invalid license. (status=10009|10009)
--- Reading solution for model schedule
--- Executing after solve: elapsed 0:00:03.758
--- Naive_LR_solving.gms(3402) 95 Mb
--- Generating MIP model schedule_scenario
--- Naive_LR_solving.gms(3313) 95 Mb
--- Starting Equ Objective_scenario: elapsed 0:00:03.759
--- Naive_LR_solving.gms(3320) 95 Mb
--- Starting Equ Const1_1_scenario: elapsed 0:00:03.759
--- Naive_LR_solving.gms(3334) 95 Mb
--- Starting Equ Const_3_1_scenario: elapsed 0:00:03.762
--- Naive_LR_solving.gms(3337) 95 Mb
--- Starting Equ Const_3_2_scenario: elapsed 0:00:03.768
--- Naive_LR_solving.gms(3342) 95 Mb
--- Starting Equ Const_4_1_scenario: elapsed 0:00:03.775
--- Naive_LR_solving.gms(3345) 95 Mb
--- Starting Equ Const_4_2_scenario: elapsed 0:00:03.779
--- Naive_LR_solving.gms(3348) 95 Mb
--- Starting Equ Const_5_scenario: elapsed 0:00:03.784
--- Naive_LR_solving.gms(3352) 95 Mb
--- Starting Equ Const_6_scenario: elapsed 0:00:03.789
--- Naive_LR_solving.gms(3405) 95 Mb
--- LOOPS rs = scen1
---   161 rows  121 columns  735 non-zeroes
---   72 discrete-columns
--- Executing GUROBI (Solvelink=5): elapsed 0:00:03.801

Gurobi           32.2.0 rc62c018 Released Aug 26, 2020 WEI x86 64bit/MS Window

GAMS/Gurobi demo/community requires a Gurobi license from Gurobi Optimization.
*** Cannot initialize Gurobi environment.
*** Could be a missing or invalid license. (status=10009|10009)
--- Reading solution for model schedule_scenario
--- Executing after solve: elapsed 0:00:03.823
--- Naive_LR_solving.gms(3402) 95 Mb
--- Generating MIP model schedule_scenario
--- Naive_LR_solving.gms(3313) 95 Mb
--- Starting Equ Objective_scenario: elapsed 0:00:03.823
--- Naive_LR_solving.gms(3320) 95 Mb
--- Starting Equ Const1_1_scenario: elapsed 0:00:03.824
--- Naive_LR_solving.gms(3334) 95 Mb
--- Starting Equ Const_3_1_scenario: elapsed 0:00:03.828
--- Naive_LR_solving.gms(3337) 95 Mb
--- Starting Equ Const_3_2_scenario: elapsed 0:00:03.835
--- Naive_LR_solving.gms(3342) 95 Mb
--- Starting Equ Const_4_1_scenario: elapsed 0:00:03.843
--- Naive_LR_solving.gms(3345) 95 Mb
--- Starting Equ Const_4_2_scenario: elapsed 0:00:03.847
--- Naive_LR_solving.gms(3348) 95 Mb
--- Starting Equ Const_5_scenario: elapsed 0:00:03.855
--- Naive_LR_solving.gms(3352) 95 Mb
--- Starting Equ Const_6_scenario: elapsed 0:00:03.860
--- Naive_LR_solving.gms(3405) 95 Mb
--- LOOPS rs = scen2
---   161 rows  121 columns  735 non-zeroes
---   72 discrete-columns
--- Executing GUROBI (Solvelink=5): elapsed 0:00:03.871

Gurobi           32.2.0 rc62c018 Released Aug 26, 2020 WEI x86 64bit/MS Window

GAMS/Gurobi demo/community requires a Gurobi license from Gurobi Optimization.
*** Cannot initialize Gurobi environment.
*** Could be a missing or invalid license. (status=10009|10009)
--- Reading solution for model schedule_scenario
--- Executing after solve: elapsed 0:00:03.882
--- Naive_LR_solving.gms(3402) 95 Mb
--- Generating MIP model schedule_scenario
--- Naive_LR_solving.gms(3313) 95 Mb
--- Starting Equ Objective_scenario: elapsed 0:00:03.882
--- Naive_LR_solving.gms(3320) 95 Mb
--- Starting Equ Const1_1_scenario: elapsed 0:00:03.883
--- Naive_LR_solving.gms(3334) 95 Mb
--- Starting Equ Const_3_1_scenario: elapsed 0:00:03.886
--- Naive_LR_solving.gms(3337) 95 Mb
--- Starting Equ Const_3_2_scenario: elapsed 0:00:03.895
--- Naive_LR_solving.gms(3342) 95 Mb
--- Starting Equ Const_4_1_scenario: elapsed 0:00:03.901
--- Naive_LR_solving.gms(3345) 95 Mb
--- Starting Equ Const_4_2_scenario: elapsed 0:00:03.905
--- Naive_LR_solving.gms(3348) 95 Mb
--- Starting Equ Const_5_scenario: elapsed 0:00:03.909
--- Naive_LR_solving.gms(3352) 95 Mb
--- Starting Equ Const_6_scenario: elapsed 0:00:03.914
--- Naive_LR_solving.gms(3405) 95 Mb
--- LOOPS rs = scen3
---   161 rows  121 columns  735 non-zeroes
---   72 discrete-columns
--- Executing GUROBI (Solvelink=5): elapsed 0:00:03.923

Gurobi           32.2.0 rc62c018 Released Aug 26, 2020 WEI x86 64bit/MS Window

GAMS/Gurobi demo/community requires a Gurobi license from Gurobi Optimization.
*** Cannot initialize Gurobi environment.
*** Could be a missing or invalid license. (status=10009|10009)
--- Reading solution for model schedule_scenario
--- Executing after solve: elapsed 0:00:03.934
--- Naive_LR_solving.gms(3402) 95 Mb
--- Generating MIP model schedule_scenario
--- Naive_LR_solving.gms(3313) 95 Mb
--- Starting Equ Objective_scenario: elapsed 0:00:03.934
--- Naive_LR_solving.gms(3320) 95 Mb
--- Starting Equ Const1_1_scenario: elapsed 0:00:03.935
--- Naive_LR_solving.gms(3334) 95 Mb
--- Starting Equ Const_3_1_scenario: elapsed 0:00:03.939
--- Naive_LR_solving.gms(3337) 95 Mb
--- Starting Equ Const_3_2_scenario: elapsed 0:00:03.946
--- Naive_LR_solving.gms(3342) 95 Mb
--- Starting Equ Const_4_1_scenario: elapsed 0:00:03.952
--- Naive_LR_solving.gms(3345) 95 Mb
--- Starting Equ Const_4_2_scenario: elapsed 0:00:03.957
--- Naive_LR_solving.gms(3348) 95 Mb
--- Starting Equ Const_5_scenario: elapsed 0:00:03.961
--- Naive_LR_solving.gms(3352) 95 Mb
--- Starting Equ Const_6_scenario: elapsed 0:00:03.966
--- Naive_LR_solving.gms(3405) 95 Mb
--- LOOPS rs = scen4
---   161 rows  121 columns  735 non-zeroes
---   72 discrete-columns
--- Executing GUROBI (Solvelink=5): elapsed 0:00:03.975

Gurobi           32.2.0 rc62c018 Released Aug 26, 2020 WEI x86 64bit/MS Window

GAMS/Gurobi demo/community requires a Gurobi license from Gurobi Optimization.
*** Cannot initialize Gurobi environment.
*** Could be a missing or invalid license. (status=10009|10009)
--- Reading solution for model schedule_scenario
--- Executing after solve: elapsed 0:00:03.985
--- Naive_LR_solving.gms(3402) 95 Mb
--- Generating MIP model schedule_scenario
--- Naive_LR_solving.gms(3313) 95 Mb
--- Starting Equ Objective_scenario: elapsed 0:00:03.986
--- Naive_LR_solving.gms(3320) 95 Mb
--- Starting Equ Const1_1_scenario: elapsed 0:00:03.986
--- Naive_LR_solving.gms(3334) 95 Mb
--- Starting Equ Const_3_1_scenario: elapsed 0:00:03.991
--- Naive_LR_solving.gms(3337) 95 Mb
--- Starting Equ Const_3_2_scenario: elapsed 0:00:04.000
--- Naive_LR_solving.gms(3342) 95 Mb
--- Starting Equ Const_4_1_scenario: elapsed 0:00:04.013
--- Naive_LR_solving.gms(3345) 95 Mb
--- Starting Equ Const_4_2_scenario: elapsed 0:00:04.019
--- Naive_LR_solving.gms(3348) 95 Mb
--- Starting Equ Const_5_scenario: elapsed 0:00:04.025
--- Naive_LR_solving.gms(3352) 95 Mb
--- Starting Equ Const_6_scenario: elapsed 0:00:04.030
--- Naive_LR_solving.gms(3405) 95 Mb
--- LOOPS rs = scen5
---   161 rows  121 columns  735 non-zeroes
---   72 discrete-columns
--- Executing GUROBI (Solvelink=5): elapsed 0:00:04.042

Gurobi           32.2.0 rc62c018 Released Aug 26, 2020 WEI x86 64bit/MS Window

GAMS/Gurobi demo/community requires a Gurobi license from Gurobi Optimization.
*** Cannot initialize Gurobi environment.
*** Could be a missing or invalid license. (status=10009|10009)
--- Reading solution for model schedule_scenario
--- Executing after solve: elapsed 0:00:04.053
--- Naive_LR_solving.gms(3402) 95 Mb
--- Generating MIP model schedule_scenario
--- Naive_LR_solving.gms(3313) 95 Mb
--- Starting Equ Objective_scenario: elapsed 0:00:04.053
--- Naive_LR_solving.gms(3320) 95 Mb
--- Starting Equ Const1_1_scenario: elapsed 0:00:04.053
--- Naive_LR_solving.gms(3334) 95 Mb
--- Starting Equ Const_3_1_scenario: elapsed 0:00:04.056
--- Naive_LR_solving.gms(3337) 95 Mb
--- Starting Equ Const_3_2_scenario: elapsed 0:00:04.064
--- Naive_LR_solving.gms(3342) 95 Mb
--- Starting Equ Const_4_1_scenario: elapsed 0:00:04.070
--- Naive_LR_solving.gms(3345) 95 Mb
--- Starting Equ Const_4_2_scenario: elapsed 0:00:04.075
--- Naive_LR_solving.gms(3348) 95 Mb
--- Starting Equ Const_5_scenario: elapsed 0:00:04.079
--- Naive_LR_solving.gms(3352) 95 Mb
--- Starting Equ Const_6_scenario: elapsed 0:00:04.084
--- Naive_LR_solving.gms(3405) 95 Mb
--- LOOPS rs = scen6
---   161 rows  121 columns  735 non-zeroes
---   72 discrete-columns
--- Executing GUROBI (Solvelink=5): elapsed 0:00:04.093

Gurobi           32.2.0 rc62c018 Released Aug 26, 2020 WEI x86 64bit/MS Window

GAMS/Gurobi demo/community requires a Gurobi license from Gurobi Optimization.
*** Cannot initialize Gurobi environment.
*** Could be a missing or invalid license. (status=10009|10009)
--- Reading solution for model schedule_scenario
--- Executing after solve: elapsed 0:00:04.105
--- Naive_LR_solving.gms(3402) 95 Mb
--- Generating MIP model schedule_scenario
--- Naive_LR_solving.gms(3313) 95 Mb
--- Starting Equ Objective_scenario: elapsed 0:00:04.106
--- Naive_LR_solving.gms(3320) 95 Mb
--- Starting Equ Const1_1_scenario: elapsed 0:00:04.106
--- Naive_LR_solving.gms(3334) 95 Mb
--- Starting Equ Const_3_1_scenario: elapsed 0:00:04.110
--- Naive_LR_solving.gms(3337) 95 Mb
--- Starting Equ Const_3_2_scenario: elapsed 0:00:04.117
--- Naive_LR_solving.gms(3342) 95 Mb
--- Starting Equ Const_4_1_scenario: elapsed 0:00:04.123
--- Naive_LR_solving.gms(3345) 95 Mb
--- Starting Equ Const_4_2_scenario: elapsed 0:00:04.129
--- Naive_LR_solving.gms(3348) 95 Mb
--- Starting Equ Const_5_scenario: elapsed 0:00:04.136
--- Naive_LR_solving.gms(3352) 95 Mb
--- Starting Equ Const_6_scenario: elapsed 0:00:04.140
--- Naive_LR_solving.gms(3405) 95 Mb
--- LOOPS rs = scen7
---   161 rows  121 columns  735 non-zeroes
---   72 discrete-columns
--- Executing GUROBI (Solvelink=5): elapsed 0:00:04.150

Gurobi           32.2.0 rc62c018 Released Aug 26, 2020 WEI x86 64bit/MS Window

GAMS/Gurobi demo/community requires a Gurobi license from Gurobi Optimization.
*** Cannot initialize Gurobi environment.
*** Could be a missing or invalid license. (status=10009|10009)
--- Reading solution for model schedule_scenario
--- Executing after solve: elapsed 0:00:04.161
--- Naive_LR_solving.gms(3402) 95 Mb
--- Generating MIP model schedule_scenario
--- Naive_LR_solving.gms(3313) 95 Mb
--- Starting Equ Objective_scenario: elapsed 0:00:04.162
--- Naive_LR_solving.gms(3320) 95 Mb
--- Starting Equ Const1_1_scenario: elapsed 0:00:04.162
--- Naive_LR_solving.gms(3334) 95 Mb
--- Starting Equ Const_3_1_scenario: elapsed 0:00:04.165
--- Naive_LR_solving.gms(3337) 95 Mb
--- Starting Equ Const_3_2_scenario: elapsed 0:00:04.171
--- Naive_LR_solving.gms(3342) 95 Mb
--- Starting Equ Const_4_1_scenario: elapsed 0:00:04.178
--- Naive_LR_solving.gms(3345) 95 Mb
--- Starting Equ Const_4_2_scenario: elapsed 0:00:04.182
--- Naive_LR_solving.gms(3348) 95 Mb
--- Starting Equ Const_5_scenario: elapsed 0:00:04.187
--- Naive_LR_solving.gms(3352) 95 Mb
--- Starting Equ Const_6_scenario: elapsed 0:00:04.194
--- Naive_LR_solving.gms(3405) 95 Mb
--- LOOPS rs = scen8
---   161 rows  121 columns  735 non-zeroes
---   72 discrete-columns
--- Executing GUROBI (Solvelink=5): elapsed 0:00:04.204

Gurobi           32.2.0 rc62c018 Released Aug 26, 2020 WEI x86 64bit/MS Window

GAMS/Gurobi demo/community requires a Gurobi license from Gurobi Optimization.
*** Cannot initialize Gurobi environment.
*** Could be a missing or invalid license. (status=10009|10009)
--- Reading solution for model schedule_scenario
--- Executing after solve: elapsed 0:00:04.212
--- Naive_LR_solving.gms(3402) 95 Mb
--- Generating MIP model schedule_scenario
--- Naive_LR_solving.gms(3313) 95 Mb
--- Starting Equ Objective_scenario: elapsed 0:00:04.212
--- Naive_LR_solving.gms(3320) 95 Mb
--- Starting Equ Const1_1_scenario: elapsed 0:00:04.212
--- Naive_LR_solving.gms(3334) 95 Mb
--- Starting Equ Const_3_1_scenario: elapsed 0:00:04.216
--- Naive_LR_solving.gms(3337) 95 Mb
--- Starting Equ Const_3_2_scenario: elapsed 0:00:04.222
--- Naive_LR_solving.gms(3342) 95 Mb
--- Starting Equ Const_4_1_scenario: elapsed 0:00:04.228
--- Naive_LR_solving.gms(3345) 95 Mb
--- Starting Equ Const_4_2_scenario: elapsed 0:00:04.233
--- Naive_LR_solving.gms(3348) 95 Mb
--- Starting Equ Const_5_scenario: elapsed 0:00:04.237
--- Naive_LR_solving.gms(3352) 95 Mb
--- Starting Equ Const_6_scenario: elapsed 0:00:04.241
--- Naive_LR_solving.gms(3405) 95 Mb
--- LOOPS rs = scen9
---   161 rows  121 columns  735 non-zeroes
---   72 discrete-columns
--- Executing GUROBI (Solvelink=5): elapsed 0:00:04.250

Gurobi           32.2.0 rc62c018 Released Aug 26, 2020 WEI x86 64bit/MS Window

GAMS/Gurobi demo/community requires a Gurobi license from Gurobi Optimization.
*** Cannot initialize Gurobi environment.
*** Could be a missing or invalid license. (status=10009|10009)
--- Reading solution for model schedule_scenario
--- Executing after solve: elapsed 0:00:04.259
--- Naive_LR_solving.gms(3402) 95 Mb
--- Generating MIP model schedule_scenario
--- Naive_LR_solving.gms(3313) 95 Mb
--- Starting Equ Objective_scenario: elapsed 0:00:04.259
--- Naive_LR_solving.gms(3320) 95 Mb
--- Starting Equ Const1_1_scenario: elapsed 0:00:04.260
--- Naive_LR_solving.gms(3334) 95 Mb
--- Starting Equ Const_3_1_scenario: elapsed 0:00:04.263
--- Naive_LR_solving.gms(3337) 95 Mb
--- Starting Equ Const_3_2_scenario: elapsed 0:00:04.270
--- Naive_LR_solving.gms(3342) 95 Mb
--- Starting Equ Const_4_1_scenario: elapsed 0:00:04.276
--- Naive_LR_solving.gms(3345) 95 Mb
--- Starting Equ Const_4_2_scenario: elapsed 0:00:04.281
--- Naive_LR_solving.gms(3348) 95 Mb
--- Starting Equ Const_5_scenario: elapsed 0:00:04.285
--- Naive_LR_solving.gms(3352) 95 Mb
--- Starting Equ Const_6_scenario: elapsed 0:00:04.290
--- Naive_LR_solving.gms(3405) 95 Mb
--- LOOPS rs = scen10
---   161 rows  121 columns  735 non-zeroes
---   72 discrete-columns
--- Executing GUROBI (Solvelink=5): elapsed 0:00:04.300

Gurobi           32.2.0 rc62c018 Released Aug 26, 2020 WEI x86 64bit/MS Window

GAMS/Gurobi demo/community requires a Gurobi license from Gurobi Optimization.
*** Cannot initialize Gurobi environment.
*** Could be a missing or invalid license. (status=10009|10009)
--- Reading solution for model schedule_scenario
--- Executing after solve: elapsed 0:00:04.310
--- Naive_LR_solving.gms(3402) 95 Mb
--- Generating MIP model schedule_scenario
--- Naive_LR_solving.gms(3313) 95 Mb
--- Starting Equ Objective_scenario: elapsed 0:00:04.310
--- Naive_LR_solving.gms(3320) 95 Mb
--- Starting Equ Const1_1_scenario: elapsed 0:00:04.310
--- Naive_LR_solving.gms(3334) 95 Mb
--- Starting Equ Const_3_1_scenario: elapsed 0:00:04.313
--- Naive_LR_solving.gms(3337) 95 Mb
--- Starting Equ Const_3_2_scenario: elapsed 0:00:04.320
--- Naive_LR_solving.gms(3342) 95 Mb
--- Starting Equ Const_4_1_scenario: elapsed 0:00:04.327
--- Naive_LR_solving.gms(3345) 95 Mb
--- Starting Equ Const_4_2_scenario: elapsed 0:00:04.332
--- Naive_LR_solving.gms(3348) 95 Mb
--- Starting Equ Const_5_scenario: elapsed 0:00:04.336
--- Naive_LR_solving.gms(3352) 95 Mb
--- Starting Equ Const_6_scenario: elapsed 0:00:04.341
--- Naive_LR_solving.gms(3405) 95 Mb
--- LOOPS rs = scen11
---   161 rows  121 columns  735 non-zeroes
---   72 discrete-columns
--- Executing GUROBI (Solvelink=5): elapsed 0:00:04.351

Gurobi           32.2.0 rc62c018 Released Aug 26, 2020 WEI x86 64bit/MS Window

GAMS/Gurobi demo/community requires a Gurobi license from Gurobi Optimization.
*** Cannot initialize Gurobi environment.
*** Could be a missing or invalid license. (status=10009|10009)
--- Reading solution for model schedule_scenario
--- Executing after solve: elapsed 0:00:04.358
--- Naive_LR_solving.gms(3402) 95 Mb
--- Generating MIP model schedule_scenario
--- Naive_LR_solving.gms(3313) 95 Mb
--- Starting Equ Objective_scenario: elapsed 0:00:04.359
--- Naive_LR_solving.gms(3320) 95 Mb
--- Starting Equ Const1_1_scenario: elapsed 0:00:04.359
--- Naive_LR_solving.gms(3334) 95 Mb
--- Starting Equ Const_3_1_scenario: elapsed 0:00:04.362
--- Naive_LR_solving.gms(3337) 95 Mb
--- Starting Equ Const_3_2_scenario: elapsed 0:00:04.368
--- Naive_LR_solving.gms(3342) 95 Mb
--- Starting Equ Const_4_1_scenario: elapsed 0:00:04.374
--- Naive_LR_solving.gms(3345) 95 Mb
--- Starting Equ Const_4_2_scenario: elapsed 0:00:04.378
--- Naive_LR_solving.gms(3348) 95 Mb
--- Starting Equ Const_5_scenario: elapsed 0:00:04.386
--- Naive_LR_solving.gms(3352) 95 Mb
--- Starting Equ Const_6_scenario: elapsed 0:00:04.392
--- Naive_LR_solving.gms(3405) 95 Mb
--- LOOPS rs = scen12
---   161 rows  121 columns  735 non-zeroes
---   72 discrete-columns
--- Executing GUROBI (Solvelink=5): elapsed 0:00:04.403

Gurobi           32.2.0 rc62c018 Released Aug 26, 2020 WEI x86 64bit/MS Window

GAMS/Gurobi demo/community requires a Gurobi license from Gurobi Optimization.
*** Cannot initialize Gurobi environment.
*** Could be a missing or invalid license. (status=10009|10009)
--- Reading solution for model schedule_scenario
--- Executing after solve: elapsed 0:00:04.413
--- Naive_LR_solving.gms(3402) 95 Mb
--- Generating MIP model schedule_scenario
--- Naive_LR_solving.gms(3313) 95 Mb
--- Starting Equ Objective_scenario: elapsed 0:00:04.413
--- Naive_LR_solving.gms(3320) 95 Mb
--- Starting Equ Const1_1_scenario: elapsed 0:00:04.414
--- Naive_LR_solving.gms(3334) 95 Mb
--- Starting Equ Const_3_1_scenario: elapsed 0:00:04.418
--- Naive_LR_solving.gms(3337) 95 Mb
--- Starting Equ Const_3_2_scenario: elapsed 0:00:04.425
--- Naive_LR_solving.gms(3342) 95 Mb
--- Starting Equ Const_4_1_scenario: elapsed 0:00:04.431
--- Naive_LR_solving.gms(3345) 95 Mb
--- Starting Equ Const_4_2_scenario: elapsed 0:00:04.436
--- Naive_LR_solving.gms(3348) 95 Mb
--- Starting Equ Const_5_scenario: elapsed 0:00:04.441
--- Naive_LR_solving.gms(3352) 95 Mb
--- Starting Equ Const_6_scenario: elapsed 0:00:04.446
--- Naive_LR_solving.gms(3405) 95 Mb
--- LOOPS rs = scen13
---   161 rows  121 columns  735 non-zeroes
---   72 discrete-columns
--- Executing GUROBI (Solvelink=5): elapsed 0:00:04.455

Gurobi           32.2.0 rc62c018 Released Aug 26, 2020 WEI x86 64bit/MS Window

GAMS/Gurobi demo/community requires a Gurobi license from Gurobi Optimization.
*** Cannot initialize Gurobi environment.
*** Could be a missing or invalid license. (status=10009|10009)
--- Reading solution for model schedule_scenario
--- Executing after solve: elapsed 0:00:04.463
--- Naive_LR_solving.gms(3402) 95 Mb
--- Generating MIP model schedule_scenario
--- Naive_LR_solving.gms(3313) 95 Mb
--- Starting Equ Objective_scenario: elapsed 0:00:04.464
--- Naive_LR_solving.gms(3320) 95 Mb
--- Starting Equ Const1_1_scenario: elapsed 0:00:04.464
--- Naive_LR_solving.gms(3334) 95 Mb
--- Starting Equ Const_3_1_scenario: elapsed 0:00:04.467
--- Naive_LR_solving.gms(3337) 95 Mb
--- Starting Equ Const_3_2_scenario: elapsed 0:00:04.473
--- Naive_LR_solving.gms(3342) 95 Mb
--- Starting Equ Const_4_1_scenario: elapsed 0:00:04.480
--- Naive_LR_solving.gms(3345) 95 Mb
--- Starting Equ Const_4_2_scenario: elapsed 0:00:04.485
--- Naive_LR_solving.gms(3348) 95 Mb
--- Starting Equ Const_5_scenario: elapsed 0:00:04.489
--- Naive_LR_solving.gms(3352) 95 Mb
--- Starting Equ Const_6_scenario: elapsed 0:00:04.494
--- Naive_LR_solving.gms(3405) 95 Mb
--- LOOPS rs = scen14
---   161 rows  121 columns  735 non-zeroes
---   72 discrete-columns
--- Executing GUROBI (Solvelink=5): elapsed 0:00:04.504

Gurobi           32.2.0 rc62c018 Released Aug 26, 2020 WEI x86 64bit/MS Window

GAMS/Gurobi demo/community requires a Gurobi license from Gurobi Optimization.
*** Cannot initialize Gurobi environment.
*** Could be a missing or invalid license. (status=10009|10009)
--- Reading solution for model schedule_scenario
--- Executing after solve: elapsed 0:00:04.516
--- Naive_LR_solving.gms(3402) 95 Mb
--- Generating MIP model schedule_scenario
--- Naive_LR_solving.gms(3313) 95 Mb
--- Starting Equ Objective_scenario: elapsed 0:00:04.516
--- Naive_LR_solving.gms(3320) 95 Mb
--- Starting Equ Const1_1_scenario: elapsed 0:00:04.517
--- Naive_LR_solving.gms(3334) 95 Mb
--- Starting Equ Const_3_1_scenario: elapsed 0:00:04.520
--- Naive_LR_solving.gms(3337) 95 Mb
--- Starting Equ Const_3_2_scenario: elapsed 0:00:04.527
--- Naive_LR_solving.gms(3342) 95 Mb
--- Starting Equ Const_4_1_scenario: elapsed 0:00:04.534
--- Naive_LR_solving.gms(3345) 95 Mb
--- Starting Equ Const_4_2_scenario: elapsed 0:00:04.538
--- Naive_LR_solving.gms(3348) 95 Mb
--- Starting Equ Const_5_scenario: elapsed 0:00:04.543
--- Naive_LR_solving.gms(3352) 95 Mb
--- Starting Equ Const_6_scenario: elapsed 0:00:04.547
--- Naive_LR_solving.gms(3405) 95 Mb
--- LOOPS rs = scen15
---   161 rows  121 columns  735 non-zeroes
---   72 discrete-columns
--- Executing GUROBI (Solvelink=5): elapsed 0:00:04.557

Gurobi           32.2.0 rc62c018 Released Aug 26, 2020 WEI x86 64bit/MS Window

GAMS/Gurobi demo/community requires a Gurobi license from Gurobi Optimization.
*** Cannot initialize Gurobi environment.
*** Could be a missing or invalid license. (status=10009|10009)
--- Reading solution for model schedule_scenario
--- Executing after solve: elapsed 0:00:04.565
--- Naive_LR_solving.gms(3402) 95 Mb
--- Generating MIP model schedule_scenario
--- Naive_LR_solving.gms(3313) 95 Mb
--- Starting Equ Objective_scenario: elapsed 0:00:04.565
--- Naive_LR_solving.gms(3320) 95 Mb
--- Starting Equ Const1_1_scenario: elapsed 0:00:04.566
--- Naive_LR_solving.gms(3334) 95 Mb
--- Starting Equ Const_3_1_scenario: elapsed 0:00:04.569
--- Naive_LR_solving.gms(3337) 95 Mb
--- Starting Equ Const_3_2_scenario: elapsed 0:00:04.576
--- Naive_LR_solving.gms(3342) 95 Mb
--- Starting Equ Const_4_1_scenario: elapsed 0:00:04.582
--- Naive_LR_solving.gms(3345) 95 Mb
--- Starting Equ Const_4_2_scenario: elapsed 0:00:04.586
--- Naive_LR_solving.gms(3348) 95 Mb
--- Starting Equ Const_5_scenario: elapsed 0:00:04.591
--- Naive_LR_solving.gms(3352) 95 Mb
--- Starting Equ Const_6_scenario: elapsed 0:00:04.595
--- Naive_LR_solving.gms(3405) 95 Mb
--- LOOPS rs = scen16
---   161 rows  121 columns  735 non-zeroes
---   72 discrete-columns
--- Executing GUROBI (Solvelink=5): elapsed 0:00:04.604

Gurobi           32.2.0 rc62c018 Released Aug 26, 2020 WEI x86 64bit/MS Window

GAMS/Gurobi demo/community requires a Gurobi license from Gurobi Optimization.
*** Cannot initialize Gurobi environment.
*** Could be a missing or invalid license. (status=10009|10009)
--- Reading solution for model schedule_scenario
--- Executing after solve: elapsed 0:00:04.613
--- Naive_LR_solving.gms(3402) 95 Mb
--- Generating MIP model schedule_scenario
--- Naive_LR_solving.gms(3313) 95 Mb
--- Starting Equ Objective_scenario: elapsed 0:00:04.613
--- Naive_LR_solving.gms(3320) 95 Mb
--- Starting Equ Const1_1_scenario: elapsed 0:00:04.614
--- Naive_LR_solving.gms(3334) 95 Mb
--- Starting Equ Const_3_1_scenario: elapsed 0:00:04.620
--- Naive_LR_solving.gms(3337) 95 Mb
--- Starting Equ Const_3_2_scenario: elapsed 0:00:04.627
--- Naive_LR_solving.gms(3342) 95 Mb
--- Starting Equ Const_4_1_scenario: elapsed 0:00:04.634
--- Naive_LR_solving.gms(3345) 95 Mb
--- Starting Equ Const_4_2_scenario: elapsed 0:00:04.637
--- Naive_LR_solving.gms(3348) 95 Mb
--- Starting Equ Const_5_scenario: elapsed 0:00:04.642
--- Naive_LR_solving.gms(3352) 95 Mb
--- Starting Equ Const_6_scenario: elapsed 0:00:04.646
--- Naive_LR_solving.gms(3405) 95 Mb
--- LOOPS rs = scen17
---   161 rows  121 columns  735 non-zeroes
---   72 discrete-columns
--- Executing GUROBI (Solvelink=5): elapsed 0:00:04.655

Gurobi           32.2.0 rc62c018 Released Aug 26, 2020 WEI x86 64bit/MS Window

GAMS/Gurobi demo/community requires a Gurobi license from Gurobi Optimization.
*** Cannot initialize Gurobi environment.
*** Could be a missing or invalid license. (status=10009|10009)
--- Reading solution for model schedule_scenario
--- Executing after solve: elapsed 0:00:04.664
--- Naive_LR_solving.gms(3402) 95 Mb
--- Generating MIP model schedule_scenario
--- Naive_LR_solving.gms(3313) 95 Mb
--- Starting Equ Objective_scenario: elapsed 0:00:04.664
--- Naive_LR_solving.gms(3320) 95 Mb
--- Starting Equ Const1_1_scenario: elapsed 0:00:04.664
--- Naive_LR_solving.gms(3334) 95 Mb
--- Starting Equ Const_3_1_scenario: elapsed 0:00:04.667
--- Naive_LR_solving.gms(3337) 95 Mb
--- Starting Equ Const_3_2_scenario: elapsed 0:00:04.674
--- Naive_LR_solving.gms(3342) 95 Mb
--- Starting Equ Const_4_1_scenario: elapsed 0:00:04.681
--- Naive_LR_solving.gms(3345) 95 Mb
--- Starting Equ Const_4_2_scenario: elapsed 0:00:04.685
--- Naive_LR_solving.gms(3348) 95 Mb
--- Starting Equ Const_5_scenario: elapsed 0:00:04.689
--- Naive_LR_solving.gms(3352) 95 Mb
--- Starting Equ Const_6_scenario: elapsed 0:00:04.694
--- Naive_LR_solving.gms(3405) 95 Mb
--- LOOPS rs = scen18
---   161 rows  121 columns  735 non-zeroes
---   72 discrete-columns
--- Executing GUROBI (Solvelink=5): elapsed 0:00:04.702

Gurobi           32.2.0 rc62c018 Released Aug 26, 2020 WEI x86 64bit/MS Window

GAMS/Gurobi demo/community requires a Gurobi license from Gurobi Optimization.
*** Cannot initialize Gurobi environment.
*** Could be a missing or invalid license. (status=10009|10009)
--- Reading solution for model schedule_scenario
--- Executing after solve: elapsed 0:00:04.711
--- Naive_LR_solving.gms(3402) 95 Mb
--- Generating MIP model schedule_scenario
--- Naive_LR_solving.gms(3313) 95 Mb
--- Starting Equ Objective_scenario: elapsed 0:00:04.711
--- Naive_LR_solving.gms(3320) 95 Mb
--- Starting Equ Const1_1_scenario: elapsed 0:00:04.711
--- Naive_LR_solving.gms(3334) 95 Mb
--- Starting Equ Const_3_1_scenario: elapsed 0:00:04.714
--- Naive_LR_solving.gms(3337) 95 Mb
--- Starting Equ Const_3_2_scenario: elapsed 0:00:04.723
--- Naive_LR_solving.gms(3342) 95 Mb
--- Starting Equ Const_4_1_scenario: elapsed 0:00:04.730
--- Naive_LR_solving.gms(3345) 95 Mb
--- Starting Equ Const_4_2_scenario: elapsed 0:00:04.735
--- Naive_LR_solving.gms(3348) 95 Mb
--- Starting Equ Const_5_scenario: elapsed 0:00:04.740
--- Naive_LR_solving.gms(3352) 95 Mb
--- Starting Equ Const_6_scenario: elapsed 0:00:04.745
--- Naive_LR_solving.gms(3405) 95 Mb
--- LOOPS rs = scen19
---   161 rows  121 columns  735 non-zeroes
---   72 discrete-columns
--- Executing GUROBI (Solvelink=5): elapsed 0:00:04.760

Gurobi           32.2.0 rc62c018 Released Aug 26, 2020 WEI x86 64bit/MS Window

GAMS/Gurobi demo/community requires a Gurobi license from Gurobi Optimization.
*** Cannot initialize Gurobi environment.
*** Could be a missing or invalid license. (status=10009|10009)
--- Reading solution for model schedule_scenario
--- Executing after solve: elapsed 0:00:04.770
--- Naive_LR_solving.gms(3402) 95 Mb
--- Generating MIP model schedule_scenario
--- Naive_LR_solving.gms(3313) 95 Mb
--- Starting Equ Objective_scenario: elapsed 0:00:04.770
--- Naive_LR_solving.gms(3320) 95 Mb
--- Starting Equ Const1_1_scenario: elapsed 0:00:04.771
--- Naive_LR_solving.gms(3334) 95 Mb
--- Starting Equ Const_3_1_scenario: elapsed 0:00:04.774
--- Naive_LR_solving.gms(3337) 95 Mb
--- Starting Equ Const_3_2_scenario: elapsed 0:00:04.781
--- Naive_LR_solving.gms(3342) 95 Mb
--- Starting Equ Const_4_1_scenario: elapsed 0:00:04.788
--- Naive_LR_solving.gms(3345) 95 Mb
--- Starting Equ Const_4_2_scenario: elapsed 0:00:04.792
--- Naive_LR_solving.gms(3348) 95 Mb
--- Starting Equ Const_5_scenario: elapsed 0:00:04.798
--- Naive_LR_solving.gms(3352) 95 Mb
--- Starting Equ Const_6_scenario: elapsed 0:00:04.803
--- Naive_LR_solving.gms(3405) 95 Mb
--- LOOPS rs = scen20
---   161 rows  121 columns  735 non-zeroes
---   72 discrete-columns
--- Executing GUROBI (Solvelink=5): elapsed 0:00:04.812

Gurobi           32.2.0 rc62c018 Released Aug 26, 2020 WEI x86 64bit/MS Window

GAMS/Gurobi demo/community requires a Gurobi license from Gurobi Optimization.
*** Cannot initialize Gurobi environment.
*** Could be a missing or invalid license. (status=10009|10009)
--- Reading solution for model schedule_scenario
--- Executing after solve: elapsed 0:00:04.824
--- Naive_LR_solving.gms(3402) 95 Mb
--- Generating MIP model schedule_scenario
--- Naive_LR_solving.gms(3313) 95 Mb
--- Starting Equ Objective_scenario: elapsed 0:00:04.824
--- Naive_LR_solving.gms(3320) 95 Mb
--- Starting Equ Const1_1_scenario: elapsed 0:00:04.825
--- Naive_LR_solving.gms(3334) 95 Mb
--- Starting Equ Const_3_1_scenario: elapsed 0:00:04.828
--- Naive_LR_solving.gms(3337) 95 Mb
--- Starting Equ Const_3_2_scenario: elapsed 0:00:04.835
--- Naive_LR_solving.gms(3342) 95 Mb
--- Starting Equ Const_4_1_scenario: elapsed 0:00:04.841
--- Naive_LR_solving.gms(3345) 95 Mb
--- Starting Equ Const_4_2_scenario: elapsed 0:00:04.846
--- Naive_LR_solving.gms(3348) 95 Mb
--- Starting Equ Const_5_scenario: elapsed 0:00:04.851
--- Naive_LR_solving.gms(3352) 95 Mb
--- Starting Equ Const_6_scenario: elapsed 0:00:04.855
--- Naive_LR_solving.gms(3405) 95 Mb
--- LOOPS rs = scen21
---   161 rows  121 columns  735 non-zeroes
---   72 discrete-columns
--- Executing GUROBI (Solvelink=5): elapsed 0:00:04.872

Gurobi           32.2.0 rc62c018 Released Aug 26, 2020 WEI x86 64bit/MS Window

GAMS/Gurobi demo/community requires a Gurobi license from Gurobi Optimization.
*** Cannot initialize Gurobi environment.
*** Could be a missing or invalid license. (status=10009|10009)
--- Reading solution for model schedule_scenario
--- Executing after solve: elapsed 0:00:04.881
--- Naive_LR_solving.gms(3402) 95 Mb
--- Generating MIP model schedule_scenario
--- Naive_LR_solving.gms(3313) 95 Mb
--- Starting Equ Objective_scenario: elapsed 0:00:04.882
--- Naive_LR_solving.gms(3320) 95 Mb
--- Starting Equ Const1_1_scenario: elapsed 0:00:04.882
--- Naive_LR_solving.gms(3334) 95 Mb
--- Starting Equ Const_3_1_scenario: elapsed 0:00:04.888
--- Naive_LR_solving.gms(3337) 95 Mb
--- Starting Equ Const_3_2_scenario: elapsed 0:00:04.896
--- Naive_LR_solving.gms(3342) 95 Mb
--- Starting Equ Const_4_1_scenario: elapsed 0:00:04.902
--- Naive_LR_solving.gms(3345) 95 Mb
--- Starting Equ Const_4_2_scenario: elapsed 0:00:04.906
--- Naive_LR_solving.gms(3348) 95 Mb
--- Starting Equ Const_5_scenario: elapsed 0:00:04.911
--- Naive_LR_solving.gms(3352) 95 Mb
--- Starting Equ Const_6_scenario: elapsed 0:00:04.915
--- Naive_LR_solving.gms(3405) 95 Mb
--- LOOPS rs = scen22
---   161 rows  121 columns  735 non-zeroes
---   72 discrete-columns
--- Executing GUROBI (Solvelink=5): elapsed 0:00:04.924

Gurobi           32.2.0 rc62c018 Released Aug 26, 2020 WEI x86 64bit/MS Window

GAMS/Gurobi demo/community requires a Gurobi license from Gurobi Optimization.
*** Cannot initialize Gurobi environment.
*** Could be a missing or invalid license. (status=10009|10009)
--- Reading solution for model schedule_scenario
--- Executing after solve: elapsed 0:00:04.932
--- Naive_LR_solving.gms(3402) 95 Mb
--- Generating MIP model schedule_scenario
--- Naive_LR_solving.gms(3313) 95 Mb
--- Starting Equ Objective_scenario: elapsed 0:00:04.933
--- Naive_LR_solving.gms(3320) 95 Mb
--- Starting Equ Const1_1_scenario: elapsed 0:00:04.933
--- Naive_LR_solving.gms(3334) 95 Mb
--- Starting Equ Const_3_1_scenario: elapsed 0:00:04.936
--- Naive_LR_solving.gms(3337) 95 Mb
--- Starting Equ Const_3_2_scenario: elapsed 0:00:04.942
--- Naive_LR_solving.gms(3342) 95 Mb
--- Starting Equ Const_4_1_scenario: elapsed 0:00:04.948
--- Naive_LR_solving.gms(3345) 95 Mb
--- Starting Equ Const_4_2_scenario: elapsed 0:00:04.953
--- Naive_LR_solving.gms(3348) 95 Mb
--- Starting Equ Const_5_scenario: elapsed 0:00:04.957
--- Naive_LR_solving.gms(3352) 95 Mb
--- Starting Equ Const_6_scenario: elapsed 0:00:04.962
--- Naive_LR_solving.gms(3405) 95 Mb
--- LOOPS rs = scen23
---   161 rows  121 columns  735 non-zeroes
---   72 discrete-columns
--- Executing GUROBI (Solvelink=5): elapsed 0:00:04.971

Gurobi           32.2.0 rc62c018 Released Aug 26, 2020 WEI x86 64bit/MS Window

GAMS/Gurobi demo/community requires a Gurobi license from Gurobi Optimization.
*** Cannot initialize Gurobi environment.
*** Could be a missing or invalid license. (status=10009|10009)
--- Reading solution for model schedule_scenario
--- Executing after solve: elapsed 0:00:04.980
--- Naive_LR_solving.gms(3402) 95 Mb
--- Generating MIP model schedule_scenario
--- Naive_LR_solving.gms(3313) 95 Mb
--- Starting Equ Objective_scenario: elapsed 0:00:04.980
--- Naive_LR_solving.gms(3320) 95 Mb
--- Starting Equ Const1_1_scenario: elapsed 0:00:04.980
--- Naive_LR_solving.gms(3334) 95 Mb
--- Starting Equ Const_3_1_scenario: elapsed 0:00:04.983
--- Naive_LR_solving.gms(3337) 95 Mb
--- Starting Equ Const_3_2_scenario: elapsed 0:00:04.990
--- Naive_LR_solving.gms(3342) 95 Mb
--- Starting Equ Const_4_1_scenario: elapsed 0:00:04.996
--- Naive_LR_solving.gms(3345) 95 Mb
--- Starting Equ Const_4_2_scenario: elapsed 0:00:05.001
--- Naive_LR_solving.gms(3348) 95 Mb
--- Starting Equ Const_5_scenario: elapsed 0:00:05.006
--- Naive_LR_solving.gms(3352) 95 Mb
--- Starting Equ Const_6_scenario: elapsed 0:00:05.012
--- Naive_LR_solving.gms(3405) 95 Mb
--- LOOPS rs = scen24
---   161 rows  121 columns  735 non-zeroes
---   72 discrete-columns
--- Executing GUROBI (Solvelink=5): elapsed 0:00:05.024

Gurobi           32.2.0 rc62c018 Released Aug 26, 2020 WEI x86 64bit/MS Window

GAMS/Gurobi demo/community requires a Gurobi license from Gurobi Optimization.
*** Cannot initialize Gurobi environment.
*** Could be a missing or invalid license. (status=10009|10009)
--- Reading solution for model schedule_scenario
--- Executing after solve: elapsed 0:00:05.035
--- Naive_LR_solving.gms(3402) 95 Mb
--- Generating MIP model schedule_scenario
--- Naive_LR_solving.gms(3313) 95 Mb
--- Starting Equ Objective_scenario: elapsed 0:00:05.035
--- Naive_LR_solving.gms(3320) 95 Mb
--- Starting Equ Const1_1_scenario: elapsed 0:00:05.036
--- Naive_LR_solving.gms(3334) 95 Mb
--- Starting Equ Const_3_1_scenario: elapsed 0:00:05.039
--- Naive_LR_solving.gms(3337) 95 Mb
--- Starting Equ Const_3_2_scenario: elapsed 0:00:05.045
--- Naive_LR_solving.gms(3342) 95 Mb
--- Starting Equ Const_4_1_scenario: elapsed 0:00:05.051
--- Naive_LR_solving.gms(3345) 95 Mb
--- Starting Equ Const_4_2_scenario: elapsed 0:00:05.056
--- Naive_LR_solving.gms(3348) 95 Mb
--- Starting Equ Const_5_scenario: elapsed 0:00:05.061
--- Naive_LR_solving.gms(3352) 95 Mb
--- Starting Equ Const_6_scenario: elapsed 0:00:05.066
--- Naive_LR_solving.gms(3405) 95 Mb
--- LOOPS rs = scen25
---   161 rows  121 columns  735 non-zeroes
---   72 discrete-columns
--- Executing GUROBI (Solvelink=5): elapsed 0:00:05.076

Gurobi           32.2.0 rc62c018 Released Aug 26, 2020 WEI x86 64bit/MS Window

GAMS/Gurobi demo/community requires a Gurobi license from Gurobi Optimization.
*** Cannot initialize Gurobi environment.
*** Could be a missing or invalid license. (status=10009|10009)
--- Reading solution for model schedule_scenario
--- Executing after solve: elapsed 0:00:05.089
--- Naive_LR_solving.gms(3402) 95 Mb
--- Generating MIP model schedule_scenario
--- Naive_LR_solving.gms(3313) 95 Mb
--- Starting Equ Objective_scenario: elapsed 0:00:05.089
--- Naive_LR_solving.gms(3320) 95 Mb
--- Starting Equ Const1_1_scenario: elapsed 0:00:05.089
--- Naive_LR_solving.gms(3334) 95 Mb
--- Starting Equ Const_3_1_scenario: elapsed 0:00:05.094
--- Naive_LR_solving.gms(3337) 95 Mb
--- Starting Equ Const_3_2_scenario: elapsed 0:00:05.100
--- Naive_LR_solving.gms(3342) 95 Mb
--- Starting Equ Const_4_1_scenario: elapsed 0:00:05.108
--- Naive_LR_solving.gms(3345) 95 Mb
--- Starting Equ Const_4_2_scenario: elapsed 0:00:05.115
--- Naive_LR_solving.gms(3348) 95 Mb
--- Starting Equ Const_5_scenario: elapsed 0:00:05.120
--- Naive_LR_solving.gms(3352) 95 Mb
--- Starting Equ Const_6_scenario: elapsed 0:00:05.124
--- Naive_LR_solving.gms(3405) 95 Mb
--- LOOPS rs = scen26
---   161 rows  121 columns  735 non-zeroes
---   72 discrete-columns
--- Executing GUROBI (Solvelink=5): elapsed 0:00:05.133

Gurobi           32.2.0 rc62c018 Released Aug 26, 2020 WEI x86 64bit/MS Window

GAMS/Gurobi demo/community requires a Gurobi license from Gurobi Optimization.
*** Cannot initialize Gurobi environment.
*** Could be a missing or invalid license. (status=10009|10009)
--- Reading solution for model schedule_scenario
--- Executing after solve: elapsed 0:00:05.144
--- Naive_LR_solving.gms(3402) 95 Mb
--- Generating MIP model schedule_scenario
--- Naive_LR_solving.gms(3313) 95 Mb
--- Starting Equ Objective_scenario: elapsed 0:00:05.144
--- Naive_LR_solving.gms(3320) 95 Mb
--- Starting Equ Const1_1_scenario: elapsed 0:00:05.145
--- Naive_LR_solving.gms(3334) 95 Mb
--- Starting Equ Const_3_1_scenario: elapsed 0:00:05.149
--- Naive_LR_solving.gms(3337) 95 Mb
--- Starting Equ Const_3_2_scenario: elapsed 0:00:05.156
--- Naive_LR_solving.gms(3342) 95 Mb
--- Starting Equ Const_4_1_scenario: elapsed 0:00:05.163
--- Naive_LR_solving.gms(3345) 95 Mb
--- Starting Equ Const_4_2_scenario: elapsed 0:00:05.167
--- Naive_LR_solving.gms(3348) 95 Mb
--- Starting Equ Const_5_scenario: elapsed 0:00:05.172
--- Naive_LR_solving.gms(3352) 95 Mb
--- Starting Equ Const_6_scenario: elapsed 0:00:05.176
--- Naive_LR_solving.gms(3405) 95 Mb
--- LOOPS rs = scen27
---   161 rows  121 columns  735 non-zeroes
---   72 discrete-columns
--- Executing GUROBI (Solvelink=5): elapsed 0:00:05.186

Gurobi           32.2.0 rc62c018 Released Aug 26, 2020 WEI x86 64bit/MS Window

GAMS/Gurobi demo/community requires a Gurobi license from Gurobi Optimization.
*** Cannot initialize Gurobi environment.
*** Could be a missing or invalid license. (status=10009|10009)
--- Reading solution for model schedule_scenario
--- Executing after solve: elapsed 0:00:05.195
--- Naive_LR_solving.gms(3402) 95 Mb
--- Generating MIP model schedule_scenario
--- Naive_LR_solving.gms(3313) 95 Mb
--- Starting Equ Objective_scenario: elapsed 0:00:05.195
--- Naive_LR_solving.gms(3320) 95 Mb
--- Starting Equ Const1_1_scenario: elapsed 0:00:05.195
--- Naive_LR_solving.gms(3334) 95 Mb
--- Starting Equ Const_3_1_scenario: elapsed 0:00:05.198
--- Naive_LR_solving.gms(3337) 95 Mb
--- Starting Equ Const_3_2_scenario: elapsed 0:00:05.204
--- Naive_LR_solving.gms(3342) 95 Mb
--- Starting Equ Const_4_1_scenario: elapsed 0:00:05.211
--- Naive_LR_solving.gms(3345) 95 Mb
--- Starting Equ Const_4_2_scenario: elapsed 0:00:05.215
--- Naive_LR_solving.gms(3348) 95 Mb
--- Starting Equ Const_5_scenario: elapsed 0:00:05.223
--- Naive_LR_solving.gms(3352) 95 Mb
--- Starting Equ Const_6_scenario: elapsed 0:00:05.229
--- Naive_LR_solving.gms(3405) 95 Mb
--- LOOPS rs = scen28
---   161 rows  121 columns  735 non-zeroes
---   72 discrete-columns
--- Executing GUROBI (Solvelink=5): elapsed 0:00:05.238

Gurobi           32.2.0 rc62c018 Released Aug 26, 2020 WEI x86 64bit/MS Window

GAMS/Gurobi demo/community requires a Gurobi license from Gurobi Optimization.
*** Cannot initialize Gurobi environment.
*** Could be a missing or invalid license. (status=10009|10009)
--- Reading solution for model schedule_scenario
--- Executing after solve: elapsed 0:00:05.246
--- Naive_LR_solving.gms(3402) 95 Mb
--- Generating MIP model schedule_scenario
--- Naive_LR_solving.gms(3313) 95 Mb
--- Starting Equ Objective_scenario: elapsed 0:00:05.246
--- Naive_LR_solving.gms(3320) 95 Mb
--- Starting Equ Const1_1_scenario: elapsed 0:00:05.247
--- Naive_LR_solving.gms(3334) 95 Mb
--- Starting Equ Const_3_1_scenario: elapsed 0:00:05.254
--- Naive_LR_solving.gms(3337) 95 Mb
--- Starting Equ Const_3_2_scenario: elapsed 0:00:05.261
--- Naive_LR_solving.gms(3342) 95 Mb
--- Starting Equ Const_4_1_scenario: elapsed 0:00:05.269
--- Naive_LR_solving.gms(3345) 95 Mb
--- Starting Equ Const_4_2_scenario: elapsed 0:00:05.273
--- Naive_LR_solving.gms(3348) 95 Mb
--- Starting Equ Const_5_scenario: elapsed 0:00:05.277
--- Naive_LR_solving.gms(3352) 95 Mb
--- Starting Equ Const_6_scenario: elapsed 0:00:05.282
--- Naive_LR_solving.gms(3405) 95 Mb
--- LOOPS rs = scen29
---   161 rows  121 columns  735 non-zeroes
---   72 discrete-columns
--- Executing GUROBI (Solvelink=5): elapsed 0:00:05.292

Gurobi           32.2.0 rc62c018 Released Aug 26, 2020 WEI x86 64bit/MS Window

GAMS/Gurobi demo/community requires a Gurobi license from Gurobi Optimization.
*** Cannot initialize Gurobi environment.
*** Could be a missing or invalid license. (status=10009|10009)
--- Reading solution for model schedule_scenario
--- Executing after solve: elapsed 0:00:05.301
--- Naive_LR_solving.gms(3402) 95 Mb
--- Generating MIP model schedule_scenario
--- Naive_LR_solving.gms(3313) 95 Mb
--- Starting Equ Objective_scenario: elapsed 0:00:05.301
--- Naive_LR_solving.gms(3320) 95 Mb
--- Starting Equ Const1_1_scenario: elapsed 0:00:05.301
--- Naive_LR_solving.gms(3334) 95 Mb
--- Starting Equ Const_3_1_scenario: elapsed 0:00:05.304
--- Naive_LR_solving.gms(3337) 95 Mb
--- Starting Equ Const_3_2_scenario: elapsed 0:00:05.311
--- Naive_LR_solving.gms(3342) 95 Mb
--- Starting Equ Const_4_1_scenario: elapsed 0:00:05.318
--- Naive_LR_solving.gms(3345) 95 Mb
--- Starting Equ Const_4_2_scenario: elapsed 0:00:05.322
--- Naive_LR_solving.gms(3348) 95 Mb
--- Starting Equ Const_5_scenario: elapsed 0:00:05.327
--- Naive_LR_solving.gms(3352) 95 Mb
--- Starting Equ Const_6_scenario: elapsed 0:00:05.332
--- Naive_LR_solving.gms(3405) 95 Mb
--- LOOPS rs = scen30
---   161 rows  121 columns  735 non-zeroes
---   72 discrete-columns
--- Executing GUROBI (Solvelink=5): elapsed 0:00:05.342

Gurobi           32.2.0 rc62c018 Released Aug 26, 2020 WEI x86 64bit/MS Window

GAMS/Gurobi demo/community requires a Gurobi license from Gurobi Optimization.
*** Cannot initialize Gurobi environment.
*** Could be a missing or invalid license. (status=10009|10009)
--- Reading solution for model schedule_scenario
--- Executing after solve: elapsed 0:00:05.352
--- Naive_LR_solving.gms(3402) 95 Mb
--- Generating MIP model schedule_scenario
--- Naive_LR_solving.gms(3313) 95 Mb
--- Starting Equ Objective_scenario: elapsed 0:00:05.353
--- Naive_LR_solving.gms(3320) 95 Mb
--- Starting Equ Const1_1_scenario: elapsed 0:00:05.353
--- Naive_LR_solving.gms(3334) 95 Mb
--- Starting Equ Const_3_1_scenario: elapsed 0:00:05.358
--- Naive_LR_solving.gms(3337) 95 Mb
--- Starting Equ Const_3_2_scenario: elapsed 0:00:05.365
--- Naive_LR_solving.gms(3342) 95 Mb
--- Starting Equ Const_4_1_scenario: elapsed 0:00:05.371
--- Naive_LR_solving.gms(3345) 95 Mb
--- Starting Equ Const_4_2_scenario: elapsed 0:00:05.376
--- Naive_LR_solving.gms(3348) 95 Mb
--- Starting Equ Const_5_scenario: elapsed 0:00:05.380
--- Naive_LR_solving.gms(3352) 95 Mb
--- Starting Equ Const_6_scenario: elapsed 0:00:05.385
--- Naive_LR_solving.gms(3405) 95 Mb
--- LOOPS rs = scen31
---   161 rows  121 columns  735 non-zeroes
---   72 discrete-columns
--- Executing GUROBI (Solvelink=5): elapsed 0:00:05.394

Gurobi           32.2.0 rc62c018 Released Aug 26, 2020 WEI x86 64bit/MS Window

GAMS/Gurobi demo/community requires a Gurobi license from Gurobi Optimization.
*** Cannot initialize Gurobi environment.
*** Could be a missing or invalid license. (status=10009|10009)
--- Reading solution for model schedule_scenario
--- Executing after solve: elapsed 0:00:05.402
--- Naive_LR_solving.gms(3402) 95 Mb
--- Generating MIP model schedule_scenario
--- Naive_LR_solving.gms(3313) 95 Mb
--- Starting Equ Objective_scenario: elapsed 0:00:05.402
--- Naive_LR_solving.gms(3320) 95 Mb
--- Starting Equ Const1_1_scenario: elapsed 0:00:05.403
--- Naive_LR_solving.gms(3334) 95 Mb
--- Starting Equ Const_3_1_scenario: elapsed 0:00:05.407
--- Naive_LR_solving.gms(3337) 95 Mb
--- Starting Equ Const_3_2_scenario: elapsed 0:00:05.413
--- Naive_LR_solving.gms(3342) 95 Mb
--- Starting Equ Const_4_1_scenario: elapsed 0:00:05.420
--- Naive_LR_solving.gms(3345) 95 Mb
--- Starting Equ Const_4_2_scenario: elapsed 0:00:05.426
--- Naive_LR_solving.gms(3348) 95 Mb
--- Starting Equ Const_5_scenario: elapsed 0:00:05.430
--- Naive_LR_solving.gms(3352) 95 Mb
--- Starting Equ Const_6_scenario: elapsed 0:00:05.435
--- Naive_LR_solving.gms(3405) 95 Mb
--- LOOPS rs = scen32
---   161 rows  121 columns  735 non-zeroes
---   72 discrete-columns
--- Executing GUROBI (Solvelink=5): elapsed 0:00:05.444

Gurobi           32.2.0 rc62c018 Released Aug 26, 2020 WEI x86 64bit/MS Window

GAMS/Gurobi demo/community requires a Gurobi license from Gurobi Optimization.
*** Cannot initialize Gurobi environment.
*** Could be a missing or invalid license. (status=10009|10009)
--- Reading solution for model schedule_scenario
--- Executing after solve: elapsed 0:00:05.455
--- Naive_LR_solving.gms(3402) 95 Mb
--- Generating MIP model schedule_scenario
--- Naive_LR_solving.gms(3313) 95 Mb
--- Starting Equ Objective_scenario: elapsed 0:00:05.455
--- Naive_LR_solving.gms(3320) 95 Mb
--- Starting Equ Const1_1_scenario: elapsed 0:00:05.455
--- Naive_LR_solving.gms(3334) 95 Mb
--- Starting Equ Const_3_1_scenario: elapsed 0:00:05.458
--- Naive_LR_solving.gms(3337) 95 Mb
--- Starting Equ Const_3_2_scenario: elapsed 0:00:05.465
--- Naive_LR_solving.gms(3342) 95 Mb
--- Starting Equ Const_4_1_scenario: elapsed 0:00:05.472
--- Naive_LR_solving.gms(3345) 95 Mb
--- Starting Equ Const_4_2_scenario: elapsed 0:00:05.477
--- Naive_LR_solving.gms(3348) 95 Mb
--- Starting Equ Const_5_scenario: elapsed 0:00:05.482
--- Naive_LR_solving.gms(3352) 95 Mb
--- Starting Equ Const_6_scenario: elapsed 0:00:05.487
--- Naive_LR_solving.gms(3405) 95 Mb
--- LOOPS rs = scen33
---   161 rows  121 columns  735 non-zeroes
---   72 discrete-columns
--- Executing GUROBI (Solvelink=5): elapsed 0:00:05.496

Gurobi           32.2.0 rc62c018 Released Aug 26, 2020 WEI x86 64bit/MS Window

GAMS/Gurobi demo/community requires a Gurobi license from Gurobi Optimization.
*** Cannot initialize Gurobi environment.
*** Could be a missing or invalid license. (status=10009|10009)
--- Reading solution for model schedule_scenario
--- Executing after solve: elapsed 0:00:05.504
--- Naive_LR_solving.gms(3402) 95 Mb
--- Generating MIP model schedule_scenario
--- Naive_LR_solving.gms(3313) 95 Mb
--- Starting Equ Objective_scenario: elapsed 0:00:05.504
--- Naive_LR_solving.gms(3320) 95 Mb
--- Starting Equ Const1_1_scenario: elapsed 0:00:05.505
--- Naive_LR_solving.gms(3334) 95 Mb
--- Starting Equ Const_3_1_scenario: elapsed 0:00:05.508
--- Naive_LR_solving.gms(3337) 95 Mb
--- Starting Equ Const_3_2_scenario: elapsed 0:00:05.515
--- Naive_LR_solving.gms(3342) 95 Mb
--- Starting Equ Const_4_1_scenario: elapsed 0:00:05.521
--- Naive_LR_solving.gms(3345) 95 Mb
--- Starting Equ Const_4_2_scenario: elapsed 0:00:05.525
--- Naive_LR_solving.gms(3348) 95 Mb
--- Starting Equ Const_5_scenario: elapsed 0:00:05.530
--- Naive_LR_solving.gms(3352) 95 Mb
--- Starting Equ Const_6_scenario: elapsed 0:00:05.534
--- Naive_LR_solving.gms(3405) 95 Mb
--- LOOPS rs = scen34
---   161 rows  121 columns  735 non-zeroes
---   72 discrete-columns
--- Executing GUROBI (Solvelink=5): elapsed 0:00:05.544

Gurobi           32.2.0 rc62c018 Released Aug 26, 2020 WEI x86 64bit/MS Window

GAMS/Gurobi demo/community requires a Gurobi license from Gurobi Optimization.
*** Cannot initialize Gurobi environment.
*** Could be a missing or invalid license. (status=10009|10009)
--- Reading solution for model schedule_scenario
--- Executing after solve: elapsed 0:00:05.553
--- Naive_LR_solving.gms(3402) 95 Mb
--- Generating MIP model schedule_scenario
--- Naive_LR_solving.gms(3313) 95 Mb
--- Starting Equ Objective_scenario: elapsed 0:00:05.554
--- Naive_LR_solving.gms(3320) 95 Mb
--- Starting Equ Const1_1_scenario: elapsed 0:00:05.554
--- Naive_LR_solving.gms(3334) 95 Mb
--- Starting Equ Const_3_1_scenario: elapsed 0:00:05.559
--- Naive_LR_solving.gms(3337) 95 Mb
--- Starting Equ Const_3_2_scenario: elapsed 0:00:05.567
--- Naive_LR_solving.gms(3342) 95 Mb
--- Starting Equ Const_4_1_scenario: elapsed 0:00:05.574
--- Naive_LR_solving.gms(3345) 95 Mb
--- Starting Equ Const_4_2_scenario: elapsed 0:00:05.578
--- Naive_LR_solving.gms(3348) 95 Mb
--- Starting Equ Const_5_scenario: elapsed 0:00:05.583
--- Naive_LR_solving.gms(3352) 95 Mb
--- Starting Equ Const_6_scenario: elapsed 0:00:05.588
--- Naive_LR_solving.gms(3405) 95 Mb
--- LOOPS rs = scen35
---   161 rows  121 columns  735 non-zeroes
---   72 discrete-columns
--- Executing GUROBI (Solvelink=5): elapsed 0:00:05.597

Gurobi           32.2.0 rc62c018 Released Aug 26, 2020 WEI x86 64bit/MS Window

GAMS/Gurobi demo/community requires a Gurobi license from Gurobi Optimization.
*** Cannot initialize Gurobi environment.
*** Could be a missing or invalid license. (status=10009|10009)
--- Reading solution for model schedule_scenario
--- Executing after solve: elapsed 0:00:05.610
--- Naive_LR_solving.gms(3402) 95 Mb
--- Generating MIP model schedule_scenario
--- Naive_LR_solving.gms(3313) 95 Mb
--- Starting Equ Objective_scenario: elapsed 0:00:05.610
--- Naive_LR_solving.gms(3320) 95 Mb
--- Starting Equ Const1_1_scenario: elapsed 0:00:05.611
--- Naive_LR_solving.gms(3334) 95 Mb
--- Starting Equ Const_3_1_scenario: elapsed 0:00:05.615
--- Naive_LR_solving.gms(3337) 95 Mb
--- Starting Equ Const_3_2_scenario: elapsed 0:00:05.623
--- Naive_LR_solving.gms(3342) 95 Mb
--- Starting Equ Const_4_1_scenario: elapsed 0:00:05.629
--- Naive_LR_solving.gms(3345) 95 Mb
--- Starting Equ Const_4_2_scenario: elapsed 0:00:05.633
--- Naive_LR_solving.gms(3348) 95 Mb
--- Starting Equ Const_5_scenario: elapsed 0:00:05.637
--- Naive_LR_solving.gms(3352) 95 Mb
--- Starting Equ Const_6_scenario: elapsed 0:00:05.642
--- Naive_LR_solving.gms(3405) 95 Mb
--- LOOPS rs = scen36
---   161 rows  121 columns  735 non-zeroes
---   72 discrete-columns
--- Executing GUROBI (Solvelink=5): elapsed 0:00:05.651

Gurobi           32.2.0 rc62c018 Released Aug 26, 2020 WEI x86 64bit/MS Window

GAMS/Gurobi demo/community requires a Gurobi license from Gurobi Optimization.
*** Cannot initialize Gurobi environment.
*** Could be a missing or invalid license. (status=10009|10009)
--- Reading solution for model schedule_scenario
--- Executing after solve: elapsed 0:00:05.659
--- Naive_LR_solving.gms(3402) 95 Mb
--- Generating MIP model schedule_scenario
--- Naive_LR_solving.gms(3313) 95 Mb
--- Starting Equ Objective_scenario: elapsed 0:00:05.659
--- Naive_LR_solving.gms(3320) 95 Mb
--- Starting Equ Const1_1_scenario: elapsed 0:00:05.660
--- Naive_LR_solving.gms(3334) 95 Mb
--- Starting Equ Const_3_1_scenario: elapsed 0:00:05.663
--- Naive_LR_solving.gms(3337) 95 Mb
--- Starting Equ Const_3_2_scenario: elapsed 0:00:05.670
--- Naive_LR_solving.gms(3342) 95 Mb
--- Starting Equ Const_4_1_scenario: elapsed 0:00:05.678
--- Naive_LR_solving.gms(3345) 95 Mb
--- Starting Equ Const_4_2_scenario: elapsed 0:00:05.683
--- Naive_LR_solving.gms(3348) 95 Mb
--- Starting Equ Const_5_scenario: elapsed 0:00:05.687
--- Naive_LR_solving.gms(3352) 95 Mb
--- Starting Equ Const_6_scenario: elapsed 0:00:05.692
--- Naive_LR_solving.gms(3405) 95 Mb
--- LOOPS rs = scen37
---   161 rows  121 columns  735 non-zeroes
---   72 discrete-columns
--- Executing GUROBI (Solvelink=5): elapsed 0:00:05.702

Gurobi           32.2.0 rc62c018 Released Aug 26, 2020 WEI x86 64bit/MS Window

GAMS/Gurobi demo/community requires a Gurobi license from Gurobi Optimization.
*** Cannot initialize Gurobi environment.
*** Could be a missing or invalid license. (status=10009|10009)
--- Reading solution for model schedule_scenario
--- Executing after solve: elapsed 0:00:05.713
--- Naive_LR_solving.gms(3402) 95 Mb
--- Generating MIP model schedule_scenario
--- Naive_LR_solving.gms(3313) 95 Mb
--- Starting Equ Objective_scenario: elapsed 0:00:05.713
--- Naive_LR_solving.gms(3320) 95 Mb
--- Starting Equ Const1_1_scenario: elapsed 0:00:05.713
--- Naive_LR_solving.gms(3334) 95 Mb
--- Starting Equ Const_3_1_scenario: elapsed 0:00:05.716
--- Naive_LR_solving.gms(3337) 95 Mb
--- Starting Equ Const_3_2_scenario: elapsed 0:00:05.723
--- Naive_LR_solving.gms(3342) 95 Mb
--- Starting Equ Const_4_1_scenario: elapsed 0:00:05.729
--- Naive_LR_solving.gms(3345) 95 Mb
--- Starting Equ Const_4_2_scenario: elapsed 0:00:05.735
--- Naive_LR_solving.gms(3348) 95 Mb
--- Starting Equ Const_5_scenario: elapsed 0:00:05.742
--- Naive_LR_solving.gms(3352) 95 Mb
--- Starting Equ Const_6_scenario: elapsed 0:00:05.747
--- Naive_LR_solving.gms(3405) 95 Mb
--- LOOPS rs = scen38
---   161 rows  121 columns  735 non-zeroes
---   72 discrete-columns
--- Executing GUROBI (Solvelink=5): elapsed 0:00:05.756

Gurobi           32.2.0 rc62c018 Released Aug 26, 2020 WEI x86 64bit/MS Window

GAMS/Gurobi demo/community requires a Gurobi license from Gurobi Optimization.
*** Cannot initialize Gurobi environment.
*** Could be a missing or invalid license. (status=10009|10009)
--- Reading solution for model schedule_scenario
--- Executing after solve: elapsed 0:00:05.768
--- Naive_LR_solving.gms(3402) 95 Mb
--- Generating MIP model schedule_scenario
--- Naive_LR_solving.gms(3313) 95 Mb
--- Starting Equ Objective_scenario: elapsed 0:00:05.768
--- Naive_LR_solving.gms(3320) 95 Mb
--- Starting Equ Const1_1_scenario: elapsed 0:00:05.769
--- Naive_LR_solving.gms(3334) 95 Mb
--- Starting Equ Const_3_1_scenario: elapsed 0:00:05.773
--- Naive_LR_solving.gms(3337) 95 Mb
--- Starting Equ Const_3_2_scenario: elapsed 0:00:05.782
--- Naive_LR_solving.gms(3342) 95 Mb
--- Starting Equ Const_4_1_scenario: elapsed 0:00:05.789
--- Naive_LR_solving.gms(3345) 95 Mb
--- Starting Equ Const_4_2_scenario: elapsed 0:00:05.794
--- Naive_LR_solving.gms(3348) 95 Mb
--- Starting Equ Const_5_scenario: elapsed 0:00:05.802
--- Naive_LR_solving.gms(3352) 95 Mb
--- Starting Equ Const_6_scenario: elapsed 0:00:05.807
--- Naive_LR_solving.gms(3405) 95 Mb
--- LOOPS rs = scen39
---   161 rows  121 columns  735 non-zeroes
---   72 discrete-columns
--- Executing GUROBI (Solvelink=5): elapsed 0:00:05.818

Gurobi           32.2.0 rc62c018 Released Aug 26, 2020 WEI x86 64bit/MS Window

GAMS/Gurobi demo/community requires a Gurobi license from Gurobi Optimization.
*** Cannot initialize Gurobi environment.
*** Could be a missing or invalid license. (status=10009|10009)
--- Reading solution for model schedule_scenario
--- Executing after solve: elapsed 0:00:05.828
--- Naive_LR_solving.gms(3402) 95 Mb
--- Generating MIP model schedule_scenario
--- Naive_LR_solving.gms(3313) 95 Mb
--- Starting Equ Objective_scenario: elapsed 0:00:05.828
--- Naive_LR_solving.gms(3320) 95 Mb
--- Starting Equ Const1_1_scenario: elapsed 0:00:05.829
--- Naive_LR_solving.gms(3334) 95 Mb
--- Starting Equ Const_3_1_scenario: elapsed 0:00:05.833
--- Naive_LR_solving.gms(3337) 95 Mb
--- Starting Equ Const_3_2_scenario: elapsed 0:00:05.840
--- Naive_LR_solving.gms(3342) 95 Mb
--- Starting Equ Const_4_1_scenario: elapsed 0:00:05.847
--- Naive_LR_solving.gms(3345) 95 Mb
--- Starting Equ Const_4_2_scenario: elapsed 0:00:05.853
--- Naive_LR_solving.gms(3348) 95 Mb
--- Starting Equ Const_5_scenario: elapsed 0:00:05.857
--- Naive_LR_solving.gms(3352) 95 Mb
--- Starting Equ Const_6_scenario: elapsed 0:00:05.862
--- Naive_LR_solving.gms(3405) 95 Mb
--- LOOPS rs = scen40
---   161 rows  121 columns  735 non-zeroes
---   72 discrete-columns
--- Executing GUROBI (Solvelink=5): elapsed 0:00:05.872

Gurobi           32.2.0 rc62c018 Released Aug 26, 2020 WEI x86 64bit/MS Window

GAMS/Gurobi demo/community requires a Gurobi license from Gurobi Optimization.
*** Cannot initialize Gurobi environment.
*** Could be a missing or invalid license. (status=10009|10009)
--- Reading solution for model schedule_scenario
--- Executing after solve: elapsed 0:00:05.885
--- Naive_LR_solving.gms(3402) 95 Mb
--- Generating MIP model schedule_scenario
--- Naive_LR_solving.gms(3313) 95 Mb
--- Starting Equ Objective_scenario: elapsed 0:00:05.885
--- Naive_LR_solving.gms(3320) 95 Mb
--- Starting Equ Const1_1_scenario: elapsed 0:00:05.886
--- Naive_LR_solving.gms(3334) 95 Mb
--- Starting Equ Const_3_1_scenario: elapsed 0:00:05.889
--- Naive_LR_solving.gms(3337) 95 Mb
--- Starting Equ Const_3_2_scenario: elapsed 0:00:05.896
--- Naive_LR_solving.gms(3342) 95 Mb
--- Starting Equ Const_4_1_scenario: elapsed 0:00:05.903
--- Naive_LR_solving.gms(3345) 95 Mb
--- Starting Equ Const_4_2_scenario: elapsed 0:00:05.907
--- Naive_LR_solving.gms(3348) 95 Mb
--- Starting Equ Const_5_scenario: elapsed 0:00:05.911
--- Naive_LR_solving.gms(3352) 95 Mb
--- Starting Equ Const_6_scenario: elapsed 0:00:05.916
--- Naive_LR_solving.gms(3405) 95 Mb
--- LOOPS rs = scen41
---   161 rows  121 columns  735 non-zeroes
---   72 discrete-columns
--- Executing GUROBI (Solvelink=5): elapsed 0:00:05.925

Gurobi           32.2.0 rc62c018 Released Aug 26, 2020 WEI x86 64bit/MS Window

GAMS/Gurobi demo/community requires a Gurobi license from Gurobi Optimization.
*** Cannot initialize Gurobi environment.
*** Could be a missing or invalid license. (status=10009|10009)
--- Reading solution for model schedule_scenario
--- Executing after solve: elapsed 0:00:05.937
--- Naive_LR_solving.gms(3402) 95 Mb
--- Generating MIP model schedule_scenario
--- Naive_LR_solving.gms(3313) 95 Mb
--- Starting Equ Objective_scenario: elapsed 0:00:05.937
--- Naive_LR_solving.gms(3320) 95 Mb
--- Starting Equ Const1_1_scenario: elapsed 0:00:05.938
--- Naive_LR_solving.gms(3334) 95 Mb
--- Starting Equ Const_3_1_scenario: elapsed 0:00:05.941
--- Naive_LR_solving.gms(3337) 95 Mb
--- Starting Equ Const_3_2_scenario: elapsed 0:00:05.947
--- Naive_LR_solving.gms(3342) 95 Mb
--- Starting Equ Const_4_1_scenario: elapsed 0:00:05.953
--- Naive_LR_solving.gms(3345) 95 Mb
--- Starting Equ Const_4_2_scenario: elapsed 0:00:05.958
--- Naive_LR_solving.gms(3348) 95 Mb
--- Starting Equ Const_5_scenario: elapsed 0:00:05.962
--- Naive_LR_solving.gms(3352) 95 Mb
--- Starting Equ Const_6_scenario: elapsed 0:00:05.967
--- Naive_LR_solving.gms(3405) 95 Mb
--- LOOPS rs = scen42
---   161 rows  121 columns  735 non-zeroes
---   72 discrete-columns
--- Executing GUROBI (Solvelink=5): elapsed 0:00:05.980

Gurobi           32.2.0 rc62c018 Released Aug 26, 2020 WEI x86 64bit/MS Window

GAMS/Gurobi demo/community requires a Gurobi license from Gurobi Optimization.
*** Cannot initialize Gurobi environment.
*** Could be a missing or invalid license. (status=10009|10009)
--- Reading solution for model schedule_scenario
--- Executing after solve: elapsed 0:00:05.990
--- Naive_LR_solving.gms(3402) 95 Mb
--- Generating MIP model schedule_scenario
--- Naive_LR_solving.gms(3313) 95 Mb
--- Starting Equ Objective_scenario: elapsed 0:00:05.991
--- Naive_LR_solving.gms(3320) 95 Mb
--- Starting Equ Const1_1_scenario: elapsed 0:00:05.991
--- Naive_LR_solving.gms(3334) 95 Mb
--- Starting Equ Const_3_1_scenario: elapsed 0:00:05.994
--- Naive_LR_solving.gms(3337) 95 Mb
--- Starting Equ Const_3_2_scenario: elapsed 0:00:06.002
--- Naive_LR_solving.gms(3342) 95 Mb
--- Starting Equ Const_4_1_scenario: elapsed 0:00:06.009
--- Naive_LR_solving.gms(3345) 95 Mb
--- Starting Equ Const_4_2_scenario: elapsed 0:00:06.014
--- Naive_LR_solving.gms(3348) 95 Mb
--- Starting Equ Const_5_scenario: elapsed 0:00:06.019
--- Naive_LR_solving.gms(3352) 95 Mb
--- Starting Equ Const_6_scenario: elapsed 0:00:06.024
--- Naive_LR_solving.gms(3405) 95 Mb
--- LOOPS rs = scen43
---   161 rows  121 columns  735 non-zeroes
---   72 discrete-columns
--- Executing GUROBI (Solvelink=5): elapsed 0:00:06.034

Gurobi           32.2.0 rc62c018 Released Aug 26, 2020 WEI x86 64bit/MS Window

GAMS/Gurobi demo/community requires a Gurobi license from Gurobi Optimization.
*** Cannot initialize Gurobi environment.
*** Could be a missing or invalid license. (status=10009|10009)
--- Reading solution for model schedule_scenario
--- Executing after solve: elapsed 0:00:06.045
--- Naive_LR_solving.gms(3402) 95 Mb
--- Generating MIP model schedule_scenario
--- Naive_LR_solving.gms(3313) 95 Mb
--- Starting Equ Objective_scenario: elapsed 0:00:06.045
--- Naive_LR_solving.gms(3320) 95 Mb
--- Starting Equ Const1_1_scenario: elapsed 0:00:06.045
--- Naive_LR_solving.gms(3334) 95 Mb
--- Starting Equ Const_3_1_scenario: elapsed 0:00:06.048
--- Naive_LR_solving.gms(3337) 95 Mb
--- Starting Equ Const_3_2_scenario: elapsed 0:00:06.055
--- Naive_LR_solving.gms(3342) 95 Mb
--- Starting Equ Const_4_1_scenario: elapsed 0:00:06.061
--- Naive_LR_solving.gms(3345) 95 Mb
--- Starting Equ Const_4_2_scenario: elapsed 0:00:06.066
--- Naive_LR_solving.gms(3348) 95 Mb
--- Starting Equ Const_5_scenario: elapsed 0:00:06.071
--- Naive_LR_solving.gms(3352) 95 Mb
--- Starting Equ Const_6_scenario: elapsed 0:00:06.075
--- Naive_LR_solving.gms(3405) 95 Mb
--- LOOPS rs = scen44
---   161 rows  121 columns  735 non-zeroes
---   72 discrete-columns
--- Executing GUROBI (Solvelink=5): elapsed 0:00:06.084

Gurobi           32.2.0 rc62c018 Released Aug 26, 2020 WEI x86 64bit/MS Window

GAMS/Gurobi demo/community requires a Gurobi license from Gurobi Optimization.
*** Cannot initialize Gurobi environment.
*** Could be a missing or invalid license. (status=10009|10009)
--- Reading solution for model schedule_scenario
--- Executing after solve: elapsed 0:00:06.094
--- Naive_LR_solving.gms(3402) 95 Mb
--- Generating MIP model schedule_scenario
--- Naive_LR_solving.gms(3313) 95 Mb
--- Starting Equ Objective_scenario: elapsed 0:00:06.095
--- Naive_LR_solving.gms(3320) 95 Mb
--- Starting Equ Const1_1_scenario: elapsed 0:00:06.096
--- Naive_LR_solving.gms(3334) 95 Mb
--- Starting Equ Const_3_1_scenario: elapsed 0:00:06.100
--- Naive_LR_solving.gms(3337) 95 Mb
--- Starting Equ Const_3_2_scenario: elapsed 0:00:06.107
--- Naive_LR_solving.gms(3342) 95 Mb
--- Starting Equ Const_4_1_scenario: elapsed 0:00:06.112
--- Naive_LR_solving.gms(3345) 95 Mb
--- Starting Equ Const_4_2_scenario: elapsed 0:00:06.117
--- Naive_LR_solving.gms(3348) 95 Mb
--- Starting Equ Const_5_scenario: elapsed 0:00:06.121
--- Naive_LR_solving.gms(3352) 95 Mb
--- Starting Equ Const_6_scenario: elapsed 0:00:06.126
--- Naive_LR_solving.gms(3405) 95 Mb
--- LOOPS rs = scen45
---   161 rows  121 columns  735 non-zeroes
---   72 discrete-columns
--- Executing GUROBI (Solvelink=5): elapsed 0:00:06.135

Gurobi           32.2.0 rc62c018 Released Aug 26, 2020 WEI x86 64bit/MS Window

GAMS/Gurobi demo/community requires a Gurobi license from Gurobi Optimization.
*** Cannot initialize Gurobi environment.
*** Could be a missing or invalid license. (status=10009|10009)
--- Reading solution for model schedule_scenario
--- Executing after solve: elapsed 0:00:06.143
--- Naive_LR_solving.gms(3402) 95 Mb
--- Generating MIP model schedule_scenario
--- Naive_LR_solving.gms(3313) 95 Mb
--- Starting Equ Objective_scenario: elapsed 0:00:06.144
--- Naive_LR_solving.gms(3320) 95 Mb
--- Starting Equ Const1_1_scenario: elapsed 0:00:06.144
--- Naive_LR_solving.gms(3334) 95 Mb
--- Starting Equ Const_3_1_scenario: elapsed 0:00:06.150
--- Naive_LR_solving.gms(3337) 95 Mb
--- Starting Equ Const_3_2_scenario: elapsed 0:00:06.157
--- Naive_LR_solving.gms(3342) 95 Mb
--- Starting Equ Const_4_1_scenario: elapsed 0:00:06.164
--- Naive_LR_solving.gms(3345) 95 Mb
--- Starting Equ Const_4_2_scenario: elapsed 0:00:06.169
--- Naive_LR_solving.gms(3348) 95 Mb
--- Starting Equ Const_5_scenario: elapsed 0:00:06.173
--- Naive_LR_solving.gms(3352) 95 Mb
--- Starting Equ Const_6_scenario: elapsed 0:00:06.178
--- Naive_LR_solving.gms(3405) 95 Mb
--- LOOPS rs = scen46
---   161 rows  121 columns  735 non-zeroes
---   72 discrete-columns
--- Executing GUROBI (Solvelink=5): elapsed 0:00:06.188

Gurobi           32.2.0 rc62c018 Released Aug 26, 2020 WEI x86 64bit/MS Window

GAMS/Gurobi demo/community requires a Gurobi license from Gurobi Optimization.
*** Cannot initialize Gurobi environment.
*** Could be a missing or invalid license. (status=10009|10009)
--- Reading solution for model schedule_scenario
--- Executing after solve: elapsed 0:00:06.202
--- Naive_LR_solving.gms(3402) 95 Mb
--- Generating MIP model schedule_scenario
--- Naive_LR_solving.gms(3313) 95 Mb
--- Starting Equ Objective_scenario: elapsed 0:00:06.202
--- Naive_LR_solving.gms(3320) 95 Mb
--- Starting Equ Const1_1_scenario: elapsed 0:00:06.203
--- Naive_LR_solving.gms(3334) 95 Mb
--- Starting Equ Const_3_1_scenario: elapsed 0:00:06.206
--- Naive_LR_solving.gms(3337) 95 Mb
--- Starting Equ Const_3_2_scenario: elapsed 0:00:06.213
--- Naive_LR_solving.gms(3342) 95 Mb
--- Starting Equ Const_4_1_scenario: elapsed 0:00:06.219
--- Naive_LR_solving.gms(3345) 95 Mb
--- Starting Equ Const_4_2_scenario: elapsed 0:00:06.224
--- Naive_LR_solving.gms(3348) 95 Mb
--- Starting Equ Const_5_scenario: elapsed 0:00:06.228
--- Naive_LR_solving.gms(3352) 95 Mb
--- Starting Equ Const_6_scenario: elapsed 0:00:06.233
--- Naive_LR_solving.gms(3405) 95 Mb
--- LOOPS rs = scen47
---   161 rows  121 columns  735 non-zeroes
---   72 discrete-columns
--- Executing GUROBI (Solvelink=5): elapsed 0:00:06.244

Gurobi           32.2.0 rc62c018 Released Aug 26, 2020 WEI x86 64bit/MS Window

GAMS/Gurobi demo/community requires a Gurobi license from Gurobi Optimization.
*** Cannot initialize Gurobi environment.
*** Could be a missing or invalid license. (status=10009|10009)
--- Reading solution for model schedule_scenario
--- Executing after solve: elapsed 0:00:06.254
--- Naive_LR_solving.gms(3402) 95 Mb
--- Generating MIP model schedule_scenario
--- Naive_LR_solving.gms(3313) 95 Mb
--- Starting Equ Objective_scenario: elapsed 0:00:06.254
--- Naive_LR_solving.gms(3320) 95 Mb
--- Starting Equ Const1_1_scenario: elapsed 0:00:06.254
--- Naive_LR_solving.gms(3334) 95 Mb
--- Starting Equ Const_3_1_scenario: elapsed 0:00:06.257
--- Naive_LR_solving.gms(3337) 95 Mb
--- Starting Equ Const_3_2_scenario: elapsed 0:00:06.264
--- Naive_LR_solving.gms(3342) 95 Mb
--- Starting Equ Const_4_1_scenario: elapsed 0:00:06.270
--- Naive_LR_solving.gms(3345) 95 Mb
--- Starting Equ Const_4_2_scenario: elapsed 0:00:06.274
--- Naive_LR_solving.gms(3348) 95 Mb
--- Starting Equ Const_5_scenario: elapsed 0:00:06.279
--- Naive_LR_solving.gms(3352) 95 Mb
--- Starting Equ Const_6_scenario: elapsed 0:00:06.284
--- Naive_LR_solving.gms(3405) 95 Mb
--- LOOPS rs = scen48
---   161 rows  121 columns  735 non-zeroes
---   72 discrete-columns
--- Executing GUROBI (Solvelink=5): elapsed 0:00:06.293

Gurobi           32.2.0 rc62c018 Released Aug 26, 2020 WEI x86 64bit/MS Window

GAMS/Gurobi demo/community requires a Gurobi license from Gurobi Optimization.
*** Cannot initialize Gurobi environment.
*** Could be a missing or invalid license. (status=10009|10009)
--- Reading solution for model schedule_scenario
--- Executing after solve: elapsed 0:00:06.305
--- Naive_LR_solving.gms(3402) 95 Mb
--- Generating MIP model schedule_scenario
--- Naive_LR_solving.gms(3313) 95 Mb
--- Starting Equ Objective_scenario: elapsed 0:00:06.305
--- Naive_LR_solving.gms(3320) 95 Mb
--- Starting Equ Const1_1_scenario: elapsed 0:00:06.306
--- Naive_LR_solving.gms(3334) 95 Mb
--- Starting Equ Const_3_1_scenario: elapsed 0:00:06.309
--- Naive_LR_solving.gms(3337) 95 Mb
--- Starting Equ Const_3_2_scenario: elapsed 0:00:06.317
--- Naive_LR_solving.gms(3342) 95 Mb
--- Starting Equ Const_4_1_scenario: elapsed 0:00:06.324
--- Naive_LR_solving.gms(3345) 95 Mb
--- Starting Equ Const_4_2_scenario: elapsed 0:00:06.329
--- Naive_LR_solving.gms(3348) 95 Mb
--- Starting Equ Const_5_scenario: elapsed 0:00:06.337
--- Naive_LR_solving.gms(3352) 95 Mb
--- Starting Equ Const_6_scenario: elapsed 0:00:06.343
--- Naive_LR_solving.gms(3405) 95 Mb
--- LOOPS rs = scen49
---   161 rows  121 columns  735 non-zeroes
---   72 discrete-columns
--- Executing GUROBI (Solvelink=5): elapsed 0:00:06.352

Gurobi           32.2.0 rc62c018 Released Aug 26, 2020 WEI x86 64bit/MS Window

GAMS/Gurobi demo/community requires a Gurobi license from Gurobi Optimization.
*** Cannot initialize Gurobi environment.
*** Could be a missing or invalid license. (status=10009|10009)
--- Reading solution for model schedule_scenario
--- Executing after solve: elapsed 0:00:06.361
--- Naive_LR_solving.gms(3402) 95 Mb
--- Generating MIP model schedule_scenario
--- Naive_LR_solving.gms(3313) 95 Mb
--- Starting Equ Objective_scenario: elapsed 0:00:06.361
--- Naive_LR_solving.gms(3320) 95 Mb
--- Starting Equ Const1_1_scenario: elapsed 0:00:06.361
--- Naive_LR_solving.gms(3334) 95 Mb
--- Starting Equ Const_3_1_scenario: elapsed 0:00:06.365
--- Naive_LR_solving.gms(3337) 95 Mb
--- Starting Equ Const_3_2_scenario: elapsed 0:00:06.371
--- Naive_LR_solving.gms(3342) 95 Mb
--- Starting Equ Const_4_1_scenario: elapsed 0:00:06.378
--- Naive_LR_solving.gms(3345) 95 Mb
--- Starting Equ Const_4_2_scenario: elapsed 0:00:06.383
--- Naive_LR_solving.gms(3348) 95 Mb
--- Starting Equ Const_5_scenario: elapsed 0:00:06.387
--- Naive_LR_solving.gms(3352) 95 Mb
--- Starting Equ Const_6_scenario: elapsed 0:00:06.392
--- Naive_LR_solving.gms(3405) 95 Mb
--- LOOPS rs = scen50
---   161 rows  121 columns  735 non-zeroes
---   72 discrete-columns
--- Executing GUROBI (Solvelink=5): elapsed 0:00:06.400

Gurobi           32.2.0 rc62c018 Released Aug 26, 2020 WEI x86 64bit/MS Window

GAMS/Gurobi demo/community requires a Gurobi license from Gurobi Optimization.
*** Cannot initialize Gurobi environment.
*** Could be a missing or invalid license. (status=10009|10009)
--- Reading solution for model schedule_scenario
--- Executing after solve: elapsed 0:00:06.411
--- Naive_LR_solving.gms(3402) 95 Mb
--- Generating MIP model schedule_scenario
--- Naive_LR_solving.gms(3313) 95 Mb
--- Starting Equ Objective_scenario: elapsed 0:00:06.411
--- Naive_LR_solving.gms(3320) 95 Mb
--- Starting Equ Const1_1_scenario: elapsed 0:00:06.412
--- Naive_LR_solving.gms(3334) 95 Mb
--- Starting Equ Const_3_1_scenario: elapsed 0:00:06.416
--- Naive_LR_solving.gms(3337) 95 Mb
--- Starting Equ Const_3_2_scenario: elapsed 0:00:06.424
--- Naive_LR_solving.gms(3342) 95 Mb
--- Starting Equ Const_4_1_scenario: elapsed 0:00:06.431
--- Naive_LR_solving.gms(3345) 95 Mb
--- Starting Equ Const_4_2_scenario: elapsed 0:00:06.435
--- Naive_LR_solving.gms(3348) 95 Mb
--- Starting Equ Const_5_scenario: elapsed 0:00:06.440
--- Naive_LR_solving.gms(3352) 95 Mb
--- Starting Equ Const_6_scenario: elapsed 0:00:06.445
--- Naive_LR_solving.gms(3405) 95 Mb
--- LOOPS rs = scen51
---   161 rows  121 columns  735 non-zeroes
---   72 discrete-columns
--- Executing GUROBI (Solvelink=5): elapsed 0:00:06.455

Gurobi           32.2.0 rc62c018 Released Aug 26, 2020 WEI x86 64bit/MS Window

GAMS/Gurobi demo/community requires a Gurobi license from Gurobi Optimization.
*** Cannot initialize Gurobi environment.
*** Could be a missing or invalid license. (status=10009|10009)
--- Reading solution for model schedule_scenario
--- Executing after solve: elapsed 0:00:06.467
--- Naive_LR_solving.gms(3402) 95 Mb
--- Generating MIP model schedule_scenario
--- Naive_LR_solving.gms(3313) 95 Mb
--- Starting Equ Objective_scenario: elapsed 0:00:06.467
--- Naive_LR_solving.gms(3320) 95 Mb
--- Starting Equ Const1_1_scenario: elapsed 0:00:06.467
--- Naive_LR_solving.gms(3334) 95 Mb
--- Starting Equ Const_3_1_scenario: elapsed 0:00:06.471
--- Naive_LR_solving.gms(3337) 95 Mb
--- Starting Equ Const_3_2_scenario: elapsed 0:00:06.479
--- Naive_LR_solving.gms(3342) 95 Mb
--- Starting Equ Const_4_1_scenario: elapsed 0:00:06.485
--- Naive_LR_solving.gms(3345) 95 Mb
--- Starting Equ Const_4_2_scenario: elapsed 0:00:06.489
--- Naive_LR_solving.gms(3348) 95 Mb
--- Starting Equ Const_5_scenario: elapsed 0:00:06.494
--- Naive_LR_solving.gms(3352) 95 Mb
--- Starting Equ Const_6_scenario: elapsed 0:00:06.498
--- Naive_LR_solving.gms(3405) 95 Mb
--- LOOPS rs = scen52
---   161 rows  121 columns  735 non-zeroes
---   72 discrete-columns
--- Executing GUROBI (Solvelink=5): elapsed 0:00:06.511

Gurobi           32.2.0 rc62c018 Released Aug 26, 2020 WEI x86 64bit/MS Window

GAMS/Gurobi demo/community requires a Gurobi license from Gurobi Optimization.
*** Cannot initialize Gurobi environment.
*** Could be a missing or invalid license. (status=10009|10009)
--- Reading solution for model schedule_scenario
--- Executing after solve: elapsed 0:00:06.522
--- Naive_LR_solving.gms(3402) 95 Mb
--- Generating MIP model schedule_scenario
--- Naive_LR_solving.gms(3313) 95 Mb
--- Starting Equ Objective_scenario: elapsed 0:00:06.522
--- Naive_LR_solving.gms(3320) 95 Mb
--- Starting Equ Const1_1_scenario: elapsed 0:00:06.522
--- Naive_LR_solving.gms(3334) 95 Mb
--- Starting Equ Const_3_1_scenario: elapsed 0:00:06.526
--- Naive_LR_solving.gms(3337) 95 Mb
--- Starting Equ Const_3_2_scenario: elapsed 0:00:06.532
--- Naive_LR_solving.gms(3342) 95 Mb
--- Starting Equ Const_4_1_scenario: elapsed 0:00:06.538
--- Naive_LR_solving.gms(3345) 95 Mb
--- Starting Equ Const_4_2_scenario: elapsed 0:00:06.543
--- Naive_LR_solving.gms(3348) 95 Mb
--- Starting Equ Const_5_scenario: elapsed 0:00:06.548
--- Naive_LR_solving.gms(3352) 95 Mb
--- Starting Equ Const_6_scenario: elapsed 0:00:06.553
--- Naive_LR_solving.gms(3405) 95 Mb
--- LOOPS rs = scen53
---   161 rows  121 columns  735 non-zeroes
---   72 discrete-columns
--- Executing GUROBI (Solvelink=5): elapsed 0:00:06.562

Gurobi           32.2.0 rc62c018 Released Aug 26, 2020 WEI x86 64bit/MS Window

GAMS/Gurobi demo/community requires a Gurobi license from Gurobi Optimization.
*** Cannot initialize Gurobi environment.
*** Could be a missing or invalid license. (status=10009|10009)
--- Reading solution for model schedule_scenario
--- Executing after solve: elapsed 0:00:06.570
--- Naive_LR_solving.gms(3402) 95 Mb
--- Generating MIP model schedule_scenario
--- Naive_LR_solving.gms(3313) 95 Mb
--- Starting Equ Objective_scenario: elapsed 0:00:06.571
--- Naive_LR_solving.gms(3320) 95 Mb
--- Starting Equ Const1_1_scenario: elapsed 0:00:06.571
--- Naive_LR_solving.gms(3334) 95 Mb
--- Starting Equ Const_3_1_scenario: elapsed 0:00:06.574
--- Naive_LR_solving.gms(3337) 95 Mb
--- Starting Equ Const_3_2_scenario: elapsed 0:00:06.580
--- Naive_LR_solving.gms(3342) 95 Mb
--- Starting Equ Const_4_1_scenario: elapsed 0:00:06.587
--- Naive_LR_solving.gms(3345) 95 Mb
--- Starting Equ Const_4_2_scenario: elapsed 0:00:06.592
--- Naive_LR_solving.gms(3348) 95 Mb
--- Starting Equ Const_5_scenario: elapsed 0:00:06.596
--- Naive_LR_solving.gms(3352) 95 Mb
--- Starting Equ Const_6_scenario: elapsed 0:00:06.601
--- Naive_LR_solving.gms(3405) 95 Mb
--- LOOPS rs = scen54
---   161 rows  121 columns  735 non-zeroes
---   72 discrete-columns
--- Executing GUROBI (Solvelink=5): elapsed 0:00:06.611

Gurobi           32.2.0 rc62c018 Released Aug 26, 2020 WEI x86 64bit/MS Window

GAMS/Gurobi demo/community requires a Gurobi license from Gurobi Optimization.
*** Cannot initialize Gurobi environment.
*** Could be a missing or invalid license. (status=10009|10009)
--- Reading solution for model schedule_scenario
--- Executing after solve: elapsed 0:00:06.623
--- Naive_LR_solving.gms(3402) 95 Mb
--- Generating MIP model schedule_scenario
--- Naive_LR_solving.gms(3313) 95 Mb
--- Starting Equ Objective_scenario: elapsed 0:00:06.623
--- Naive_LR_solving.gms(3320) 95 Mb
--- Starting Equ Const1_1_scenario: elapsed 0:00:06.623
--- Naive_LR_solving.gms(3334) 95 Mb
--- Starting Equ Const_3_1_scenario: elapsed 0:00:06.627
--- Naive_LR_solving.gms(3337) 95 Mb
--- Starting Equ Const_3_2_scenario: elapsed 0:00:06.635
--- Naive_LR_solving.gms(3342) 95 Mb
--- Starting Equ Const_4_1_scenario: elapsed 0:00:06.642
--- Naive_LR_solving.gms(3345) 95 Mb
--- Starting Equ Const_4_2_scenario: elapsed 0:00:06.646
--- Naive_LR_solving.gms(3348) 95 Mb
--- Starting Equ Const_5_scenario: elapsed 0:00:06.651
--- Naive_LR_solving.gms(3352) 95 Mb
--- Starting Equ Const_6_scenario: elapsed 0:00:06.656
--- Naive_LR_solving.gms(3405) 95 Mb
--- LOOPS rs = scen55
---   161 rows  121 columns  735 non-zeroes
---   72 discrete-columns
--- Executing GUROBI (Solvelink=5): elapsed 0:00:06.665

Gurobi           32.2.0 rc62c018 Released Aug 26, 2020 WEI x86 64bit/MS Window

GAMS/Gurobi demo/community requires a Gurobi license from Gurobi Optimization.
*** Cannot initialize Gurobi environment.
*** Could be a missing or invalid license. (status=10009|10009)
--- Reading solution for model schedule_scenario
--- Executing after solve: elapsed 0:00:06.674
--- Naive_LR_solving.gms(3402) 95 Mb
--- Generating MIP model schedule_scenario
--- Naive_LR_solving.gms(3313) 95 Mb
--- Starting Equ Objective_scenario: elapsed 0:00:06.674
--- Naive_LR_solving.gms(3320) 95 Mb
--- Starting Equ Const1_1_scenario: elapsed 0:00:06.675
--- Naive_LR_solving.gms(3334) 95 Mb
--- Starting Equ Const_3_1_scenario: elapsed 0:00:06.680
--- Naive_LR_solving.gms(3337) 95 Mb
--- Starting Equ Const_3_2_scenario: elapsed 0:00:06.687
--- Naive_LR_solving.gms(3342) 95 Mb
--- Starting Equ Const_4_1_scenario: elapsed 0:00:06.693
--- Naive_LR_solving.gms(3345) 95 Mb
--- Starting Equ Const_4_2_scenario: elapsed 0:00:06.697
--- Naive_LR_solving.gms(3348) 95 Mb
--- Starting Equ Const_5_scenario: elapsed 0:00:06.701
--- Naive_LR_solving.gms(3352) 95 Mb
--- Starting Equ Const_6_scenario: elapsed 0:00:06.706
--- Naive_LR_solving.gms(3405) 95 Mb
--- LOOPS rs = scen56
---   161 rows  121 columns  735 non-zeroes
---   72 discrete-columns
--- Executing GUROBI (Solvelink=5): elapsed 0:00:06.715

Gurobi           32.2.0 rc62c018 Released Aug 26, 2020 WEI x86 64bit/MS Window

GAMS/Gurobi demo/community requires a Gurobi license from Gurobi Optimization.
*** Cannot initialize Gurobi environment.
*** Could be a missing or invalid license. (status=10009|10009)
--- Reading solution for model schedule_scenario
--- Executing after solve: elapsed 0:00:06.727
--- Naive_LR_solving.gms(3402) 95 Mb
--- Generating MIP model schedule_scenario
--- Naive_LR_solving.gms(3313) 95 Mb
--- Starting Equ Objective_scenario: elapsed 0:00:06.727
--- Naive_LR_solving.gms(3320) 95 Mb
--- Starting Equ Const1_1_scenario: elapsed 0:00:06.728
--- Naive_LR_solving.gms(3334) 95 Mb
--- Starting Equ Const_3_1_scenario: elapsed 0:00:06.731
--- Naive_LR_solving.gms(3337) 95 Mb
--- Starting Equ Const_3_2_scenario: elapsed 0:00:06.738
--- Naive_LR_solving.gms(3342) 95 Mb
--- Starting Equ Const_4_1_scenario: elapsed 0:00:06.744
--- Naive_LR_solving.gms(3345) 95 Mb
--- Starting Equ Const_4_2_scenario: elapsed 0:00:06.749
--- Naive_LR_solving.gms(3348) 95 Mb
--- Starting Equ Const_5_scenario: elapsed 0:00:06.753
--- Naive_LR_solving.gms(3352) 95 Mb
--- Starting Equ Const_6_scenario: elapsed 0:00:06.758
--- Naive_LR_solving.gms(3405) 95 Mb
--- LOOPS rs = scen57
---   161 rows  121 columns  735 non-zeroes
---   72 discrete-columns
--- Executing GUROBI (Solvelink=5): elapsed 0:00:06.769

Gurobi           32.2.0 rc62c018 Released Aug 26, 2020 WEI x86 64bit/MS Window

GAMS/Gurobi demo/community requires a Gurobi license from Gurobi Optimization.
*** Cannot initialize Gurobi environment.
*** Could be a missing or invalid license. (status=10009|10009)
--- Reading solution for model schedule_scenario
--- Executing after solve: elapsed 0:00:06.780
--- Naive_LR_solving.gms(3402) 95 Mb
--- Generating MIP model schedule_scenario
--- Naive_LR_solving.gms(3313) 95 Mb
--- Starting Equ Objective_scenario: elapsed 0:00:06.780
--- Naive_LR_solving.gms(3320) 95 Mb
--- Starting Equ Const1_1_scenario: elapsed 0:00:06.780
--- Naive_LR_solving.gms(3334) 95 Mb
--- Starting Equ Const_3_1_scenario: elapsed 0:00:06.784
--- Naive_LR_solving.gms(3337) 95 Mb
--- Starting Equ Const_3_2_scenario: elapsed 0:00:06.791
--- Naive_LR_solving.gms(3342) 95 Mb
--- Starting Equ Const_4_1_scenario: elapsed 0:00:06.798
--- Naive_LR_solving.gms(3345) 95 Mb
--- Starting Equ Const_4_2_scenario: elapsed 0:00:06.806
--- Naive_LR_solving.gms(3348) 95 Mb
--- Starting Equ Const_5_scenario: elapsed 0:00:06.813
--- Naive_LR_solving.gms(3352) 95 Mb
--- Starting Equ Const_6_scenario: elapsed 0:00:06.819
--- Naive_LR_solving.gms(3405) 95 Mb
--- LOOPS rs = scen58
---   161 rows  121 columns  735 non-zeroes
---   72 discrete-columns
--- Executing GUROBI (Solvelink=5): elapsed 0:00:06.829

Gurobi           32.2.0 rc62c018 Released Aug 26, 2020 WEI x86 64bit/MS Window

GAMS/Gurobi demo/community requires a Gurobi license from Gurobi Optimization.
*** Cannot initialize Gurobi environment.
*** Could be a missing or invalid license. (status=10009|10009)
--- Reading solution for model schedule_scenario
--- Executing after solve: elapsed 0:00:06.842
--- Naive_LR_solving.gms(3402) 95 Mb
--- Generating MIP model schedule_scenario
--- Naive_LR_solving.gms(3313) 95 Mb
--- Starting Equ Objective_scenario: elapsed 0:00:06.842
--- Naive_LR_solving.gms(3320) 95 Mb
--- Starting Equ Const1_1_scenario: elapsed 0:00:06.842
--- Naive_LR_solving.gms(3334) 95 Mb
--- Starting Equ Const_3_1_scenario: elapsed 0:00:06.846
--- Naive_LR_solving.gms(3337) 95 Mb
--- Starting Equ Const_3_2_scenario: elapsed 0:00:06.855
--- Naive_LR_solving.gms(3342) 95 Mb
--- Starting Equ Const_4_1_scenario: elapsed 0:00:06.861
--- Naive_LR_solving.gms(3345) 95 Mb
--- Starting Equ Const_4_2_scenario: elapsed 0:00:06.866
--- Naive_LR_solving.gms(3348) 95 Mb
--- Starting Equ Const_5_scenario: elapsed 0:00:06.870
--- Naive_LR_solving.gms(3352) 95 Mb
--- Starting Equ Const_6_scenario: elapsed 0:00:06.875
--- Naive_LR_solving.gms(3405) 95 Mb
--- LOOPS rs = scen59
---   161 rows  121 columns  735 non-zeroes
---   72 discrete-columns
--- Executing GUROBI (Solvelink=5): elapsed 0:00:06.884

Gurobi           32.2.0 rc62c018 Released Aug 26, 2020 WEI x86 64bit/MS Window

GAMS/Gurobi demo/community requires a Gurobi license from Gurobi Optimization.
*** Cannot initialize Gurobi environment.
*** Could be a missing or invalid license. (status=10009|10009)
--- Reading solution for model schedule_scenario
--- Executing after solve: elapsed 0:00:06.895
--- Naive_LR_solving.gms(3402) 95 Mb
--- Generating MIP model schedule_scenario
--- Naive_LR_solving.gms(3313) 95 Mb
--- Starting Equ Objective_scenario: elapsed 0:00:06.895
--- Naive_LR_solving.gms(3320) 95 Mb
--- Starting Equ Const1_1_scenario: elapsed 0:00:06.896
--- Naive_LR_solving.gms(3334) 95 Mb
--- Starting Equ Const_3_1_scenario: elapsed 0:00:06.900
--- Naive_LR_solving.gms(3337) 95 Mb
--- Starting Equ Const_3_2_scenario: elapsed 0:00:06.907
--- Naive_LR_solving.gms(3342) 95 Mb
--- Starting Equ Const_4_1_scenario: elapsed 0:00:06.913
--- Naive_LR_solving.gms(3345) 95 Mb
--- Starting Equ Const_4_2_scenario: elapsed 0:00:06.917
--- Naive_LR_solving.gms(3348) 95 Mb
--- Starting Equ Const_5_scenario: elapsed 0:00:06.922
--- Naive_LR_solving.gms(3352) 95 Mb
--- Starting Equ Const_6_scenario: elapsed 0:00:06.927
--- Naive_LR_solving.gms(3405) 95 Mb
--- LOOPS rs = scen60
---   161 rows  121 columns  735 non-zeroes
---   72 discrete-columns
--- Executing GUROBI (Solvelink=5): elapsed 0:00:06.936

Gurobi           32.2.0 rc62c018 Released Aug 26, 2020 WEI x86 64bit/MS Window

GAMS/Gurobi demo/community requires a Gurobi license from Gurobi Optimization.
*** Cannot initialize Gurobi environment.
*** Could be a missing or invalid license. (status=10009|10009)
--- Reading solution for model schedule_scenario
--- Executing after solve: elapsed 0:00:06.949
--- Naive_LR_solving.gms(3402) 95 Mb
--- Generating MIP model schedule_scenario
--- Naive_LR_solving.gms(3313) 95 Mb
--- Starting Equ Objective_scenario: elapsed 0:00:06.950
--- Naive_LR_solving.gms(3320) 95 Mb
--- Starting Equ Const1_1_scenario: elapsed 0:00:06.950
--- Naive_LR_solving.gms(3334) 95 Mb
--- Starting Equ Const_3_1_scenario: elapsed 0:00:06.953
--- Naive_LR_solving.gms(3337) 95 Mb
--- Starting Equ Const_3_2_scenario: elapsed 0:00:06.959
--- Naive_LR_solving.gms(3342) 95 Mb
--- Starting Equ Const_4_1_scenario: elapsed 0:00:06.966
--- Naive_LR_solving.gms(3345) 95 Mb
--- Starting Equ Const_4_2_scenario: elapsed 0:00:06.970
--- Naive_LR_solving.gms(3348) 95 Mb
--- Starting Equ Const_5_scenario: elapsed 0:00:06.975
--- Naive_LR_solving.gms(3352) 95 Mb
--- Starting Equ Const_6_scenario: elapsed 0:00:06.980
--- Naive_LR_solving.gms(3405) 95 Mb
--- LOOPS rs = scen61
---   161 rows  121 columns  735 non-zeroes
---   72 discrete-columns
--- Executing GUROBI (Solvelink=5): elapsed 0:00:06.990

Gurobi           32.2.0 rc62c018 Released Aug 26, 2020 WEI x86 64bit/MS Window

GAMS/Gurobi demo/community requires a Gurobi license from Gurobi Optimization.
*** Cannot initialize Gurobi environment.
*** Could be a missing or invalid license. (status=10009|10009)
--- Reading solution for model schedule_scenario
--- Executing after solve: elapsed 0:00:07.002
--- Naive_LR_solving.gms(3402) 95 Mb
--- Generating MIP model schedule_scenario
--- Naive_LR_solving.gms(3313) 95 Mb
--- Starting Equ Objective_scenario: elapsed 0:00:07.003
--- Naive_LR_solving.gms(3320) 95 Mb
--- Starting Equ Const1_1_scenario: elapsed 0:00:07.003
--- Naive_LR_solving.gms(3334) 95 Mb
--- Starting Equ Const_3_1_scenario: elapsed 0:00:07.006
--- Naive_LR_solving.gms(3337) 95 Mb
--- Starting Equ Const_3_2_scenario: elapsed 0:00:07.013
--- Naive_LR_solving.gms(3342) 95 Mb
--- Starting Equ Const_4_1_scenario: elapsed 0:00:07.021
--- Naive_LR_solving.gms(3345) 95 Mb
--- Starting Equ Const_4_2_scenario: elapsed 0:00:07.025
--- Naive_LR_solving.gms(3348) 95 Mb
--- Starting Equ Const_5_scenario: elapsed 0:00:07.030
--- Naive_LR_solving.gms(3352) 95 Mb
--- Starting Equ Const_6_scenario: elapsed 0:00:07.035
--- Naive_LR_solving.gms(3405) 95 Mb
--- LOOPS rs = scen62
---   161 rows  121 columns  735 non-zeroes
---   72 discrete-columns
--- Executing GUROBI (Solvelink=5): elapsed 0:00:07.045

Gurobi           32.2.0 rc62c018 Released Aug 26, 2020 WEI x86 64bit/MS Window

GAMS/Gurobi demo/community requires a Gurobi license from Gurobi Optimization.
*** Cannot initialize Gurobi environment.
*** Could be a missing or invalid license. (status=10009|10009)
--- Reading solution for model schedule_scenario
--- Executing after solve: elapsed 0:00:07.055
--- Naive_LR_solving.gms(3402) 95 Mb
--- Generating MIP model schedule_scenario
--- Naive_LR_solving.gms(3313) 95 Mb
--- Starting Equ Objective_scenario: elapsed 0:00:07.056
--- Naive_LR_solving.gms(3320) 95 Mb
--- Starting Equ Const1_1_scenario: elapsed 0:00:07.056
--- Naive_LR_solving.gms(3334) 95 Mb
--- Starting Equ Const_3_1_scenario: elapsed 0:00:07.061
--- Naive_LR_solving.gms(3337) 95 Mb
--- Starting Equ Const_3_2_scenario: elapsed 0:00:07.069
--- Naive_LR_solving.gms(3342) 95 Mb
--- Starting Equ Const_4_1_scenario: elapsed 0:00:07.075
--- Naive_LR_solving.gms(3345) 95 Mb
--- Starting Equ Const_4_2_scenario: elapsed 0:00:07.082
--- Naive_LR_solving.gms(3348) 95 Mb
--- Starting Equ Const_5_scenario: elapsed 0:00:07.086
--- Naive_LR_solving.gms(3352) 95 Mb
--- Starting Equ Const_6_scenario: elapsed 0:00:07.091
--- Naive_LR_solving.gms(3405) 95 Mb
--- LOOPS rs = scen63
---   161 rows  121 columns  735 non-zeroes
---   72 discrete-columns
--- Executing GUROBI (Solvelink=5): elapsed 0:00:07.101

Gurobi           32.2.0 rc62c018 Released Aug 26, 2020 WEI x86 64bit/MS Window

GAMS/Gurobi demo/community requires a Gurobi license from Gurobi Optimization.
*** Cannot initialize Gurobi environment.
*** Could be a missing or invalid license. (status=10009|10009)
--- Reading solution for model schedule_scenario
--- Executing after solve: elapsed 0:00:07.111
--- Naive_LR_solving.gms(3402) 95 Mb
--- Generating MIP model schedule_scenario
--- Naive_LR_solving.gms(3313) 95 Mb
--- Starting Equ Objective_scenario: elapsed 0:00:07.111
--- Naive_LR_solving.gms(3320) 95 Mb
--- Starting Equ Const1_1_scenario: elapsed 0:00:07.111
--- Naive_LR_solving.gms(3334) 95 Mb
--- Starting Equ Const_3_1_scenario: elapsed 0:00:07.114
--- Naive_LR_solving.gms(3337) 95 Mb
--- Starting Equ Const_3_2_scenario: elapsed 0:00:07.122
--- Naive_LR_solving.gms(3342) 95 Mb
--- Starting Equ Const_4_1_scenario: elapsed 0:00:07.129
--- Naive_LR_solving.gms(3345) 95 Mb
--- Starting Equ Const_4_2_scenario: elapsed 0:00:07.133
--- Naive_LR_solving.gms(3348) 95 Mb
--- Starting Equ Const_5_scenario: elapsed 0:00:07.138
--- Naive_LR_solving.gms(3352) 95 Mb
--- Starting Equ Const_6_scenario: elapsed 0:00:07.143
--- Naive_LR_solving.gms(3405) 95 Mb
--- LOOPS rs = scen64
---   161 rows  121 columns  735 non-zeroes
---   72 discrete-columns
--- Executing GUROBI (Solvelink=5): elapsed 0:00:07.152

Gurobi           32.2.0 rc62c018 Released Aug 26, 2020 WEI x86 64bit/MS Window

GAMS/Gurobi demo/community requires a Gurobi license from Gurobi Optimization.
*** Cannot initialize Gurobi environment.
*** Could be a missing or invalid license. (status=10009|10009)
--- Reading solution for model schedule_scenario
--- Executing after solve: elapsed 0:00:07.162
--- Naive_LR_solving.gms(3402) 95 Mb
--- Generating MIP model schedule_scenario
--- Naive_LR_solving.gms(3313) 95 Mb
--- Starting Equ Objective_scenario: elapsed 0:00:07.162
--- Naive_LR_solving.gms(3320) 95 Mb
--- Starting Equ Const1_1_scenario: elapsed 0:00:07.163
--- Naive_LR_solving.gms(3334) 95 Mb
--- Starting Equ Const_3_1_scenario: elapsed 0:00:07.166
--- Naive_LR_solving.gms(3337) 95 Mb
--- Starting Equ Const_3_2_scenario: elapsed 0:00:07.173
--- Naive_LR_solving.gms(3342) 95 Mb
--- Starting Equ Const_4_1_scenario: elapsed 0:00:07.180
--- Naive_LR_solving.gms(3345) 95 Mb
--- Starting Equ Const_4_2_scenario: elapsed 0:00:07.185
--- Naive_LR_solving.gms(3348) 95 Mb
--- Starting Equ Const_5_scenario: elapsed 0:00:07.189
--- Naive_LR_solving.gms(3352) 95 Mb
--- Starting Equ Const_6_scenario: elapsed 0:00:07.194
--- Naive_LR_solving.gms(3405) 95 Mb
--- LOOPS rs = scen65
---   161 rows  121 columns  735 non-zeroes
---   72 discrete-columns
--- Executing GUROBI (Solvelink=5): elapsed 0:00:07.203

Gurobi           32.2.0 rc62c018 Released Aug 26, 2020 WEI x86 64bit/MS Window

GAMS/Gurobi demo/community requires a Gurobi license from Gurobi Optimization.
*** Cannot initialize Gurobi environment.
*** Could be a missing or invalid license. (status=10009|10009)
--- Reading solution for model schedule_scenario
--- Executing after solve: elapsed 0:00:07.211
--- Naive_LR_solving.gms(3402) 95 Mb
--- Generating MIP model schedule_scenario
--- Naive_LR_solving.gms(3313) 95 Mb
--- Starting Equ Objective_scenario: elapsed 0:00:07.212
--- Naive_LR_solving.gms(3320) 95 Mb
--- Starting Equ Const1_1_scenario: elapsed 0:00:07.212
--- Naive_LR_solving.gms(3334) 95 Mb
--- Starting Equ Const_3_1_scenario: elapsed 0:00:07.215
--- Naive_LR_solving.gms(3337) 95 Mb
--- Starting Equ Const_3_2_scenario: elapsed 0:00:07.224
--- Naive_LR_solving.gms(3342) 95 Mb
--- Starting Equ Const_4_1_scenario: elapsed 0:00:07.230
--- Naive_LR_solving.gms(3345) 95 Mb
--- Starting Equ Const_4_2_scenario: elapsed 0:00:07.235
--- Naive_LR_solving.gms(3348) 95 Mb
--- Starting Equ Const_5_scenario: elapsed 0:00:07.240
--- Naive_LR_solving.gms(3352) 95 Mb
--- Starting Equ Const_6_scenario: elapsed 0:00:07.244
--- Naive_LR_solving.gms(3405) 95 Mb
--- LOOPS rs = scen66
---   161 rows  121 columns  735 non-zeroes
---   72 discrete-columns
--- Executing GUROBI (Solvelink=5): elapsed 0:00:07.254

Gurobi           32.2.0 rc62c018 Released Aug 26, 2020 WEI x86 64bit/MS Window

GAMS/Gurobi demo/community requires a Gurobi license from Gurobi Optimization.
*** Cannot initialize Gurobi environment.
*** Could be a missing or invalid license. (status=10009|10009)
--- Reading solution for model schedule_scenario
--- Executing after solve: elapsed 0:00:07.265
--- Naive_LR_solving.gms(3402) 95 Mb
--- Generating MIP model schedule_scenario
--- Naive_LR_solving.gms(3313) 95 Mb
--- Starting Equ Objective_scenario: elapsed 0:00:07.265
--- Naive_LR_solving.gms(3320) 95 Mb
--- Starting Equ Const1_1_scenario: elapsed 0:00:07.266
--- Naive_LR_solving.gms(3334) 95 Mb
--- Starting Equ Const_3_1_scenario: elapsed 0:00:07.270
--- Naive_LR_solving.gms(3337) 95 Mb
--- Starting Equ Const_3_2_scenario: elapsed 0:00:07.276
--- Naive_LR_solving.gms(3342) 95 Mb
--- Starting Equ Const_4_1_scenario: elapsed 0:00:07.284
--- Naive_LR_solving.gms(3345) 95 Mb
--- Starting Equ Const_4_2_scenario: elapsed 0:00:07.288
--- Naive_LR_solving.gms(3348) 95 Mb
--- Starting Equ Const_5_scenario: elapsed 0:00:07.292
--- Naive_LR_solving.gms(3352) 95 Mb
--- Starting Equ Const_6_scenario: elapsed 0:00:07.297
--- Naive_LR_solving.gms(3405) 95 Mb
--- LOOPS rs = scen67
---   161 rows  121 columns  735 non-zeroes
---   72 discrete-columns
--- Executing GUROBI (Solvelink=5): elapsed 0:00:07.309

Gurobi           32.2.0 rc62c018 Released Aug 26, 2020 WEI x86 64bit/MS Window

GAMS/Gurobi demo/community requires a Gurobi license from Gurobi Optimization.
*** Cannot initialize Gurobi environment.
*** Could be a missing or invalid license. (status=10009|10009)
--- Reading solution for model schedule_scenario
--- Executing after solve: elapsed 0:00:07.320
--- Naive_LR_solving.gms(3402) 95 Mb
--- Generating MIP model schedule_scenario
--- Naive_LR_solving.gms(3313) 95 Mb
--- Starting Equ Objective_scenario: elapsed 0:00:07.320
--- Naive_LR_solving.gms(3320) 95 Mb
--- Starting Equ Const1_1_scenario: elapsed 0:00:07.321
--- Naive_LR_solving.gms(3334) 95 Mb
--- Starting Equ Const_3_1_scenario: elapsed 0:00:07.324
--- Naive_LR_solving.gms(3337) 95 Mb
--- Starting Equ Const_3_2_scenario: elapsed 0:00:07.331
--- Naive_LR_solving.gms(3342) 95 Mb
--- Starting Equ Const_4_1_scenario: elapsed 0:00:07.338
--- Naive_LR_solving.gms(3345) 95 Mb
--- Starting Equ Const_4_2_scenario: elapsed 0:00:07.342
--- Naive_LR_solving.gms(3348) 95 Mb
--- Starting Equ Const_5_scenario: elapsed 0:00:07.346
--- Naive_LR_solving.gms(3352) 95 Mb
--- Starting Equ Const_6_scenario: elapsed 0:00:07.350
--- Naive_LR_solving.gms(3405) 95 Mb
--- LOOPS rs = scen68
---   161 rows  121 columns  735 non-zeroes
---   72 discrete-columns
--- Executing GUROBI (Solvelink=5): elapsed 0:00:07.360

Gurobi           32.2.0 rc62c018 Released Aug 26, 2020 WEI x86 64bit/MS Window

GAMS/Gurobi demo/community requires a Gurobi license from Gurobi Optimization.
*** Cannot initialize Gurobi environment.
*** Could be a missing or invalid license. (status=10009|10009)
--- Reading solution for model schedule_scenario
--- Executing after solve: elapsed 0:00:07.373
--- Naive_LR_solving.gms(3402) 95 Mb
--- Generating MIP model schedule_scenario
--- Naive_LR_solving.gms(3313) 95 Mb
--- Starting Equ Objective_scenario: elapsed 0:00:07.373
--- Naive_LR_solving.gms(3320) 95 Mb
--- Starting Equ Const1_1_scenario: elapsed 0:00:07.374
--- Naive_LR_solving.gms(3334) 95 Mb
--- Starting Equ Const_3_1_scenario: elapsed 0:00:07.377
--- Naive_LR_solving.gms(3337) 95 Mb
--- Starting Equ Const_3_2_scenario: elapsed 0:00:07.383
--- Naive_LR_solving.gms(3342) 95 Mb
--- Starting Equ Const_4_1_scenario: elapsed 0:00:07.390
--- Naive_LR_solving.gms(3345) 95 Mb
--- Starting Equ Const_4_2_scenario: elapsed 0:00:07.394
--- Naive_LR_solving.gms(3348) 95 Mb
--- Starting Equ Const_5_scenario: elapsed 0:00:07.399
--- Naive_LR_solving.gms(3352) 95 Mb
--- Starting Equ Const_6_scenario: elapsed 0:00:07.403
--- Naive_LR_solving.gms(3405) 95 Mb
--- LOOPS rs = scen69
---   161 rows  121 columns  735 non-zeroes
---   72 discrete-columns
--- Executing GUROBI (Solvelink=5): elapsed 0:00:07.417

Gurobi           32.2.0 rc62c018 Released Aug 26, 2020 WEI x86 64bit/MS Window

GAMS/Gurobi demo/community requires a Gurobi license from Gurobi Optimization.
*** Cannot initialize Gurobi environment.
*** Could be a missing or invalid license. (status=10009|10009)
--- Reading solution for model schedule_scenario
--- Executing after solve: elapsed 0:00:07.427
--- Naive_LR_solving.gms(3402) 95 Mb
--- Generating MIP model schedule_scenario
--- Naive_LR_solving.gms(3313) 95 Mb
--- Starting Equ Objective_scenario: elapsed 0:00:07.427
--- Naive_LR_solving.gms(3320) 95 Mb
--- Starting Equ Const1_1_scenario: elapsed 0:00:07.427
--- Naive_LR_solving.gms(3334) 95 Mb
--- Starting Equ Const_3_1_scenario: elapsed 0:00:07.430
--- Naive_LR_solving.gms(3337) 95 Mb
--- Starting Equ Const_3_2_scenario: elapsed 0:00:07.438
--- Naive_LR_solving.gms(3342) 95 Mb
--- Starting Equ Const_4_1_scenario: elapsed 0:00:07.444
--- Naive_LR_solving.gms(3345) 95 Mb
--- Starting Equ Const_4_2_scenario: elapsed 0:00:07.448
--- Naive_LR_solving.gms(3348) 95 Mb
--- Starting Equ Const_5_scenario: elapsed 0:00:07.453
--- Naive_LR_solving.gms(3352) 95 Mb
--- Starting Equ Const_6_scenario: elapsed 0:00:07.458
--- Naive_LR_solving.gms(3405) 95 Mb
--- LOOPS rs = scen70
---   161 rows  121 columns  735 non-zeroes
---   72 discrete-columns
*** Error at line 3405: Control C Event: execution halted
--- Naive_LR_solving.gms(3405) 95 Mb 1 Error
*** SOLVE aborted
--- Profile Summary (6600 records processed)
     1.000   0.018GB      3308 Equation   Objective (1)
     0.704   0.006GB      3225 Loop       
     0.578   0.095GB      3380 Solve Alg  schedule
     0.391   0.095GB      3380 Solve Fini schedule (1102525)
     0.235   0.067GB      3341 Equation   Const_4_1 (33000)
     0.234   0.073GB      3344 Equation   Const_4_2 (33000)
     0.109   0.060GB      3336 Equation   Const_3_2 (34500)
     0.109   0.049GB      3333 Equation   Const_3_1 (34500)
     0.109   0.093GB      3351 Equation   Const_6 (34500)
     0.094   0.083GB      3347 Equation   Const_5 (34500)
--- Naive_LR_solving.gms(3405) 95 Mb 1 Error
*** Status: Execution error(s)
--- Job Naive_LR_solving.gms Stop 10/22/21 16:41:17 elapsed 0:00:07.470
