--- Job fixed_problem_hi.gms Start 04/12/22 10:22:16 32.2.0 rc62c018 WEX-WEI x86 64bit/MS Windows
--- Applying:
    C:\GAMS\32\gmsprmNT.txt
--- GAMS Parameters defined
    Input C:\Users\charl\OneDrive\Dokumente\A_Uni\HiWi\ArticleSubgradient\Code\SampleRun_Environment_Solar\1500Scens\tol05\Scenario1\fixed_problem_hi.gms
    PageSize 0
    ScrDir C:\Users\charl\OneDrive\Dokumente\A_Uni\HiWi\ArticleSubgradient\Code\SampleRun_Environment_Solar\1500Scens\tol05\Scenario1\225a\
    SysDir C:\GAMS\32\
    LogOption 3
    ErrMsg 1
    ErrorLog 99
    IDE 1
    LstTitleLeftAligned 1
GAMS 32.2.0   Copyright (C) 1987-2020 GAMS Development. All rights reserved
Licensee: Small MUD - 5 User License                     S200323/0001AN-GEN
          Friedrich-Alexander-Universitaet Erlangen-Nurnberg         DC7699
          C:\GAMS\32\gamslice.txt
--- Starting compilation
--- fixed_problem_hi.gms(30) 3 Mb
--- . solar_scenarios.csv(1501) 4 Mb
--- fixed_problem_hi.gms(53) 4 Mb
--- . sampled_dynamic_hi.csv(25) 4 Mb
--- fixed_problem_hi.gms(62) 4 Mb
--- . battery_revenue.csv(25) 4 Mb
--- fixed_problem_hi.gms(216) 4 Mb
--- Starting execution: elapsed 0:00:00.101
--- fixed_problem_hi.gms(1733) 14 Mb
--- Generating MIP model schedule
--- fixed_problem_hi.gms(1704) 14 Mb
--- Starting Equ Objective: elapsed 0:00:01.737
--- fixed_problem_hi.gms(1706) 17 Mb
--- Starting Equ Const1: elapsed 0:00:02.390
--- fixed_problem_hi.gms(1709) 38 Mb
--- Starting Equ Const_chance_1: elapsed 0:00:02.461
--- fixed_problem_hi.gms(1712) 50 Mb
--- Starting Equ Const_chance_2: elapsed 0:00:02.535
--- fixed_problem_hi.gms(1736) 50 Mb
--- LOOPS iter = iter1
---   70,502 rows  109,525 columns  319,525 non-zeroes
---   1,500 discrete-columns
--- Executing CPLEX (Solvelink=2): elapsed 0:00:02.710

IBM ILOG CPLEX   32.2.0 rc62c018 Released Aug 26, 2020 WEI x86 64bit/MS Window
--- GAMS/Cplex Link licensed for continuous and discrete problems.
Cplex 12.10.0.0

Reading data...
Starting Cplex...
Space for names approximately 4.53 Mb
Use option 'names no' to turn use of names off
Version identifier: 12.10.0.0 | 2019-11-26 | 843d4de2ae
CPXPARAM_Advance                                 0
CPXPARAM_Threads                                 8
CPXPARAM_Parallel                                1
CPXPARAM_MIP_Display                             4
CPXPARAM_TimeLimit                               1800
CPXPARAM_Tune_TimeLimit                          360
CPXPARAM_MIP_Tolerances_AbsMIPGap                0
CPXPARAM_MIP_Tolerances_MIPGap                   0
CPXPARAM_WorkDir                                 "C:\Users\charl\OneDrive\Dokumente\A_Uni\HiWi\ArticleSubgradient\Code\SampleRun_Environment_Solar\1500Scens\tol05\Scenario1\225a\"
Row 'Const_chance_2' infeasible, all entries at implied bounds.
Presolve time = 0.06 sec. (23.70 ticks)

Root node processing (before b&c):
  Real time             =    0.08 sec. (29.94 ticks)
Parallel b&c, 8 threads:
  Real time             =    0.00 sec. (0.00 ticks)
  Sync time (average)   =    0.00 sec.
  Wait time (average)   =    0.00 sec.
                          ------------
Total (root+branch&cut) =    0.08 sec. (29.94 ticks)
MIP status(103): integer infeasible
Cplex Time: 0.08sec (det. 30.25 ticks)
CPLEX Error  1217: No solution exists.
Problem is integer infeasible.
--- Reading solution for model schedule
--- Executing after solve: elapsed 0:00:03.156
--- fixed_problem_hi.gms(1733) 50 Mb
--- Generating MIP model schedule
--- fixed_problem_hi.gms(1704) 50 Mb
--- Starting Equ Objective: elapsed 0:00:03.156
--- fixed_problem_hi.gms(1706) 51 Mb
--- Starting Equ Const1: elapsed 0:00:03.840
--- fixed_problem_hi.gms(1709) 51 Mb
--- Starting Equ Const_chance_1: elapsed 0:00:04.010
--- fixed_problem_hi.gms(1712) 51 Mb
--- Starting Equ Const_chance_2: elapsed 0:00:04.210
--- fixed_problem_hi.gms(1736) 51 Mb
--- LOOPS iter = iter2
---   70,502 rows  109,525 columns  319,525 non-zeroes
---   1,500 discrete-columns
--- Executing CPLEX (Solvelink=2): elapsed 0:00:04.518

IBM ILOG CPLEX   32.2.0 rc62c018 Released Aug 26, 2020 WEI x86 64bit/MS Window
--- GAMS/Cplex Link licensed for continuous and discrete problems.
Cplex 12.10.0.0

Reading data...
Starting Cplex...
Space for names approximately 4.53 Mb
Use option 'names no' to turn use of names off
Version identifier: 12.10.0.0 | 2019-11-26 | 843d4de2ae
CPXPARAM_Advance                                 0
CPXPARAM_Threads                                 8
CPXPARAM_Parallel                                1
CPXPARAM_MIP_Display                             4
CPXPARAM_TimeLimit                               1800
CPXPARAM_Tune_TimeLimit                          360
CPXPARAM_MIP_Tolerances_AbsMIPGap                0
CPXPARAM_MIP_Tolerances_MIPGap                   0
CPXPARAM_WorkDir                                 "C:\Users\charl\OneDrive\Dokumente\A_Uni\HiWi\ArticleSubgradient\Code\SampleRun_Environment_Solar\1500Scens\tol05\Scenario1\225a\"
Tried aggregator 1 time.
MIP Presolve eliminated 5624 rows and 4975 columns.
MIP Presolve modified 6739 coefficients.
Reduced MIP has 64878 rows, 104550 columns, and 228591 nonzeros.
Reduced MIP has 1455 binaries, 0 generals, 0 SOSs, and 0 indicators.
Presolve time = 0.34 sec. (114.41 ticks)
Probing fixed 10 vars, tightened 0 bounds.
Probing time = 0.39 sec. (7.88 ticks)
Tried aggregator 1 time.
Detecting symmetries...
MIP Presolve eliminated 1698 rows and 3400 columns.
Reduced MIP has 63180 rows, 101150 columns, and 222772 nonzeros.
Reduced MIP has 1445 binaries, 0 generals, 0 SOSs, and 0 indicators.
Presolve time = 1.41 sec. (148.37 ticks)
Probing time = 0.11 sec. (3.73 ticks)
MIP emphasis: balance optimality and feasibility.
MIP search method: dynamic search.
Parallel mode: deterministic, using up to 8 threads.
Parallel mode: deterministic, using up to 2 threads for parallel tasks at root LP.
Parallel mode: deterministic, using up to 6 threads for concurrent optimization:
 * Starting dual Simplex on 1 thread...
 * Starting Barrier on 4 threads...
 * Starting primal Simplex on 1 thread...
Initializing dual steep norms . . .

Iteration log . . .
Iteration:     1   Dual objective     =          -239.246854
Perturbation started.
Iteration:   101   Dual objective     =          -239.246854
Iteration:  1096   Dual objective     =          -239.091327
Iteration:  2369   Dual objective     =          -238.863045
Iteration:  3195   Dual objective     =          -238.693404
Iteration:  4081   Dual objective     =          -238.478339
Iteration:  5031   Dual objective     =          -238.259723
Iteration:  5983   Dual objective     =          -238.047137
Iteration:  6937   Dual objective     =          -237.829975
Iteration:  7882   Dual objective     =          -237.594148
Iteration:  8463   Dual objective     =          -237.195700
Iteration:  9082   Dual objective     =          -235.852342
Iteration:  9784   Dual objective     =          -234.461642
Iteration: 10475   Dual objective     =          -233.220758
Iteration: 11185   Dual objective     =          -232.159156
Iteration: 11902   Dual objective     =          -231.354025
Iteration: 12657   Dual objective     =          -230.768642
Iteration: 13350   Dual objective     =          -230.534021
Iteration: 14024   Dual objective     =          -230.340730
Iteration: 14693   Dual objective     =          -230.210550
Iteration: 15459   Dual objective     =          -230.091272
Iteration: 16202   Dual objective     =          -230.020830
Iteration: 16884   Dual objective     =          -229.986465
Removing perturbation.
Iteration: 17502    Objective     =          -231.528184

Primal simplex solved model.

Root relaxation solution time = 9.20 sec. (790.51 ticks)

        Nodes                                         Cuts/
   Node  Left     Objective  IInf  Best Integer    Best Bound    ItCnt     Gap

      0     0     -231.5294   430                   -231.5294    12110         
      0     0        cutoff                                      13389         
Elapsed time = 16.73 sec. (2053.76 ticks, tree = 0.01 MB, solutions = 0)

Root node processing (before b&c):
  Real time             =   16.75 sec. (2055.34 ticks)
Parallel b&c, 8 threads:
  Real time             =    0.00 sec. (0.00 ticks)
  Sync time (average)   =    0.00 sec.
  Wait time (average)   =    0.00 sec.
                          ------------
Total (root+branch&cut) =   16.75 sec. (2055.34 ticks)
MIP status(119): integer infeasible or unbounded
Cplex Time: 16.76sec (det. 2055.65 ticks)
CPLEX Error  1217: No solution exists.
Problem is integer infeasible.
--- Reading solution for model schedule
--- Executing after solve: elapsed 0:00:21.665
--- fixed_problem_hi.gms(1733) 51 Mb
--- Generating MIP model schedule
--- fixed_problem_hi.gms(1704) 51 Mb
--- Starting Equ Objective: elapsed 0:00:21.665
--- fixed_problem_hi.gms(1706) 51 Mb
--- Starting Equ Const1: elapsed 0:00:22.429
--- fixed_problem_hi.gms(1709) 51 Mb
--- Starting Equ Const_chance_1: elapsed 0:00:22.656
--- fixed_problem_hi.gms(1712) 51 Mb
--- Starting Equ Const_chance_2: elapsed 0:00:22.872
--- fixed_problem_hi.gms(1736) 51 Mb
--- LOOPS iter = iter3
---   70,502 rows  109,525 columns  319,525 non-zeroes
---   1,500 discrete-columns
--- Executing CPLEX (Solvelink=2): elapsed 0:00:23.199

IBM ILOG CPLEX   32.2.0 rc62c018 Released Aug 26, 2020 WEI x86 64bit/MS Window
--- GAMS/Cplex Link licensed for continuous and discrete problems.
Cplex 12.10.0.0

Reading data...
Starting Cplex...
Space for names approximately 4.53 Mb
Use option 'names no' to turn use of names off
Version identifier: 12.10.0.0 | 2019-11-26 | 843d4de2ae
CPXPARAM_Advance                                 0
CPXPARAM_Threads                                 8
CPXPARAM_Parallel                                1
CPXPARAM_MIP_Display                             4
CPXPARAM_TimeLimit                               1800
CPXPARAM_Tune_TimeLimit                          360
CPXPARAM_MIP_Tolerances_AbsMIPGap                0
CPXPARAM_MIP_Tolerances_MIPGap                   0
CPXPARAM_WorkDir                                 "C:\Users\charl\OneDrive\Dokumente\A_Uni\HiWi\ArticleSubgradient\Code\SampleRun_Environment_Solar\1500Scens\tol05\Scenario1\225a\"
Row 'Const_chance_2' infeasible, all entries at implied bounds.
Presolve time = 0.06 sec. (23.79 ticks)

Root node processing (before b&c):
  Real time             =    0.06 sec. (30.04 ticks)
Parallel b&c, 8 threads:
  Real time             =    0.00 sec. (0.00 ticks)
  Sync time (average)   =    0.00 sec.
  Wait time (average)   =    0.00 sec.
                          ------------
Total (root+branch&cut) =    0.06 sec. (30.04 ticks)
MIP status(103): integer infeasible
Cplex Time: 0.08sec (det. 30.36 ticks)
CPLEX Error  1217: No solution exists.
Problem is integer infeasible.
--- Reading solution for model schedule
--- Executing after solve: elapsed 0:00:23.678
--- fixed_problem_hi.gms(1733) 51 Mb
--- Generating MIP model schedule
--- fixed_problem_hi.gms(1704) 51 Mb
--- Starting Equ Objective: elapsed 0:00:23.678
--- fixed_problem_hi.gms(1706) 51 Mb
--- Starting Equ Const1: elapsed 0:00:24.505
--- fixed_problem_hi.gms(1709) 51 Mb
--- Starting Equ Const_chance_1: elapsed 0:00:24.750
--- fixed_problem_hi.gms(1712) 51 Mb
--- Starting Equ Const_chance_2: elapsed 0:00:24.996
--- fixed_problem_hi.gms(1736) 51 Mb
--- LOOPS iter = iter4
---   70,502 rows  109,525 columns  319,525 non-zeroes
---   1,500 discrete-columns
--- Executing CPLEX (Solvelink=2): elapsed 0:00:25.431

IBM ILOG CPLEX   32.2.0 rc62c018 Released Aug 26, 2020 WEI x86 64bit/MS Window
--- GAMS/Cplex Link licensed for continuous and discrete problems.
Cplex 12.10.0.0

Reading data...
Starting Cplex...
Space for names approximately 4.53 Mb
Use option 'names no' to turn use of names off
Version identifier: 12.10.0.0 | 2019-11-26 | 843d4de2ae
CPXPARAM_Advance                                 0
CPXPARAM_Threads                                 8
CPXPARAM_Parallel                                1
CPXPARAM_MIP_Display                             4
CPXPARAM_TimeLimit                               1800
CPXPARAM_Tune_TimeLimit                          360
CPXPARAM_MIP_Tolerances_AbsMIPGap                0
CPXPARAM_MIP_Tolerances_MIPGap                   0
CPXPARAM_WorkDir                                 "C:\Users\charl\OneDrive\Dokumente\A_Uni\HiWi\ArticleSubgradient\Code\SampleRun_Environment_Solar\1500Scens\tol05\Scenario1\225a\"
Tried aggregator 1 time.
MIP Presolve eliminated 2372 rows and 5195 columns.
MIP Presolve modified 3039 coefficients.
Reduced MIP has 68130 rows, 104330 columns, and 237748 nonzeros.
Reduced MIP has 1433 binaries, 0 generals, 0 SOSs, and 0 indicators.
Presolve time = 0.55 sec. (114.45 ticks)
Probing fixed 9 vars, tightened 0 bounds.
Probing time = 0.64 sec. (7.25 ticks)
Presolve time = 0.16 sec. (21.57 ticks)

Root node processing (before b&c):
  Real time             =    2.34 sec. (308.43 ticks)
Parallel b&c, 8 threads:
  Real time             =    0.00 sec. (0.00 ticks)
  Sync time (average)   =    0.00 sec.
  Wait time (average)   =    0.00 sec.
                          ------------
Total (root+branch&cut) =    2.34 sec. (308.43 ticks)
MIP status(103): integer infeasible
Cplex Time: 2.41sec (det. 308.75 ticks)
CPLEX Error  1217: No solution exists.
Problem is integer infeasible.
--- Reading solution for model schedule
--- Executing after solve: elapsed 0:00:28.770
--- fixed_problem_hi.gms(1733) 51 Mb
--- Generating MIP model schedule
--- fixed_problem_hi.gms(1704) 51 Mb
--- Starting Equ Objective: elapsed 0:00:28.774
--- fixed_problem_hi.gms(1706) 51 Mb
--- Starting Equ Const1: elapsed 0:00:30.471
--- fixed_problem_hi.gms(1709) 51 Mb
--- Starting Equ Const_chance_1: elapsed 0:00:31.154
--- fixed_problem_hi.gms(1712) 51 Mb
--- Starting Equ Const_chance_2: elapsed 0:00:31.908
--- fixed_problem_hi.gms(1736) 51 Mb
--- LOOPS iter = iter5
---   70,502 rows  109,525 columns  319,525 non-zeroes
---   1,500 discrete-columns
--- Executing CPLEX (Solvelink=2): elapsed 0:00:32.688

IBM ILOG CPLEX   32.2.0 rc62c018 Released Aug 26, 2020 WEI x86 64bit/MS Window
--- GAMS/Cplex Link licensed for continuous and discrete problems.
Cplex 12.10.0.0

Reading data...
Starting Cplex...
Space for names approximately 4.53 Mb
Use option 'names no' to turn use of names off
Version identifier: 12.10.0.0 | 2019-11-26 | 843d4de2ae
CPXPARAM_Advance                                 0
CPXPARAM_Threads                                 8
CPXPARAM_Parallel                                1
CPXPARAM_MIP_Display                             4
CPXPARAM_TimeLimit                               1800
CPXPARAM_Tune_TimeLimit                          360
CPXPARAM_MIP_Tolerances_AbsMIPGap                0
CPXPARAM_MIP_Tolerances_MIPGap                   0
CPXPARAM_WorkDir                                 "C:\Users\charl\OneDrive\Dokumente\A_Uni\HiWi\ArticleSubgradient\Code\SampleRun_Environment_Solar\1500Scens\tol05\Scenario1\225a\"
Tried aggregator 1 time.
MIP Presolve eliminated 2398 rows and 5215 columns.
MIP Presolve modified 3093 coefficients.
Reduced MIP has 68104 rows, 104310 columns, and 237636 nonzeros.
Reduced MIP has 1431 binaries, 0 generals, 0 SOSs, and 0 indicators.
Presolve time = 0.58 sec. (114.44 ticks)
Probing fixed 1434 vars, tightened 20114 bounds.
Probing time = 0.95 sec. (9.23 ticks)

Root node processing (before b&c):
  Real time             =    2.88 sec. (290.77 ticks)
Parallel b&c, 8 threads:
  Real time             =    0.00 sec. (0.00 ticks)
  Sync time (average)   =    0.00 sec.
  Wait time (average)   =    0.00 sec.
                          ------------
Total (root+branch&cut) =    2.88 sec. (290.77 ticks)
MIP status(103): integer infeasible
Cplex Time: 2.91sec (det. 291.09 ticks)
CPLEX Error  1217: No solution exists.
Problem is integer infeasible.
--- Reading solution for model schedule
--- Executing after solve: elapsed 0:00:36.468
--- fixed_problem_hi.gms(1733) 51 Mb
--- Generating MIP model schedule
--- fixed_problem_hi.gms(1704) 51 Mb
--- Starting Equ Objective: elapsed 0:00:36.469
--- fixed_problem_hi.gms(1706) 51 Mb
--- Starting Equ Const1: elapsed 0:00:38.621
--- fixed_problem_hi.gms(1709) 51 Mb
--- Starting Equ Const_chance_1: elapsed 0:00:39.284
--- fixed_problem_hi.gms(1712) 51 Mb
--- Starting Equ Const_chance_2: elapsed 0:00:39.902
--- fixed_problem_hi.gms(1736) 51 Mb
--- LOOPS iter = iter6
---   70,502 rows  109,525 columns  319,525 non-zeroes
---   1,500 discrete-columns
--- Executing CPLEX (Solvelink=2): elapsed 0:00:40.658

IBM ILOG CPLEX   32.2.0 rc62c018 Released Aug 26, 2020 WEI x86 64bit/MS Window
--- GAMS/Cplex Link licensed for continuous and discrete problems.
Cplex 12.10.0.0

Reading data...
Starting Cplex...
Space for names approximately 4.53 Mb
Use option 'names no' to turn use of names off
Version identifier: 12.10.0.0 | 2019-11-26 | 843d4de2ae
CPXPARAM_Advance                                 0
CPXPARAM_Threads                                 8
CPXPARAM_Parallel                                1
CPXPARAM_MIP_Display                             4
CPXPARAM_TimeLimit                               1800
CPXPARAM_Tune_TimeLimit                          360
CPXPARAM_MIP_Tolerances_AbsMIPGap                0
CPXPARAM_MIP_Tolerances_MIPGap                   0
CPXPARAM_WorkDir                                 "C:\Users\charl\OneDrive\Dokumente\A_Uni\HiWi\ArticleSubgradient\Code\SampleRun_Environment_Solar\1500Scens\tol05\Scenario1\225a\"
Tried aggregator 1 time.
MIP Presolve eliminated 2359 rows and 5185 columns.
MIP Presolve modified 3044 coefficients.
Reduced MIP has 68143 rows, 104340 columns, and 237804 nonzeros.
Reduced MIP has 1434 binaries, 0 generals, 0 SOSs, and 0 indicators.
Presolve time = 0.45 sec. (114.46 ticks)
Probing fixed 8 vars, tightened 0 bounds.
Probing time = 0.19 sec. (6.88 ticks)
Tried aggregator 1 time.
Detecting symmetries...
MIP Presolve eliminated 2546 rows and 4520 columns.
Reduced MIP has 65597 rows, 99820 columns, and 229586 nonzeros.
Reduced MIP has 1426 binaries, 0 generals, 0 SOSs, and 0 indicators.
Presolve time = 0.76 sec. (152.22 ticks)
Probing time = 1.91 sec. (87.36 ticks)
Clique table members: 1.
MIP emphasis: balance optimality and feasibility.
MIP search method: dynamic search.
Parallel mode: deterministic, using up to 8 threads.
Parallel mode: deterministic, using up to 2 threads for parallel tasks at root LP.
Parallel mode: deterministic, using up to 6 threads for concurrent optimization:
 * Starting dual Simplex on 1 thread...
 * Starting Barrier on 4 threads...
 * Starting primal Simplex on 1 thread...
Initializing dual steep norms . . .

Iteration log . . .
Iteration:     1   Dual objective     =          -284.955578
Perturbation started.
Iteration:   101   Dual objective     =          -284.955578
Iteration:  1055   Dual objective     =          -284.770675
Iteration:  2012   Dual objective     =          -284.587129
Iteration:  2948   Dual objective     =          -284.403837
Iteration:  3886   Dual objective     =          -284.118299
Iteration:  4843   Dual objective     =          -283.810815
Iteration:  5791   Dual objective     =          -283.460079
Iteration:  6737   Dual objective     =          -283.105549
Iteration:  7672   Dual objective     =          -282.717809
Iteration:  8442   Dual objective     =          -281.883717
Iteration:  9105   Dual objective     =          -280.406279
Iteration:  9790   Dual objective     =          -279.063977
Iteration: 10475   Dual objective     =          -277.810560
Iteration: 11185   Dual objective     =          -276.631718
Iteration: 11922   Dual objective     =          -275.377157
Removing perturbation.

Dual simplex solved model.

Root relaxation solution time = 2.25 sec. (376.84 ticks)

        Nodes                                         Cuts/
   Node  Left     Objective  IInf  Best Integer    Best Bound    ItCnt     Gap

      0     0    infeasible                                      12441         

Root node processing (before b&c):
  Real time             =    6.49 sec. (966.98 ticks)
Parallel b&c, 8 threads:
  Real time             =    0.00 sec. (0.00 ticks)
  Sync time (average)   =    0.00 sec.
  Wait time (average)   =    0.00 sec.
                          ------------
Total (root+branch&cut) =    6.49 sec. (966.98 ticks)
MIP status(119): integer infeasible or unbounded
Cplex Time: 6.64sec (det. 967.29 ticks)
CPLEX Error  1217: No solution exists.
Problem is integer infeasible.
--- Reading solution for model schedule
--- Executing after solve: elapsed 0:00:48.122
--- fixed_problem_hi.gms(1733) 51 Mb
--- Generating MIP model schedule
--- fixed_problem_hi.gms(1704) 51 Mb
--- Starting Equ Objective: elapsed 0:00:48.122
--- fixed_problem_hi.gms(1706) 51 Mb
--- Starting Equ Const1: elapsed 0:00:49.325
--- fixed_problem_hi.gms(1709) 51 Mb
--- Starting Equ Const_chance_1: elapsed 0:00:49.742
--- fixed_problem_hi.gms(1712) 51 Mb
--- Starting Equ Const_chance_2: elapsed 0:00:50.096
--- fixed_problem_hi.gms(1736) 51 Mb
--- LOOPS iter = iter7
---   70,502 rows  109,525 columns  319,525 non-zeroes
---   1,500 discrete-columns
--- Executing CPLEX (Solvelink=2): elapsed 0:00:51.160

IBM ILOG CPLEX   32.2.0 rc62c018 Released Aug 26, 2020 WEI x86 64bit/MS Window
--- GAMS/Cplex Link licensed for continuous and discrete problems.
Cplex 12.10.0.0

Reading data...
Starting Cplex...
Space for names approximately 4.53 Mb
Use option 'names no' to turn use of names off
Version identifier: 12.10.0.0 | 2019-11-26 | 843d4de2ae
CPXPARAM_Advance                                 0
CPXPARAM_Threads                                 8
CPXPARAM_Parallel                                1
CPXPARAM_MIP_Display                             4
CPXPARAM_TimeLimit                               1800
CPXPARAM_Tune_TimeLimit                          360
CPXPARAM_MIP_Tolerances_AbsMIPGap                0
CPXPARAM_MIP_Tolerances_MIPGap                   0
CPXPARAM_WorkDir                                 "C:\Users\charl\OneDrive\Dokumente\A_Uni\HiWi\ArticleSubgradient\Code\SampleRun_Environment_Solar\1500Scens\tol05\Scenario1\225a\"
Tried aggregator 1 time.
MIP Presolve eliminated 2346 rows and 5175 columns.
MIP Presolve modified 3087 coefficients.
Reduced MIP has 68156 rows, 104350 columns, and 237860 nonzeros.
Reduced MIP has 1435 binaries, 0 generals, 0 SOSs, and 0 indicators.
Presolve time = 0.48 sec. (114.46 ticks)
Probing fixed 12 vars, tightened 0 bounds.
Probing time = 0.69 sec. (8.45 ticks)
Presolve time = 0.11 sec. (21.58 ticks)

Root node processing (before b&c):
  Real time             =    2.14 sec. (311.06 ticks)
Parallel b&c, 8 threads:
  Real time             =    0.00 sec. (0.00 ticks)
  Sync time (average)   =    0.00 sec.
  Wait time (average)   =    0.00 sec.
                          ------------
Total (root+branch&cut) =    2.14 sec. (311.06 ticks)
MIP status(103): integer infeasible
Cplex Time: 2.25sec (det. 311.38 ticks)
CPLEX Error  1217: No solution exists.
Problem is integer infeasible.
--- Reading solution for model schedule
--- fixed_problem_hi.gms(1736) 51 Mb  4 secs
--- Executing after solve: elapsed 0:00:54.994
--- fixed_problem_hi.gms(1733) 51 Mb
--- Generating MIP model schedule
--- fixed_problem_hi.gms(1704) 51 Mb
--- Starting Equ Objective: elapsed 0:00:54.994
--- fixed_problem_hi.gms(1706) 51 Mb
--- Starting Equ Const1: elapsed 0:00:56.277
--- fixed_problem_hi.gms(1709) 51 Mb
--- Starting Equ Const_chance_1: elapsed 0:00:56.812
--- fixed_problem_hi.gms(1712) 51 Mb
--- Starting Equ Const_chance_2: elapsed 0:00:57.288
--- fixed_problem_hi.gms(1736) 51 Mb
--- LOOPS iter = iter8
---   70,502 rows  109,525 columns  319,525 non-zeroes
---   1,500 discrete-columns
--- Executing CPLEX (Solvelink=2): elapsed 0:00:57.889

IBM ILOG CPLEX   32.2.0 rc62c018 Released Aug 26, 2020 WEI x86 64bit/MS Window
--- GAMS/Cplex Link licensed for continuous and discrete problems.
Cplex 12.10.0.0

Reading data...
Starting Cplex...
Space for names approximately 4.53 Mb
Use option 'names no' to turn use of names off
Version identifier: 12.10.0.0 | 2019-11-26 | 843d4de2ae
CPXPARAM_Advance                                 0
CPXPARAM_Threads                                 8
CPXPARAM_Parallel                                1
CPXPARAM_MIP_Display                             4
CPXPARAM_TimeLimit                               1800
CPXPARAM_Tune_TimeLimit                          360
CPXPARAM_MIP_Tolerances_AbsMIPGap                0
CPXPARAM_MIP_Tolerances_MIPGap                   0
CPXPARAM_WorkDir                                 "C:\Users\charl\OneDrive\Dokumente\A_Uni\HiWi\ArticleSubgradient\Code\SampleRun_Environment_Solar\1500Scens\tol05\Scenario1\225a\"
Tried aggregator 1 time.
MIP Presolve eliminated 2411 rows and 5225 columns.
MIP Presolve modified 3108 coefficients.
Reduced MIP has 68091 rows, 104300 columns, and 237580 nonzeros.
Reduced MIP has 1430 binaries, 0 generals, 0 SOSs, and 0 indicators.
Presolve time = 0.72 sec. (114.44 ticks)
Probing fixed 1433 vars, tightened 20278 bounds.
Probing time = 3.22 sec. (17.08 ticks)

Root node processing (before b&c):
  Real time             =    5.34 sec. (299.90 ticks)
Parallel b&c, 8 threads:
  Real time             =    0.00 sec. (0.00 ticks)
  Sync time (average)   =    0.00 sec.
  Wait time (average)   =    0.00 sec.
                          ------------
Total (root+branch&cut) =    5.34 sec. (299.90 ticks)
MIP status(103): integer infeasible
Cplex Time: 5.66sec (det. 300.22 ticks)
CPLEX Error  1217: No solution exists.
Problem is integer infeasible.
--- Reading solution for model schedule
--- fixed_problem_hi.gms(1736) 51 Mb  7 secs
--- Executing after solve: elapsed 0:01:04.646
--- fixed_problem_hi.gms(1733) 51 Mb
--- Generating MIP model schedule
--- fixed_problem_hi.gms(1704) 51 Mb
--- Starting Equ Objective: elapsed 0:01:04.649
--- fixed_problem_hi.gms(1704) 51 Mb  4 secs
--- fixed_problem_hi.gms(1706) 51 Mb
--- Starting Equ Const1: elapsed 0:01:09.238
--- fixed_problem_hi.gms(1709) 51 Mb
--- Starting Equ Const_chance_1: elapsed 0:01:11.093
--- fixed_problem_hi.gms(1712) 51 Mb
--- Starting Equ Const_chance_2: elapsed 0:01:12.722
--- fixed_problem_hi.gms(1736) 51 Mb
--- LOOPS iter = iter9
---   70,502 rows  109,525 columns  319,525 non-zeroes
---   1,500 discrete-columns
--- Executing CPLEX (Solvelink=2): elapsed 0:01:15.412

IBM ILOG CPLEX   32.2.0 rc62c018 Released Aug 26, 2020 WEI x86 64bit/MS Window
--- GAMS/Cplex Link licensed for continuous and discrete problems.
Cplex 12.10.0.0

Reading data...
Starting Cplex...
Space for names approximately 4.53 Mb
Use option 'names no' to turn use of names off
Version identifier: 12.10.0.0 | 2019-11-26 | 843d4de2ae
CPXPARAM_Advance                                 0
CPXPARAM_Threads                                 8
CPXPARAM_Parallel                                1
CPXPARAM_MIP_Display                             4
CPXPARAM_TimeLimit                               1800
CPXPARAM_Tune_TimeLimit                          360
CPXPARAM_MIP_Tolerances_AbsMIPGap                0
CPXPARAM_MIP_Tolerances_MIPGap                   0
CPXPARAM_WorkDir                                 "C:\Users\charl\OneDrive\Dokumente\A_Uni\HiWi\ArticleSubgradient\Code\SampleRun_Environment_Solar\1500Scens\tol05\Scenario1\225a\"
Tried aggregator 1 time.
MIP Presolve eliminated 2424 rows and 5235 columns.
MIP Presolve modified 3121 coefficients.
Reduced MIP has 68078 rows, 104290 columns, and 237524 nonzeros.
Reduced MIP has 1429 binaries, 0 generals, 0 SOSs, and 0 indicators.
Presolve time = 2.80 sec. (114.44 ticks)
Probing fixed 45 vars, tightened 424 bounds.
Probing time = 6.05 sec. (34.47 ticks)
Presolve time = 0.41 sec. (21.52 ticks)

Root node processing (before b&c):
  Real time             =   13.45 sec. (350.68 ticks)
Parallel b&c, 8 threads:
  Real time             =    0.00 sec. (0.00 ticks)
  Sync time (average)   =    0.00 sec.
  Wait time (average)   =    0.00 sec.
                          ------------
Total (root+branch&cut) =   13.45 sec. (350.68 ticks)
MIP status(103): integer infeasible
Cplex Time: 15.66sec (det. 351.00 ticks)
CPLEX Error  1217: No solution exists.
Problem is integer infeasible.
--- Reading solution for model schedule
--- fixed_problem_hi.gms(1736) 51 Mb  21 secs
--- Executing after solve: elapsed 0:01:34.995
--- fixed_problem_hi.gms(1733) 51 Mb
--- Generating MIP model schedule
--- fixed_problem_hi.gms(1704) 51 Mb
--- Starting Equ Objective: elapsed 0:01:34.995
--- fixed_problem_hi.gms(1706) 51 Mb
--- Starting Equ Const1: elapsed 0:01:37.783
--- fixed_problem_hi.gms(1709) 51 Mb
--- Starting Equ Const_chance_1: elapsed 0:01:38.253
--- fixed_problem_hi.gms(1712) 51 Mb
--- Starting Equ Const_chance_2: elapsed 0:01:38.626
--- fixed_problem_hi.gms(1736) 51 Mb
--- LOOPS iter = iter10
---   70,502 rows  109,525 columns  319,525 non-zeroes
---   1,500 discrete-columns
--- Executing CPLEX (Solvelink=2): elapsed 0:01:39.201

IBM ILOG CPLEX   32.2.0 rc62c018 Released Aug 26, 2020 WEI x86 64bit/MS Window
--- GAMS/Cplex Link licensed for continuous and discrete problems.
Cplex 12.10.0.0

Reading data...
Starting Cplex...
Space for names approximately 4.53 Mb
Use option 'names no' to turn use of names off
Version identifier: 12.10.0.0 | 2019-11-26 | 843d4de2ae
CPXPARAM_Advance                                 0
CPXPARAM_Threads                                 8
CPXPARAM_Parallel                                1
CPXPARAM_MIP_Display                             4
CPXPARAM_TimeLimit                               1800
CPXPARAM_Tune_TimeLimit                          360
CPXPARAM_MIP_Tolerances_AbsMIPGap                0
CPXPARAM_MIP_Tolerances_MIPGap                   0
CPXPARAM_WorkDir                                 "C:\Users\charl\OneDrive\Dokumente\A_Uni\HiWi\ArticleSubgradient\Code\SampleRun_Environment_Solar\1500Scens\tol05\Scenario1\225a\"
Tried aggregator 1 time.
MIP Presolve eliminated 2424 rows and 5235 columns.
MIP Presolve modified 3119 coefficients.
Reduced MIP has 68078 rows, 104290 columns, and 237524 nonzeros.
Reduced MIP has 1429 binaries, 0 generals, 0 SOSs, and 0 indicators.
Presolve time = 1.31 sec. (114.44 ticks)
Probing fixed 43 vars, tightened 463 bounds.
Probing time = 0.69 sec. (34.60 ticks)

Root node processing (before b&c):
  Real time             =    3.73 sec. (311.91 ticks)
Parallel b&c, 8 threads:
  Real time             =    0.00 sec. (0.00 ticks)
  Sync time (average)   =    0.00 sec.
  Wait time (average)   =    0.00 sec.
                          ------------
Total (root+branch&cut) =    3.73 sec. (311.91 ticks)
MIP status(103): integer infeasible
Cplex Time: 4.05sec (det. 312.22 ticks)
CPLEX Error  1217: No solution exists.
Problem is integer infeasible.
--- Reading solution for model schedule
--- Executing after solve: elapsed 0:01:45.533
--- fixed_problem_hi.gms(1733) 51 Mb
--- Generating MIP model schedule
--- fixed_problem_hi.gms(1704) 51 Mb
--- Starting Equ Objective: elapsed 0:01:45.534
--- fixed_problem_hi.gms(1704) 51 Mb  3 secs
--- fixed_problem_hi.gms(1706) 51 Mb
--- Starting Equ Const1: elapsed 0:01:48.814
--- fixed_problem_hi.gms(1709) 51 Mb
--- Starting Equ Const_chance_1: elapsed 0:01:50.006
--- fixed_problem_hi.gms(1712) 51 Mb
--- Starting Equ Const_chance_2: elapsed 0:01:51.225
--- fixed_problem_hi.gms(1736) 51 Mb
--- LOOPS iter = iter11
---   70,502 rows  109,525 columns  319,525 non-zeroes
---   1,500 discrete-columns
--- Executing CPLEX (Solvelink=2): elapsed 0:01:52.613

IBM ILOG CPLEX   32.2.0 rc62c018 Released Aug 26, 2020 WEI x86 64bit/MS Window
--- GAMS/Cplex Link licensed for continuous and discrete problems.
Cplex 12.10.0.0

Reading data...
Starting Cplex...
Space for names approximately 4.53 Mb
Use option 'names no' to turn use of names off
Version identifier: 12.10.0.0 | 2019-11-26 | 843d4de2ae
CPXPARAM_Advance                                 0
CPXPARAM_Threads                                 8
CPXPARAM_Parallel                                1
CPXPARAM_MIP_Display                             4
CPXPARAM_TimeLimit                               1800
CPXPARAM_Tune_TimeLimit                          360
CPXPARAM_MIP_Tolerances_AbsMIPGap                0
CPXPARAM_MIP_Tolerances_MIPGap                   0
CPXPARAM_WorkDir                                 "C:\Users\charl\OneDrive\Dokumente\A_Uni\HiWi\ArticleSubgradient\Code\SampleRun_Environment_Solar\1500Scens\tol05\Scenario1\225a\"
Row 'Const_chance_2' infeasible, all entries at implied bounds.
Presolve time = 0.16 sec. (23.71 ticks)

Root node processing (before b&c):
  Real time             =    0.17 sec. (30.01 ticks)
Parallel b&c, 8 threads:
  Real time             =    0.00 sec. (0.00 ticks)
  Sync time (average)   =    0.00 sec.
  Wait time (average)   =    0.00 sec.
                          ------------
Total (root+branch&cut) =    0.17 sec. (30.01 ticks)
MIP status(103): integer infeasible
Cplex Time: 0.28sec (det. 30.32 ticks)
CPLEX Error  1217: No solution exists.
Problem is integer infeasible.
--- Reading solution for model schedule
--- Executing after solve: elapsed 0:01:53.962
--- fixed_problem_hi.gms(1733) 51 Mb
--- Generating MIP model schedule
--- fixed_problem_hi.gms(1704) 51 Mb
--- Starting Equ Objective: elapsed 0:01:53.967
--- fixed_problem_hi.gms(1706) 51 Mb
--- Starting Equ Const1: elapsed 0:01:55.152
--- fixed_problem_hi.gms(1709) 51 Mb
--- Starting Equ Const_chance_1: elapsed 0:01:55.431
--- fixed_problem_hi.gms(1712) 51 Mb
--- Starting Equ Const_chance_2: elapsed 0:01:55.677
--- fixed_problem_hi.gms(1736) 51 Mb
--- LOOPS iter = iter12
---   70,502 rows  109,525 columns  319,525 non-zeroes
---   1,500 discrete-columns
--- Executing CPLEX (Solvelink=2): elapsed 0:01:56.079

IBM ILOG CPLEX   32.2.0 rc62c018 Released Aug 26, 2020 WEI x86 64bit/MS Window
--- GAMS/Cplex Link licensed for continuous and discrete problems.
Cplex 12.10.0.0

Reading data...
Starting Cplex...
Space for names approximately 4.53 Mb
Use option 'names no' to turn use of names off
Version identifier: 12.10.0.0 | 2019-11-26 | 843d4de2ae
CPXPARAM_Advance                                 0
CPXPARAM_Threads                                 8
CPXPARAM_Parallel                                1
CPXPARAM_MIP_Display                             4
CPXPARAM_TimeLimit                               1800
CPXPARAM_Tune_TimeLimit                          360
CPXPARAM_MIP_Tolerances_AbsMIPGap                0
CPXPARAM_MIP_Tolerances_MIPGap                   0
CPXPARAM_WorkDir                                 "C:\Users\charl\OneDrive\Dokumente\A_Uni\HiWi\ArticleSubgradient\Code\SampleRun_Environment_Solar\1500Scens\tol05\Scenario1\225a\"
Row 'Const_chance_2' infeasible, all entries at implied bounds.
Presolve time = 0.08 sec. (23.71 ticks)

Root node processing (before b&c):
  Real time             =    0.09 sec. (30.01 ticks)
Parallel b&c, 8 threads:
  Real time             =    0.00 sec. (0.00 ticks)
  Sync time (average)   =    0.00 sec.
  Wait time (average)   =    0.00 sec.
                          ------------
Total (root+branch&cut) =    0.09 sec. (30.01 ticks)
MIP status(103): integer infeasible
Cplex Time: 0.09sec (det. 30.32 ticks)
CPLEX Error  1217: No solution exists.
Problem is integer infeasible.
--- Reading solution for model schedule
--- Executing after solve: elapsed 0:01:56.711
--- fixed_problem_hi.gms(1733) 51 Mb
--- Generating MIP model schedule
--- fixed_problem_hi.gms(1704) 51 Mb
--- Starting Equ Objective: elapsed 0:01:56.712
--- fixed_problem_hi.gms(1706) 51 Mb
--- Starting Equ Const1: elapsed 0:01:57.667
--- fixed_problem_hi.gms(1709) 51 Mb
--- Starting Equ Const_chance_1: elapsed 0:01:58.271
--- fixed_problem_hi.gms(1712) 51 Mb
--- Starting Equ Const_chance_2: elapsed 0:01:59.024
--- fixed_problem_hi.gms(1736) 51 Mb
--- LOOPS iter = iter13
---   70,502 rows  109,525 columns  319,525 non-zeroes
---   1,500 discrete-columns
--- Executing CPLEX (Solvelink=2): elapsed 0:02:00.265

IBM ILOG CPLEX   32.2.0 rc62c018 Released Aug 26, 2020 WEI x86 64bit/MS Window
--- GAMS/Cplex Link licensed for continuous and discrete problems.
Cplex 12.10.0.0

Reading data...
Starting Cplex...
Space for names approximately 4.53 Mb
Use option 'names no' to turn use of names off
Version identifier: 12.10.0.0 | 2019-11-26 | 843d4de2ae
CPXPARAM_Advance                                 0
CPXPARAM_Threads                                 8
CPXPARAM_Parallel                                1
CPXPARAM_MIP_Display                             4
CPXPARAM_TimeLimit                               1800
CPXPARAM_Tune_TimeLimit                          360
CPXPARAM_MIP_Tolerances_AbsMIPGap                0
CPXPARAM_MIP_Tolerances_MIPGap                   0
CPXPARAM_WorkDir                                 "C:\Users\charl\OneDrive\Dokumente\A_Uni\HiWi\ArticleSubgradient\Code\SampleRun_Environment_Solar\1500Scens\tol05\Scenario1\225a\"
Tried aggregator 1 time.
MIP Presolve eliminated 2411 rows and 5225 columns.
MIP Presolve modified 2958 coefficients.
Reduced MIP has 68091 rows, 104300 columns, and 237580 nonzeros.
Reduced MIP has 1430 binaries, 0 generals, 0 SOSs, and 0 indicators.
Presolve time = 1.27 sec. (114.44 ticks)
Probing fixed 14 vars, tightened 0 bounds.
Probing time = 1.02 sec. (7.98 ticks)
Presolve time = 0.26 sec. (21.54 ticks)

Root node processing (before b&c):
  Real time             =    4.66 sec. (319.90 ticks)
Parallel b&c, 8 threads:
  Real time             =    0.00 sec. (0.00 ticks)
  Sync time (average)   =    0.00 sec.
  Wait time (average)   =    0.00 sec.
                          ------------
Total (root+branch&cut) =    4.66 sec. (319.90 ticks)
MIP status(103): integer infeasible
Cplex Time: 5.38sec (det. 320.21 ticks)
CPLEX Error  1217: No solution exists.
Problem is integer infeasible.
--- Reading solution for model schedule
--- fixed_problem_hi.gms(1736) 51 Mb  8 secs
--- Executing after solve: elapsed 0:02:07.720
--- fixed_problem_hi.gms(1733) 51 Mb
--- Generating MIP model schedule
--- fixed_problem_hi.gms(1704) 51 Mb
--- Starting Equ Objective: elapsed 0:02:07.720
--- fixed_problem_hi.gms(1704) 51 Mb  3 secs
--- fixed_problem_hi.gms(1706) 51 Mb
--- Starting Equ Const1: elapsed 0:02:11.446
--- fixed_problem_hi.gms(1709) 51 Mb
--- Starting Equ Const_chance_1: elapsed 0:02:12.426
--- fixed_problem_hi.gms(1712) 51 Mb
--- Starting Equ Const_chance_2: elapsed 0:02:13.279
--- fixed_problem_hi.gms(1736) 51 Mb
--- LOOPS iter = iter14
---   70,502 rows  109,525 columns  319,525 non-zeroes
---   1,500 discrete-columns
--- Executing CPLEX (Solvelink=2): elapsed 0:02:14.842

IBM ILOG CPLEX   32.2.0 rc62c018 Released Aug 26, 2020 WEI x86 64bit/MS Window
--- GAMS/Cplex Link licensed for continuous and discrete problems.
Cplex 12.10.0.0

Reading data...
Starting Cplex...
Space for names approximately 4.53 Mb
Use option 'names no' to turn use of names off
Version identifier: 12.10.0.0 | 2019-11-26 | 843d4de2ae
CPXPARAM_Advance                                 0
CPXPARAM_Threads                                 8
CPXPARAM_Parallel                                1
CPXPARAM_MIP_Display                             4
CPXPARAM_TimeLimit                               1800
CPXPARAM_Tune_TimeLimit                          360
CPXPARAM_MIP_Tolerances_AbsMIPGap                0
CPXPARAM_MIP_Tolerances_MIPGap                   0
CPXPARAM_WorkDir                                 "C:\Users\charl\OneDrive\Dokumente\A_Uni\HiWi\ArticleSubgradient\Code\SampleRun_Environment_Solar\1500Scens\tol05\Scenario1\225a\"
Tried aggregator 1 time.
MIP Presolve eliminated 2385 rows and 5205 columns.
MIP Presolve modified 3018 coefficients.
Reduced MIP has 68117 rows, 104320 columns, and 237692 nonzeros.
Reduced MIP has 1432 binaries, 0 generals, 0 SOSs, and 0 indicators.
Presolve time = 1.45 sec. (114.46 ticks)
Probing fixed 14 vars, tightened 0 bounds.
Probing time = 1.63 sec. (8.06 ticks)
Presolve time = 0.56 sec. (21.56 ticks)

Root node processing (before b&c):
  Real time             =    6.56 sec. (317.41 ticks)
Parallel b&c, 8 threads:
  Real time             =    0.00 sec. (0.00 ticks)
  Sync time (average)   =    0.00 sec.
  Wait time (average)   =    0.00 sec.
                          ------------
Total (root+branch&cut) =    6.56 sec. (317.41 ticks)
MIP status(103): integer infeasible
Cplex Time: 7.64sec (det. 317.72 ticks)
CPLEX Error  1217: No solution exists.
Problem is integer infeasible.
--- Reading solution for model schedule
--- fixed_problem_hi.gms(1736) 51 Mb  11 secs
--- Executing after solve: elapsed 0:02:25.175
--- fixed_problem_hi.gms(1733) 51 Mb
--- Generating MIP model schedule
--- fixed_problem_hi.gms(1704) 51 Mb
--- Starting Equ Objective: elapsed 0:02:25.175
--- fixed_problem_hi.gms(1704) 51 Mb  4 secs
--- fixed_problem_hi.gms(1706) 51 Mb
--- Starting Equ Const1: elapsed 0:02:30.370
--- fixed_problem_hi.gms(1709) 51 Mb
--- Starting Equ Const_chance_1: elapsed 0:02:32.215
--- fixed_problem_hi.gms(1712) 51 Mb
--- Starting Equ Const_chance_2: elapsed 0:02:33.811
--- fixed_problem_hi.gms(1736) 51 Mb
--- LOOPS iter = iter15
---   70,502 rows  109,525 columns  319,525 non-zeroes
---   1,500 discrete-columns
--- Executing CPLEX (Solvelink=2): elapsed 0:02:36.193

IBM ILOG CPLEX   32.2.0 rc62c018 Released Aug 26, 2020 WEI x86 64bit/MS Window
--- GAMS/Cplex Link licensed for continuous and discrete problems.
Cplex 12.10.0.0

Reading data...
Starting Cplex...
Space for names approximately 4.53 Mb
Use option 'names no' to turn use of names off
Version identifier: 12.10.0.0 | 2019-11-26 | 843d4de2ae
CPXPARAM_Advance                                 0
CPXPARAM_Threads                                 8
CPXPARAM_Parallel                                1
CPXPARAM_MIP_Display                             4
CPXPARAM_TimeLimit                               1800
CPXPARAM_Tune_TimeLimit                          360
CPXPARAM_MIP_Tolerances_AbsMIPGap                0
CPXPARAM_MIP_Tolerances_MIPGap                   0
CPXPARAM_WorkDir                                 "C:\Users\charl\OneDrive\Dokumente\A_Uni\HiWi\ArticleSubgradient\Code\SampleRun_Environment_Solar\1500Scens\tol05\Scenario1\225a\"
Tried aggregator 1 time.
MIP Presolve eliminated 2398 rows and 5215 columns.
MIP Presolve modified 3031 coefficients.
Reduced MIP has 68104 rows, 104310 columns, and 237636 nonzeros.
Reduced MIP has 1431 binaries, 0 generals, 0 SOSs, and 0 indicators.
Presolve time = 1.05 sec. (114.44 ticks)
Probing fixed 38 vars, tightened 228 bounds.
Probing time = 1.63 sec. (32.81 ticks)

Root node processing (before b&c):
  Real time             =    3.74 sec. (308.91 ticks)
Parallel b&c, 8 threads:
  Real time             =    0.00 sec. (0.00 ticks)
  Sync time (average)   =    0.00 sec.
  Wait time (average)   =    0.00 sec.
                          ------------
Total (root+branch&cut) =    3.74 sec. (308.91 ticks)
MIP status(103): integer infeasible
Cplex Time: 4.09sec (det. 309.22 ticks)
CPLEX Error  1217: No solution exists.
Problem is integer infeasible.
--- Reading solution for model schedule
--- Executing after solve: elapsed 0:02:42.180
--- fixed_problem_hi.gms(1733) 51 Mb
--- Generating MIP model schedule
--- fixed_problem_hi.gms(1704) 51 Mb
--- Starting Equ Objective: elapsed 0:02:42.180
--- fixed_problem_hi.gms(1706) 51 Mb
--- Starting Equ Const1: elapsed 0:02:44.233
--- fixed_problem_hi.gms(1709) 51 Mb
--- Starting Equ Const_chance_1: elapsed 0:02:45.246
--- fixed_problem_hi.gms(1712) 51 Mb
--- Starting Equ Const_chance_2: elapsed 0:02:46.125
--- fixed_problem_hi.gms(1736) 51 Mb
--- LOOPS iter = iter16
---   70,502 rows  109,525 columns  319,525 non-zeroes
---   1,500 discrete-columns
--- Executing CPLEX (Solvelink=2): elapsed 0:02:47.584

IBM ILOG CPLEX   32.2.0 rc62c018 Released Aug 26, 2020 WEI x86 64bit/MS Window
--- GAMS/Cplex Link licensed for continuous and discrete problems.
Cplex 12.10.0.0

Reading data...
Starting Cplex...
Space for names approximately 4.53 Mb
Use option 'names no' to turn use of names off
Version identifier: 12.10.0.0 | 2019-11-26 | 843d4de2ae
CPXPARAM_Advance                                 0
CPXPARAM_Threads                                 8
CPXPARAM_Parallel                                1
CPXPARAM_MIP_Display                             4
CPXPARAM_TimeLimit                               1800
CPXPARAM_Tune_TimeLimit                          360
CPXPARAM_MIP_Tolerances_AbsMIPGap                0
CPXPARAM_MIP_Tolerances_MIPGap                   0
CPXPARAM_WorkDir                                 "C:\Users\charl\OneDrive\Dokumente\A_Uni\HiWi\ArticleSubgradient\Code\SampleRun_Environment_Solar\1500Scens\tol05\Scenario1\225a\"
Tried aggregator 1 time.
MIP Presolve eliminated 2398 rows and 5215 columns.
MIP Presolve modified 2803 coefficients.
Reduced MIP has 68104 rows, 104310 columns, and 237636 nonzeros.
Reduced MIP has 1431 binaries, 0 generals, 0 SOSs, and 0 indicators.
Presolve time = 0.61 sec. (114.41 ticks)
Probing fixed 7 vars, tightened 0 bounds.
Probing time = 0.84 sec. (7.25 ticks)
Presolve time = 0.28 sec. (21.57 ticks)

Root node processing (before b&c):
  Real time             =    3.41 sec. (309.63 ticks)
Parallel b&c, 8 threads:
  Real time             =    0.00 sec. (0.00 ticks)
  Sync time (average)   =    0.00 sec.
  Wait time (average)   =    0.00 sec.
                          ------------
Total (root+branch&cut) =    3.41 sec. (309.63 ticks)
MIP status(103): integer infeasible
Cplex Time: 3.75sec (det. 309.95 ticks)
CPLEX Error  1217: No solution exists.
Problem is integer infeasible.
--- Reading solution for model schedule
--- Executing after solve: elapsed 0:02:53.907
--- fixed_problem_hi.gms(1733) 51 Mb
--- Generating MIP model schedule
--- fixed_problem_hi.gms(1704) 51 Mb
--- Starting Equ Objective: elapsed 0:02:53.907
--- fixed_problem_hi.gms(1704) 51 Mb  3 secs
--- fixed_problem_hi.gms(1706) 51 Mb
--- Starting Equ Const1: elapsed 0:02:57.146
--- fixed_problem_hi.gms(1709) 51 Mb
--- Starting Equ Const_chance_1: elapsed 0:02:57.852
--- fixed_problem_hi.gms(1712) 51 Mb
--- Starting Equ Const_chance_2: elapsed 0:02:58.452
--- fixed_problem_hi.gms(1736) 51 Mb
--- LOOPS iter = iter17
---   70,502 rows  109,525 columns  319,525 non-zeroes
---   1,500 discrete-columns
--- Executing CPLEX (Solvelink=2): elapsed 0:02:59.409

IBM ILOG CPLEX   32.2.0 rc62c018 Released Aug 26, 2020 WEI x86 64bit/MS Window
--- GAMS/Cplex Link licensed for continuous and discrete problems.
Cplex 12.10.0.0

Reading data...
Starting Cplex...
Space for names approximately 4.53 Mb
Use option 'names no' to turn use of names off
Version identifier: 12.10.0.0 | 2019-11-26 | 843d4de2ae
CPXPARAM_Advance                                 0
CPXPARAM_Threads                                 8
CPXPARAM_Parallel                                1
CPXPARAM_MIP_Display                             4
CPXPARAM_TimeLimit                               1800
CPXPARAM_Tune_TimeLimit                          360
CPXPARAM_MIP_Tolerances_AbsMIPGap                0
CPXPARAM_MIP_Tolerances_MIPGap                   0
CPXPARAM_WorkDir                                 "C:\Users\charl\OneDrive\Dokumente\A_Uni\HiWi\ArticleSubgradient\Code\SampleRun_Environment_Solar\1500Scens\tol05\Scenario1\225a\"
Row 'Const_chance_2' infeasible, all entries at implied bounds.
Presolve time = 0.33 sec. (23.79 ticks)

Root node processing (before b&c):
  Real time             =    0.34 sec. (30.09 ticks)
Parallel b&c, 8 threads:
  Real time             =    0.00 sec. (0.00 ticks)
  Sync time (average)   =    0.00 sec.
  Wait time (average)   =    0.00 sec.
                          ------------
Total (root+branch&cut) =    0.34 sec. (30.09 ticks)
MIP status(103): integer infeasible
Cplex Time: 0.67sec (det. 30.40 ticks)
CPLEX Error  1217: No solution exists.
Problem is integer infeasible.
--- Reading solution for model schedule
--- fixed_problem_hi.gms(1736) 51 Mb  3 secs
--- Executing after solve: elapsed 0:03:02.387
--- fixed_problem_hi.gms(1733) 51 Mb
--- Generating MIP model schedule
--- fixed_problem_hi.gms(1704) 51 Mb
--- Starting Equ Objective: elapsed 0:03:02.387
--- fixed_problem_hi.gms(1706) 51 Mb
--- Starting Equ Const1: elapsed 0:03:05.079
--- fixed_problem_hi.gms(1709) 51 Mb
--- Starting Equ Const_chance_1: elapsed 0:03:05.795
--- fixed_problem_hi.gms(1712) 51 Mb
--- Starting Equ Const_chance_2: elapsed 0:03:07.004
--- fixed_problem_hi.gms(1736) 51 Mb
--- LOOPS iter = iter18
---   70,502 rows  109,525 columns  319,525 non-zeroes
---   1,500 discrete-columns
--- Executing CPLEX (Solvelink=2): elapsed 0:03:08.751

IBM ILOG CPLEX   32.2.0 rc62c018 Released Aug 26, 2020 WEI x86 64bit/MS Window
--- GAMS/Cplex Link licensed for continuous and discrete problems.
Cplex 12.10.0.0

Reading data...
Starting Cplex...
Space for names approximately 4.53 Mb
Use option 'names no' to turn use of names off
Version identifier: 12.10.0.0 | 2019-11-26 | 843d4de2ae
CPXPARAM_Advance                                 0
CPXPARAM_Threads                                 8
CPXPARAM_Parallel                                1
CPXPARAM_MIP_Display                             4
CPXPARAM_TimeLimit                               1800
CPXPARAM_Tune_TimeLimit                          360
CPXPARAM_MIP_Tolerances_AbsMIPGap                0
CPXPARAM_MIP_Tolerances_MIPGap                   0
CPXPARAM_WorkDir                                 "C:\Users\charl\OneDrive\Dokumente\A_Uni\HiWi\ArticleSubgradient\Code\SampleRun_Environment_Solar\1500Scens\tol05\Scenario1\225a\"
Row 'Const_chance_2' infeasible, all entries at implied bounds.
Presolve time = 0.28 sec. (23.79 ticks)

Root node processing (before b&c):
  Real time             =    0.33 sec. (30.09 ticks)
Parallel b&c, 8 threads:
  Real time             =    0.00 sec. (0.00 ticks)
  Sync time (average)   =    0.00 sec.
  Wait time (average)   =    0.00 sec.
                          ------------
Total (root+branch&cut) =    0.33 sec. (30.09 ticks)
MIP status(103): integer infeasible
Cplex Time: 0.86sec (det. 30.40 ticks)
CPLEX Error  1217: No solution exists.
Problem is integer infeasible.
--- Reading solution for model schedule
--- Executing after solve: elapsed 0:03:11.784
--- fixed_problem_hi.gms(1733) 51 Mb
--- Generating MIP model schedule
--- fixed_problem_hi.gms(1704) 51 Mb
--- Starting Equ Objective: elapsed 0:03:11.784
--- fixed_problem_hi.gms(1704) 51 Mb  3 secs
--- fixed_problem_hi.gms(1706) 51 Mb
--- Starting Equ Const1: elapsed 0:03:14.922
--- fixed_problem_hi.gms(1709) 51 Mb
--- Starting Equ Const_chance_1: elapsed 0:03:16.065
--- fixed_problem_hi.gms(1712) 51 Mb
--- Starting Equ Const_chance_2: elapsed 0:03:17.298
--- fixed_problem_hi.gms(1736) 51 Mb
--- LOOPS iter = iter19
---   70,502 rows  109,525 columns  319,525 non-zeroes
---   1,500 discrete-columns
--- Executing CPLEX (Solvelink=2): elapsed 0:03:18.638

IBM ILOG CPLEX   32.2.0 rc62c018 Released Aug 26, 2020 WEI x86 64bit/MS Window
--- GAMS/Cplex Link licensed for continuous and discrete problems.
Cplex 12.10.0.0

Reading data...
Starting Cplex...
Space for names approximately 4.53 Mb
Use option 'names no' to turn use of names off
Version identifier: 12.10.0.0 | 2019-11-26 | 843d4de2ae
CPXPARAM_Advance                                 0
CPXPARAM_Threads                                 8
CPXPARAM_Parallel                                1
CPXPARAM_MIP_Display                             4
CPXPARAM_TimeLimit                               1800
CPXPARAM_Tune_TimeLimit                          360
CPXPARAM_MIP_Tolerances_AbsMIPGap                0
CPXPARAM_MIP_Tolerances_MIPGap                   0
CPXPARAM_WorkDir                                 "C:\Users\charl\OneDrive\Dokumente\A_Uni\HiWi\ArticleSubgradient\Code\SampleRun_Environment_Solar\1500Scens\tol05\Scenario1\225a\"
Row 'Const_chance_2' infeasible, all entries at implied bounds.
Presolve time = 0.33 sec. (23.77 ticks)

Root node processing (before b&c):
  Real time             =    0.34 sec. (30.07 ticks)
Parallel b&c, 8 threads:
  Real time             =    0.00 sec. (0.00 ticks)
  Sync time (average)   =    0.00 sec.
  Wait time (average)   =    0.00 sec.
                          ------------
Total (root+branch&cut) =    0.34 sec. (30.07 ticks)
MIP status(103): integer infeasible
Cplex Time: 1.22sec (det. 30.39 ticks)
CPLEX Error  1217: No solution exists.
Problem is integer infeasible.
--- Reading solution for model schedule
--- Executing after solve: elapsed 0:03:21.326
--- fixed_problem_hi.gms(1733) 51 Mb
--- Generating MIP model schedule
--- fixed_problem_hi.gms(1704) 51 Mb
--- Starting Equ Objective: elapsed 0:03:21.329
--- fixed_problem_hi.gms(1706) 51 Mb
--- Starting Equ Const1: elapsed 0:03:23.862
--- fixed_problem_hi.gms(1709) 51 Mb
--- Starting Equ Const_chance_1: elapsed 0:03:24.816
--- fixed_problem_hi.gms(1712) 51 Mb
--- Starting Equ Const_chance_2: elapsed 0:03:25.619
--- fixed_problem_hi.gms(1736) 51 Mb
--- LOOPS iter = iter20
---   70,502 rows  109,525 columns  319,525 non-zeroes
---   1,500 discrete-columns
--- Executing CPLEX (Solvelink=2): elapsed 0:03:27.110

IBM ILOG CPLEX   32.2.0 rc62c018 Released Aug 26, 2020 WEI x86 64bit/MS Window
--- GAMS/Cplex Link licensed for continuous and discrete problems.
Cplex 12.10.0.0

Reading data...
Starting Cplex...
Space for names approximately 4.53 Mb
Use option 'names no' to turn use of names off
Version identifier: 12.10.0.0 | 2019-11-26 | 843d4de2ae
CPXPARAM_Advance                                 0
CPXPARAM_Threads                                 8
CPXPARAM_Parallel                                1
CPXPARAM_MIP_Display                             4
CPXPARAM_TimeLimit                               1800
CPXPARAM_Tune_TimeLimit                          360
CPXPARAM_MIP_Tolerances_AbsMIPGap                0
CPXPARAM_MIP_Tolerances_MIPGap                   0
CPXPARAM_WorkDir                                 "C:\Users\charl\OneDrive\Dokumente\A_Uni\HiWi\ArticleSubgradient\Code\SampleRun_Environment_Solar\1500Scens\tol05\Scenario1\225a\"
Found incumbent of value 0.000000 after 0.03 sec. (4.49 ticks)
Tried aggregator 1 time.
MIP Presolve eliminated 13723 rows and 4525 columns.
MIP Presolve modified 8778 coefficients.
Reduced MIP has 56779 rows, 105000 columns, and 204834 nonzeros.
Reduced MIP has 1500 binaries, 0 generals, 0 SOSs, and 0 indicators.
Presolve time = 1.23 sec. (99.03 ticks)
Probing time = 2.02 sec. (3.29 ticks)
Tried aggregator 1 time.
Detecting symmetries...
Reduced MIP has 56779 rows, 105000 columns, and 204834 nonzeros.
Reduced MIP has 1500 binaries, 0 generals, 0 SOSs, and 0 indicators.
Presolve time = 1.91 sec. (142.58 ticks)

Root node processing (before b&c):
  Real time             =    5.63 sec. (287.75 ticks)
Parallel b&c, 8 threads:
  Real time             =    0.00 sec. (0.00 ticks)
  Sync time (average)   =    0.00 sec.
  Wait time (average)   =    0.00 sec.
                          ------------
Total (root+branch&cut) =    5.63 sec. (287.75 ticks)
MIP status(101): integer optimal solution
Cplex Time: 6.08sec (det. 288.07 ticks)
Fixing integer variables, and solving final LP...
Version identifier: 12.10.0.0 | 2019-11-26 | 843d4de2ae
CPXPARAM_Advance                                 2
CPXPARAM_Threads                                 8
CPXPARAM_Parallel                                1
CPXPARAM_MIP_Display                             4
CPXPARAM_TimeLimit                               1800
CPXPARAM_Tune_TimeLimit                          360
CPXPARAM_MIP_Tolerances_AbsMIPGap                0
CPXPARAM_MIP_Tolerances_MIPGap                   0
CPXPARAM_WorkDir                                 "C:\Users\charl\OneDrive\Dokumente\A_Uni\HiWi\ArticleSubgradient\Code\SampleRun_Environment_Solar\1500Scens\tol05\Scenario1\225a\"
Parallel mode: deterministic, using up to 8 threads for concurrent optimization:
 * Starting dual Simplex on 1 thread...
 * Starting Barrier on 6 threads...
 * Starting primal Simplex on 1 thread...
Tried aggregator 1 time.
LP Presolve eliminated 13724 rows and 6025 columns.
Reduced LP has 56778 rows, 103500 columns, and 181056 nonzeros.
Presolve time = 0.92 sec. (114.45 ticks)
Initializing dual steep norms . . .

Dual simplex solved model.

Fixed MIP status(1): optimal
Cplex Time: 1.44sec (det. 182.52 ticks)

Proven optimal solution.

MIP Solution:            0.000000    (0 iterations, 0 nodes)
Final Solve:             0.000000    (0 iterations)

Best possible:           0.000000
Absolute gap:            0.000000
Relative gap:            0.000000

--- Reading solution for model schedule
--- fixed_problem_hi.gms(1736) 51 Mb  10 secs
--- Executing after solve: elapsed 0:03:36.733
--- fixed_problem_hi.gms(1733) 51 Mb
--- Generating MIP model schedule
--- fixed_problem_hi.gms(1704) 51 Mb
--- Starting Equ Objective: elapsed 0:03:36.735
--- fixed_problem_hi.gms(1706) 51 Mb
--- Starting Equ Const1: elapsed 0:03:37.866
--- fixed_problem_hi.gms(1709) 51 Mb
--- Starting Equ Const_chance_1: elapsed 0:03:38.248
--- fixed_problem_hi.gms(1712) 56 Mb
--- Starting Equ Const_chance_2: elapsed 0:03:38.565
--- fixed_problem_hi.gms(1736) 56 Mb
--- LOOPS iter = iter21
---   70,502 rows  109,525 columns  319,525 non-zeroes
---   1,500 discrete-columns
--- Executing CPLEX (Solvelink=2): elapsed 0:03:39.123

IBM ILOG CPLEX   32.2.0 rc62c018 Released Aug 26, 2020 WEI x86 64bit/MS Window
--- GAMS/Cplex Link licensed for continuous and discrete problems.
Cplex 12.10.0.0

Reading data...
Starting Cplex...
Space for names approximately 4.53 Mb
Use option 'names no' to turn use of names off
Version identifier: 12.10.0.0 | 2019-11-26 | 843d4de2ae
CPXPARAM_Advance                                 2
CPXPARAM_Threads                                 8
CPXPARAM_Parallel                                1
CPXPARAM_MIP_Display                             4
CPXPARAM_TimeLimit                               1800
CPXPARAM_Tune_TimeLimit                          360
CPXPARAM_MIP_Tolerances_AbsMIPGap                0
CPXPARAM_MIP_Tolerances_MIPGap                   0
CPXPARAM_WorkDir                                 "C:\Users\charl\OneDrive\Dokumente\A_Uni\HiWi\ArticleSubgradient\Code\SampleRun_Environment_Solar\1500Scens\tol05\Scenario1\225a\"
Found incumbent of value 0.000000 after 0.02 sec. (4.49 ticks)
Tried aggregator 1 time.
MIP Presolve eliminated 13723 rows and 4525 columns.
MIP Presolve modified 8778 coefficients.
Reduced MIP has 56779 rows, 105000 columns, and 204834 nonzeros.
Reduced MIP has 1500 binaries, 0 generals, 0 SOSs, and 0 indicators.
Presolve time = 0.39 sec. (99.03 ticks)
Probing time = 0.17 sec. (3.29 ticks)
Tried aggregator 1 time.
Detecting symmetries...
Reduced MIP has 56779 rows, 105000 columns, and 204834 nonzeros.
Reduced MIP has 1500 binaries, 0 generals, 0 SOSs, and 0 indicators.
Presolve time = 0.95 sec. (142.58 ticks)

Root node processing (before b&c):
  Real time             =    1.78 sec. (287.75 ticks)
Parallel b&c, 8 threads:
  Real time             =    0.00 sec. (0.00 ticks)
  Sync time (average)   =    0.00 sec.
  Wait time (average)   =    0.00 sec.
                          ------------
Total (root+branch&cut) =    1.78 sec. (287.75 ticks)
MIP status(101): integer optimal solution
Cplex Time: 1.92sec (det. 288.07 ticks)
Fixing integer variables, and solving final LP...
Version identifier: 12.10.0.0 | 2019-11-26 | 843d4de2ae
CPXPARAM_Advance                                 2
CPXPARAM_Threads                                 8
CPXPARAM_Parallel                                1
CPXPARAM_MIP_Display                             4
CPXPARAM_TimeLimit                               1800
CPXPARAM_Tune_TimeLimit                          360
CPXPARAM_MIP_Tolerances_AbsMIPGap                0
CPXPARAM_MIP_Tolerances_MIPGap                   0
CPXPARAM_WorkDir                                 "C:\Users\charl\OneDrive\Dokumente\A_Uni\HiWi\ArticleSubgradient\Code\SampleRun_Environment_Solar\1500Scens\tol05\Scenario1\225a\"
Parallel mode: deterministic, using up to 8 threads for concurrent optimization:
 * Starting dual Simplex on 1 thread...
 * Starting Barrier on 6 threads...
 * Starting primal Simplex on 1 thread...
Tried aggregator 1 time.
LP Presolve eliminated 13724 rows and 6025 columns.
Reduced LP has 56778 rows, 103500 columns, and 181056 nonzeros.
Presolve time = 1.39 sec. (114.45 ticks)
Initializing dual steep norms . . .

Dual simplex
Dual simplex solved model.

Fixed MIP status(1): optimal
Cplex Time: 3.16sec (det. 182.52 ticks)

Proven optimal solution.

MIP Solution:            0.000000    (0 iterations, 0 nodes)
Final Solve:             0.000000    (0 iterations)

Best possible:           0.000000
Absolute gap:            0.000000
Relative gap:            0.000000

--- Reading solution for model schedule
--- fixed_problem_hi.gms(1736) 56 Mb  6 secs
--- Executing after solve: elapsed 0:03:45.773
--- fixed_problem_hi.gms(1733) 56 Mb
--- Generating MIP model schedule
--- fixed_problem_hi.gms(1704) 56 Mb
--- Starting Equ Objective: elapsed 0:03:45.773
--- fixed_problem_hi.gms(1704) 56 Mb  3 secs
--- fixed_problem_hi.gms(1706) 56 Mb
--- Starting Equ Const1: elapsed 0:03:48.793
--- fixed_problem_hi.gms(1709) 56 Mb
--- Starting Equ Const_chance_1: elapsed 0:03:49.272
--- fixed_problem_hi.gms(1712) 56 Mb
--- Starting Equ Const_chance_2: elapsed 0:03:49.803
--- fixed_problem_hi.gms(1736) 56 Mb
--- LOOPS iter = iter22
---   70,502 rows  109,525 columns  319,525 non-zeroes
---   1,500 discrete-columns
--- Executing CPLEX (Solvelink=2): elapsed 0:03:50.824

IBM ILOG CPLEX   32.2.0 rc62c018 Released Aug 26, 2020 WEI x86 64bit/MS Window
--- GAMS/Cplex Link licensed for continuous and discrete problems.
Cplex 12.10.0.0

Reading data...
Starting Cplex...
Space for names approximately 4.53 Mb
Use option 'names no' to turn use of names off
Version identifier: 12.10.0.0 | 2019-11-26 | 843d4de2ae
CPXPARAM_Advance                                 2
CPXPARAM_Threads                                 8
CPXPARAM_Parallel                                1
CPXPARAM_MIP_Display                             4
CPXPARAM_TimeLimit                               1800
CPXPARAM_Tune_TimeLimit                          360
CPXPARAM_MIP_Tolerances_AbsMIPGap                0
CPXPARAM_MIP_Tolerances_MIPGap                   0
CPXPARAM_WorkDir                                 "C:\Users\charl\OneDrive\Dokumente\A_Uni\HiWi\ArticleSubgradient\Code\SampleRun_Environment_Solar\1500Scens\tol05\Scenario1\225a\"
Found incumbent of value 0.000000 after 0.03 sec. (4.49 ticks)
Tried aggregator 1 time.
MIP Presolve eliminated 13723 rows and 4525 columns.
MIP Presolve modified 8778 coefficients.
Reduced MIP has 56779 rows, 105000 columns, and 204834 nonzeros.
Reduced MIP has 1500 binaries, 0 generals, 0 SOSs, and 0 indicators.
Presolve time = 1.26 sec. (99.03 ticks)
Probing time = 1.72 sec. (3.29 ticks)
Tried aggregator 1 time.
Detecting symmetries...
Reduced MIP has 56779 rows, 105000 columns, and 204834 nonzeros.
Reduced MIP has 1500 binaries, 0 generals, 0 SOSs, and 0 indicators.
Presolve time = 2.45 sec. (142.58 ticks)

Root node processing (before b&c):
  Real time             =    5.91 sec. (287.75 ticks)
Parallel b&c, 8 threads:
  Real time             =    0.00 sec. (0.00 ticks)
  Sync time (average)   =    0.00 sec.
  Wait time (average)   =    0.00 sec.
                          ------------
Total (root+branch&cut) =    5.91 sec. (287.75 ticks)
MIP status(101): integer optimal solution
Cplex Time: 7.42sec (det. 288.07 ticks)
Fixing integer variables, and solving final LP...
Version identifier: 12.10.0.0 | 2019-11-26 | 843d4de2ae
CPXPARAM_Advance                                 2
CPXPARAM_Threads                                 8
CPXPARAM_Parallel                                1
CPXPARAM_MIP_Display                             4
CPXPARAM_TimeLimit                               1800
CPXPARAM_Tune_TimeLimit                          360
CPXPARAM_MIP_Tolerances_AbsMIPGap                0
CPXPARAM_MIP_Tolerances_MIPGap                   0
CPXPARAM_WorkDir                                 "C:\Users\charl\OneDrive\Dokumente\A_Uni\HiWi\ArticleSubgradient\Code\SampleRun_Environment_Solar\1500Scens\tol05\Scenario1\225a\"
Parallel mode: deterministic, using up to 8 threads for concurrent optimization:
 * Starting dual Simplex on 1 thread...
 * Starting Barrier on 6 threads...
 * Starting primal Simplex on 1 thread...
Tried aggregator 1 time.
LP Presolve eliminated 13724 rows and 6025 columns.
Reduced LP has 56778 rows, 103500 columns, and 181056 nonzeros.
Presolve time = 1.36 sec. (114.45 ticks)
Initializing dual steep norms . . .

Dual simplex solved model.

Fixed MIP status(1): optimal
Cplex Time: 4.09sec (det. 182.52 ticks)

Proven optimal solution.

MIP Solution:            0.000000    (0 iterations, 0 nodes)
Final Solve:             0.000000    (0 iterations)

Best possible:           0.000000
Absolute gap:            0.000000
Relative gap:            0.000000

--- Reading solution for model schedule
--- fixed_problem_hi.gms(1736) 56 Mb  15 secs
--- Executing after solve: elapsed 0:04:05.712
--- fixed_problem_hi.gms(1733) 56 Mb
--- Generating MIP model schedule
--- fixed_problem_hi.gms(1704) 56 Mb
--- Starting Equ Objective: elapsed 0:04:05.713
--- fixed_problem_hi.gms(1706) 56 Mb
--- Starting Equ Const1: elapsed 0:04:08.084
--- fixed_problem_hi.gms(1709) 56 Mb
--- Starting Equ Const_chance_1: elapsed 0:04:09.020
--- fixed_problem_hi.gms(1712) 56 Mb
--- Starting Equ Const_chance_2: elapsed 0:04:10.100
--- fixed_problem_hi.gms(1736) 56 Mb
--- LOOPS iter = iter23
---   70,502 rows  109,525 columns  319,525 non-zeroes
---   1,500 discrete-columns
--- Executing CPLEX (Solvelink=2): elapsed 0:04:12.032

IBM ILOG CPLEX   32.2.0 rc62c018 Released Aug 26, 2020 WEI x86 64bit/MS Window
--- GAMS/Cplex Link licensed for continuous and discrete problems.
Cplex 12.10.0.0

Reading data...
Starting Cplex...
Space for names approximately 4.53 Mb
Use option 'names no' to turn use of names off
Version identifier: 12.10.0.0 | 2019-11-26 | 843d4de2ae
CPXPARAM_Advance                                 2
CPXPARAM_Threads                                 8
CPXPARAM_Parallel                                1
CPXPARAM_MIP_Display                             4
CPXPARAM_TimeLimit                               1800
CPXPARAM_Tune_TimeLimit                          360
CPXPARAM_MIP_Tolerances_AbsMIPGap                0
CPXPARAM_MIP_Tolerances_MIPGap                   0
CPXPARAM_WorkDir                                 "C:\Users\charl\OneDrive\Dokumente\A_Uni\HiWi\ArticleSubgradient\Code\SampleRun_Environment_Solar\1500Scens\tol05\Scenario1\225a\"
Found incumbent of value 0.000000 after 0.00 sec. (4.49 ticks)
Tried aggregator 1 time.
MIP Presolve eliminated 13723 rows and 4525 columns.
MIP Presolve modified 8778 coefficients.
Reduced MIP has 56779 rows, 105000 columns, and 204834 nonzeros.
Reduced MIP has 1500 binaries, 0 generals, 0 SOSs, and 0 indicators.
Presolve time = 1.59 sec. (99.03 ticks)
Probing time = 2.84 sec. (3.29 ticks)
Tried aggregator 1 time.
Detecting symmetries...
Reduced MIP has 56779 rows, 105000 columns, and 204834 nonzeros.
Reduced MIP has 1500 binaries, 0 generals, 0 SOSs, and 0 indicators.
Presolve time = 4.94 sec. (142.58 ticks)

Root node processing (before b&c):
  Real time             =   10.13 sec. (287.75 ticks)
Parallel b&c, 8 threads:
  Real time             =    0.00 sec. (0.00 ticks)
  Sync time (average)   =    0.00 sec.
  Wait time (average)   =    0.00 sec.
                          ------------
Total (root+branch&cut) =   10.13 sec. (287.75 ticks)
MIP status(101): integer optimal solution
Cplex Time: 11.22sec (det. 288.07 ticks)
Fixing integer variables, and solving final LP...
Version identifier: 12.10.0.0 | 2019-11-26 | 843d4de2ae
CPXPARAM_Advance                                 2
CPXPARAM_Threads                                 8
CPXPARAM_Parallel                                1
CPXPARAM_MIP_Display                             4
CPXPARAM_TimeLimit                               1800
CPXPARAM_Tune_TimeLimit                          360
CPXPARAM_MIP_Tolerances_AbsMIPGap                0
CPXPARAM_MIP_Tolerances_MIPGap                   0
CPXPARAM_WorkDir                                 "C:\Users\charl\OneDrive\Dokumente\A_Uni\HiWi\ArticleSubgradient\Code\SampleRun_Environment_Solar\1500Scens\tol05\Scenario1\225a\"
Parallel mode: deterministic, using up to 8 threads for concurrent optimization:
 * Starting dual Simplex on 1 thread...
 * Starting Barrier on 6 threads...
 * Starting primal Simplex on 1 thread...
Tried aggregator 1 time.
LP Presolve eliminated 13724 rows and 6025 columns.
Reduced LP has 56778 rows, 103500 columns, and 181056 nonzeros.
Presolve time = 1.75 sec. (114.45 ticks)
Initializing dual steep norms . . .

Dual simplex solved model.

Fixed MIP status(1): optimal
Cplex Time: 6.06sec (det. 182.52 ticks)

Proven optimal solution.

MIP Solution:            0.000000    (0 iterations, 0 nodes)
Final Solve:             0.000000    (0 iterations)

Best possible:           0.000000
Absolute gap:            0.000000
Relative gap:            0.000000

--- Reading solution for model schedule
--- fixed_problem_hi.gms(1736) 56 Mb  22 secs
--- Executing after solve: elapsed 0:04:33.088
--- fixed_problem_hi.gms(1733) 56 Mb
--- Generating MIP model schedule
--- fixed_problem_hi.gms(1704) 56 Mb
--- Starting Equ Objective: elapsed 0:04:33.088
--- fixed_problem_hi.gms(1704) 56 Mb  3 secs
--- fixed_problem_hi.gms(1706) 56 Mb
--- Starting Equ Const1: elapsed 0:04:36.579
--- fixed_problem_hi.gms(1709) 56 Mb
--- Starting Equ Const_chance_1: elapsed 0:04:37.125
--- fixed_problem_hi.gms(1712) 56 Mb
--- Starting Equ Const_chance_2: elapsed 0:04:37.612
--- fixed_problem_hi.gms(1736) 56 Mb
--- LOOPS iter = iter24
---   70,502 rows  109,525 columns  319,525 non-zeroes
---   1,500 discrete-columns
--- Executing CPLEX (Solvelink=2): elapsed 0:04:40.975

IBM ILOG CPLEX   32.2.0 rc62c018 Released Aug 26, 2020 WEI x86 64bit/MS Window
--- GAMS/Cplex Link licensed for continuous and discrete problems.
Cplex 12.10.0.0

Reading data...
Starting Cplex...
Space for names approximately 4.53 Mb
Use option 'names no' to turn use of names off
Version identifier: 12.10.0.0 | 2019-11-26 | 843d4de2ae
CPXPARAM_Advance                                 2
CPXPARAM_Threads                                 8
CPXPARAM_Parallel                                1
CPXPARAM_MIP_Display                             4
CPXPARAM_TimeLimit                               1800
CPXPARAM_Tune_TimeLimit                          360
CPXPARAM_MIP_Tolerances_AbsMIPGap                0
CPXPARAM_MIP_Tolerances_MIPGap                   0
CPXPARAM_WorkDir                                 "C:\Users\charl\OneDrive\Dokumente\A_Uni\HiWi\ArticleSubgradient\Code\SampleRun_Environment_Solar\1500Scens\tol05\Scenario1\225a\"
Found incumbent of value 0.000000 after 0.02 sec. (4.49 ticks)
Tried aggregator 1 time.
MIP Presolve eliminated 13723 rows and 4525 columns.
MIP Presolve modified 8778 coefficients.
Reduced MIP has 56779 rows, 105000 columns, and 204834 nonzeros.
Reduced MIP has 1500 binaries, 0 generals, 0 SOSs, and 0 indicators.
Presolve time = 1.14 sec. (99.03 ticks)
Probing time = 1.42 sec. (3.29 ticks)
Tried aggregator 1 time.
Detecting symmetries...
Reduced MIP has 56779 rows, 105000 columns, and 204834 nonzeros.
Reduced MIP has 1500 binaries, 0 generals, 0 SOSs, and 0 indicators.
Presolve time = 2.58 sec. (142.58 ticks)

Root node processing (before b&c):
  Real time             =    5.61 sec. (287.75 ticks)
Parallel b&c, 8 threads:
  Real time             =    0.00 sec. (0.00 ticks)
  Sync time (average)   =    0.00 sec.
  Wait time (average)   =    0.00 sec.
                          ------------
Total (root+branch&cut) =    5.61 sec. (287.75 ticks)
MIP status(101): integer optimal solution
Cplex Time: 6.11sec (det. 288.07 ticks)
Fixing integer variables, and solving final LP...
Version identifier: 12.10.0.0 | 2019-11-26 | 843d4de2ae
CPXPARAM_Advance                                 2
CPXPARAM_Threads                                 8
CPXPARAM_Parallel                                1
CPXPARAM_MIP_Display                             4
CPXPARAM_TimeLimit                               1800
CPXPARAM_Tune_TimeLimit                          360
CPXPARAM_MIP_Tolerances_AbsMIPGap                0
CPXPARAM_MIP_Tolerances_MIPGap                   0
CPXPARAM_WorkDir                                 "C:\Users\charl\OneDrive\Dokumente\A_Uni\HiWi\ArticleSubgradient\Code\SampleRun_Environment_Solar\1500Scens\tol05\Scenario1\225a\"
Parallel mode: deterministic, using up to 8 threads for concurrent optimization:
 * Starting dual Simplex on 1 thread...
 * Starting Barrier on 6 threads...
 * Starting primal Simplex on 1 thread...
Tried aggregator 1 time.
LP Presolve eliminated 13724 rows and 6025 columns.
Reduced LP has 56778 rows, 103500 columns, and 181056 nonzeros.
Presolve time = 1.11 sec. (114.45 ticks)
Initializing dual steep norms . . .

Dual simplex solved model.

Fixed MIP status(1): optimal
Cplex Time: 2.34sec (det. 182.52 ticks)

Proven optimal solution.

MIP Solution:            0.000000    (0 iterations, 0 nodes)
Final Solve:             0.000000    (0 iterations)

Best possible:           0.000000
Absolute gap:            0.000000
Relative gap:            0.000000

--- Reading solution for model schedule
--- Executing after solve: elapsed 0:04:52.054
--- fixed_problem_hi.gms(1733) 56 Mb
--- Generating MIP model schedule
--- fixed_problem_hi.gms(1704) 56 Mb
--- Starting Equ Objective: elapsed 0:04:52.054
--- fixed_problem_hi.gms(1706) 56 Mb
--- Starting Equ Const1: elapsed 0:04:53.600
--- fixed_problem_hi.gms(1709) 56 Mb
--- Starting Equ Const_chance_1: elapsed 0:04:53.931
--- fixed_problem_hi.gms(1712) 56 Mb
--- Starting Equ Const_chance_2: elapsed 0:04:54.252
--- fixed_problem_hi.gms(1736) 56 Mb
--- LOOPS iter = iter25
---   70,502 rows  109,525 columns  319,525 non-zeroes
---   1,500 discrete-columns
--- Executing CPLEX (Solvelink=2): elapsed 0:04:54.911

IBM ILOG CPLEX   32.2.0 rc62c018 Released Aug 26, 2020 WEI x86 64bit/MS Window
--- GAMS/Cplex Link licensed for continuous and discrete problems.
Cplex 12.10.0.0

Reading data...
Starting Cplex...
Space for names approximately 4.53 Mb
Use option 'names no' to turn use of names off
Version identifier: 12.10.0.0 | 2019-11-26 | 843d4de2ae
CPXPARAM_Advance                                 2
CPXPARAM_Threads                                 8
CPXPARAM_Parallel                                1
CPXPARAM_MIP_Display                             4
CPXPARAM_TimeLimit                               1800
CPXPARAM_Tune_TimeLimit                          360
CPXPARAM_MIP_Tolerances_AbsMIPGap                0
CPXPARAM_MIP_Tolerances_MIPGap                   0
CPXPARAM_WorkDir                                 "C:\Users\charl\OneDrive\Dokumente\A_Uni\HiWi\ArticleSubgradient\Code\SampleRun_Environment_Solar\1500Scens\tol05\Scenario1\225a\"
Found incumbent of value 0.000000 after 0.03 sec. (4.49 ticks)
Tried aggregator 1 time.
MIP Presolve eliminated 13723 rows and 4525 columns.
MIP Presolve modified 8778 coefficients.
Reduced MIP has 56779 rows, 105000 columns, and 204834 nonzeros.
Reduced MIP has 1500 binaries, 0 generals, 0 SOSs, and 0 indicators.
Presolve time = 0.97 sec. (99.03 ticks)
Probing time = 1.03 sec. (3.29 ticks)
Tried aggregator 1 time.
Detecting symmetries...
Reduced MIP has 56779 rows, 105000 columns, and 204834 nonzeros.
Reduced MIP has 1500 binaries, 0 generals, 0 SOSs, and 0 indicators.
Presolve time = 2.53 sec. (142.58 ticks)

Root node processing (before b&c):
  Real time             =    4.97 sec. (287.75 ticks)
Parallel b&c, 8 threads:
  Real time             =    0.00 sec. (0.00 ticks)
  Sync time (average)   =    0.00 sec.
  Wait time (average)   =    0.00 sec.
                          ------------
Total (root+branch&cut) =    4.97 sec. (287.75 ticks)
MIP status(101): integer optimal solution
Cplex Time: 5.47sec (det. 288.07 ticks)
Fixing integer variables, and solving final LP...
Version identifier: 12.10.0.0 | 2019-11-26 | 843d4de2ae
CPXPARAM_Advance                                 2
CPXPARAM_Threads                                 8
CPXPARAM_Parallel                                1
CPXPARAM_MIP_Display                             4
CPXPARAM_TimeLimit                               1800
CPXPARAM_Tune_TimeLimit                          360
CPXPARAM_MIP_Tolerances_AbsMIPGap                0
CPXPARAM_MIP_Tolerances_MIPGap                   0
CPXPARAM_WorkDir                                 "C:\Users\charl\OneDrive\Dokumente\A_Uni\HiWi\ArticleSubgradient\Code\SampleRun_Environment_Solar\1500Scens\tol05\Scenario1\225a\"
Parallel mode: deterministic, using up to 8 threads for concurrent optimization:
 * Starting dual Simplex on 1 thread...
 * Starting Barrier on 6 threads...
 * Starting primal Simplex on 1 thread...
Tried aggregator 1 time.
LP Presolve eliminated 13724 rows and 6025 columns.
Reduced LP has 56778 rows, 103500 columns, and 181056 nonzeros.
Presolve time = 1.59 sec. (114.45 ticks)
Initializing dual steep norms . . .

Dual simplex solved model.

Fixed MIP status(1): optimal
Cplex Time: 5.55sec (det. 182.52 ticks)

Proven optimal solution.

MIP Solution:            0.000000    (0 iterations, 0 nodes)
Final Solve:             0.000000    (0 iterations)

Best possible:           0.000000
Absolute gap:            0.000000
Relative gap:            0.000000

--- Reading solution for model schedule
--- fixed_problem_hi.gms(1736) 56 Mb  13 secs
--- Executing after solve: elapsed 0:05:08.126
--- fixed_problem_hi.gms(1733) 56 Mb
--- Generating MIP model schedule
--- fixed_problem_hi.gms(1704) 56 Mb
--- Starting Equ Objective: elapsed 0:05:08.126
--- fixed_problem_hi.gms(1706) 56 Mb
--- Starting Equ Const1: elapsed 0:05:09.456
--- fixed_problem_hi.gms(1709) 56 Mb
--- Starting Equ Const_chance_1: elapsed 0:05:10.123
--- fixed_problem_hi.gms(1712) 56 Mb
--- Starting Equ Const_chance_2: elapsed 0:05:10.769
--- fixed_problem_hi.gms(1736) 56 Mb
--- LOOPS iter = iter26
---   70,502 rows  109,525 columns  319,525 non-zeroes
---   1,500 discrete-columns
--- Executing CPLEX (Solvelink=2): elapsed 0:05:11.692

IBM ILOG CPLEX   32.2.0 rc62c018 Released Aug 26, 2020 WEI x86 64bit/MS Window
--- GAMS/Cplex Link licensed for continuous and discrete problems.
Cplex 12.10.0.0

Reading data...
Starting Cplex...
Space for names approximately 4.53 Mb
Use option 'names no' to turn use of names off
Version identifier: 12.10.0.0 | 2019-11-26 | 843d4de2ae
CPXPARAM_Advance                                 2
CPXPARAM_Threads                                 8
CPXPARAM_Parallel                                1
CPXPARAM_MIP_Display                             4
CPXPARAM_TimeLimit                               1800
CPXPARAM_Tune_TimeLimit                          360
CPXPARAM_MIP_Tolerances_AbsMIPGap                0
CPXPARAM_MIP_Tolerances_MIPGap                   0
CPXPARAM_WorkDir                                 "C:\Users\charl\OneDrive\Dokumente\A_Uni\HiWi\ArticleSubgradient\Code\SampleRun_Environment_Solar\1500Scens\tol05\Scenario1\225a\"
Found incumbent of value 0.000000 after 0.02 sec. (4.49 ticks)
Tried aggregator 1 time.
MIP Presolve eliminated 13723 rows and 4525 columns.
MIP Presolve modified 8778 coefficients.
Reduced MIP has 56779 rows, 105000 columns, and 204834 nonzeros.
Reduced MIP has 1500 binaries, 0 generals, 0 SOSs, and 0 indicators.
Presolve time = 1.59 sec. (99.03 ticks)
Probing time = 2.48 sec. (3.29 ticks)
Tried aggregator 1 time.
Detecting symmetries...
Reduced MIP has 56779 rows, 105000 columns, and 204834 nonzeros.
Reduced MIP has 1500 binaries, 0 generals, 0 SOSs, and 0 indicators.
Presolve time = 2.22 sec. (142.58 ticks)

Root node processing (before b&c):
  Real time             =    6.88 sec. (287.75 ticks)
Parallel b&c, 8 threads:
  Real time             =    0.00 sec. (0.00 ticks)
  Sync time (average)   =    0.00 sec.
  Wait time (average)   =    0.00 sec.
                          ------------
Total (root+branch&cut) =    6.88 sec. (287.75 ticks)
MIP status(101): integer optimal solution
Cplex Time: 8.00sec (det. 288.07 ticks)
Fixing integer variables, and solving final LP...
Version identifier: 12.10.0.0 | 2019-11-26 | 843d4de2ae
CPXPARAM_Advance                                 2
CPXPARAM_Threads                                 8
CPXPARAM_Parallel                                1
CPXPARAM_MIP_Display                             4
CPXPARAM_TimeLimit                               1800
CPXPARAM_Tune_TimeLimit                          360
CPXPARAM_MIP_Tolerances_AbsMIPGap                0
CPXPARAM_MIP_Tolerances_MIPGap                   0
CPXPARAM_WorkDir                                 "C:\Users\charl\OneDrive\Dokumente\A_Uni\HiWi\ArticleSubgradient\Code\SampleRun_Environment_Solar\1500Scens\tol05\Scenario1\225a\"
Parallel mode: deterministic, using up to 8 threads for concurrent optimization:
 * Starting dual Simplex on 1 thread...
 * Starting Barrier on 6 threads...
 * Starting primal Simplex on 1 thread...
Tried aggregator 1 time.
LP Presolve eliminated 13724 rows and 6025 columns.
Reduced LP has 56778 rows, 103500 columns, and 181056 nonzeros.
Presolve time = 1.13 sec. (114.45 ticks)
Initializing dual steep norms . . .

Dual simplex solved model.

Fixed MIP status(1): optimal
Cplex Time: 3.39sec (det. 182.52 ticks)

Proven optimal solution.

MIP Solution:            0.000000    (0 iterations, 0 nodes)
Final Solve:             0.000000    (0 iterations)

Best possible:           0.000000
Absolute gap:            0.000000
Relative gap:            0.000000

--- Reading solution for model schedule
--- fixed_problem_hi.gms(1736) 56 Mb  16 secs
--- Executing after solve: elapsed 0:05:27.318
--- fixed_problem_hi.gms(1733) 56 Mb
--- Generating MIP model schedule
--- fixed_problem_hi.gms(1704) 56 Mb
--- Starting Equ Objective: elapsed 0:05:27.318
--- fixed_problem_hi.gms(1704) 56 Mb  3 secs
--- fixed_problem_hi.gms(1706) 56 Mb
--- Starting Equ Const1: elapsed 0:05:30.584
--- fixed_problem_hi.gms(1709) 56 Mb
--- Starting Equ Const_chance_1: elapsed 0:05:31.903
--- fixed_problem_hi.gms(1712) 56 Mb
--- Starting Equ Const_chance_2: elapsed 0:05:33.085
--- fixed_problem_hi.gms(1736) 56 Mb
--- LOOPS iter = iter27
---   70,502 rows  109,525 columns  319,525 non-zeroes
---   1,500 discrete-columns
--- Executing CPLEX (Solvelink=2): elapsed 0:05:34.594

IBM ILOG CPLEX   32.2.0 rc62c018 Released Aug 26, 2020 WEI x86 64bit/MS Window
--- GAMS/Cplex Link licensed for continuous and discrete problems.
Cplex 12.10.0.0

Reading data...
Starting Cplex...
Space for names approximately 4.53 Mb
Use option 'names no' to turn use of names off
Version identifier: 12.10.0.0 | 2019-11-26 | 843d4de2ae
CPXPARAM_Advance                                 2
CPXPARAM_Threads                                 8
CPXPARAM_Parallel                                1
CPXPARAM_MIP_Display                             4
CPXPARAM_TimeLimit                               1800
CPXPARAM_Tune_TimeLimit                          360
CPXPARAM_MIP_Tolerances_AbsMIPGap                0
CPXPARAM_MIP_Tolerances_MIPGap                   0
CPXPARAM_WorkDir                                 "C:\Users\charl\OneDrive\Dokumente\A_Uni\HiWi\ArticleSubgradient\Code\SampleRun_Environment_Solar\1500Scens\tol05\Scenario1\225a\"
Found incumbent of value 0.000000 after 0.03 sec. (4.49 ticks)
Tried aggregator 1 time.
MIP Presolve eliminated 13723 rows and 4525 columns.
MIP Presolve modified 8778 coefficients.
Reduced MIP has 56779 rows, 105000 columns, and 204834 nonzeros.
Reduced MIP has 1500 binaries, 0 generals, 0 SOSs, and 0 indicators.
Presolve time = 1.41 sec. (99.03 ticks)
Probing time = 1.70 sec. (3.29 ticks)
Tried aggregator 1 time.
Detecting symmetries...
Reduced MIP has 56779 rows, 105000 columns, and 204834 nonzeros.
Reduced MIP has 1500 binaries, 0 generals, 0 SOSs, and 0 indicators.
Presolve time = 2.92 sec. (142.58 ticks)

Root node processing (before b&c):
  Real time             =    6.69 sec. (287.75 ticks)
Parallel b&c, 8 threads:
  Real time             =    0.00 sec. (0.00 ticks)
  Sync time (average)   =    0.00 sec.
  Wait time (average)   =    0.00 sec.
                          ------------
Total (root+branch&cut) =    6.69 sec. (287.75 ticks)
MIP status(101): integer optimal solution
Cplex Time: 7.42sec (det. 288.07 ticks)
Fixing integer variables, and solving final LP...
Version identifier: 12.10.0.0 | 2019-11-26 | 843d4de2ae
CPXPARAM_Advance                                 2
CPXPARAM_Threads                                 8
CPXPARAM_Parallel                                1
CPXPARAM_MIP_Display                             4
CPXPARAM_TimeLimit                               1800
CPXPARAM_Tune_TimeLimit                          360
CPXPARAM_MIP_Tolerances_AbsMIPGap                0
CPXPARAM_MIP_Tolerances_MIPGap                   0
CPXPARAM_WorkDir                                 "C:\Users\charl\OneDrive\Dokumente\A_Uni\HiWi\ArticleSubgradient\Code\SampleRun_Environment_Solar\1500Scens\tol05\Scenario1\225a\"
Parallel mode: deterministic, using up to 8 threads for concurrent optimization:
 * Starting dual Simplex on 1 thread...
 * Starting Barrier on 6 threads...
 * Starting primal Simplex on 1 thread...
Tried aggregator 1 time.
LP Presolve eliminated 13724 rows and 6025 columns.
Reduced LP has 56778 rows, 103500 columns, and 181056 nonzeros.
Presolve time = 1.41 sec. (114.45 ticks)
Initializing dual steep norms . . .

Dual simplex solved model.

Fixed MIP status(1): optimal
Cplex Time: 3.50sec (det. 182.52 ticks)

Proven optimal solution.

MIP Solution:            0.000000    (0 iterations, 0 nodes)
Final Solve:             0.000000    (0 iterations)

Best possible:           0.000000
Absolute gap:            0.000000
Relative gap:            0.000000

--- Reading solution for model schedule
--- fixed_problem_hi.gms(1736) 56 Mb  15 secs
--- Executing after solve: elapsed 0:05:48.365
--- fixed_problem_hi.gms(1733) 56 Mb
--- Generating MIP model schedule
--- fixed_problem_hi.gms(1704) 56 Mb
--- Starting Equ Objective: elapsed 0:05:48.365
--- fixed_problem_hi.gms(1706) 56 Mb
--- Starting Equ Const1: elapsed 0:05:50.400
--- fixed_problem_hi.gms(1709) 56 Mb
--- Starting Equ Const_chance_1: elapsed 0:05:50.921
--- fixed_problem_hi.gms(1712) 56 Mb
--- Starting Equ Const_chance_2: elapsed 0:05:51.337
--- fixed_problem_hi.gms(1736) 56 Mb
--- LOOPS iter = iter28
---   70,502 rows  109,525 columns  319,525 non-zeroes
---   1,500 discrete-columns
--- Executing CPLEX (Solvelink=2): elapsed 0:05:51.992

IBM ILOG CPLEX   32.2.0 rc62c018 Released Aug 26, 2020 WEI x86 64bit/MS Window
--- GAMS/Cplex Link licensed for continuous and discrete problems.
Cplex 12.10.0.0

Reading data...
Starting Cplex...
Space for names approximately 4.53 Mb
Use option 'names no' to turn use of names off
Version identifier: 12.10.0.0 | 2019-11-26 | 843d4de2ae
CPXPARAM_Advance                                 2
CPXPARAM_Threads                                 8
CPXPARAM_Parallel                                1
CPXPARAM_MIP_Display                             4
CPXPARAM_TimeLimit                               1800
CPXPARAM_Tune_TimeLimit                          360
CPXPARAM_MIP_Tolerances_AbsMIPGap                0
CPXPARAM_MIP_Tolerances_MIPGap                   0
CPXPARAM_WorkDir                                 "C:\Users\charl\OneDrive\Dokumente\A_Uni\HiWi\ArticleSubgradient\Code\SampleRun_Environment_Solar\1500Scens\tol05\Scenario1\225a\"
Found incumbent of value 0.000000 after 0.03 sec. (4.49 ticks)
Tried aggregator 1 time.
MIP Presolve eliminated 13723 rows and 4525 columns.
MIP Presolve modified 8778 coefficients.
Reduced MIP has 56779 rows, 105000 columns, and 204834 nonzeros.
Reduced MIP has 1500 binaries, 0 generals, 0 SOSs, and 0 indicators.
Presolve time = 0.75 sec. (99.03 ticks)
Probing time = 0.64 sec. (3.29 ticks)
Tried aggregator 1 time.
Detecting symmetries...
Reduced MIP has 56779 rows, 105000 columns, and 204834 nonzeros.
Reduced MIP has 1500 binaries, 0 generals, 0 SOSs, and 0 indicators.
Presolve time = 1.08 sec. (142.58 ticks)

Root node processing (before b&c):
  Real time             =    2.72 sec. (287.75 ticks)
Parallel b&c, 8 threads:
  Real time             =    0.00 sec. (0.00 ticks)
  Sync time (average)   =    0.00 sec.
  Wait time (average)   =    0.00 sec.
                          ------------
Total (root+branch&cut) =    2.72 sec. (287.75 ticks)
MIP status(101): integer optimal solution
Cplex Time: 3.00sec (det. 288.07 ticks)
Fixing integer variables, and solving final LP...
Version identifier: 12.10.0.0 | 2019-11-26 | 843d4de2ae
CPXPARAM_Advance                                 2
CPXPARAM_Threads                                 8
CPXPARAM_Parallel                                1
CPXPARAM_MIP_Display                             4
CPXPARAM_TimeLimit                               1800
CPXPARAM_Tune_TimeLimit                          360
CPXPARAM_MIP_Tolerances_AbsMIPGap                0
CPXPARAM_MIP_Tolerances_MIPGap                   0
CPXPARAM_WorkDir                                 "C:\Users\charl\OneDrive\Dokumente\A_Uni\HiWi\ArticleSubgradient\Code\SampleRun_Environment_Solar\1500Scens\tol05\Scenario1\225a\"
Parallel mode: deterministic, using up to 8 threads for concurrent optimization:
 * Starting dual Simplex on 1 thread...
 * Starting Barrier on 6 threads...
 * Starting primal Simplex on 1 thread...
Tried aggregator 1 time.
LP Presolve eliminated 13724 rows and 6025 columns.
Reduced LP has 56778 rows, 103500 columns, and 181056 nonzeros.
Presolve time = 1.03 sec. (114.45 ticks)
Initializing dual steep norms . . .

Dual simplex solved model.

Fixed MIP status(1): optimal
Cplex Time: 1.62sec (det. 182.52 ticks)

Proven optimal solution.

MIP Solution:            0.000000    (0 iterations, 0 nodes)
Final Solve:             0.000000    (0 iterations)

Best possible:           0.000000
Absolute gap:            0.000000
Relative gap:            0.000000

--- Reading solution for model schedule
--- fixed_problem_hi.gms(1736) 56 Mb  6 secs
--- Executing after solve: elapsed 0:05:57.971
--- fixed_problem_hi.gms(1733) 56 Mb
--- Generating MIP model schedule
--- fixed_problem_hi.gms(1704) 56 Mb
--- Starting Equ Objective: elapsed 0:05:57.971
--- fixed_problem_hi.gms(1706) 56 Mb
--- Starting Equ Const1: elapsed 0:06:00.311
--- fixed_problem_hi.gms(1709) 56 Mb
--- Starting Equ Const_chance_1: elapsed 0:06:01.396
--- fixed_problem_hi.gms(1712) 56 Mb
--- Starting Equ Const_chance_2: elapsed 0:06:02.566
--- fixed_problem_hi.gms(1736) 56 Mb
--- LOOPS iter = iter29
---   70,502 rows  109,525 columns  319,525 non-zeroes
---   1,500 discrete-columns
--- Executing CPLEX (Solvelink=2): elapsed 0:06:04.174

IBM ILOG CPLEX   32.2.0 rc62c018 Released Aug 26, 2020 WEI x86 64bit/MS Window
--- GAMS/Cplex Link licensed for continuous and discrete problems.
Cplex 12.10.0.0

Reading data...
Starting Cplex...
Space for names approximately 4.53 Mb
Use option 'names no' to turn use of names off
Version identifier: 12.10.0.0 | 2019-11-26 | 843d4de2ae
CPXPARAM_Advance                                 2
CPXPARAM_Threads                                 8
CPXPARAM_Parallel                                1
CPXPARAM_MIP_Display                             4
CPXPARAM_TimeLimit                               1800
CPXPARAM_Tune_TimeLimit                          360
CPXPARAM_MIP_Tolerances_AbsMIPGap                0
CPXPARAM_MIP_Tolerances_MIPGap                   0
CPXPARAM_WorkDir                                 "C:\Users\charl\OneDrive\Dokumente\A_Uni\HiWi\ArticleSubgradient\Code\SampleRun_Environment_Solar\1500Scens\tol05\Scenario1\225a\"
Found incumbent of value 0.000000 after 0.01 sec. (4.49 ticks)
Tried aggregator 1 time.
MIP Presolve eliminated 13723 rows and 4525 columns.
MIP Presolve modified 8778 coefficients.
Reduced MIP has 56779 rows, 105000 columns, and 204834 nonzeros.
Reduced MIP has 1500 binaries, 0 generals, 0 SOSs, and 0 indicators.
Presolve time = 1.00 sec. (99.03 ticks)
Probing time = 0.91 sec. (3.29 ticks)
Tried aggregator 1 time.
Detecting symmetries...
Reduced MIP has 56779 rows, 105000 columns, and 204834 nonzeros.
Reduced MIP has 1500 binaries, 0 generals, 0 SOSs, and 0 indicators.
Presolve time = 2.26 sec. (142.58 ticks)

Root node processing (before b&c):
  Real time             =    4.56 sec. (287.75 ticks)
Parallel b&c, 8 threads:
  Real time             =    0.00 sec. (0.00 ticks)
  Sync time (average)   =    0.00 sec.
  Wait time (average)   =    0.00 sec.
                          ------------
Total (root+branch&cut) =    4.56 sec. (287.75 ticks)
MIP status(101): integer optimal solution
Cplex Time: 5.17sec (det. 288.07 ticks)
Fixing integer variables, and solving final LP...
Version identifier: 12.10.0.0 | 2019-11-26 | 843d4de2ae
CPXPARAM_Advance                                 2
CPXPARAM_Threads                                 8
CPXPARAM_Parallel                                1
CPXPARAM_MIP_Display                             4
CPXPARAM_TimeLimit                               1800
CPXPARAM_Tune_TimeLimit                          360
CPXPARAM_MIP_Tolerances_AbsMIPGap                0
CPXPARAM_MIP_Tolerances_MIPGap                   0
CPXPARAM_WorkDir                                 "C:\Users\charl\OneDrive\Dokumente\A_Uni\HiWi\ArticleSubgradient\Code\SampleRun_Environment_Solar\1500Scens\tol05\Scenario1\225a\"
Parallel mode: deterministic, using up to 8 threads for concurrent optimization:
 * Starting dual Simplex on 1 thread...
 * Starting Barrier on 6 threads...
 * Starting primal Simplex on 1 thread...
Tried aggregator 1 time.
LP Presolve eliminated 13724 rows and 6025 columns.
Reduced LP has 56778 rows, 103500 columns, and 181056 nonzeros.
Presolve time = 1.36 sec. (114.45 ticks)
Initializing dual steep norms . . .

Dual simplex solved model.

Fixed MIP status(1): optimal
Cplex Time: 2.67sec (det. 182.52 ticks)

Proven optimal solution.

MIP Solution:            0.000000    (0 iterations, 0 nodes)
Final Solve:             0.000000    (0 iterations)

Best possible:           0.000000
Absolute gap:            0.000000
Relative gap:            0.000000

--- Reading solution for model schedule
--- fixed_problem_hi.gms(1736) 56 Mb  11 secs
--- Executing after solve: elapsed 0:06:14.437
--- fixed_problem_hi.gms(1733) 56 Mb
--- Generating MIP model schedule
--- fixed_problem_hi.gms(1704) 56 Mb
--- Starting Equ Objective: elapsed 0:06:14.437
--- fixed_problem_hi.gms(1706) 56 Mb
--- Starting Equ Const1: elapsed 0:06:15.986
--- fixed_problem_hi.gms(1709) 56 Mb
--- Starting Equ Const_chance_1: elapsed 0:06:16.331
--- fixed_problem_hi.gms(1712) 56 Mb
--- Starting Equ Const_chance_2: elapsed 0:06:16.789
--- fixed_problem_hi.gms(1736) 56 Mb
--- LOOPS iter = iter30
---   70,502 rows  109,525 columns  319,525 non-zeroes
---   1,500 discrete-columns
--- Executing CPLEX (Solvelink=2): elapsed 0:06:17.587

IBM ILOG CPLEX   32.2.0 rc62c018 Released Aug 26, 2020 WEI x86 64bit/MS Window
--- GAMS/Cplex Link licensed for continuous and discrete problems.
Cplex 12.10.0.0

Reading data...
Starting Cplex...
Space for names approximately 4.53 Mb
Use option 'names no' to turn use of names off
Version identifier: 12.10.0.0 | 2019-11-26 | 843d4de2ae
CPXPARAM_Advance                                 2
CPXPARAM_Threads                                 8
CPXPARAM_Parallel                                1
CPXPARAM_MIP_Display                             4
CPXPARAM_TimeLimit                               1800
CPXPARAM_Tune_TimeLimit                          360
CPXPARAM_MIP_Tolerances_AbsMIPGap                0
CPXPARAM_MIP_Tolerances_MIPGap                   0
CPXPARAM_WorkDir                                 "C:\Users\charl\OneDrive\Dokumente\A_Uni\HiWi\ArticleSubgradient\Code\SampleRun_Environment_Solar\1500Scens\tol05\Scenario1\225a\"
Found incumbent of value 0.000000 after 0.03 sec. (4.49 ticks)
Tried aggregator 1 time.
MIP Presolve eliminated 13723 rows and 4525 columns.
MIP Presolve modified 8778 coefficients.
Reduced MIP has 56779 rows, 105000 columns, and 204834 nonzeros.
Reduced MIP has 1500 binaries, 0 generals, 0 SOSs, and 0 indicators.
Presolve time = 0.80 sec. (99.03 ticks)
Probing time = 1.00 sec. (3.29 ticks)
Tried aggregator 1 time.
Detecting symmetries...
Reduced MIP has 56779 rows, 105000 columns, and 204834 nonzeros.
Reduced MIP has 1500 binaries, 0 generals, 0 SOSs, and 0 indicators.
Presolve time = 2.09 sec. (142.58 ticks)

Root node processing (before b&c):
  Real time             =    4.23 sec. (287.75 ticks)
Parallel b&c, 8 threads:
  Real time             =    0.00 sec. (0.00 ticks)
  Sync time (average)   =    0.00 sec.
  Wait time (average)   =    0.00 sec.
                          ------------
Total (root+branch&cut) =    4.23 sec. (287.75 ticks)
MIP status(101): integer optimal solution
Cplex Time: 4.95sec (det. 288.07 ticks)
Fixing integer variables, and solving final LP...
Version identifier: 12.10.0.0 | 2019-11-26 | 843d4de2ae
CPXPARAM_Advance                                 2
CPXPARAM_Threads                                 8
CPXPARAM_Parallel                                1
CPXPARAM_MIP_Display                             4
CPXPARAM_TimeLimit                               1800
CPXPARAM_Tune_TimeLimit                          360
CPXPARAM_MIP_Tolerances_AbsMIPGap                0
CPXPARAM_MIP_Tolerances_MIPGap                   0
CPXPARAM_WorkDir                                 "C:\Users\charl\OneDrive\Dokumente\A_Uni\HiWi\ArticleSubgradient\Code\SampleRun_Environment_Solar\1500Scens\tol05\Scenario1\225a\"
Parallel mode: deterministic, using up to 8 threads for concurrent optimization:
 * Starting dual Simplex on 1 thread...
 * Starting Barrier on 6 threads...
 * Starting primal Simplex on 1 thread...
Tried aggregator 1 time.
LP Presolve eliminated 13724 rows and 6025 columns.
Reduced LP has 56778 rows, 103500 columns, and 181056 nonzeros.
Presolve time = 1.20 sec. (114.45 ticks)
Initializing dual steep norms . . .

Dual simplex solved model.

Fixed MIP status(1): optimal
Cplex Time: 3.44sec (det. 182.52 ticks)

Proven optimal solution.

MIP Solution:            0.000000    (0 iterations, 0 nodes)
Final Solve:             0.000000    (0 iterations)

Best possible:           0.000000
Absolute gap:            0.000000
Relative gap:            0.000000

--- Reading solution for model schedule
--- fixed_problem_hi.gms(1736) 56 Mb  10 secs
--- Executing after solve: elapsed 0:06:27.807
--- fixed_problem_hi.gms(1766) 56 Mb
--- Putfile fixed_profit C:\Users\charl\OneDrive\Dokumente\A_Uni\HiWi\ArticleSubgradient\Code\SampleRun_Environment_Solar\1500Scens\tol05\Scenario1\fixed_profit_hi.csv
--- Putfile TestingFile3 C:\Users\charl\OneDrive\Dokumente\A_Uni\HiWi\ArticleSubgradient\Code\SampleRun_Environment_Solar\1500Scens\tol05\Scenario1\Alg_hi.csv
--- Profile Summary (6080 records processed)
   386.078   0.056GB      1733 Loop       
    20.375   0.056GB      1736 Solve Alg  schedule
    19.281   0.051GB      1736 Solve Alg  schedule
    17.110   0.051GB      1736 Solve Alg  schedule
    15.047   0.056GB      1736 Solve Alg  schedule
    14.594   0.056GB      1736 Solve Alg  schedule
    13.375   0.056GB      1736 Solve Alg  schedule
    12.922   0.056GB      1736 Solve Alg  schedule
    10.891   0.056GB      1736 Solve Alg  schedule
    10.031   0.056GB      1736 Solve Alg  schedule
*** Status: Normal completion
--- Job fixed_problem_hi.gms Stop 04/12/22 10:28:44 elapsed 0:06:27.881
