--- Job main_for_lr6.gms Start 06/08/22 15:06:38 32.2.0 rc62c018 WEX-WEI x86 64bit/MS Windows
--- Applying:
    C:\GAMS\32\gmsprmNT.txt
--- GAMS Parameters defined
    Input C:\Users\charl\OneDrive\Dokumente\A_Uni\HiWi\ArticleSubgradient\Code\SampleRun_Environment_Solar\1500Scens\tol05\Scenario1\main_for_lr6.gms
    PageSize 0
    ScrDir C:\Users\charl\OneDrive\Dokumente\A_Uni\HiWi\ArticleSubgradient\Code\SampleRun_Environment_Solar\1500Scens\tol05\Scenario1\225b\
    SysDir C:\GAMS\32\
    LogOption 3
    ErrMsg 1
    ErrorLog 99
    IDE 1
    LstTitleLeftAligned 1
GAMS 32.2.0   Copyright (C) 1987-2020 GAMS Development. All rights reserved
Licensee: Small MUD - 5 User License                     S200323/0001AN-GEN
          Friedrich-Alexander-Universitaet Erlangen-Nurnberg         DC7699
          C:\GAMS\32\gamslice.txt
--- Starting compilation
--- main_for_lr6.gms(10) 2 Mb
--- . input.gms(8) 3 Mb
--- .. solar_scenarios.csv(1501) 4 Mb
--- . input.gms(22) 4 Mb
--- .. scenario_sorted.csv(1501) 4 Mb
--- . input.gms(38) 4 Mb
--- .. battery_revenue.csv(25) 4 Mb
--- . input.gms(105) 4 Mb
--- main_for_lr6.gms(11) 4 Mb
--- . subgradient_parameters.gms(31) 4 Mb
--- main_for_lr6.gms(12) 4 Mb
--- . equations_all.gms(76) 4 Mb
--- main_for_lr6.gms(13) 4 Mb
--- . lp_lowerbound.gms(12) 4 Mb
--- main_for_lr6.gms(14) 4 Mb
--- . heuristic_upperbound.gms(54) 4 Mb
--- main_for_lr6.gms(31) 4 Mb
--- call csv2gdx Naive.csv id=nv index=1 values=2..lastCol useHeader=y
No errors, CSV2GDX time = 46ms
--- main_for_lr6.gms(32) 4 Mb
--- GDXin=C:\Users\charl\OneDrive\Dokumente\A_Uni\HiWi\ArticleSubgradient\Code\SampleRun_Environment_Solar\1500Scens\tol05\Scenario1\Naive.gdx
--- main_for_lr6.gms(80) 4 Mb
--- . plain_lr.gms(16) 4 Mb
--- main_for_lr6.gms(87) 4 Mb
--- . LR_updates.gms(18) 4 Mb
--- .. stepsizes.gms(21) 4 Mb
--- . LR_updates.gms(59) 4 Mb
--- main_for_lr6.gms(114) 4 Mb
--- Starting execution: elapsed 0:00:00.368
--- main_for_lr6.gms(3255) 14 Mb
--- Generating RMIP model schedule
--- main_for_lr6.gms(3202) 14 Mb
--- Starting Equ Objective: elapsed 0:00:01.232
--- main_for_lr6.gms(3204) 18 Mb
--- Starting Equ Const1: elapsed 0:00:01.767
--- main_for_lr6.gms(3210) 38 Mb
--- Starting Equ Const_chance_1: elapsed 0:00:01.812
--- main_for_lr6.gms(3217) 50 Mb
--- Starting Equ Const_chance_2: elapsed 0:00:01.883
--- main_for_lr6.gms(3256) 50 Mb
---   70,502 rows  109,525 columns  319,525 non-zeroes
---   1,500 discrete-columns
*** Error at line 3256: Control C Event: execution halted
--- main_for_lr6.gms(3256) 50 Mb 1 Error
*** SOLVE aborted
--- Profile Summary (5536 records processed)
     0.828   0.006GB      3128 Loop       
     0.531   0.018GB      3202 Equation   Objective (1)
     0.172   0.051GB      3256 Solve Fini schedule (319525)
     0.078   0.050GB      3210 Equation   Const_chance_1 (36000)
     0.062   0.006GB      3129 Loop       
     0.062   0.006GB      3129 Loop       
     0.047   0.038GB      3204 Equation   Const1 (34500)
     0.047   0.006GB      3129 Loop       
     0.047   0.006GB      3129 Loop       
     0.047   0.005GB      3129 Loop       
--- main_for_lr6.gms(3256) 50 Mb 1 Error
*** Status: Execution error(s)
--- Job main_for_lr6.gms Stop 06/08/22 15:06:40 elapsed 0:00:02.081
