--- Job SAA_solar_hi.gms Start 03/21/22 11:40:45 32.2.0 rc62c018 WEX-WEI x86 64bit/MS Windows
--- Applying:
    C:\GAMS\32\gmsprmNT.txt
--- GAMS Parameters defined
    Input C:\Users\charl\OneDrive\Dokumente\A_Uni\HiWi\ArticleSubgradient\Code\SampleRun_Environment_Solar\1500Scens\tol05\Scenario1\SAA_solar_hi.gms
    PageSize 0
    ScrDir C:\Users\charl\OneDrive\Dokumente\A_Uni\HiWi\ArticleSubgradient\Code\SampleRun_Environment_Solar\1500Scens\tol05\Scenario1\225a\
    SysDir C:\GAMS\32\
    LogOption 3
    ErrMsg 1
    ErrorLog 99
    IDE 1
    LstTitleLeftAligned 1
GAMS 32.2.0   Copyright (C) 1987-2020 GAMS Development. All rights reserved
Licensee: Small MUD - 5 User License                     S200323/0001AN-GEN
          Friedrich-Alexander-Universitaet Erlangen-Nurnberg         DC7699
          C:\GAMS\32\gamslice.txt
--- Starting compilation
--- SAA_solar_hi.gms(41) 3 Mb
--- . ScenarioSet_hierarchical_solar7200.csv(4273) 6 Mb
--- SAA_solar_hi.gms(69) 6 Mb
--- . battery_revenue.csv(25) 6 Mb
--- SAA_solar_hi.gms(89) 6 Mb
--- . ScenarioWeights_hierarchical_solar7200.csv(4273) 6 Mb
--- SAA_solar_hi.gms(283) 6 Mb
--- Starting execution: elapsed 0:00:00.077
--- SAA_solar_hi.gms(8762) 28 Mb
--- Generating MIP model schedule
--- SAA_solar_hi.gms(8729) 28 Mb
--- Starting Equ Objective: elapsed 0:00:02.509
--- SAA_solar_hi.gms(8731) 28 Mb
--- Starting Equ Const1: elapsed 0:00:02.534
--- SAA_solar_hi.gms(8734) 29 Mb
--- Starting Equ Const_chance_1: elapsed 0:00:02.553
--- SAA_solar_hi.gms(8737) 29 Mb
--- Starting Equ Const_chance_2: elapsed 0:00:02.571
--- SAA_solar_hi.gms(8813) 29 Mb
--- LOOPS rho_ind = r1
---       iter = iter1
---   942 rows  1,485 columns  4,285 non-zeroes
---   20 discrete-columns
--- Executing GUROBI (Solvelink=2): elapsed 0:00:02.585

Gurobi           32.2.0 rc62c018 Released Aug 26, 2020 WEI x86 64bit/MS Window

GAMS/Gurobi demo/community requires a Gurobi license from Gurobi Optimization.
*** Cannot initialize Gurobi environment.
*** Could be a missing or invalid license. (status=10009|10009)
--- Reading solution for model schedule
--- Executing after solve: elapsed 0:00:02.661
--- SAA_solar_hi.gms(8762) 29 Mb
*** Error at line 8805: Execution halted: Triggered by pending CtrlC event
--- SAA_solar_hi.gms(8762) 29 Mb 1 Error
--- Profile Summary (40 records processed)
     0.078   0.029GB      8813 Solve Alg  schedule
     0.031   0.028GB      8729 Equation   Objective (1)
     0.016   0.029GB      8731 Equation   Const1 (460)
     0.016   0.029GB      8813 Solve Fini schedule (4285)
     0.016   0.013GB      8743 Assignment X (102528)
     0.016   0.020GB      8745 Assignment Q (102528)
     0.015   0.029GB      8734 Equation   Const_chance_1 (480)
     0.015   0.006GB      4382 Assignment Solar (57350)
     0.015   0.026GB      8746 Assignment P (102528)
--- SAA_solar_hi.gms(8762) 29 Mb 1 Error
*** Status: Execution error(s)
--- Job SAA_solar_hi.gms Stop 03/21/22 11:40:49 elapsed 0:00:03.474
