--- Job main_for_lr1.gms Start 05/26/22 12:21:02 32.2.0 rc62c018 WEX-WEI x86 64bit/MS Windows
--- Applying:
    C:\GAMS\32\gmsprmNT.txt
--- GAMS Parameters defined
    Input C:\Users\charl\OneDrive\Dokumente\A_Uni\HiWi\ArticleSubgradient\Code\Wind\1500Scens\tol07\main_for_lr1.gms
    PageSize 0
    ScrDir C:\Users\charl\OneDrive\Dokumente\A_Uni\HiWi\ArticleSubgradient\Code\Wind\1500Scens\tol07\225a\
    SysDir C:\GAMS\32\
    LogOption 3
    ErrMsg 1
    ErrorLog 99
    IDE 1
    LstTitleLeftAligned 1
GAMS 32.2.0   Copyright (C) 1987-2020 GAMS Development. All rights reserved
Licensee: Small MUD - 5 User License                     S200323/0001AN-GEN
          Friedrich-Alexander-Universitaet Erlangen-Nurnberg         DC7699
          C:\GAMS\32\gamslice.txt
--- Starting compilation
--- main_for_lr1.gms(10) 2 Mb
--- . input.gms(13) 3 Mb
--- .. wind_costs.csv(25) 3 Mb
--- . input.gms(23) 3 Mb
--- .. wind_scenarios.csv(1501) 4 Mb
--- . input.gms(107) 4 Mb
--- main_for_lr1.gms(11) 4 Mb
--- . subgradient_parameters.gms(33) 4 Mb
--- main_for_lr1.gms(12) 4 Mb
--- . equations.gms(118) 4 Mb
--- main_for_lr1.gms(13) 4 Mb
--- . lp_lowerbound.gms(12) 4 Mb
--- main_for_lr1.gms(14) 4 Mb
--- . heuristic_upperbound.gms(10) 4 Mb
--- .. sampled_dynamic.csv(25) 4 Mb
--- . heuristic_upperbound.gms(49) 4 Mb
--- main_for_lr1.gms(31) 4 Mb
--- call csv2gdx Naive.csv id=nv index=1 values=2..lastCol useHeader=y
No errors, CSV2GDX time = 63ms
--- main_for_lr1.gms(32) 4 Mb
--- GDXin=C:\Users\charl\OneDrive\Dokumente\A_Uni\HiWi\ArticleSubgradient\Code\Wind\1500Scens\tol07\Naive.gdx
--- main_for_lr1.gms(80) 4 Mb
--- . plain_lr.gms(16) 4 Mb
--- main_for_lr1.gms(86) 4 Mb
--- . LR_updates.gms(18) 4 Mb
--- .. stepsizes.gms(21) 4 Mb
--- . LR_updates.gms(59) 4 Mb
--- main_for_lr1.gms(106) 4 Mb
--- Starting execution: elapsed 0:00:00.485
--- main_for_lr1.gms(1625) 6 Mb
*** Error at line 1632: Execution halted: Triggered by pending CtrlC event
--- main_for_lr1.gms(1625) 6 Mb 1 Error
--- Profile Summary (1155 records processed)
     0.047   0.006GB      1626 Loop       
     0.047   0.006GB      1626 Loop       
     0.046   0.006GB      1626 Loop       
     0.016   0.006GB      1630 Assignment dummy (1)
     0.016   0.005GB      1603 Assignment WIND (35994)
     0.016   0.006GB      1630 Assignment dummy (1)
     0.016   0.006GB      1628 Assignment minwind (1)
     0.016   0.006GB      1630 Assignment dummy (1)
     0.016   0.006GB      1628 Assignment minwind (2)
     0.016   0.006GB      1630 Assignment dummy (1)
--- main_for_lr1.gms(1625) 6 Mb 1 Error
*** Status: Execution error(s)
--- Job main_for_lr1.gms Stop 05/26/22 12:21:03 elapsed 0:00:00.676
