--- Job SAA_hierarchical.gms Start 05/11/22 10:41:02 32.2.0 rc62c018 WEX-WEI x86 64bit/MS Windows
--- Applying:
    C:\GAMS\32\gmsprmNT.txt
--- GAMS Parameters defined
    Input C:\Users\charl\OneDrive\Dokumente\A_Uni\HiWi\ArticleSubgradient\Code\Wind\1500Scens\tol07\SAA_hierarchical.gms
    PageSize 0
    ScrDir C:\Users\charl\OneDrive\Dokumente\A_Uni\HiWi\ArticleSubgradient\Code\Wind\1500Scens\tol07\225a\
    SysDir C:\GAMS\32\
    LogOption 3
    ErrMsg 1
    ErrorLog 99
    IDE 1
    LstTitleLeftAligned 1
GAMS 32.2.0   Copyright (C) 1987-2020 GAMS Development. All rights reserved
Licensee: Small MUD - 5 User License                     S200323/0001AN-GEN
          Friedrich-Alexander-Universitaet Erlangen-Nurnberg         DC7699
          C:\GAMS\32\gamslice.txt
--- Starting compilation
--- SAA_hierarchical.gms(33) 3 Mb
--- . wind_costs.csv(25) 3 Mb
--- SAA_hierarchical.gms(40) 3 Mb
--- . ScenarioSet_hierarchical_wind7200.csv(4273) 7 Mb
--- SAA_hierarchical.gms(46) 7 Mb
--- . ScenarioWeights_hierarchical_wind7200.csv(4273) 7 Mb
--- SAA_hierarchical.gms(262) 7 Mb
--- Starting execution: elapsed 0:00:00.122
--- SAA_hierarchical.gms(8731) 31 Mb
--- Generating MIP model SCHEDULE
--- SAA_hierarchical.gms(8686) 31 Mb
--- Starting Equ Objective: elapsed 0:00:00.330
--- SAA_hierarchical.gms(8688) 31 Mb
--- Starting Equ Const1_1: elapsed 0:00:00.363
--- SAA_hierarchical.gms(8690) 31 Mb
--- Starting Equ Const1_2: elapsed 0:00:00.381
--- SAA_hierarchical.gms(8697) 31 Mb
--- Starting Equ Const_3_1: elapsed 0:00:00.382
--- SAA_hierarchical.gms(8698) 32 Mb
--- Starting Equ Const_3_2: elapsed 0:00:00.421
--- SAA_hierarchical.gms(8702) 32 Mb
--- Starting Equ Const_4_1: elapsed 0:00:00.457
--- SAA_hierarchical.gms(8703) 32 Mb
--- Starting Equ Const_4_2: elapsed 0:00:00.482
--- SAA_hierarchical.gms(8706) 32 Mb
--- Starting Equ Const_5: elapsed 0:00:00.511
--- SAA_hierarchical.gms(8709) 32 Mb
--- Starting Equ Const_6: elapsed 0:00:00.541
--- SAA_hierarchical.gms(8711) 33 Mb
--- Starting Equ Const_dum1: elapsed 0:00:00.581
--- SAA_hierarchical.gms(8712) 33 Mb
--- Starting Equ Const_dum2: elapsed 0:00:00.581
--- SAA_hierarchical.gms(8792) 33 Mb
--- LOOPS rho_ind = r1
---       iter = iter1
---   3,250 rows  1,989 columns  14,821 non-zeroes
---   500 discrete-columns
--- Executing GUROBI (Solvelink=2): elapsed 0:00:00.597

Gurobi           32.2.0 rc62c018 Released Aug 26, 2020 WEI x86 64bit/MS Window

GAMS/Gurobi demo/community requires a Gurobi license from Gurobi Optimization.
*** Cannot initialize Gurobi environment.
*** Could be a missing or invalid license. (status=10009|10009)
--- Reading solution for model SCHEDULE
--- Executing after solve: elapsed 0:00:00.670
--- SAA_hierarchical.gms(8731) 33 Mb
--- Generating MIP model SCHEDULE
--- SAA_hierarchical.gms(8686) 33 Mb
--- Starting Equ Objective: elapsed 0:00:00.845
--- SAA_hierarchical.gms(8688) 33 Mb
--- Starting Equ Const1_1: elapsed 0:00:00.881
--- SAA_hierarchical.gms(8690) 33 Mb
--- Starting Equ Const1_2: elapsed 0:00:00.897
--- SAA_hierarchical.gms(8697) 33 Mb
--- Starting Equ Const_3_1: elapsed 0:00:00.898
--- SAA_hierarchical.gms(8698) 33 Mb
--- Starting Equ Const_3_2: elapsed 0:00:00.934
--- SAA_hierarchical.gms(8702) 33 Mb
--- Starting Equ Const_4_1: elapsed 0:00:00.965
--- SAA_hierarchical.gms(8703) 33 Mb
--- Starting Equ Const_4_2: elapsed 0:00:01.003
--- SAA_hierarchical.gms(8706) 33 Mb
--- Starting Equ Const_5: elapsed 0:00:01.028
--- SAA_hierarchical.gms(8709) 33 Mb
--- Starting Equ Const_6: elapsed 0:00:01.051
--- SAA_hierarchical.gms(8711) 33 Mb
--- Starting Equ Const_dum1: elapsed 0:00:01.081
--- SAA_hierarchical.gms(8712) 33 Mb
--- Starting Equ Const_dum2: elapsed 0:00:01.081
--- SAA_hierarchical.gms(8792) 33 Mb
--- LOOPS rho_ind = r1
---       iter = iter2
---   3,570 rows  2,183 columns  16,315 non-zeroes
---   550 discrete-columns
--- Executing GUROBI (Solvelink=2): elapsed 0:00:01.089

Gurobi           32.2.0 rc62c018 Released Aug 26, 2020 WEI x86 64bit/MS Window

GAMS/Gurobi demo/community requires a Gurobi license from Gurobi Optimization.
*** Cannot initialize Gurobi environment.
*** Could be a missing or invalid license. (status=10009|10009)
--- Reading solution for model SCHEDULE
--- Executing after solve: elapsed 0:00:01.137
--- SAA_hierarchical.gms(8731) 33 Mb
--- Generating MIP model SCHEDULE
--- SAA_hierarchical.gms(8686) 33 Mb
--- Starting Equ Objective: elapsed 0:00:01.305
--- SAA_hierarchical.gms(8688) 33 Mb
--- Starting Equ Const1_1: elapsed 0:00:01.345
*** Error at line 8686: Execution halted: Triggered by pending CtrlC event
--- SAA_hierarchical.gms(8792) 33 Mb 1 Error
*** SOLVE aborted
--- Profile Summary (56 records processed)
     0.079   0.032GB      8792 Solve Alg  SCHEDULE
     0.047   0.032GB      8686 Equation   Objective (1)
     0.047   0.032GB      8792 Solve Alg  SCHEDULE
     0.032   0.032GB      8702 Equation   Const_4_1 (484)
     0.032   0.032GB      8697 Equation   Const_3_1 (460)
     0.032   0.032GB      8706 Equation   Const_5 (460)
     0.031   0.032GB      8698 Equation   Const_3_2 (460)
     0.031   0.032GB      8703 Equation   Const_4_2 (440)
     0.031   0.032GB      8709 Equation   Const_6 (460)
     0.031   0.032GB      8697 Equation   Const_3_1 (506)
--- SAA_hierarchical.gms(8792) 33 Mb 1 Error
*** Status: Execution error(s)
--- Job SAA_hierarchical.gms Stop 05/11/22 10:41:03 elapsed 0:00:01.347
