--- Job fixed_problem_hi.gms Start 05/11/22 10:19:21 32.2.0 rc62c018 WEX-WEI x86 64bit/MS Windows
--- Applying:
    C:\GAMS\32\gmsprmNT.txt
--- GAMS Parameters defined
    Input C:\Users\charl\OneDrive\Dokumente\A_Uni\HiWi\ArticleSubgradient\Code\Wind\100Scens\tol01\fixed_problem_hi.gms
    PageSize 0
    ScrDir C:\Users\charl\OneDrive\Dokumente\A_Uni\HiWi\ArticleSubgradient\Code\Wind\100Scens\tol01\225b\
    SysDir C:\GAMS\32\
    LogOption 3
    ErrMsg 1
    ErrorLog 99
    IDE 1
    LstTitleLeftAligned 1
GAMS 32.2.0   Copyright (C) 1987-2020 GAMS Development. All rights reserved
Licensee: Small MUD - 5 User License                     S200323/0001AN-GEN
          Friedrich-Alexander-Universitaet Erlangen-Nurnberg         DC7699
          C:\GAMS\32\gamslice.txt
--- Starting compilation
--- fixed_problem_hi.gms(27) 3 Mb
--- . wind_costs.csv(25) 3 Mb
--- fixed_problem_hi.gms(34) 3 Mb
--- . wind_scenarios.csv(101) 3 Mb
--- fixed_problem_hi.gms(157) 3 Mb
--- . sampled_dynamic_hi.csv(25) 3 Mb
--- fixed_problem_hi.gms(201) 3 Mb
--- Starting execution: elapsed 0:00:00.078
--- fixed_problem_hi.gms(321) 5 Mb
--- Generating MIP model SCHEDULE
--- fixed_problem_hi.gms(237) 5 Mb
--- Starting Equ Objective: elapsed 0:00:00.088
--- fixed_problem_hi.gms(239) 5 Mb
--- Starting Equ Const1_1: elapsed 0:00:00.155
--- fixed_problem_hi.gms(241) 7 Mb
--- Starting Equ Const1_2: elapsed 0:00:00.162
--- fixed_problem_hi.gms(247) 7 Mb
--- Starting Equ Const_3_1: elapsed 0:00:00.163
--- fixed_problem_hi.gms(248) 7 Mb
--- Starting Equ Const_3_2: elapsed 0:00:00.170
--- fixed_problem_hi.gms(252) 8 Mb
--- Starting Equ Const_4_1: elapsed 0:00:00.176
--- fixed_problem_hi.gms(253) 8 Mb
--- Starting Equ Const_4_2: elapsed 0:00:00.191
--- fixed_problem_hi.gms(256) 9 Mb
--- Starting Equ Const_5: elapsed 0:00:00.206
--- fixed_problem_hi.gms(259) 9 Mb
--- Starting Equ Const_6: elapsed 0:00:00.210
--- fixed_problem_hi.gms(324) 10 Mb
--- LOOPS iter = iter1
---   16,002 rows  9,725 columns  73,525 non-zeroes
---   2,500 discrete-columns
--- Executing GUROBI (Solvelink=2): elapsed 0:00:00.252

Gurobi           32.2.0 rc62c018 Released Aug 26, 2020 WEI x86 64bit/MS Window

Gurobi link license.
*** Cannot initialize Gurobi environment.
*** Could be a missing or invalid license. (status=10009|10009)
--- Reading solution for model SCHEDULE
--- Executing after solve: elapsed 0:00:00.536
--- fixed_problem_hi.gms(321) 10 Mb
--- Generating MIP model SCHEDULE
--- fixed_problem_hi.gms(237) 10 Mb
--- Starting Equ Objective: elapsed 0:00:00.537
--- fixed_problem_hi.gms(239) 10 Mb
--- Starting Equ Const1_1: elapsed 0:00:00.602
--- fixed_problem_hi.gms(241) 10 Mb
--- Starting Equ Const1_2: elapsed 0:00:00.613
--- fixed_problem_hi.gms(247) 10 Mb
--- Starting Equ Const_3_1: elapsed 0:00:00.613
--- fixed_problem_hi.gms(248) 10 Mb
--- Starting Equ Const_3_2: elapsed 0:00:00.622
--- fixed_problem_hi.gms(252) 10 Mb
--- Starting Equ Const_4_1: elapsed 0:00:00.631
--- fixed_problem_hi.gms(253) 10 Mb
--- Starting Equ Const_4_2: elapsed 0:00:00.648
--- fixed_problem_hi.gms(256) 10 Mb
--- Starting Equ Const_5: elapsed 0:00:00.665
--- fixed_problem_hi.gms(259) 10 Mb
--- Starting Equ Const_6: elapsed 0:00:00.670
--- fixed_problem_hi.gms(324) 10 Mb
--- LOOPS iter = iter2
---   16,002 rows  9,725 columns  73,525 non-zeroes
---   2,500 discrete-columns
--- Executing GUROBI (Solvelink=2): elapsed 0:00:00.704

Gurobi           32.2.0 rc62c018 Released Aug 26, 2020 WEI x86 64bit/MS Window

Gurobi link license.
*** Cannot initialize Gurobi environment.
*** Could be a missing or invalid license. (status=10009|10009)
--- Reading solution for model SCHEDULE
--- Executing after solve: elapsed 0:00:00.779
--- fixed_problem_hi.gms(321) 10 Mb
--- Generating MIP model SCHEDULE
--- fixed_problem_hi.gms(237) 10 Mb
--- Starting Equ Objective: elapsed 0:00:00.779
--- fixed_problem_hi.gms(239) 10 Mb
--- Starting Equ Const1_1: elapsed 0:00:00.845
--- fixed_problem_hi.gms(241) 10 Mb
--- Starting Equ Const1_2: elapsed 0:00:00.853
--- fixed_problem_hi.gms(247) 10 Mb
--- Starting Equ Const_3_1: elapsed 0:00:00.853
--- fixed_problem_hi.gms(248) 10 Mb
--- Starting Equ Const_3_2: elapsed 0:00:00.862
--- fixed_problem_hi.gms(252) 10 Mb
--- Starting Equ Const_4_1: elapsed 0:00:00.876
--- fixed_problem_hi.gms(253) 10 Mb
--- Starting Equ Const_4_2: elapsed 0:00:00.897
--- fixed_problem_hi.gms(256) 10 Mb
--- Starting Equ Const_5: elapsed 0:00:00.920
--- fixed_problem_hi.gms(259) 10 Mb
--- Starting Equ Const_6: elapsed 0:00:00.928
--- fixed_problem_hi.gms(324) 10 Mb
--- LOOPS iter = iter3
---   16,002 rows  9,725 columns  73,525 non-zeroes
---   2,500 discrete-columns
--- Executing GUROBI (Solvelink=2): elapsed 0:00:00.965

Gurobi           32.2.0 rc62c018 Released Aug 26, 2020 WEI x86 64bit/MS Window

Gurobi link license.
*** Cannot initialize Gurobi environment.
*** Could be a missing or invalid license. (status=10009|10009)
--- Reading solution for model SCHEDULE
--- Executing after solve: elapsed 0:00:01.034
--- fixed_problem_hi.gms(321) 10 Mb
--- Generating MIP model SCHEDULE
--- fixed_problem_hi.gms(237) 10 Mb
--- Starting Equ Objective: elapsed 0:00:01.034
--- fixed_problem_hi.gms(239) 10 Mb
--- Starting Equ Const1_1: elapsed 0:00:01.103
--- fixed_problem_hi.gms(241) 10 Mb
--- Starting Equ Const1_2: elapsed 0:00:01.110
--- fixed_problem_hi.gms(247) 10 Mb
--- Starting Equ Const_3_1: elapsed 0:00:01.110
--- fixed_problem_hi.gms(248) 10 Mb
--- Starting Equ Const_3_2: elapsed 0:00:01.121
--- fixed_problem_hi.gms(252) 10 Mb
--- Starting Equ Const_4_1: elapsed 0:00:01.134
--- fixed_problem_hi.gms(253) 10 Mb
--- Starting Equ Const_4_2: elapsed 0:00:01.156
--- fixed_problem_hi.gms(256) 10 Mb
--- Starting Equ Const_5: elapsed 0:00:01.176
--- fixed_problem_hi.gms(259) 10 Mb
--- Starting Equ Const_6: elapsed 0:00:01.184
--- fixed_problem_hi.gms(324) 10 Mb
--- LOOPS iter = iter4
---   16,002 rows  9,725 columns  73,525 non-zeroes
---   2,500 discrete-columns
--- Executing GUROBI (Solvelink=2): elapsed 0:00:01.220

Gurobi           32.2.0 rc62c018 Released Aug 26, 2020 WEI x86 64bit/MS Window

Gurobi link license.
*** Cannot initialize Gurobi environment.
*** Could be a missing or invalid license. (status=10009|10009)
--- Reading solution for model SCHEDULE
--- Executing after solve: elapsed 0:00:01.290
--- fixed_problem_hi.gms(321) 10 Mb
--- Generating MIP model SCHEDULE
--- fixed_problem_hi.gms(237) 10 Mb
--- Starting Equ Objective: elapsed 0:00:01.290
--- fixed_problem_hi.gms(239) 10 Mb
--- Starting Equ Const1_1: elapsed 0:00:01.356
--- fixed_problem_hi.gms(241) 10 Mb
--- Starting Equ Const1_2: elapsed 0:00:01.366
--- fixed_problem_hi.gms(247) 10 Mb
--- Starting Equ Const_3_1: elapsed 0:00:01.366
--- fixed_problem_hi.gms(248) 10 Mb
--- Starting Equ Const_3_2: elapsed 0:00:01.376
--- fixed_problem_hi.gms(252) 10 Mb
--- Starting Equ Const_4_1: elapsed 0:00:01.389
--- fixed_problem_hi.gms(253) 10 Mb
--- Starting Equ Const_4_2: elapsed 0:00:01.407
*** Error at line 252: Execution halted: Triggered by pending CtrlC event
--- fixed_problem_hi.gms(324) 10 Mb 1 Error
*** SOLVE aborted
--- Profile Summary (274 records processed)
     0.281   0.010GB       324 Solve Alg  SCHEDULE
     0.078   0.005GB       237 Equation   Objective (1)
     0.078   0.010GB       324 Solve Alg  SCHEDULE
     0.063   0.010GB       237 Equation   Objective (1)
     0.063   0.010GB       237 Equation   Objective (1)
     0.063   0.010GB       237 Equation   Objective (1)
     0.063   0.010GB       237 Equation   Objective (1)
     0.062   0.010GB       324 Solve Alg  SCHEDULE
     0.062   0.010GB       324 Solve Alg  SCHEDULE
     0.047   0.010GB       324 Solve Fini SCHEDULE (73525)
--- fixed_problem_hi.gms(324) 10 Mb 1 Error
*** Status: Execution error(s)
--- Job fixed_problem_hi.gms Stop 05/11/22 10:19:23 elapsed 0:00:01.419
