--- Job main_for_lr6.gms Start 05/19/22 19:37:40 32.2.0 rc62c018 WEX-WEI x86 64bit/MS Windows
--- Applying:
    C:\GAMS\32\gmsprmNT.txt
--- GAMS Parameters defined
    Input "C:\Users\charl\OneDrive\Dokumente\A_Uni\HiWi\ArticleSubgradient\Code\Wind\100Scens\tol01 - Copy\main_for_lr6.gms"
    PageSize 0
    ScrDir "C:\Users\charl\OneDrive\Dokumente\A_Uni\HiWi\ArticleSubgradient\Code\Wind\100Scens\tol01 - Copy\225b\"
    SysDir C:\GAMS\32\
    LogOption 3
    ErrMsg 1
    ErrorLog 99
    IDE 1
    LstTitleLeftAligned 1
GAMS 32.2.0   Copyright (C) 1987-2020 GAMS Development. All rights reserved
Licensee: Small MUD - 5 User License                     S200323/0001AN-GEN
          Friedrich-Alexander-Universitaet Erlangen-Nurnberg         DC7699
          C:\GAMS\32\gamslice.txt
--- Starting compilation
--- main_for_lr6.gms(10) 2 Mb
--- . input.gms(13) 3 Mb
--- .. wind_costs.csv(25) 3 Mb
--- . input.gms(23) 3 Mb
--- .. wind_scenarios.csv(101) 3 Mb
--- . input.gms(107) 3 Mb
--- main_for_lr6.gms(11) 3 Mb
--- . subgradient_parameters.gms(33) 3 Mb
--- main_for_lr6.gms(12) 3 Mb
--- . equations.gms(118) 3 Mb
--- main_for_lr6.gms(13) 3 Mb
--- . lp_lowerbound.gms(12) 3 Mb
--- main_for_lr6.gms(14) 3 Mb
--- . heuristic_upperbound.gms(10) 3 Mb
--- .. sampled_dynamic.csv(25) 3 Mb
--- . heuristic_upperbound.gms(49) 3 Mb
--- main_for_lr6.gms(31) 3 Mb
--- call csv2gdx Naive.csv id=nv index=1 values=2..lastCol useHeader=y
No errors, CSV2GDX time = 0ms
--- main_for_lr6.gms(32) 3 Mb
--- GDXin=C:\Users\charl\OneDrive\Dokumente\A_Uni\HiWi\ArticleSubgradient\Code\Wind\100Scens\tol01 - Copy\Naive.gdx
--- main_for_lr6.gms(73) 3 Mb
--- . plain_lr.gms(7) 3 Mb 1 Error
*** Error 329 in C:\Users\charl\OneDrive\Dokumente\A_Uni\HiWi\ArticleSubgradient\Code\Wind\100Scens\tol01 - Copy\plain_lr.gms
    Wrong suffix on variable reference - allowable are
       l        level (activity)
       m        marginal (reduced cost)
       lo       lower bound
       up       upper bound
       scale    variable scale
       prior    priority for MIP
       slacklo  slack from lower bound
       slackup  slack from upper bound
       slack    min(slacklo, slackup)
       infeas   infeasibility
       range    difference between lower and upper bound
--- . plain_lr.gms(13) 3 Mb
--- main_for_lr6.gms(79) 3 Mb
--- . LR_updates.gms(6) 3 Mb 2 Errors
*** Error 349 in C:\Users\charl\OneDrive\Dokumente\A_Uni\HiWi\ArticleSubgradient\Code\Wind\100Scens\tol01 - Copy\LR_updates.gms
    Declaration not allowed inside a LOOP or IF statement
--- . LR_updates.gms(11) 3 Mb 3 Errors
*** Error 148 in C:\Users\charl\OneDrive\Dokumente\A_Uni\HiWi\ArticleSubgradient\Code\Wind\100Scens\tol01 - Copy\LR_updates.gms
    Dimension different - The symbol is referenced with more/less
       indices as declared
--- . LR_updates.gms(17) 3 Mb
--- .. stepsizes.gms(21) 3 Mb
--- . LR_updates.gms(30) 3 Mb 4 Errors
*** Error 349 in C:\Users\charl\OneDrive\Dokumente\A_Uni\HiWi\ArticleSubgradient\Code\Wind\100Scens\tol01 - Copy\LR_updates.gms
    Declaration not allowed inside a LOOP or IF statement
--- . LR_updates.gms(31) 3 Mb 6 Errors
*** Error 148 in C:\Users\charl\OneDrive\Dokumente\A_Uni\HiWi\ArticleSubgradient\Code\Wind\100Scens\tol01 - Copy\LR_updates.gms
    Dimension different - The symbol is referenced with more/less
       indices as declared
*** Error 135 in C:\Users\charl\OneDrive\Dokumente\A_Uni\HiWi\ArticleSubgradient\Code\Wind\100Scens\tol01 - Copy\LR_updates.gms
    Incompatible operands for relational operator
--- . LR_updates.gms(50) 3 Mb
--- main_for_lr6.gms(98) 3 Mb 6 Errors
*** Status: Compilation error(s)
--- Job main_for_lr6.gms Stop 05/19/22 19:37:40 elapsed 0:00:00.170
