--- Job fixed_problem_hi.gms Start 03/18/22 11:55:56 32.2.0 rc62c018 WEX-WEI x86 64bit/MS Windows
--- Applying:
    C:\GAMS\32\gmsprmNT.txt
--- GAMS Parameters defined
    Input C:\Users\charl\OneDrive\Dokumente\A_Uni\HiWi\projectTSAM\Code\Wind\600Scen\tol03\fixed_problem_hi.gms
    PageSize 0
    ScrDir C:\Users\charl\OneDrive\Dokumente\A_Uni\HiWi\projectTSAM\Code\Wind\600Scen\tol03\225a\
    SysDir C:\GAMS\32\
    LogOption 3
    ErrMsg 1
    ErrorLog 99
    IDE 1
    LstTitleLeftAligned 1
GAMS 32.2.0   Copyright (C) 1987-2020 GAMS Development. All rights reserved
Licensee: Small MUD - 5 User License                     S200323/0001AN-GEN
          Friedrich-Alexander-Universitaet Erlangen-Nurnberg         DC7699
          C:\GAMS\32\gamslice.txt
--- Starting compilation
--- fixed_problem_hi.gms(27) 3 Mb
--- . wind_costs.csv(25) 3 Mb
--- fixed_problem_hi.gms(34) 3 Mb
--- . wind_scenarios.csv(601) 4 Mb
--- fixed_problem_hi.gms(157) 4 Mb
--- . sampled_dynamic_hi.csv(25) 4 Mb
--- fixed_problem_hi.gms(201) 4 Mb
--- Starting execution: elapsed 0:00:00.044
--- fixed_problem_hi.gms(821) 8 Mb
--- Generating MIP model SCHEDULE
--- fixed_problem_hi.gms(737) 8 Mb
--- Starting Equ Objective: elapsed 0:00:00.145
--- fixed_problem_hi.gms(739) 11 Mb
--- Starting Equ Const1_1: elapsed 0:00:00.618
*** Error at line 737: Execution halted: Triggered by pending CtrlC event
--- fixed_problem_hi.gms(824) 11 Mb 1 Error
*** SOLVE aborted
--- Profile Summary (1421 records processed)
     0.469   0.011GB       737 Equation   Objective (1)
     0.078   0.005GB       686 Loop       
     0.016   0.005GB       689 Assignment minwind (6)
     0.016   0.005GB       687 Loop       
     0.016   0.005GB       691 Assignment dummy (1)
     0.016   0.005GB       687 Loop       
     0.016   0.005GB       689 Assignment minwind (20)
     0.016   0.005GB       687 Loop       
     0.016   0.008GB       772 Assignment V (14400)
     0.015   0.005GB       677 Assignment dummywind (14400)
--- fixed_problem_hi.gms(824) 11 Mb 1 Error
*** Status: Execution error(s)
--- Job fixed_problem_hi.gms Stop 03/18/22 11:55:56 elapsed 0:00:00.625
