--- Job fixed_problem.gms Start 12/16/21 17:46:44 32.2.0 rc62c018 WEX-WEI x86 64bit/MS Windows
--- Applying:
    C:\GAMS\32\gmsprmNT.txt
--- GAMS Parameters defined
    Input C:\Users\charl\OneDrive\Dokumente\A_Uni\HiWi\projectTSAM\Code\Solar\600Scen\tol03\fixed_problem.gms
    PageSize 0
    ScrDir C:\Users\charl\OneDrive\Dokumente\A_Uni\HiWi\projectTSAM\Code\Solar\600Scen\tol03\225a\
    SysDir C:\GAMS\32\
    LogOption 3
    ErrMsg 1
    ErrorLog 99
    IDE 1
    LstTitleLeftAligned 1
GAMS 32.2.0   Copyright (C) 1987-2020 GAMS Development. All rights reserved
Licensee: Small MUD - 5 User License                     S200323/0001AN-GEN
          Friedrich-Alexander-Universitaet Erlangen-Nurnberg         DC7699
          C:\GAMS\32\gamslice.txt
--- Starting compilation
--- fixed_problem.gms(30) 3 Mb
--- . solar_scenarios_600.csv(601) 3 Mb
--- fixed_problem.gms(53) 3 Mb
--- . sampled_dynamic.csv(25) 3 Mb
--- fixed_problem.gms(62) 3 Mb
--- . battery_revenue.csv(25) 3 Mb
--- fixed_problem.gms(208) 3 Mb
--- Starting execution: elapsed 0:00:00.029
--- fixed_problem.gms(833) 8 Mb
--- Generating MIP model schedule
--- fixed_problem.gms(804) 8 Mb
--- Starting Equ Objective: elapsed 0:00:00.166
--- fixed_problem.gms(806) 9 Mb
--- Starting Equ Const1: elapsed 0:00:00.470
--- fixed_problem.gms(809) 18 Mb
--- Starting Equ Const_chance_1: elapsed 0:00:00.510
--- fixed_problem.gms(812) 23 Mb
--- Starting Equ Const_chance_2: elapsed 0:00:00.551
--- fixed_problem.gms(836) 23 Mb
--- LOOPS iter = iter1
---   28,202 rows  43,825 columns  127,825 non-zeroes
---   600 discrete-columns
--- Executing GUROBI (Solvelink=2): elapsed 0:00:00.684

Gurobi           32.2.0 rc62c018 Released Aug 26, 2020 WEI x86 64bit/MS Window

Gurobi link license.
*** Cannot initialize Gurobi environment.
*** Could be a missing or invalid license. (status=10009|10009)
--- Reading solution for model schedule
--- Executing after solve: elapsed 0:00:00.870
--- fixed_problem.gms(833) 23 Mb
--- Generating MIP model schedule
--- fixed_problem.gms(804) 23 Mb
--- Starting Equ Objective: elapsed 0:00:00.871
--- fixed_problem.gms(806) 23 Mb
--- Starting Equ Const1: elapsed 0:00:01.272
--- fixed_problem.gms(809) 23 Mb
--- Starting Equ Const_chance_1: elapsed 0:00:01.362
--- fixed_problem.gms(812) 23 Mb
--- Starting Equ Const_chance_2: elapsed 0:00:01.440
--- fixed_problem.gms(836) 23 Mb
--- LOOPS iter = iter2
---   28,202 rows  43,825 columns  127,825 non-zeroes
---   600 discrete-columns
*** Error at line 836: Control C Event: execution halted
--- fixed_problem.gms(836) 23 Mb 1 Error
*** SOLVE aborted
--- Profile Summary (1444 records processed)
     0.406   0.022GB       804 Equation   Objective (1)
     0.313   0.009GB       804 Equation   Objective (1)
     0.187   0.022GB       836 Solve Alg  schedule
     0.172   0.022GB       836 Solve Fini schedule (127825)
     0.125   0.022GB       836 Solve Fini schedule (127825)
     0.109   0.005GB       768 Loop       
     0.094   0.022GB       806 Equation   Const1 (13800)
     0.078   0.022GB       809 Equation   Const_chance_1 (14400)
     0.047   0.022GB       809 Equation   Const_chance_1 (14400)
     0.031   0.018GB       806 Equation   Const1 (13800)
--- fixed_problem.gms(836) 23 Mb 1 Error
*** Status: Execution error(s)
--- Job fixed_problem.gms Stop 12/16/21 17:46:46 elapsed 0:00:01.638
