--- Job main_for_lr6.gms Start 12/16/21 17:41:55 32.2.0 rc62c018 WEX-WEI x86 64bit/MS Windows
--- Applying:
    C:\GAMS\32\gmsprmNT.txt
--- GAMS Parameters defined
    Input C:\Users\charl\OneDrive\Dokumente\A_Uni\HiWi\projectTSAM\Code\Solar\600Scen\tol03\main_for_lr6.gms
    PageSize 0
    ScrDir C:\Users\charl\OneDrive\Dokumente\A_Uni\HiWi\projectTSAM\Code\Solar\600Scen\tol03\225a\
    SysDir C:\GAMS\32\
    LogOption 3
    ErrMsg 1
    ErrorLog 99
    IDE 1
    LstTitleLeftAligned 1
GAMS 32.2.0   Copyright (C) 1987-2020 GAMS Development. All rights reserved
Licensee: Small MUD - 5 User License                     S200323/0001AN-GEN
          Friedrich-Alexander-Universitaet Erlangen-Nurnberg         DC7699
          C:\GAMS\32\gamslice.txt
--- Starting compilation
--- main_for_lr6.gms(19) 2 Mb
--- . inputME.gms(14) 3 Mb
--- .. solar_scenarios_600.csv(601) 3 Mb
--- . inputME.gms(36) 3 Mb
--- .. scenario_sorted_600_03.csv(601) 3 Mb
--- . inputME.gms(116) 3 Mb
--- .. battery_revenue.csv(25) 3 Mb
--- . inputME.gms(185) 3 Mb
--- main_for_lr6.gms(20) 3 Mb
--- . subgradient_parameters.gms(33) 3 Mb
--- main_for_lr6.gms(22) 3 Mb
--- . equations_all.gms(76) 3 Mb
--- main_for_lr6.gms(23) 3 Mb
--- . lp_lowerbound.gms(12) 3 Mb
--- main_for_lr6.gms(24) 3 Mb
--- . heuristic_upperbound.gms(58) 3 Mb
--- main_for_lr6.gms(39) 3 Mb
--- call csv2gdx Naive.csv id=nv index=1 values=2..lastCol useHeader=y
No errors, CSV2GDX time = 16ms
--- main_for_lr6.gms(40) 3 Mb
--- GDXin=C:\Users\charl\OneDrive\Dokumente\A_Uni\HiWi\projectTSAM\Code\Solar\600Scen\tol03\Naive.gdx
--- main_for_lr6.gms(75) 3 Mb
--- . plain_lr.gms(13) 3 Mb
--- main_for_lr6.gms(81) 3 Mb
--- . LR_updates.gms(18) 3 Mb
--- .. stepsizes.gms(21) 3 Mb
--- . LR_updates.gms(43) 3 Mb
--- main_for_lr6.gms(102) 3 Mb
--- Starting execution: elapsed 0:00:00.127
--- main_for_lr6.gms(1547) 8 Mb
--- Generating RMIP model schedule
--- main_for_lr6.gms(1494) 8 Mb
--- Starting Equ Objective: elapsed 0:00:00.268
--- main_for_lr6.gms(1496) 9 Mb
--- Starting Equ Const1: elapsed 0:00:00.593
--- main_for_lr6.gms(1502) 18 Mb
--- Starting Equ Const_chance_1: elapsed 0:00:00.630
--- main_for_lr6.gms(1509) 23 Mb
--- Starting Equ Const_chance_2: elapsed 0:00:00.672
--- main_for_lr6.gms(1548) 23 Mb
---   28,202 rows  43,825 columns  127,825 non-zeroes
---   600 discrete-columns
--- Executing GUROBI (Solvelink=2): elapsed 0:00:00.781

Gurobi           32.2.0 rc62c018 Released Aug 26, 2020 WEI x86 64bit/MS Window

Gurobi link license.
*** Cannot initialize Gurobi environment.
*** Could be a missing or invalid license. (status=10009|10009)
--- Reading solution for model schedule
--- Executing after solve: elapsed 0:00:00.949
--- main_for_lr6.gms(1570) 23 Mb
--- Generating MIP model schedule_scenario
--- main_for_lr6.gms(1514) 23 Mb
--- Starting Equ Objective_scenario: elapsed 0:00:00.949
--- main_for_lr6.gms(1498) 23 Mb
--- Starting Equ Const1_scenario: elapsed 0:00:00.950
--- main_for_lr6.gms(1503) 23 Mb
--- Starting Equ Const_chance_1_scenario: elapsed 0:00:00.953
--- main_for_lr6.gms(1573) 23 Mb
--- LOOPS rs = scen1
---   48 rows  97 columns  213 non-zeroes
--- Executing GUROBI (Solvelink=5): elapsed 0:00:00.964

Gurobi           32.2.0 rc62c018 Released Aug 26, 2020 WEI x86 64bit/MS Window

GAMS/Gurobi demo/community requires a Gurobi license from Gurobi Optimization.
*** Cannot initialize Gurobi environment.
*** Could be a missing or invalid license. (status=10009|10009)
--- Reading solution for model schedule_scenario
--- Executing after solve: elapsed 0:00:00.990
--- main_for_lr6.gms(1570) 23 Mb
--- Generating MIP model schedule_scenario
--- main_for_lr6.gms(1514) 23 Mb
--- Starting Equ Objective_scenario: elapsed 0:00:00.991
--- main_for_lr6.gms(1498) 23 Mb
--- Starting Equ Const1_scenario: elapsed 0:00:00.991
--- main_for_lr6.gms(1503) 23 Mb
--- Starting Equ Const_chance_1_scenario: elapsed 0:00:00.994
--- main_for_lr6.gms(1573) 23 Mb
--- LOOPS rs = scen2
---   48 rows  97 columns  213 non-zeroes
--- Executing GUROBI (Solvelink=5): elapsed 0:00:01.000

Gurobi           32.2.0 rc62c018 Released Aug 26, 2020 WEI x86 64bit/MS Window

GAMS/Gurobi demo/community requires a Gurobi license from Gurobi Optimization.
*** Cannot initialize Gurobi environment.
*** Could be a missing or invalid license. (status=10009|10009)
--- Reading solution for model schedule_scenario
--- Executing after solve: elapsed 0:00:01.014
--- main_for_lr6.gms(1570) 23 Mb
--- Generating MIP model schedule_scenario
--- main_for_lr6.gms(1514) 23 Mb
--- Starting Equ Objective_scenario: elapsed 0:00:01.014
--- main_for_lr6.gms(1498) 23 Mb
--- Starting Equ Const1_scenario: elapsed 0:00:01.015
--- main_for_lr6.gms(1503) 23 Mb
--- Starting Equ Const_chance_1_scenario: elapsed 0:00:01.017
--- main_for_lr6.gms(1573) 23 Mb
--- LOOPS rs = scen3
---   48 rows  97 columns  213 non-zeroes
--- Executing GUROBI (Solvelink=5): elapsed 0:00:01.023

Gurobi           32.2.0 rc62c018 Released Aug 26, 2020 WEI x86 64bit/MS Window

GAMS/Gurobi demo/community requires a Gurobi license from Gurobi Optimization.
*** Cannot initialize Gurobi environment.
*** Could be a missing or invalid license. (status=10009|10009)
--- Reading solution for model schedule_scenario
--- Executing after solve: elapsed 0:00:01.037
--- main_for_lr6.gms(1570) 23 Mb
--- Generating MIP model schedule_scenario
--- main_for_lr6.gms(1514) 23 Mb
--- Starting Equ Objective_scenario: elapsed 0:00:01.037
--- main_for_lr6.gms(1498) 23 Mb
--- Starting Equ Const1_scenario: elapsed 0:00:01.038
--- main_for_lr6.gms(1503) 23 Mb
--- Starting Equ Const_chance_1_scenario: elapsed 0:00:01.041
--- main_for_lr6.gms(1573) 23 Mb
--- LOOPS rs = scen4
---   48 rows  97 columns  213 non-zeroes
--- Executing GUROBI (Solvelink=5): elapsed 0:00:01.047

Gurobi           32.2.0 rc62c018 Released Aug 26, 2020 WEI x86 64bit/MS Window

GAMS/Gurobi demo/community requires a Gurobi license from Gurobi Optimization.
*** Cannot initialize Gurobi environment.
*** Could be a missing or invalid license. (status=10009|10009)
--- Reading solution for model schedule_scenario
--- Executing after solve: elapsed 0:00:01.061
--- main_for_lr6.gms(1570) 23 Mb
--- Generating MIP model schedule_scenario
--- main_for_lr6.gms(1514) 23 Mb
--- Starting Equ Objective_scenario: elapsed 0:00:01.061
--- main_for_lr6.gms(1498) 23 Mb
--- Starting Equ Const1_scenario: elapsed 0:00:01.062
--- main_for_lr6.gms(1503) 23 Mb
--- Starting Equ Const_chance_1_scenario: elapsed 0:00:01.065
--- main_for_lr6.gms(1573) 23 Mb
--- LOOPS rs = scen5
---   48 rows  97 columns  213 non-zeroes
--- Executing GUROBI (Solvelink=5): elapsed 0:00:01.072

Gurobi           32.2.0 rc62c018 Released Aug 26, 2020 WEI x86 64bit/MS Window

GAMS/Gurobi demo/community requires a Gurobi license from Gurobi Optimization.
*** Cannot initialize Gurobi environment.
*** Could be a missing or invalid license. (status=10009|10009)
--- Reading solution for model schedule_scenario
--- Executing after solve: elapsed 0:00:01.085
--- main_for_lr6.gms(1570) 23 Mb
--- Generating MIP model schedule_scenario
--- main_for_lr6.gms(1514) 23 Mb
--- Starting Equ Objective_scenario: elapsed 0:00:01.086
--- main_for_lr6.gms(1498) 23 Mb
--- Starting Equ Const1_scenario: elapsed 0:00:01.087
--- main_for_lr6.gms(1503) 23 Mb
--- Starting Equ Const_chance_1_scenario: elapsed 0:00:01.090
--- main_for_lr6.gms(1573) 23 Mb
--- LOOPS rs = scen6
---   48 rows  97 columns  213 non-zeroes
*** Error at line 1573: Control C Event: execution halted
--- main_for_lr6.gms(1573) 23 Mb 1 Error
*** SOLVE aborted
--- Profile Summary (1500 records processed)
     0.328   0.009GB      1494 Equation   Objective (1)
     0.157   0.022GB      1548 Solve Alg  schedule
     0.109   0.005GB      1417 Loop       
     0.109   0.022GB      1548 Solve Fini schedule (127825)
     0.047   0.023GB      1502 Equation   Const_chance_1 (14400)
     0.032   0.022GB      1573 Solve Alg  schedule_scenario
     0.031   0.018GB      1496 Equation   Const1 (13800)
     0.016   0.023GB      1498 Equation   Const1_scenario (23)
     0.016   0.022GB      1573 Solve Fini schedule_scenario (213)
     0.016   0.005GB      1408 Assignment dummysolar (8104)
--- main_for_lr6.gms(1573) 23 Mb 1 Error
*** Status: Execution error(s)
--- Job main_for_lr6.gms Stop 12/16/21 17:41:56 elapsed 0:00:01.099
