--- Job inputME.gms Start 10/01/21 11:23:21 32.2.0 rc62c018 WEX-WEI x86 64bit/MS Windows
--- Applying:
    C:\GAMS\32\gmsprmNT.txt
--- GAMS Parameters defined
    Input C:\Users\charl\OneDrive\Dokumente\A_Uni\HiWi\ArticleSubgradient\Code\SampleRun_Environment\600Scens\tol01\Scenario1\inputME.gms
    PageSize 0
    ScrDir C:\Users\charl\OneDrive\Dokumente\A_Uni\HiWi\ArticleSubgradient\Code\SampleRun_Environment\600Scens\tol01\Scenario1\225a\
    SysDir C:\GAMS\32\
    LogOption 3
    ErrMsg 1
    ErrorLog 99
    IDE 1
    LstTitleLeftAligned 1
GAMS 32.2.0   Copyright (C) 1987-2020 GAMS Development. All rights reserved
Licensee: Small MUD - 5 User License                     S200323/0001AN-GEN
          Friedrich-Alexander-Universitaet Erlangen-Nurnberg         DC7699
          C:\GAMS\32\gamslice.txt
--- Starting compilation
--- inputME.gms(22) 3 Mb
--- . wind_scenarios_600_1.csv(601) 4 Mb
--- inputME.gms(66) 4 Mb
--- . wind_costs.csv(25) 4 Mb
--- inputME.gms(138) 4 Mb
--- Starting execution: elapsed 0:00:00.053
--- inputME.gms(761) 5 Mb
*** Status: Normal completion
--- Job inputME.gms Stop 10/01/21 11:23:21 elapsed 0:00:00.223
