--- Job main_for_lr6.gms Start 07/22/22 16:37:54 32.2.0 rc62c018 WEX-WEI x86 64bit/MS Windows
--- Applying:
    C:\GAMS\32\gmsprmNT.txt
--- GAMS Parameters defined
    Input C:\Users\charl\OneDrive\Dokumente\A_Uni\HiWi\ArticleSubgradient\Code\SampleRun_Environment_Wind\900Scens\tol01\Scenario12\main_for_lr6.gms
    PageSize 0
    ScrDir C:\Users\charl\OneDrive\Dokumente\A_Uni\HiWi\ArticleSubgradient\Code\SampleRun_Environment_Wind\900Scens\tol01\Scenario12\225a\
    SysDir C:\GAMS\32\
    LogOption 3
    ErrMsg 1
    ErrorLog 99
    IDE 1
    LstTitleLeftAligned 1
GAMS 32.2.0   Copyright (C) 1987-2020 GAMS Development. All rights reserved
Licensee: Small MUD - 5 User License                     S200323/0001AN-GEN
          Friedrich-Alexander-Universitaet Erlangen-Nurnberg         DC7699
          C:\GAMS\32\gamslice.txt
--- Starting compilation
--- main_for_lr6.gms(10) 2 Mb
--- . input.gms(13) 3 Mb
--- .. wind_costs.csv(25) 3 Mb
--- . input.gms(23) 3 Mb
--- .. wind_scenarios.csv(901) 4 Mb
--- . input.gms(107) 4 Mb
--- main_for_lr6.gms(11) 4 Mb
--- . subgradient_parameters.gms(33) 4 Mb
--- main_for_lr6.gms(12) 4 Mb
--- . equations.gms(118) 4 Mb
--- main_for_lr6.gms(13) 4 Mb
--- . lp_lowerbound.gms(12) 4 Mb
--- main_for_lr6.gms(14) 4 Mb
--- . heuristic_upperbound.gms(10) 4 Mb
--- .. sampled_dynamic.csv(25) 4 Mb
--- . heuristic_upperbound.gms(49) 4 Mb
--- main_for_lr6.gms(31) 4 Mb
--- call csv2gdx Naive.csv id=nv index=1 values=2..lastCol useHeader=y
No errors, CSV2GDX time = 15ms
--- main_for_lr6.gms(32) 4 Mb
--- GDXin=C:\Users\charl\OneDrive\Dokumente\A_Uni\HiWi\ArticleSubgradient\Code\SampleRun_Environment_Wind\900Scens\tol01\Scenario12\Naive.gdx
--- main_for_lr6.gms(80) 4 Mb
--- . plain_lr.gms(16) 4 Mb
--- main_for_lr6.gms(86) 4 Mb
--- . LR_updates.gms(18) 4 Mb
--- .. stepsizes.gms(21) 4 Mb
--- . LR_updates.gms(59) 4 Mb
--- main_for_lr6.gms(106) 4 Mb
--- Starting execution: elapsed 0:00:00.463
--- main_for_lr6.gms(1200) 10 Mb
--- Generating RMIP model schedule
--- main_for_lr6.gms(1118) 10 Mb
--- Starting Equ Objective: elapsed 0:00:00.601
--- main_for_lr6.gms(1126) 15 Mb
--- Starting Equ Const1_1: elapsed 0:00:01.556
--- main_for_lr6.gms(1134) 27 Mb
--- Starting Equ Const1_2: elapsed 0:00:01.603
--- main_for_lr6.gms(1141) 27 Mb
--- Starting Equ Const_3_1: elapsed 0:00:01.617
--- main_for_lr6.gms(1144) 34 Mb
--- Starting Equ Const_3_2: elapsed 0:00:01.716
--- main_for_lr6.gms(1150) 40 Mb
--- Starting Equ Const_4_1: elapsed 0:00:01.807
--- main_for_lr6.gms(1154) 44 Mb
--- Starting Equ Const_4_2: elapsed 0:00:02.062
--- main_for_lr6.gms(1158) 48 Mb
--- Starting Equ Const_5: elapsed 0:00:02.255
--- main_for_lr6.gms(1163) 54 Mb
--- Starting Equ Const_6: elapsed 0:00:02.336
--- main_for_lr6.gms(1201) 61 Mb
---   144,002 rows  87,325 columns  661,525 non-zeroes
---   22,500 discrete-columns
--- Executing GUROBI (Solvelink=2): elapsed 0:00:02.845

Gurobi           32.2.0 rc62c018 Released Aug 26, 2020 WEI x86 64bit/MS Window

Gurobi link license.
*** Cannot initialize Gurobi environment.
*** Could be a missing or invalid license. (status=10009|10009)
--- Reading solution for model schedule
--- Executing after solve: elapsed 0:00:03.622
--- main_for_lr6.gms(1261) 61 Mb
--- Generating MIP model SCHEDULEFIX
--- main_for_lr6.gms(1116) 61 Mb
--- Starting Equ ObjectiveFIX: elapsed 0:00:03.622
--- main_for_lr6.gms(1128) 61 Mb
--- Starting Equ Const1_1FIX: elapsed 0:00:04.639
--- main_for_lr6.gms(1135) 61 Mb
--- Starting Equ Const1_2FIX: elapsed 0:00:04.793
--- main_for_lr6.gms(1140) 61 Mb
--- Starting Equ Const_3_1FIX: elapsed 0:00:04.815
--- main_for_lr6.gms(1146) 61 Mb
--- Starting Equ Const_3_2FIX: elapsed 0:00:04.998
--- main_for_lr6.gms(1152) 61 Mb
--- Starting Equ Const_4_1FIX: elapsed 0:00:05.179
--- main_for_lr6.gms(1156) 61 Mb
--- Starting Equ Const_4_2FIX: elapsed 0:00:05.505
--- main_for_lr6.gms(1160) 61 Mb
--- Starting Equ Const_5FIX: elapsed 0:00:05.757
--- main_for_lr6.gms(1165) 61 Mb
--- Starting Equ Const_6FIX: elapsed 0:00:05.891
--- main_for_lr6.gms(1264) 61 Mb
--- LOOPS iterFIX = iter1
---   144,002 rows  87,325 columns  661,525 non-zeroes
---   22,500 discrete-columns
*** Error at line 1264: Control C Event: execution halted
--- main_for_lr6.gms(1264) 61 Mb 1 Error
*** SOLVE aborted
--- Profile Summary (818 records processed)
     1.031   0.061GB      1116 Equation   ObjectiveFIX (1)
     0.953   0.015GB      1118 Equation   Objective (1)
     0.719   0.061GB      1201 Solve Alg  schedule
     0.641   0.061GB      1264 Solve Fini SCHEDULEFIX (661525)
     0.406   0.061GB      1201 Solve Fini schedule (661525)
     0.328   0.061GB      1152 Equation   Const_4_1FIX (19800)
     0.266   0.044GB      1150 Equation   Const_4_1 (19800)
     0.250   0.061GB      1156 Equation   Const_4_2FIX (19800)
     0.187   0.061GB      1165 Equation   Const_6FIX (20700)
     0.187   0.048GB      1154 Equation   Const_4_2 (19800)
--- main_for_lr6.gms(1264) 61 Mb 1 Error
*** Status: Execution error(s)
--- Job main_for_lr6.gms Stop 07/22/22 16:38:01 elapsed 0:00:06.776
