--- Job main_for_naive.gms Start 03/24/22 16:22:55 32.2.0 rc62c018 WEX-WEI x86 64bit/MS Windows
--- Applying:
    C:\GAMS\32\gmsprmNT.txt
--- GAMS Parameters defined
    Input C:\Users\charl\OneDrive\Dokumente\A_Uni\HiWi\projectTSAM\Code\Wind\100Scens\tol05\main_for_naive.gms
    PageSize 0
    ScrDir C:\Users\charl\OneDrive\Dokumente\A_Uni\HiWi\projectTSAM\Code\Wind\100Scens\tol05\225a\
    SysDir C:\GAMS\32\
    LogOption 3
    ErrMsg 1
    ErrorLog 99
    IDE 1
    LstTitleLeftAligned 1
GAMS 32.2.0   Copyright (C) 1987-2020 GAMS Development. All rights reserved
Licensee: Small MUD - 5 User License                     S200323/0001AN-GEN
          Friedrich-Alexander-Universitaet Erlangen-Nurnberg         DC7699
          C:\GAMS\32\gamslice.txt
--- Starting compilation
--- main_for_naive.gms(13) 2 Mb
--- . input.gms(14) 3 Mb
--- .. wind_costs.csv(25) 3 Mb
--- . input.gms(25) 3 Mb
--- .. wind_scenarios.csv(101) 3 Mb
--- . input.gms(55) 3 Mb
--- .. sampled_dynamic_hi.csv(25) 3 Mb
--- . input.gms(128) 3 Mb
--- main_for_naive.gms(14) 3 Mb
--- . subgradient_parameters.gms(35) 3 Mb
--- main_for_naive.gms(16) 3 Mb
--- . equations.gms(123) 3 Mb
--- main_for_naive.gms(51) 3 Mb
--- Starting execution: elapsed 0:00:00.016
--- main_for_naive.gms(460) 5 Mb
--- Generating MIP model schedule
--- main_for_naive.gms(370) 5 Mb
--- Starting Equ Objective: elapsed 0:00:00.027
--- main_for_naive.gms(379) 5 Mb
--- Starting Equ Const1_1: elapsed 0:00:00.087
--- main_for_naive.gms(388) 7 Mb
--- Starting Equ Const1_2: elapsed 0:00:00.091
--- main_for_naive.gms(397) 7 Mb
--- Starting Equ Const_3_1: elapsed 0:00:00.091
--- main_for_naive.gms(400) 7 Mb
--- Starting Equ Const_3_2: elapsed 0:00:00.100
--- main_for_naive.gms(406) 8 Mb
--- Starting Equ Const_4_1: elapsed 0:00:00.112
--- main_for_naive.gms(410) 8 Mb
--- Starting Equ Const_4_2: elapsed 0:00:00.133
--- main_for_naive.gms(414) 9 Mb
--- Starting Equ Const_5: elapsed 0:00:00.149
--- main_for_naive.gms(419) 9 Mb
--- Starting Equ Const_6: elapsed 0:00:00.155
--- main_for_naive.gms(461) 10 Mb
---   16,002 rows  9,725 columns  73,525 non-zeroes
---   2,500 discrete-columns
--- Executing GUROBI (Solvelink=2): elapsed 0:00:00.210

Gurobi           32.2.0 rc62c018 Released Aug 26, 2020 WEI x86 64bit/MS Window

Gurobi link license.
*** Cannot initialize Gurobi environment.
*** Could be a missing or invalid license. (status=10009|10009)
--- Reading solution for model schedule
--- Executing after solve: elapsed 0:00:00.310
--- main_for_naive.gms(487) 10 Mb
--- Putfile TestingFile3 C:\Users\charl\OneDrive\Dokumente\A_Uni\HiWi\projectTSAM\Code\Wind\100Scens\tol05\Naive.csv
--- Profile Summary (524 records processed)
     0.110   0.010GB       461 Solve Alg  schedule
     0.047   0.005GB       370 Equation   Objective (1)
     0.031   0.010GB       461 Solve Fini schedule (73525)
     0.016   0.007GB       379 Equation   Const1_1 (2400)
     0.016   0.008GB       400 Equation   Const_3_2 (2300)
     0.016   0.009GB       410 Equation   Const_4_2 (2200)
     0.016   0.010GB       419 Equation   Const_6 (2300)
     0.015   0.009GB       414 Equation   Const_5 (2300)
     0.015   0.004GB       289 Assignment BigM (2400)
     0.015   0.008GB       406 Equation   Const_4_1 (2200)
*** Status: Normal completion
--- Job main_for_naive.gms Stop 03/24/22 16:22:55 elapsed 0:00:00.313
