--- Job fixed_problem_hi.gms Start 05/16/22 20:21:57 32.2.0 rc62c018 WEX-WEI x86 64bit/MS Windows
--- Applying:
    C:\GAMS\32\gmsprmNT.txt
--- GAMS Parameters defined
    Input C:\Users\charl\OneDrive\Dokumente\A_Uni\HiWi\ArticleSubgradient\Code\SampleRun_Environment_Solar\600Scens\tol01\Scenario1\fixed_problem_hi.gms
    PageSize 0
    ScrDir C:\Users\charl\OneDrive\Dokumente\A_Uni\HiWi\ArticleSubgradient\Code\SampleRun_Environment_Solar\600Scens\tol01\Scenario1\225d\
    SysDir C:\GAMS\32\
    LogOption 3
    ErrMsg 1
    ErrorLog 99
    IDE 1
    LstTitleLeftAligned 1
GAMS 32.2.0   Copyright (C) 1987-2020 GAMS Development. All rights reserved
Licensee: Small MUD - 5 User License                     S200323/0001AN-GEN
          Friedrich-Alexander-Universitaet Erlangen-Nurnberg         DC7699
          C:\GAMS\32\gamslice.txt
--- Starting compilation
--- fixed_problem_hi.gms(29) 3 Mb
--- . solar_scenarios.csv(601) 3 Mb
--- fixed_problem_hi.gms(50) 3 Mb
--- . sampled_dynamic_hi.csv(25) 3 Mb
--- fixed_problem_hi.gms(59) 3 Mb
--- . battery_revenue.csv(25) 3 Mb
--- fixed_problem_hi.gms(213) 3 Mb
--- Starting execution: elapsed 0:00:00.048
--- fixed_problem_hi.gms(830) 8 Mb
--- Generating MIP model schedule
--- fixed_problem_hi.gms(801) 8 Mb
--- Starting Equ Objective: elapsed 0:00:00.094
--- fixed_problem_hi.gms(803) 9 Mb
--- Starting Equ Const1: elapsed 0:00:00.353
--- fixed_problem_hi.gms(806) 18 Mb
--- Starting Equ Const_chance_1: elapsed 0:00:00.386
--- fixed_problem_hi.gms(809) 23 Mb
--- Starting Equ Const_chance_2: elapsed 0:00:00.424
--- fixed_problem_hi.gms(833) 23 Mb
--- LOOPS iter = iter1
---   28,202 rows  43,825 columns  127,825 non-zeroes
---   600 discrete-columns
--- Executing GUROBI (Solvelink=2): elapsed 0:00:00.503

Gurobi           32.2.0 rc62c018 Released Aug 26, 2020 WEI x86 64bit/MS Window

Gurobi link license.
*** Cannot initialize Gurobi environment.
*** Could be a missing or invalid license. (status=10009|10009)
--- Reading solution for model schedule
--- Executing after solve: elapsed 0:00:00.618
--- fixed_problem_hi.gms(830) 23 Mb
--- Generating MIP model schedule
--- fixed_problem_hi.gms(801) 23 Mb
--- Starting Equ Objective: elapsed 0:00:00.618
--- fixed_problem_hi.gms(803) 23 Mb
--- Starting Equ Const1: elapsed 0:00:00.836
--- fixed_problem_hi.gms(806) 23 Mb
--- Starting Equ Const_chance_1: elapsed 0:00:00.881
--- fixed_problem_hi.gms(809) 23 Mb
--- Starting Equ Const_chance_2: elapsed 0:00:00.922
--- fixed_problem_hi.gms(833) 23 Mb
--- LOOPS iter = iter2
---   28,202 rows  43,825 columns  127,825 non-zeroes
---   600 discrete-columns
--- Executing GUROBI (Solvelink=2): elapsed 0:00:00.998

Gurobi           32.2.0 rc62c018 Released Aug 26, 2020 WEI x86 64bit/MS Window

Gurobi link license.
*** Cannot initialize Gurobi environment.
*** Could be a missing or invalid license. (status=10009|10009)
--- Reading solution for model schedule
--- Executing after solve: elapsed 0:00:01.086
--- fixed_problem_hi.gms(830) 23 Mb
--- Generating MIP model schedule
--- fixed_problem_hi.gms(801) 23 Mb
--- Starting Equ Objective: elapsed 0:00:01.086
--- fixed_problem_hi.gms(803) 23 Mb
--- Starting Equ Const1: elapsed 0:00:01.287
--- fixed_problem_hi.gms(806) 23 Mb
--- Starting Equ Const_chance_1: elapsed 0:00:01.335
--- fixed_problem_hi.gms(809) 23 Mb
--- Starting Equ Const_chance_2: elapsed 0:00:01.381
--- fixed_problem_hi.gms(833) 23 Mb
--- LOOPS iter = iter3
---   28,202 rows  43,825 columns  127,825 non-zeroes
---   600 discrete-columns
--- Executing GUROBI (Solvelink=2): elapsed 0:00:01.461

Gurobi           32.2.0 rc62c018 Released Aug 26, 2020 WEI x86 64bit/MS Window

Gurobi link license.
*** Cannot initialize Gurobi environment.
*** Could be a missing or invalid license. (status=10009|10009)
--- Reading solution for model schedule
--- Executing after solve: elapsed 0:00:01.544
--- fixed_problem_hi.gms(830) 23 Mb
--- Generating MIP model schedule
--- fixed_problem_hi.gms(801) 23 Mb
--- Starting Equ Objective: elapsed 0:00:01.544
--- fixed_problem_hi.gms(803) 23 Mb
--- Starting Equ Const1: elapsed 0:00:01.750
--- fixed_problem_hi.gms(806) 23 Mb
--- Starting Equ Const_chance_1: elapsed 0:00:01.805
--- fixed_problem_hi.gms(809) 23 Mb
--- Starting Equ Const_chance_2: elapsed 0:00:01.859
*** Error at line 806: Execution halted: Triggered by pending CtrlC event
--- fixed_problem_hi.gms(833) 23 Mb 1 Error
*** SOLVE aborted
--- Profile Summary (606 records processed)
     0.250   0.009GB       801 Equation   Objective (1)
     0.219   0.022GB       801 Equation   Objective (1)
     0.203   0.022GB       801 Equation   Objective (1)
     0.203   0.022GB       801 Equation   Objective (1)
     0.109   0.022GB       833 Solve Alg  schedule
     0.078   0.022GB       833 Solve Alg  schedule
     0.078   0.022GB       833 Solve Fini schedule (127825)
     0.078   0.022GB       833 Solve Fini schedule (127825)
     0.078   0.022GB       833 Solve Alg  schedule
     0.078   0.022GB       833 Solve Fini schedule (127825)
--- fixed_problem_hi.gms(833) 23 Mb 1 Error
*** Status: Execution error(s)
--- Job fixed_problem_hi.gms Stop 05/16/22 20:21:59 elapsed 0:00:01.896
