--- Job Naive_LR_solving.gms Start 11/18/21 10:53:01 32.2.0 rc62c018 WEX-WEI x86 64bit/MS Windows
--- Applying:
    C:\GAMS\32\gmsprmNT.txt
--- GAMS Parameters defined
    Input C:\Users\charl\OneDrive\Dokumente\A_Uni\HiWi\ArticleSubgradient\Code\SampleRun_Environment_Solar\600Scens\tol01\Scenario1\Naive_LR_solving.gms
    PageSize 0
    ScrDir C:\Users\charl\OneDrive\Dokumente\A_Uni\HiWi\ArticleSubgradient\Code\SampleRun_Environment_Solar\600Scens\tol01\Scenario1\225d\
    SysDir C:\GAMS\32\
    LogOption 3
    ErrMsg 1
    ErrorLog 99
    IDE 1
    LstTitleLeftAligned 1
GAMS 32.2.0   Copyright (C) 1987-2020 GAMS Development. All rights reserved
Licensee: Small MUD - 5 User License                     S200323/0001AN-GEN
          Friedrich-Alexander-Universitaet Erlangen-Nurnberg         DC7699
          C:\GAMS\32\gamslice.txt
--- Starting compilation
--- Naive_LR_solving.gms(19) 2 Mb
--- . inputME.gms(14) 3 Mb
--- .. solar_scenarios_600_1.csv(601) 3 Mb
--- . inputME.gms(36) 3 Mb
--- .. scenario_sorted_600_1_01.csv(601) 3 Mb
--- . inputME.gms(116) 3 Mb
--- .. battery_revenue.csv(25) 3 Mb
--- . inputME.gms(185) 3 Mb
--- Naive_LR_solving.gms(20) 3 Mb
--- . subgradient_parameters.gms(33) 3 Mb
--- Naive_LR_solving.gms(22) 3 Mb
--- . equations_all.gms(76) 3 Mb
--- Naive_LR_solving.gms(23) 3 Mb
--- . lp_lowerbound.gms(12) 3 Mb
--- Naive_LR_solving.gms(24) 3 Mb
--- . heuristic_upperbound.gms(58) 3 Mb
--- Naive_LR_solving.gms(117) 3 Mb
--- . plain_lr.gms(13) 3 Mb
--- Naive_LR_solving.gms(123) 3 Mb
--- . LR_updates.gms(18) 3 Mb
--- .. stepsizes.gms(21) 3 Mb
--- . LR_updates.gms(43) 3 Mb
--- Naive_LR_solving.gms(149) 3 Mb
--- Starting execution: elapsed 0:00:00.163
--- Naive_LR_solving.gms(1547) 8 Mb
--- Generating RMIP model schedule
--- Naive_LR_solving.gms(1494) 8 Mb
--- Starting Equ Objective: elapsed 0:00:00.265
--- Naive_LR_solving.gms(1496) 9 Mb
--- Starting Equ Const1: elapsed 0:00:00.631
--- Naive_LR_solving.gms(1502) 18 Mb
--- Starting Equ Const_chance_1: elapsed 0:00:00.665
--- Naive_LR_solving.gms(1509) 23 Mb
--- Starting Equ Const_chance_2: elapsed 0:00:00.724
--- Naive_LR_solving.gms(1548) 23 Mb
---   28,202 rows  43,825 columns  127,825 non-zeroes
---   600 discrete-columns
--- Executing GUROBI (Solvelink=2): elapsed 0:00:00.948

Gurobi           32.2.0 rc62c018 Released Aug 26, 2020 WEI x86 64bit/MS Window

Gurobi link license.
*** Cannot initialize Gurobi environment.
*** Could be a missing or invalid license. (status=10009|10009)
--- Reading solution for model schedule
--- Executing after solve: elapsed 0:00:01.414
--- Naive_LR_solving.gms(1570) 23 Mb
--- Generating MIP model schedule_scenario
--- Naive_LR_solving.gms(1514) 23 Mb
--- Starting Equ Objective_scenario: elapsed 0:00:01.414
--- Naive_LR_solving.gms(1498) 23 Mb
--- Starting Equ Const1_scenario: elapsed 0:00:01.415
--- Naive_LR_solving.gms(1503) 23 Mb
--- Starting Equ Const_chance_1_scenario: elapsed 0:00:01.419
--- Naive_LR_solving.gms(1573) 23 Mb
--- LOOPS rs = scen1
---   48 rows  97 columns  213 non-zeroes
--- Executing GUROBI (Solvelink=5): elapsed 0:00:01.430

Gurobi           32.2.0 rc62c018 Released Aug 26, 2020 WEI x86 64bit/MS Window

GAMS/Gurobi demo/community requires a Gurobi license from Gurobi Optimization.
*** Cannot initialize Gurobi environment.
*** Could be a missing or invalid license. (status=10009|10009)
--- Reading solution for model schedule_scenario
--- Executing after solve: elapsed 0:00:01.475
--- Naive_LR_solving.gms(1570) 23 Mb
--- Generating MIP model schedule_scenario
--- Naive_LR_solving.gms(1514) 23 Mb
--- Starting Equ Objective_scenario: elapsed 0:00:01.476
--- Naive_LR_solving.gms(1498) 23 Mb
--- Starting Equ Const1_scenario: elapsed 0:00:01.476
--- Naive_LR_solving.gms(1503) 23 Mb
--- Starting Equ Const_chance_1_scenario: elapsed 0:00:01.478
--- Naive_LR_solving.gms(1573) 23 Mb
--- LOOPS rs = scen2
---   48 rows  97 columns  213 non-zeroes
--- Executing GUROBI (Solvelink=5): elapsed 0:00:01.485

Gurobi           32.2.0 rc62c018 Released Aug 26, 2020 WEI x86 64bit/MS Window

GAMS/Gurobi demo/community requires a Gurobi license from Gurobi Optimization.
*** Cannot initialize Gurobi environment.
*** Could be a missing or invalid license. (status=10009|10009)
--- Reading solution for model schedule_scenario
--- Executing after solve: elapsed 0:00:01.499
--- Naive_LR_solving.gms(1570) 23 Mb
--- Generating MIP model schedule_scenario
--- Naive_LR_solving.gms(1514) 23 Mb
--- Starting Equ Objective_scenario: elapsed 0:00:01.499
--- Naive_LR_solving.gms(1498) 23 Mb
--- Starting Equ Const1_scenario: elapsed 0:00:01.500
--- Naive_LR_solving.gms(1503) 23 Mb
--- Starting Equ Const_chance_1_scenario: elapsed 0:00:01.507
--- Naive_LR_solving.gms(1573) 23 Mb
--- LOOPS rs = scen3
---   48 rows  97 columns  213 non-zeroes
--- Executing GUROBI (Solvelink=5): elapsed 0:00:01.516

Gurobi           32.2.0 rc62c018 Released Aug 26, 2020 WEI x86 64bit/MS Window

GAMS/Gurobi demo/community requires a Gurobi license from Gurobi Optimization.
*** Cannot initialize Gurobi environment.
*** Could be a missing or invalid license. (status=10009|10009)
--- Reading solution for model schedule_scenario
--- Executing after solve: elapsed 0:00:01.532
--- Naive_LR_solving.gms(1570) 23 Mb
--- Generating MIP model schedule_scenario
--- Naive_LR_solving.gms(1514) 23 Mb
--- Starting Equ Objective_scenario: elapsed 0:00:01.532
--- Naive_LR_solving.gms(1498) 23 Mb
--- Starting Equ Const1_scenario: elapsed 0:00:01.533
--- Naive_LR_solving.gms(1503) 23 Mb
--- Starting Equ Const_chance_1_scenario: elapsed 0:00:01.536
--- Naive_LR_solving.gms(1573) 23 Mb
--- LOOPS rs = scen4
---   48 rows  97 columns  213 non-zeroes
--- Executing GUROBI (Solvelink=5): elapsed 0:00:01.544

Gurobi           32.2.0 rc62c018 Released Aug 26, 2020 WEI x86 64bit/MS Window

GAMS/Gurobi demo/community requires a Gurobi license from Gurobi Optimization.
*** Cannot initialize Gurobi environment.
*** Could be a missing or invalid license. (status=10009|10009)
--- Reading solution for model schedule_scenario
--- Executing after solve: elapsed 0:00:01.571
--- Naive_LR_solving.gms(1570) 23 Mb
--- Generating MIP model schedule_scenario
--- Naive_LR_solving.gms(1514) 23 Mb
--- Starting Equ Objective_scenario: elapsed 0:00:01.571
--- Naive_LR_solving.gms(1498) 23 Mb
--- Starting Equ Const1_scenario: elapsed 0:00:01.571
--- Naive_LR_solving.gms(1503) 23 Mb
--- Starting Equ Const_chance_1_scenario: elapsed 0:00:01.574
--- Naive_LR_solving.gms(1573) 23 Mb
--- LOOPS rs = scen5
---   48 rows  97 columns  213 non-zeroes
--- Executing GUROBI (Solvelink=5): elapsed 0:00:01.581

Gurobi           32.2.0 rc62c018 Released Aug 26, 2020 WEI x86 64bit/MS Window

GAMS/Gurobi demo/community requires a Gurobi license from Gurobi Optimization.
*** Cannot initialize Gurobi environment.
*** Could be a missing or invalid license. (status=10009|10009)
--- Reading solution for model schedule_scenario
--- Executing after solve: elapsed 0:00:01.602
--- Naive_LR_solving.gms(1570) 23 Mb
--- Generating MIP model schedule_scenario
--- Naive_LR_solving.gms(1514) 23 Mb
--- Starting Equ Objective_scenario: elapsed 0:00:01.602
--- Naive_LR_solving.gms(1498) 23 Mb
--- Starting Equ Const1_scenario: elapsed 0:00:01.603
--- Naive_LR_solving.gms(1503) 23 Mb
--- Starting Equ Const_chance_1_scenario: elapsed 0:00:01.608
--- Naive_LR_solving.gms(1573) 23 Mb
--- LOOPS rs = scen6
---   48 rows  97 columns  213 non-zeroes
--- Executing GUROBI (Solvelink=5): elapsed 0:00:01.616

Gurobi           32.2.0 rc62c018 Released Aug 26, 2020 WEI x86 64bit/MS Window

GAMS/Gurobi demo/community requires a Gurobi license from Gurobi Optimization.
*** Cannot initialize Gurobi environment.
*** Could be a missing or invalid license. (status=10009|10009)
--- Reading solution for model schedule_scenario
--- Executing after solve: elapsed 0:00:01.630
--- Naive_LR_solving.gms(1570) 23 Mb
--- Generating MIP model schedule_scenario
--- Naive_LR_solving.gms(1514) 23 Mb
--- Starting Equ Objective_scenario: elapsed 0:00:01.630
--- Naive_LR_solving.gms(1498) 23 Mb
--- Starting Equ Const1_scenario: elapsed 0:00:01.630
--- Naive_LR_solving.gms(1503) 23 Mb
--- Starting Equ Const_chance_1_scenario: elapsed 0:00:01.634
--- Naive_LR_solving.gms(1573) 23 Mb
--- LOOPS rs = scen7
---   48 rows  97 columns  213 non-zeroes
--- Executing GUROBI (Solvelink=5): elapsed 0:00:01.643

Gurobi           32.2.0 rc62c018 Released Aug 26, 2020 WEI x86 64bit/MS Window

GAMS/Gurobi demo/community requires a Gurobi license from Gurobi Optimization.
*** Cannot initialize Gurobi environment.
*** Could be a missing or invalid license. (status=10009|10009)
--- Reading solution for model schedule_scenario
--- Executing after solve: elapsed 0:00:01.665
--- Naive_LR_solving.gms(1570) 23 Mb
--- Generating MIP model schedule_scenario
--- Naive_LR_solving.gms(1514) 23 Mb
--- Starting Equ Objective_scenario: elapsed 0:00:01.665
--- Naive_LR_solving.gms(1498) 23 Mb
--- Starting Equ Const1_scenario: elapsed 0:00:01.666
--- Naive_LR_solving.gms(1503) 23 Mb
--- Starting Equ Const_chance_1_scenario: elapsed 0:00:01.670
--- Naive_LR_solving.gms(1573) 23 Mb
--- LOOPS rs = scen8
---   48 rows  97 columns  213 non-zeroes
--- Executing GUROBI (Solvelink=5): elapsed 0:00:01.678

Gurobi           32.2.0 rc62c018 Released Aug 26, 2020 WEI x86 64bit/MS Window

GAMS/Gurobi demo/community requires a Gurobi license from Gurobi Optimization.
*** Cannot initialize Gurobi environment.
*** Could be a missing or invalid license. (status=10009|10009)
--- Reading solution for model schedule_scenario
--- Executing after solve: elapsed 0:00:01.691
--- Naive_LR_solving.gms(1570) 23 Mb
--- Generating MIP model schedule_scenario
--- Naive_LR_solving.gms(1514) 23 Mb
--- Starting Equ Objective_scenario: elapsed 0:00:01.692
--- Naive_LR_solving.gms(1498) 23 Mb
--- Starting Equ Const1_scenario: elapsed 0:00:01.693
--- Naive_LR_solving.gms(1503) 23 Mb
--- Starting Equ Const_chance_1_scenario: elapsed 0:00:01.700
--- Naive_LR_solving.gms(1573) 23 Mb
--- LOOPS rs = scen9
---   48 rows  97 columns  213 non-zeroes
--- Executing GUROBI (Solvelink=5): elapsed 0:00:01.709

Gurobi           32.2.0 rc62c018 Released Aug 26, 2020 WEI x86 64bit/MS Window

GAMS/Gurobi demo/community requires a Gurobi license from Gurobi Optimization.
*** Cannot initialize Gurobi environment.
*** Could be a missing or invalid license. (status=10009|10009)
--- Reading solution for model schedule_scenario
--- Executing after solve: elapsed 0:00:01.731
--- Naive_LR_solving.gms(1570) 23 Mb
--- Generating MIP model schedule_scenario
--- Naive_LR_solving.gms(1514) 23 Mb
--- Starting Equ Objective_scenario: elapsed 0:00:01.731
--- Naive_LR_solving.gms(1498) 23 Mb
--- Starting Equ Const1_scenario: elapsed 0:00:01.732
--- Naive_LR_solving.gms(1503) 23 Mb
--- Starting Equ Const_chance_1_scenario: elapsed 0:00:01.738
--- Naive_LR_solving.gms(1573) 23 Mb
--- LOOPS rs = scen10
---   48 rows  97 columns  213 non-zeroes
--- Executing GUROBI (Solvelink=5): elapsed 0:00:01.747

Gurobi           32.2.0 rc62c018 Released Aug 26, 2020 WEI x86 64bit/MS Window

GAMS/Gurobi demo/community requires a Gurobi license from Gurobi Optimization.
*** Cannot initialize Gurobi environment.
*** Could be a missing or invalid license. (status=10009|10009)
--- Reading solution for model schedule_scenario
--- Executing after solve: elapsed 0:00:01.765
--- Naive_LR_solving.gms(1570) 23 Mb
--- Generating MIP model schedule_scenario
--- Naive_LR_solving.gms(1514) 23 Mb
--- Starting Equ Objective_scenario: elapsed 0:00:01.765
--- Naive_LR_solving.gms(1498) 23 Mb
--- Starting Equ Const1_scenario: elapsed 0:00:01.766
--- Naive_LR_solving.gms(1503) 23 Mb
--- Starting Equ Const_chance_1_scenario: elapsed 0:00:01.769
--- Naive_LR_solving.gms(1573) 23 Mb
--- LOOPS rs = scen11
---   48 rows  97 columns  213 non-zeroes
--- Executing GUROBI (Solvelink=5): elapsed 0:00:01.776

Gurobi           32.2.0 rc62c018 Released Aug 26, 2020 WEI x86 64bit/MS Window

GAMS/Gurobi demo/community requires a Gurobi license from Gurobi Optimization.
*** Cannot initialize Gurobi environment.
*** Could be a missing or invalid license. (status=10009|10009)
--- Reading solution for model schedule_scenario
--- Executing after solve: elapsed 0:00:01.792
--- Naive_LR_solving.gms(1570) 23 Mb
--- Generating MIP model schedule_scenario
--- Naive_LR_solving.gms(1514) 23 Mb
--- Starting Equ Objective_scenario: elapsed 0:00:01.793
--- Naive_LR_solving.gms(1498) 23 Mb
--- Starting Equ Const1_scenario: elapsed 0:00:01.793
--- Naive_LR_solving.gms(1503) 23 Mb
--- Starting Equ Const_chance_1_scenario: elapsed 0:00:01.796
--- Naive_LR_solving.gms(1573) 23 Mb
--- LOOPS rs = scen12
---   48 rows  97 columns  213 non-zeroes
--- Executing GUROBI (Solvelink=5): elapsed 0:00:01.802

Gurobi           32.2.0 rc62c018 Released Aug 26, 2020 WEI x86 64bit/MS Window

GAMS/Gurobi demo/community requires a Gurobi license from Gurobi Optimization.
*** Cannot initialize Gurobi environment.
*** Could be a missing or invalid license. (status=10009|10009)
--- Reading solution for model schedule_scenario
--- Executing after solve: elapsed 0:00:01.816
--- Naive_LR_solving.gms(1570) 23 Mb
--- Generating MIP model schedule_scenario
--- Naive_LR_solving.gms(1514) 23 Mb
--- Starting Equ Objective_scenario: elapsed 0:00:01.817
--- Naive_LR_solving.gms(1498) 23 Mb
--- Starting Equ Const1_scenario: elapsed 0:00:01.817
--- Naive_LR_solving.gms(1503) 23 Mb
--- Starting Equ Const_chance_1_scenario: elapsed 0:00:01.820
--- Naive_LR_solving.gms(1573) 23 Mb
--- LOOPS rs = scen13
---   48 rows  97 columns  213 non-zeroes
--- Executing GUROBI (Solvelink=5): elapsed 0:00:01.827

Gurobi           32.2.0 rc62c018 Released Aug 26, 2020 WEI x86 64bit/MS Window

GAMS/Gurobi demo/community requires a Gurobi license from Gurobi Optimization.
*** Cannot initialize Gurobi environment.
*** Could be a missing or invalid license. (status=10009|10009)
--- Reading solution for model schedule_scenario
--- Executing after solve: elapsed 0:00:01.841
--- Naive_LR_solving.gms(1570) 23 Mb
--- Generating MIP model schedule_scenario
--- Naive_LR_solving.gms(1514) 23 Mb
--- Starting Equ Objective_scenario: elapsed 0:00:01.842
--- Naive_LR_solving.gms(1498) 23 Mb
--- Starting Equ Const1_scenario: elapsed 0:00:01.843
--- Naive_LR_solving.gms(1503) 23 Mb
--- Starting Equ Const_chance_1_scenario: elapsed 0:00:01.852
--- Naive_LR_solving.gms(1573) 23 Mb
--- LOOPS rs = scen14
---   48 rows  97 columns  213 non-zeroes
--- Executing GUROBI (Solvelink=5): elapsed 0:00:01.862

Gurobi           32.2.0 rc62c018 Released Aug 26, 2020 WEI x86 64bit/MS Window

GAMS/Gurobi demo/community requires a Gurobi license from Gurobi Optimization.
*** Cannot initialize Gurobi environment.
*** Could be a missing or invalid license. (status=10009|10009)
--- Reading solution for model schedule_scenario
--- Executing after solve: elapsed 0:00:01.885
--- Naive_LR_solving.gms(1570) 23 Mb
--- Generating MIP model schedule_scenario
--- Naive_LR_solving.gms(1514) 23 Mb
--- Starting Equ Objective_scenario: elapsed 0:00:01.886
--- Naive_LR_solving.gms(1498) 23 Mb
--- Starting Equ Const1_scenario: elapsed 0:00:01.886
--- Naive_LR_solving.gms(1503) 23 Mb
--- Starting Equ Const_chance_1_scenario: elapsed 0:00:01.890
--- Naive_LR_solving.gms(1573) 23 Mb
--- LOOPS rs = scen15
---   48 rows  97 columns  213 non-zeroes
--- Executing GUROBI (Solvelink=5): elapsed 0:00:01.896

Gurobi           32.2.0 rc62c018 Released Aug 26, 2020 WEI x86 64bit/MS Window

GAMS/Gurobi demo/community requires a Gurobi license from Gurobi Optimization.
*** Cannot initialize Gurobi environment.
*** Could be a missing or invalid license. (status=10009|10009)
--- Reading solution for model schedule_scenario
--- Executing after solve: elapsed 0:00:01.910
--- Naive_LR_solving.gms(1570) 23 Mb
--- Generating MIP model schedule_scenario
--- Naive_LR_solving.gms(1514) 23 Mb
--- Starting Equ Objective_scenario: elapsed 0:00:01.910
--- Naive_LR_solving.gms(1498) 23 Mb
--- Starting Equ Const1_scenario: elapsed 0:00:01.911
--- Naive_LR_solving.gms(1503) 23 Mb
--- Starting Equ Const_chance_1_scenario: elapsed 0:00:01.918
--- Naive_LR_solving.gms(1573) 23 Mb
--- LOOPS rs = scen16
---   48 rows  97 columns  213 non-zeroes
--- Executing GUROBI (Solvelink=5): elapsed 0:00:01.928

Gurobi           32.2.0 rc62c018 Released Aug 26, 2020 WEI x86 64bit/MS Window

GAMS/Gurobi demo/community requires a Gurobi license from Gurobi Optimization.
*** Cannot initialize Gurobi environment.
*** Could be a missing or invalid license. (status=10009|10009)
--- Reading solution for model schedule_scenario
--- Executing after solve: elapsed 0:00:01.948
--- Naive_LR_solving.gms(1570) 23 Mb
--- Generating MIP model schedule_scenario
--- Naive_LR_solving.gms(1514) 23 Mb
--- Starting Equ Objective_scenario: elapsed 0:00:01.948
--- Naive_LR_solving.gms(1498) 23 Mb
--- Starting Equ Const1_scenario: elapsed 0:00:01.948
--- Naive_LR_solving.gms(1503) 23 Mb
--- Starting Equ Const_chance_1_scenario: elapsed 0:00:01.951
--- Naive_LR_solving.gms(1573) 23 Mb
--- LOOPS rs = scen17
---   48 rows  97 columns  213 non-zeroes
--- Executing GUROBI (Solvelink=5): elapsed 0:00:01.959

Gurobi           32.2.0 rc62c018 Released Aug 26, 2020 WEI x86 64bit/MS Window

GAMS/Gurobi demo/community requires a Gurobi license from Gurobi Optimization.
*** Cannot initialize Gurobi environment.
*** Could be a missing or invalid license. (status=10009|10009)
--- Reading solution for model schedule_scenario
--- Executing after solve: elapsed 0:00:01.973
--- Naive_LR_solving.gms(1570) 23 Mb
--- Generating MIP model schedule_scenario
--- Naive_LR_solving.gms(1514) 23 Mb
--- Starting Equ Objective_scenario: elapsed 0:00:01.973
--- Naive_LR_solving.gms(1498) 23 Mb
--- Starting Equ Const1_scenario: elapsed 0:00:01.974
--- Naive_LR_solving.gms(1503) 23 Mb
--- Starting Equ Const_chance_1_scenario: elapsed 0:00:01.978
--- Naive_LR_solving.gms(1573) 23 Mb
--- LOOPS rs = scen18
---   48 rows  97 columns  213 non-zeroes
--- Executing GUROBI (Solvelink=5): elapsed 0:00:01.985

Gurobi           32.2.0 rc62c018 Released Aug 26, 2020 WEI x86 64bit/MS Window

GAMS/Gurobi demo/community requires a Gurobi license from Gurobi Optimization.
*** Cannot initialize Gurobi environment.
*** Could be a missing or invalid license. (status=10009|10009)
--- Reading solution for model schedule_scenario
--- Executing after solve: elapsed 0:00:01.999
--- Naive_LR_solving.gms(1570) 23 Mb
--- Generating MIP model schedule_scenario
--- Naive_LR_solving.gms(1514) 23 Mb
--- Starting Equ Objective_scenario: elapsed 0:00:01.999
--- Naive_LR_solving.gms(1498) 23 Mb
--- Starting Equ Const1_scenario: elapsed 0:00:01.999
--- Naive_LR_solving.gms(1503) 23 Mb
--- Starting Equ Const_chance_1_scenario: elapsed 0:00:02.003
--- Naive_LR_solving.gms(1573) 23 Mb
--- LOOPS rs = scen19
---   48 rows  97 columns  213 non-zeroes
--- Executing GUROBI (Solvelink=5): elapsed 0:00:02.010

Gurobi           32.2.0 rc62c018 Released Aug 26, 2020 WEI x86 64bit/MS Window

GAMS/Gurobi demo/community requires a Gurobi license from Gurobi Optimization.
*** Cannot initialize Gurobi environment.
*** Could be a missing or invalid license. (status=10009|10009)
--- Reading solution for model schedule_scenario
--- Executing after solve: elapsed 0:00:02.026
--- Naive_LR_solving.gms(1570) 23 Mb
--- Generating MIP model schedule_scenario
--- Naive_LR_solving.gms(1514) 23 Mb
--- Starting Equ Objective_scenario: elapsed 0:00:02.026
--- Naive_LR_solving.gms(1498) 23 Mb
--- Starting Equ Const1_scenario: elapsed 0:00:02.026
--- Naive_LR_solving.gms(1503) 23 Mb
--- Starting Equ Const_chance_1_scenario: elapsed 0:00:02.029
--- Naive_LR_solving.gms(1573) 23 Mb
--- LOOPS rs = scen20
---   48 rows  97 columns  213 non-zeroes
--- Executing GUROBI (Solvelink=5): elapsed 0:00:02.036

Gurobi           32.2.0 rc62c018 Released Aug 26, 2020 WEI x86 64bit/MS Window

GAMS/Gurobi demo/community requires a Gurobi license from Gurobi Optimization.
*** Cannot initialize Gurobi environment.
*** Could be a missing or invalid license. (status=10009|10009)
--- Reading solution for model schedule_scenario
--- Executing after solve: elapsed 0:00:02.050
--- Naive_LR_solving.gms(1570) 23 Mb
--- Generating MIP model schedule_scenario
--- Naive_LR_solving.gms(1514) 23 Mb
--- Starting Equ Objective_scenario: elapsed 0:00:02.050
--- Naive_LR_solving.gms(1498) 23 Mb
--- Starting Equ Const1_scenario: elapsed 0:00:02.051
--- Naive_LR_solving.gms(1503) 23 Mb
--- Starting Equ Const_chance_1_scenario: elapsed 0:00:02.054
--- Naive_LR_solving.gms(1573) 23 Mb
--- LOOPS rs = scen21
---   48 rows  97 columns  213 non-zeroes
--- Executing GUROBI (Solvelink=5): elapsed 0:00:02.062

Gurobi           32.2.0 rc62c018 Released Aug 26, 2020 WEI x86 64bit/MS Window

GAMS/Gurobi demo/community requires a Gurobi license from Gurobi Optimization.
*** Cannot initialize Gurobi environment.
*** Could be a missing or invalid license. (status=10009|10009)
--- Reading solution for model schedule_scenario
--- Executing after solve: elapsed 0:00:02.077
--- Naive_LR_solving.gms(1570) 23 Mb
--- Generating MIP model schedule_scenario
--- Naive_LR_solving.gms(1514) 23 Mb
--- Starting Equ Objective_scenario: elapsed 0:00:02.077
--- Naive_LR_solving.gms(1498) 23 Mb
--- Starting Equ Const1_scenario: elapsed 0:00:02.078
--- Naive_LR_solving.gms(1503) 23 Mb
--- Starting Equ Const_chance_1_scenario: elapsed 0:00:02.081
--- Naive_LR_solving.gms(1573) 23 Mb
--- LOOPS rs = scen22
---   48 rows  97 columns  213 non-zeroes
--- Executing GUROBI (Solvelink=5): elapsed 0:00:02.087

Gurobi           32.2.0 rc62c018 Released Aug 26, 2020 WEI x86 64bit/MS Window

GAMS/Gurobi demo/community requires a Gurobi license from Gurobi Optimization.
*** Cannot initialize Gurobi environment.
*** Could be a missing or invalid license. (status=10009|10009)
--- Reading solution for model schedule_scenario
--- Executing after solve: elapsed 0:00:02.100
--- Naive_LR_solving.gms(1570) 23 Mb
--- Generating MIP model schedule_scenario
--- Naive_LR_solving.gms(1514) 23 Mb
--- Starting Equ Objective_scenario: elapsed 0:00:02.101
--- Naive_LR_solving.gms(1498) 23 Mb
--- Starting Equ Const1_scenario: elapsed 0:00:02.101
--- Naive_LR_solving.gms(1503) 23 Mb
--- Starting Equ Const_chance_1_scenario: elapsed 0:00:02.104
--- Naive_LR_solving.gms(1573) 23 Mb
--- LOOPS rs = scen23
---   48 rows  97 columns  213 non-zeroes
--- Executing GUROBI (Solvelink=5): elapsed 0:00:02.110

Gurobi           32.2.0 rc62c018 Released Aug 26, 2020 WEI x86 64bit/MS Window

GAMS/Gurobi demo/community requires a Gurobi license from Gurobi Optimization.
*** Cannot initialize Gurobi environment.
*** Could be a missing or invalid license. (status=10009|10009)
--- Reading solution for model schedule_scenario
--- Executing after solve: elapsed 0:00:02.125
--- Naive_LR_solving.gms(1570) 23 Mb
--- Generating MIP model schedule_scenario
--- Naive_LR_solving.gms(1514) 23 Mb
--- Starting Equ Objective_scenario: elapsed 0:00:02.125
--- Naive_LR_solving.gms(1498) 23 Mb
--- Starting Equ Const1_scenario: elapsed 0:00:02.126
--- Naive_LR_solving.gms(1503) 23 Mb
--- Starting Equ Const_chance_1_scenario: elapsed 0:00:02.129
--- Naive_LR_solving.gms(1573) 23 Mb
--- LOOPS rs = scen24
---   48 rows  97 columns  213 non-zeroes
--- Executing GUROBI (Solvelink=5): elapsed 0:00:02.135

Gurobi           32.2.0 rc62c018 Released Aug 26, 2020 WEI x86 64bit/MS Window

GAMS/Gurobi demo/community requires a Gurobi license from Gurobi Optimization.
*** Cannot initialize Gurobi environment.
*** Could be a missing or invalid license. (status=10009|10009)
--- Reading solution for model schedule_scenario
--- Executing after solve: elapsed 0:00:02.151
--- Naive_LR_solving.gms(1570) 23 Mb
--- Generating MIP model schedule_scenario
--- Naive_LR_solving.gms(1514) 23 Mb
--- Starting Equ Objective_scenario: elapsed 0:00:02.151
--- Naive_LR_solving.gms(1498) 23 Mb
--- Starting Equ Const1_scenario: elapsed 0:00:02.152
--- Naive_LR_solving.gms(1503) 23 Mb
--- Starting Equ Const_chance_1_scenario: elapsed 0:00:02.158
--- Naive_LR_solving.gms(1573) 23 Mb
--- LOOPS rs = scen25
---   48 rows  97 columns  213 non-zeroes
--- Executing GUROBI (Solvelink=5): elapsed 0:00:02.164

Gurobi           32.2.0 rc62c018 Released Aug 26, 2020 WEI x86 64bit/MS Window

GAMS/Gurobi demo/community requires a Gurobi license from Gurobi Optimization.
*** Cannot initialize Gurobi environment.
*** Could be a missing or invalid license. (status=10009|10009)
--- Reading solution for model schedule_scenario
--- Executing after solve: elapsed 0:00:02.181
--- Naive_LR_solving.gms(1570) 23 Mb
--- Generating MIP model schedule_scenario
--- Naive_LR_solving.gms(1514) 23 Mb
--- Starting Equ Objective_scenario: elapsed 0:00:02.181
--- Naive_LR_solving.gms(1498) 23 Mb
--- Starting Equ Const1_scenario: elapsed 0:00:02.182
--- Naive_LR_solving.gms(1503) 23 Mb
--- Starting Equ Const_chance_1_scenario: elapsed 0:00:02.185
--- Naive_LR_solving.gms(1573) 23 Mb
--- LOOPS rs = scen26
---   48 rows  97 columns  213 non-zeroes
--- Executing GUROBI (Solvelink=5): elapsed 0:00:02.194

Gurobi           32.2.0 rc62c018 Released Aug 26, 2020 WEI x86 64bit/MS Window

GAMS/Gurobi demo/community requires a Gurobi license from Gurobi Optimization.
*** Cannot initialize Gurobi environment.
*** Could be a missing or invalid license. (status=10009|10009)
--- Reading solution for model schedule_scenario
--- Executing after solve: elapsed 0:00:02.208
--- Naive_LR_solving.gms(1570) 23 Mb
--- Generating MIP model schedule_scenario
--- Naive_LR_solving.gms(1514) 23 Mb
--- Starting Equ Objective_scenario: elapsed 0:00:02.208
--- Naive_LR_solving.gms(1498) 23 Mb
--- Starting Equ Const1_scenario: elapsed 0:00:02.209
--- Naive_LR_solving.gms(1503) 23 Mb
--- Starting Equ Const_chance_1_scenario: elapsed 0:00:02.213
--- Naive_LR_solving.gms(1573) 23 Mb
--- LOOPS rs = scen27
---   48 rows  97 columns  213 non-zeroes
--- Executing GUROBI (Solvelink=5): elapsed 0:00:02.219

Gurobi           32.2.0 rc62c018 Released Aug 26, 2020 WEI x86 64bit/MS Window

GAMS/Gurobi demo/community requires a Gurobi license from Gurobi Optimization.
*** Cannot initialize Gurobi environment.
*** Could be a missing or invalid license. (status=10009|10009)
--- Reading solution for model schedule_scenario
--- Executing after solve: elapsed 0:00:02.234
--- Naive_LR_solving.gms(1570) 23 Mb
--- Generating MIP model schedule_scenario
--- Naive_LR_solving.gms(1514) 23 Mb
--- Starting Equ Objective_scenario: elapsed 0:00:02.234
--- Naive_LR_solving.gms(1498) 23 Mb
--- Starting Equ Const1_scenario: elapsed 0:00:02.234
--- Naive_LR_solving.gms(1503) 23 Mb
--- Starting Equ Const_chance_1_scenario: elapsed 0:00:02.238
--- Naive_LR_solving.gms(1573) 23 Mb
--- LOOPS rs = scen28
---   48 rows  97 columns  213 non-zeroes
--- Executing GUROBI (Solvelink=5): elapsed 0:00:02.245

Gurobi           32.2.0 rc62c018 Released Aug 26, 2020 WEI x86 64bit/MS Window

GAMS/Gurobi demo/community requires a Gurobi license from Gurobi Optimization.
*** Cannot initialize Gurobi environment.
*** Could be a missing or invalid license. (status=10009|10009)
--- Reading solution for model schedule_scenario
--- Executing after solve: elapsed 0:00:02.258
--- Naive_LR_solving.gms(1570) 23 Mb
--- Generating MIP model schedule_scenario
--- Naive_LR_solving.gms(1514) 23 Mb
--- Starting Equ Objective_scenario: elapsed 0:00:02.259
--- Naive_LR_solving.gms(1498) 23 Mb
--- Starting Equ Const1_scenario: elapsed 0:00:02.259
--- Naive_LR_solving.gms(1503) 23 Mb
--- Starting Equ Const_chance_1_scenario: elapsed 0:00:02.262
--- Naive_LR_solving.gms(1573) 23 Mb
--- LOOPS rs = scen29
---   48 rows  97 columns  213 non-zeroes
--- Executing GUROBI (Solvelink=5): elapsed 0:00:02.270

Gurobi           32.2.0 rc62c018 Released Aug 26, 2020 WEI x86 64bit/MS Window

GAMS/Gurobi demo/community requires a Gurobi license from Gurobi Optimization.
*** Cannot initialize Gurobi environment.
*** Could be a missing or invalid license. (status=10009|10009)
--- Reading solution for model schedule_scenario
--- Executing after solve: elapsed 0:00:02.286
--- Naive_LR_solving.gms(1570) 23 Mb
--- Generating MIP model schedule_scenario
--- Naive_LR_solving.gms(1514) 23 Mb
--- Starting Equ Objective_scenario: elapsed 0:00:02.286
--- Naive_LR_solving.gms(1498) 23 Mb
--- Starting Equ Const1_scenario: elapsed 0:00:02.286
--- Naive_LR_solving.gms(1503) 23 Mb
--- Starting Equ Const_chance_1_scenario: elapsed 0:00:02.290
--- Naive_LR_solving.gms(1573) 23 Mb
--- LOOPS rs = scen30
---   48 rows  97 columns  213 non-zeroes
--- Executing GUROBI (Solvelink=5): elapsed 0:00:02.297

Gurobi           32.2.0 rc62c018 Released Aug 26, 2020 WEI x86 64bit/MS Window

GAMS/Gurobi demo/community requires a Gurobi license from Gurobi Optimization.
*** Cannot initialize Gurobi environment.
*** Could be a missing or invalid license. (status=10009|10009)
--- Reading solution for model schedule_scenario
--- Executing after solve: elapsed 0:00:02.315
--- Naive_LR_solving.gms(1570) 23 Mb
--- Generating MIP model schedule_scenario
--- Naive_LR_solving.gms(1514) 23 Mb
--- Starting Equ Objective_scenario: elapsed 0:00:02.315
--- Naive_LR_solving.gms(1498) 23 Mb
--- Starting Equ Const1_scenario: elapsed 0:00:02.315
--- Naive_LR_solving.gms(1503) 23 Mb
--- Starting Equ Const_chance_1_scenario: elapsed 0:00:02.318
--- Naive_LR_solving.gms(1573) 23 Mb
--- LOOPS rs = scen31
---   48 rows  97 columns  213 non-zeroes
--- Executing GUROBI (Solvelink=5): elapsed 0:00:02.326

Gurobi           32.2.0 rc62c018 Released Aug 26, 2020 WEI x86 64bit/MS Window

GAMS/Gurobi demo/community requires a Gurobi license from Gurobi Optimization.
*** Cannot initialize Gurobi environment.
*** Could be a missing or invalid license. (status=10009|10009)
--- Reading solution for model schedule_scenario
--- Executing after solve: elapsed 0:00:02.343
--- Naive_LR_solving.gms(1570) 23 Mb
--- Generating MIP model schedule_scenario
--- Naive_LR_solving.gms(1514) 23 Mb
--- Starting Equ Objective_scenario: elapsed 0:00:02.343
--- Naive_LR_solving.gms(1498) 23 Mb
--- Starting Equ Const1_scenario: elapsed 0:00:02.344
--- Naive_LR_solving.gms(1503) 23 Mb
--- Starting Equ Const_chance_1_scenario: elapsed 0:00:02.348
--- Naive_LR_solving.gms(1573) 23 Mb
--- LOOPS rs = scen32
---   48 rows  97 columns  213 non-zeroes
--- Executing GUROBI (Solvelink=5): elapsed 0:00:02.357

Gurobi           32.2.0 rc62c018 Released Aug 26, 2020 WEI x86 64bit/MS Window

GAMS/Gurobi demo/community requires a Gurobi license from Gurobi Optimization.
*** Cannot initialize Gurobi environment.
*** Could be a missing or invalid license. (status=10009|10009)
--- Reading solution for model schedule_scenario
--- Executing after solve: elapsed 0:00:02.379
--- Naive_LR_solving.gms(1570) 23 Mb
--- Generating MIP model schedule_scenario
--- Naive_LR_solving.gms(1514) 23 Mb
--- Starting Equ Objective_scenario: elapsed 0:00:02.379
--- Naive_LR_solving.gms(1498) 23 Mb
--- Starting Equ Const1_scenario: elapsed 0:00:02.380
--- Naive_LR_solving.gms(1503) 23 Mb
--- Starting Equ Const_chance_1_scenario: elapsed 0:00:02.383
--- Naive_LR_solving.gms(1573) 23 Mb
--- LOOPS rs = scen33
---   48 rows  97 columns  213 non-zeroes
--- Executing GUROBI (Solvelink=5): elapsed 0:00:02.390

Gurobi           32.2.0 rc62c018 Released Aug 26, 2020 WEI x86 64bit/MS Window

GAMS/Gurobi demo/community requires a Gurobi license from Gurobi Optimization.
*** Cannot initialize Gurobi environment.
*** Could be a missing or invalid license. (status=10009|10009)
--- Reading solution for model schedule_scenario
--- Executing after solve: elapsed 0:00:02.404
--- Naive_LR_solving.gms(1570) 23 Mb
--- Generating MIP model schedule_scenario
--- Naive_LR_solving.gms(1514) 23 Mb
--- Starting Equ Objective_scenario: elapsed 0:00:02.405
--- Naive_LR_solving.gms(1498) 23 Mb
--- Starting Equ Const1_scenario: elapsed 0:00:02.405
--- Naive_LR_solving.gms(1503) 23 Mb
--- Starting Equ Const_chance_1_scenario: elapsed 0:00:02.408
--- Naive_LR_solving.gms(1573) 23 Mb
--- LOOPS rs = scen34
---   48 rows  97 columns  213 non-zeroes
--- Executing GUROBI (Solvelink=5): elapsed 0:00:02.414

Gurobi           32.2.0 rc62c018 Released Aug 26, 2020 WEI x86 64bit/MS Window

GAMS/Gurobi demo/community requires a Gurobi license from Gurobi Optimization.
*** Cannot initialize Gurobi environment.
*** Could be a missing or invalid license. (status=10009|10009)
--- Reading solution for model schedule_scenario
--- Executing after solve: elapsed 0:00:02.430
--- Naive_LR_solving.gms(1570) 23 Mb
--- Generating MIP model schedule_scenario
--- Naive_LR_solving.gms(1514) 23 Mb
--- Starting Equ Objective_scenario: elapsed 0:00:02.430
--- Naive_LR_solving.gms(1498) 23 Mb
--- Starting Equ Const1_scenario: elapsed 0:00:02.431
--- Naive_LR_solving.gms(1503) 23 Mb
--- Starting Equ Const_chance_1_scenario: elapsed 0:00:02.435
--- Naive_LR_solving.gms(1573) 23 Mb
--- LOOPS rs = scen35
---   48 rows  97 columns  213 non-zeroes
--- Executing GUROBI (Solvelink=5): elapsed 0:00:02.442

Gurobi           32.2.0 rc62c018 Released Aug 26, 2020 WEI x86 64bit/MS Window

GAMS/Gurobi demo/community requires a Gurobi license from Gurobi Optimization.
*** Cannot initialize Gurobi environment.
*** Could be a missing or invalid license. (status=10009|10009)
--- Reading solution for model schedule_scenario
--- Executing after solve: elapsed 0:00:02.459
--- Naive_LR_solving.gms(1570) 23 Mb
--- Generating MIP model schedule_scenario
--- Naive_LR_solving.gms(1514) 23 Mb
--- Starting Equ Objective_scenario: elapsed 0:00:02.459
--- Naive_LR_solving.gms(1498) 23 Mb
--- Starting Equ Const1_scenario: elapsed 0:00:02.460
--- Naive_LR_solving.gms(1503) 23 Mb
--- Starting Equ Const_chance_1_scenario: elapsed 0:00:02.463
--- Naive_LR_solving.gms(1573) 23 Mb
--- LOOPS rs = scen36
---   48 rows  97 columns  213 non-zeroes
--- Executing GUROBI (Solvelink=5): elapsed 0:00:02.470

Gurobi           32.2.0 rc62c018 Released Aug 26, 2020 WEI x86 64bit/MS Window

GAMS/Gurobi demo/community requires a Gurobi license from Gurobi Optimization.
*** Cannot initialize Gurobi environment.
*** Could be a missing or invalid license. (status=10009|10009)
--- Reading solution for model schedule_scenario
--- Executing after solve: elapsed 0:00:02.487
--- Naive_LR_solving.gms(1570) 23 Mb
--- Generating MIP model schedule_scenario
--- Naive_LR_solving.gms(1514) 23 Mb
--- Starting Equ Objective_scenario: elapsed 0:00:02.487
--- Naive_LR_solving.gms(1498) 23 Mb
--- Starting Equ Const1_scenario: elapsed 0:00:02.488
--- Naive_LR_solving.gms(1503) 23 Mb
--- Starting Equ Const_chance_1_scenario: elapsed 0:00:02.492
--- Naive_LR_solving.gms(1573) 23 Mb
--- LOOPS rs = scen37
---   48 rows  97 columns  213 non-zeroes
--- Executing GUROBI (Solvelink=5): elapsed 0:00:02.499

Gurobi           32.2.0 rc62c018 Released Aug 26, 2020 WEI x86 64bit/MS Window

GAMS/Gurobi demo/community requires a Gurobi license from Gurobi Optimization.
*** Cannot initialize Gurobi environment.
*** Could be a missing or invalid license. (status=10009|10009)
--- Reading solution for model schedule_scenario
--- Executing after solve: elapsed 0:00:02.515
--- Naive_LR_solving.gms(1570) 23 Mb
--- Generating MIP model schedule_scenario
--- Naive_LR_solving.gms(1514) 23 Mb
--- Starting Equ Objective_scenario: elapsed 0:00:02.515
--- Naive_LR_solving.gms(1498) 23 Mb
--- Starting Equ Const1_scenario: elapsed 0:00:02.515
--- Naive_LR_solving.gms(1503) 23 Mb
--- Starting Equ Const_chance_1_scenario: elapsed 0:00:02.518
--- Naive_LR_solving.gms(1573) 23 Mb
--- LOOPS rs = scen38
---   48 rows  97 columns  213 non-zeroes
--- Executing GUROBI (Solvelink=5): elapsed 0:00:02.525

Gurobi           32.2.0 rc62c018 Released Aug 26, 2020 WEI x86 64bit/MS Window

GAMS/Gurobi demo/community requires a Gurobi license from Gurobi Optimization.
*** Cannot initialize Gurobi environment.
*** Could be a missing or invalid license. (status=10009|10009)
--- Reading solution for model schedule_scenario
--- Executing after solve: elapsed 0:00:02.540
--- Naive_LR_solving.gms(1570) 23 Mb
--- Generating MIP model schedule_scenario
--- Naive_LR_solving.gms(1514) 23 Mb
--- Starting Equ Objective_scenario: elapsed 0:00:02.540
--- Naive_LR_solving.gms(1498) 23 Mb
--- Starting Equ Const1_scenario: elapsed 0:00:02.541
--- Naive_LR_solving.gms(1503) 23 Mb
--- Starting Equ Const_chance_1_scenario: elapsed 0:00:02.544
--- Naive_LR_solving.gms(1573) 23 Mb
--- LOOPS rs = scen39
---   48 rows  97 columns  213 non-zeroes
--- Executing GUROBI (Solvelink=5): elapsed 0:00:02.550

Gurobi           32.2.0 rc62c018 Released Aug 26, 2020 WEI x86 64bit/MS Window

GAMS/Gurobi demo/community requires a Gurobi license from Gurobi Optimization.
*** Cannot initialize Gurobi environment.
*** Could be a missing or invalid license. (status=10009|10009)
--- Reading solution for model schedule_scenario
--- Executing after solve: elapsed 0:00:02.564
--- Naive_LR_solving.gms(1570) 23 Mb
--- Generating MIP model schedule_scenario
--- Naive_LR_solving.gms(1514) 23 Mb
--- Starting Equ Objective_scenario: elapsed 0:00:02.564
--- Naive_LR_solving.gms(1498) 23 Mb
--- Starting Equ Const1_scenario: elapsed 0:00:02.565
--- Naive_LR_solving.gms(1503) 23 Mb
--- Starting Equ Const_chance_1_scenario: elapsed 0:00:02.567
--- Naive_LR_solving.gms(1573) 23 Mb
--- LOOPS rs = scen40
---   48 rows  97 columns  213 non-zeroes
--- Executing GUROBI (Solvelink=5): elapsed 0:00:02.574

Gurobi           32.2.0 rc62c018 Released Aug 26, 2020 WEI x86 64bit/MS Window

GAMS/Gurobi demo/community requires a Gurobi license from Gurobi Optimization.
*** Cannot initialize Gurobi environment.
*** Could be a missing or invalid license. (status=10009|10009)
--- Reading solution for model schedule_scenario
--- Executing after solve: elapsed 0:00:02.589
--- Naive_LR_solving.gms(1570) 23 Mb
--- Generating MIP model schedule_scenario
--- Naive_LR_solving.gms(1514) 23 Mb
--- Starting Equ Objective_scenario: elapsed 0:00:02.589
--- Naive_LR_solving.gms(1498) 23 Mb
--- Starting Equ Const1_scenario: elapsed 0:00:02.590
--- Naive_LR_solving.gms(1503) 23 Mb
--- Starting Equ Const_chance_1_scenario: elapsed 0:00:02.593
--- Naive_LR_solving.gms(1573) 23 Mb
--- LOOPS rs = scen41
---   48 rows  97 columns  213 non-zeroes
--- Executing GUROBI (Solvelink=5): elapsed 0:00:02.600

Gurobi           32.2.0 rc62c018 Released Aug 26, 2020 WEI x86 64bit/MS Window

GAMS/Gurobi demo/community requires a Gurobi license from Gurobi Optimization.
*** Cannot initialize Gurobi environment.
*** Could be a missing or invalid license. (status=10009|10009)
--- Reading solution for model schedule_scenario
--- Executing after solve: elapsed 0:00:02.614
--- Naive_LR_solving.gms(1570) 23 Mb
--- Generating MIP model schedule_scenario
--- Naive_LR_solving.gms(1514) 23 Mb
--- Starting Equ Objective_scenario: elapsed 0:00:02.615
--- Naive_LR_solving.gms(1498) 23 Mb
--- Starting Equ Const1_scenario: elapsed 0:00:02.615
--- Naive_LR_solving.gms(1503) 23 Mb
--- Starting Equ Const_chance_1_scenario: elapsed 0:00:02.619
--- Naive_LR_solving.gms(1573) 23 Mb
--- LOOPS rs = scen42
---   48 rows  97 columns  213 non-zeroes
--- Executing GUROBI (Solvelink=5): elapsed 0:00:02.626

Gurobi           32.2.0 rc62c018 Released Aug 26, 2020 WEI x86 64bit/MS Window

GAMS/Gurobi demo/community requires a Gurobi license from Gurobi Optimization.
*** Cannot initialize Gurobi environment.
*** Could be a missing or invalid license. (status=10009|10009)
--- Reading solution for model schedule_scenario
--- Executing after solve: elapsed 0:00:02.639
--- Naive_LR_solving.gms(1570) 23 Mb
--- Generating MIP model schedule_scenario
--- Naive_LR_solving.gms(1514) 23 Mb
--- Starting Equ Objective_scenario: elapsed 0:00:02.640
--- Naive_LR_solving.gms(1498) 23 Mb
--- Starting Equ Const1_scenario: elapsed 0:00:02.640
--- Naive_LR_solving.gms(1503) 23 Mb
--- Starting Equ Const_chance_1_scenario: elapsed 0:00:02.643
--- Naive_LR_solving.gms(1573) 23 Mb
--- LOOPS rs = scen43
---   48 rows  97 columns  213 non-zeroes
--- Executing GUROBI (Solvelink=5): elapsed 0:00:02.650

Gurobi           32.2.0 rc62c018 Released Aug 26, 2020 WEI x86 64bit/MS Window

GAMS/Gurobi demo/community requires a Gurobi license from Gurobi Optimization.
*** Cannot initialize Gurobi environment.
*** Could be a missing or invalid license. (status=10009|10009)
--- Reading solution for model schedule_scenario
--- Executing after solve: elapsed 0:00:02.666
--- Naive_LR_solving.gms(1570) 23 Mb
--- Generating MIP model schedule_scenario
--- Naive_LR_solving.gms(1514) 23 Mb
--- Starting Equ Objective_scenario: elapsed 0:00:02.667
--- Naive_LR_solving.gms(1498) 23 Mb
--- Starting Equ Const1_scenario: elapsed 0:00:02.667
--- Naive_LR_solving.gms(1503) 23 Mb
--- Starting Equ Const_chance_1_scenario: elapsed 0:00:02.670
--- Naive_LR_solving.gms(1573) 23 Mb
--- LOOPS rs = scen44
---   48 rows  97 columns  213 non-zeroes
--- Executing GUROBI (Solvelink=5): elapsed 0:00:02.677

Gurobi           32.2.0 rc62c018 Released Aug 26, 2020 WEI x86 64bit/MS Window

GAMS/Gurobi demo/community requires a Gurobi license from Gurobi Optimization.
*** Cannot initialize Gurobi environment.
*** Could be a missing or invalid license. (status=10009|10009)
--- Reading solution for model schedule_scenario
--- Executing after solve: elapsed 0:00:02.691
--- Naive_LR_solving.gms(1570) 23 Mb
--- Generating MIP model schedule_scenario
--- Naive_LR_solving.gms(1514) 23 Mb
--- Starting Equ Objective_scenario: elapsed 0:00:02.691
--- Naive_LR_solving.gms(1498) 23 Mb
--- Starting Equ Const1_scenario: elapsed 0:00:02.691
--- Naive_LR_solving.gms(1503) 23 Mb
--- Starting Equ Const_chance_1_scenario: elapsed 0:00:02.694
--- Naive_LR_solving.gms(1573) 23 Mb
--- LOOPS rs = scen45
---   48 rows  97 columns  213 non-zeroes
--- Executing GUROBI (Solvelink=5): elapsed 0:00:02.701

Gurobi           32.2.0 rc62c018 Released Aug 26, 2020 WEI x86 64bit/MS Window

GAMS/Gurobi demo/community requires a Gurobi license from Gurobi Optimization.
*** Cannot initialize Gurobi environment.
*** Could be a missing or invalid license. (status=10009|10009)
--- Reading solution for model schedule_scenario
--- Executing after solve: elapsed 0:00:02.716
--- Naive_LR_solving.gms(1570) 23 Mb
--- Generating MIP model schedule_scenario
--- Naive_LR_solving.gms(1514) 23 Mb
--- Starting Equ Objective_scenario: elapsed 0:00:02.716
--- Naive_LR_solving.gms(1498) 23 Mb
--- Starting Equ Const1_scenario: elapsed 0:00:02.717
--- Naive_LR_solving.gms(1503) 23 Mb
--- Starting Equ Const_chance_1_scenario: elapsed 0:00:02.720
--- Naive_LR_solving.gms(1573) 23 Mb
--- LOOPS rs = scen46
---   48 rows  97 columns  213 non-zeroes
--- Executing GUROBI (Solvelink=5): elapsed 0:00:02.726

Gurobi           32.2.0 rc62c018 Released Aug 26, 2020 WEI x86 64bit/MS Window

GAMS/Gurobi demo/community requires a Gurobi license from Gurobi Optimization.
*** Cannot initialize Gurobi environment.
*** Could be a missing or invalid license. (status=10009|10009)
--- Reading solution for model schedule_scenario
--- Executing after solve: elapsed 0:00:02.739
--- Naive_LR_solving.gms(1570) 23 Mb
--- Generating MIP model schedule_scenario
--- Naive_LR_solving.gms(1514) 23 Mb
--- Starting Equ Objective_scenario: elapsed 0:00:02.739
--- Naive_LR_solving.gms(1498) 23 Mb
--- Starting Equ Const1_scenario: elapsed 0:00:02.740
--- Naive_LR_solving.gms(1503) 23 Mb
--- Starting Equ Const_chance_1_scenario: elapsed 0:00:02.743
--- Naive_LR_solving.gms(1573) 23 Mb
--- LOOPS rs = scen47
---   48 rows  97 columns  213 non-zeroes
--- Executing GUROBI (Solvelink=5): elapsed 0:00:02.749

Gurobi           32.2.0 rc62c018 Released Aug 26, 2020 WEI x86 64bit/MS Window

GAMS/Gurobi demo/community requires a Gurobi license from Gurobi Optimization.
*** Cannot initialize Gurobi environment.
*** Could be a missing or invalid license. (status=10009|10009)
--- Reading solution for model schedule_scenario
--- Executing after solve: elapsed 0:00:02.764
--- Naive_LR_solving.gms(1570) 23 Mb
--- Generating MIP model schedule_scenario
--- Naive_LR_solving.gms(1514) 23 Mb
--- Starting Equ Objective_scenario: elapsed 0:00:02.765
--- Naive_LR_solving.gms(1498) 23 Mb
--- Starting Equ Const1_scenario: elapsed 0:00:02.765
--- Naive_LR_solving.gms(1503) 23 Mb
--- Starting Equ Const_chance_1_scenario: elapsed 0:00:02.768
--- Naive_LR_solving.gms(1573) 23 Mb
--- LOOPS rs = scen48
---   48 rows  97 columns  213 non-zeroes
--- Executing GUROBI (Solvelink=5): elapsed 0:00:02.774

Gurobi           32.2.0 rc62c018 Released Aug 26, 2020 WEI x86 64bit/MS Window

GAMS/Gurobi demo/community requires a Gurobi license from Gurobi Optimization.
*** Cannot initialize Gurobi environment.
*** Could be a missing or invalid license. (status=10009|10009)
--- Reading solution for model schedule_scenario
--- Executing after solve: elapsed 0:00:02.789
--- Naive_LR_solving.gms(1570) 23 Mb
--- Generating MIP model schedule_scenario
--- Naive_LR_solving.gms(1514) 23 Mb
--- Starting Equ Objective_scenario: elapsed 0:00:02.790
--- Naive_LR_solving.gms(1498) 23 Mb
--- Starting Equ Const1_scenario: elapsed 0:00:02.790
--- Naive_LR_solving.gms(1503) 23 Mb
--- Starting Equ Const_chance_1_scenario: elapsed 0:00:02.793
--- Naive_LR_solving.gms(1573) 23 Mb
--- LOOPS rs = scen49
---   48 rows  97 columns  213 non-zeroes
--- Executing GUROBI (Solvelink=5): elapsed 0:00:02.800

Gurobi           32.2.0 rc62c018 Released Aug 26, 2020 WEI x86 64bit/MS Window

GAMS/Gurobi demo/community requires a Gurobi license from Gurobi Optimization.
*** Cannot initialize Gurobi environment.
*** Could be a missing or invalid license. (status=10009|10009)
--- Reading solution for model schedule_scenario
--- Executing after solve: elapsed 0:00:02.817
--- Naive_LR_solving.gms(1570) 23 Mb
--- Generating MIP model schedule_scenario
--- Naive_LR_solving.gms(1514) 23 Mb
--- Starting Equ Objective_scenario: elapsed 0:00:02.817
--- Naive_LR_solving.gms(1498) 23 Mb
--- Starting Equ Const1_scenario: elapsed 0:00:02.817
--- Naive_LR_solving.gms(1503) 23 Mb
--- Starting Equ Const_chance_1_scenario: elapsed 0:00:02.820
--- Naive_LR_solving.gms(1573) 23 Mb
--- LOOPS rs = scen50
---   48 rows  97 columns  213 non-zeroes
--- Executing GUROBI (Solvelink=5): elapsed 0:00:02.828

Gurobi           32.2.0 rc62c018 Released Aug 26, 2020 WEI x86 64bit/MS Window

GAMS/Gurobi demo/community requires a Gurobi license from Gurobi Optimization.
*** Cannot initialize Gurobi environment.
*** Could be a missing or invalid license. (status=10009|10009)
--- Reading solution for model schedule_scenario
--- Executing after solve: elapsed 0:00:02.842
--- Naive_LR_solving.gms(1570) 23 Mb
--- Generating MIP model schedule_scenario
--- Naive_LR_solving.gms(1514) 23 Mb
--- Starting Equ Objective_scenario: elapsed 0:00:02.842
--- Naive_LR_solving.gms(1498) 23 Mb
--- Starting Equ Const1_scenario: elapsed 0:00:02.843
--- Naive_LR_solving.gms(1503) 23 Mb
--- Starting Equ Const_chance_1_scenario: elapsed 0:00:02.846
--- Naive_LR_solving.gms(1573) 23 Mb
--- LOOPS rs = scen51
---   48 rows  97 columns  213 non-zeroes
--- Executing GUROBI (Solvelink=5): elapsed 0:00:02.852

Gurobi           32.2.0 rc62c018 Released Aug 26, 2020 WEI x86 64bit/MS Window

GAMS/Gurobi demo/community requires a Gurobi license from Gurobi Optimization.
*** Cannot initialize Gurobi environment.
*** Could be a missing or invalid license. (status=10009|10009)
--- Reading solution for model schedule_scenario
--- Executing after solve: elapsed 0:00:02.866
--- Naive_LR_solving.gms(1570) 23 Mb
--- Generating MIP model schedule_scenario
--- Naive_LR_solving.gms(1514) 23 Mb
--- Starting Equ Objective_scenario: elapsed 0:00:02.866
--- Naive_LR_solving.gms(1498) 23 Mb
--- Starting Equ Const1_scenario: elapsed 0:00:02.867
--- Naive_LR_solving.gms(1503) 23 Mb
--- Starting Equ Const_chance_1_scenario: elapsed 0:00:02.871
--- Naive_LR_solving.gms(1573) 23 Mb
--- LOOPS rs = scen52
---   48 rows  97 columns  213 non-zeroes
--- Executing GUROBI (Solvelink=5): elapsed 0:00:02.879

Gurobi           32.2.0 rc62c018 Released Aug 26, 2020 WEI x86 64bit/MS Window

GAMS/Gurobi demo/community requires a Gurobi license from Gurobi Optimization.
*** Cannot initialize Gurobi environment.
*** Could be a missing or invalid license. (status=10009|10009)
--- Reading solution for model schedule_scenario
--- Executing after solve: elapsed 0:00:02.892
--- Naive_LR_solving.gms(1570) 23 Mb
--- Generating MIP model schedule_scenario
--- Naive_LR_solving.gms(1514) 23 Mb
--- Starting Equ Objective_scenario: elapsed 0:00:02.893
--- Naive_LR_solving.gms(1498) 23 Mb
--- Starting Equ Const1_scenario: elapsed 0:00:02.893
--- Naive_LR_solving.gms(1503) 23 Mb
--- Starting Equ Const_chance_1_scenario: elapsed 0:00:02.897
--- Naive_LR_solving.gms(1573) 23 Mb
--- LOOPS rs = scen53
---   48 rows  97 columns  213 non-zeroes
--- Executing GUROBI (Solvelink=5): elapsed 0:00:02.906

Gurobi           32.2.0 rc62c018 Released Aug 26, 2020 WEI x86 64bit/MS Window

GAMS/Gurobi demo/community requires a Gurobi license from Gurobi Optimization.
*** Cannot initialize Gurobi environment.
*** Could be a missing or invalid license. (status=10009|10009)
--- Reading solution for model schedule_scenario
--- Executing after solve: elapsed 0:00:02.920
--- Naive_LR_solving.gms(1570) 23 Mb
--- Generating MIP model schedule_scenario
--- Naive_LR_solving.gms(1514) 23 Mb
--- Starting Equ Objective_scenario: elapsed 0:00:02.920
--- Naive_LR_solving.gms(1498) 23 Mb
--- Starting Equ Const1_scenario: elapsed 0:00:02.920
--- Naive_LR_solving.gms(1503) 23 Mb
--- Starting Equ Const_chance_1_scenario: elapsed 0:00:02.925
--- Naive_LR_solving.gms(1573) 23 Mb
--- LOOPS rs = scen54
---   48 rows  97 columns  213 non-zeroes
--- Executing GUROBI (Solvelink=5): elapsed 0:00:02.931

Gurobi           32.2.0 rc62c018 Released Aug 26, 2020 WEI x86 64bit/MS Window

GAMS/Gurobi demo/community requires a Gurobi license from Gurobi Optimization.
*** Cannot initialize Gurobi environment.
*** Could be a missing or invalid license. (status=10009|10009)
--- Reading solution for model schedule_scenario
--- Executing after solve: elapsed 0:00:02.944
--- Naive_LR_solving.gms(1570) 23 Mb
--- Generating MIP model schedule_scenario
--- Naive_LR_solving.gms(1514) 23 Mb
--- Starting Equ Objective_scenario: elapsed 0:00:02.945
--- Naive_LR_solving.gms(1498) 23 Mb
--- Starting Equ Const1_scenario: elapsed 0:00:02.945
--- Naive_LR_solving.gms(1503) 23 Mb
--- Starting Equ Const_chance_1_scenario: elapsed 0:00:02.948
--- Naive_LR_solving.gms(1573) 23 Mb
--- LOOPS rs = scen55
---   48 rows  97 columns  213 non-zeroes
--- Executing GUROBI (Solvelink=5): elapsed 0:00:02.955

Gurobi           32.2.0 rc62c018 Released Aug 26, 2020 WEI x86 64bit/MS Window

GAMS/Gurobi demo/community requires a Gurobi license from Gurobi Optimization.
*** Cannot initialize Gurobi environment.
*** Could be a missing or invalid license. (status=10009|10009)
--- Reading solution for model schedule_scenario
--- Executing after solve: elapsed 0:00:02.973
--- Naive_LR_solving.gms(1570) 23 Mb
--- Generating MIP model schedule_scenario
--- Naive_LR_solving.gms(1514) 23 Mb
--- Starting Equ Objective_scenario: elapsed 0:00:02.973
--- Naive_LR_solving.gms(1498) 23 Mb
--- Starting Equ Const1_scenario: elapsed 0:00:02.974
--- Naive_LR_solving.gms(1503) 23 Mb
--- Starting Equ Const_chance_1_scenario: elapsed 0:00:02.978
--- Naive_LR_solving.gms(1573) 23 Mb
--- LOOPS rs = scen56
---   48 rows  97 columns  213 non-zeroes
--- Executing GUROBI (Solvelink=5): elapsed 0:00:02.984

Gurobi           32.2.0 rc62c018 Released Aug 26, 2020 WEI x86 64bit/MS Window

GAMS/Gurobi demo/community requires a Gurobi license from Gurobi Optimization.
*** Cannot initialize Gurobi environment.
*** Could be a missing or invalid license. (status=10009|10009)
--- Reading solution for model schedule_scenario
--- Executing after solve: elapsed 0:00:02.998
--- Naive_LR_solving.gms(1570) 23 Mb
--- Generating MIP model schedule_scenario
--- Naive_LR_solving.gms(1514) 23 Mb
--- Starting Equ Objective_scenario: elapsed 0:00:02.998
--- Naive_LR_solving.gms(1498) 23 Mb
--- Starting Equ Const1_scenario: elapsed 0:00:02.999
--- Naive_LR_solving.gms(1503) 23 Mb
--- Starting Equ Const_chance_1_scenario: elapsed 0:00:03.002
--- Naive_LR_solving.gms(1573) 23 Mb
--- LOOPS rs = scen57
---   48 rows  97 columns  213 non-zeroes
--- Executing GUROBI (Solvelink=5): elapsed 0:00:03.010

Gurobi           32.2.0 rc62c018 Released Aug 26, 2020 WEI x86 64bit/MS Window

GAMS/Gurobi demo/community requires a Gurobi license from Gurobi Optimization.
*** Cannot initialize Gurobi environment.
*** Could be a missing or invalid license. (status=10009|10009)
--- Reading solution for model schedule_scenario
--- Executing after solve: elapsed 0:00:03.028
--- Naive_LR_solving.gms(1570) 23 Mb
--- Generating MIP model schedule_scenario
--- Naive_LR_solving.gms(1514) 23 Mb
--- Starting Equ Objective_scenario: elapsed 0:00:03.028
--- Naive_LR_solving.gms(1498) 23 Mb
--- Starting Equ Const1_scenario: elapsed 0:00:03.028
--- Naive_LR_solving.gms(1503) 23 Mb
--- Starting Equ Const_chance_1_scenario: elapsed 0:00:03.030
--- Naive_LR_solving.gms(1573) 23 Mb
--- LOOPS rs = scen58
---   48 rows  97 columns  213 non-zeroes
--- Executing GUROBI (Solvelink=5): elapsed 0:00:03.037

Gurobi           32.2.0 rc62c018 Released Aug 26, 2020 WEI x86 64bit/MS Window

GAMS/Gurobi demo/community requires a Gurobi license from Gurobi Optimization.
*** Cannot initialize Gurobi environment.
*** Could be a missing or invalid license. (status=10009|10009)
--- Reading solution for model schedule_scenario
--- Executing after solve: elapsed 0:00:03.051
--- Naive_LR_solving.gms(1570) 23 Mb
--- Generating MIP model schedule_scenario
--- Naive_LR_solving.gms(1514) 23 Mb
--- Starting Equ Objective_scenario: elapsed 0:00:03.051
--- Naive_LR_solving.gms(1498) 23 Mb
--- Starting Equ Const1_scenario: elapsed 0:00:03.052
--- Naive_LR_solving.gms(1503) 23 Mb
--- Starting Equ Const_chance_1_scenario: elapsed 0:00:03.054
--- Naive_LR_solving.gms(1573) 23 Mb
--- LOOPS rs = scen59
---   48 rows  97 columns  213 non-zeroes
--- Executing GUROBI (Solvelink=5): elapsed 0:00:03.061

Gurobi           32.2.0 rc62c018 Released Aug 26, 2020 WEI x86 64bit/MS Window

GAMS/Gurobi demo/community requires a Gurobi license from Gurobi Optimization.
*** Cannot initialize Gurobi environment.
*** Could be a missing or invalid license. (status=10009|10009)
--- Reading solution for model schedule_scenario
--- Executing after solve: elapsed 0:00:03.074
--- Naive_LR_solving.gms(1570) 23 Mb
--- Generating MIP model schedule_scenario
--- Naive_LR_solving.gms(1514) 23 Mb
--- Starting Equ Objective_scenario: elapsed 0:00:03.075
--- Naive_LR_solving.gms(1498) 23 Mb
--- Starting Equ Const1_scenario: elapsed 0:00:03.075
--- Naive_LR_solving.gms(1503) 23 Mb
--- Starting Equ Const_chance_1_scenario: elapsed 0:00:03.078
--- Naive_LR_solving.gms(1573) 23 Mb
--- LOOPS rs = scen60
---   48 rows  97 columns  213 non-zeroes
--- Executing GUROBI (Solvelink=5): elapsed 0:00:03.084

Gurobi           32.2.0 rc62c018 Released Aug 26, 2020 WEI x86 64bit/MS Window

GAMS/Gurobi demo/community requires a Gurobi license from Gurobi Optimization.
*** Cannot initialize Gurobi environment.
*** Could be a missing or invalid license. (status=10009|10009)
--- Reading solution for model schedule_scenario
--- Executing after solve: elapsed 0:00:03.098
--- Naive_LR_solving.gms(1570) 23 Mb
--- Generating MIP model schedule_scenario
--- Naive_LR_solving.gms(1514) 23 Mb
--- Starting Equ Objective_scenario: elapsed 0:00:03.098
--- Naive_LR_solving.gms(1498) 23 Mb
--- Starting Equ Const1_scenario: elapsed 0:00:03.098
--- Naive_LR_solving.gms(1503) 23 Mb
--- Starting Equ Const_chance_1_scenario: elapsed 0:00:03.102
--- Naive_LR_solving.gms(1573) 23 Mb
--- LOOPS rs = scen61
---   48 rows  97 columns  213 non-zeroes
*** Error at line 1573: Control C Event: execution halted
--- Naive_LR_solving.gms(1573) 23 Mb 1 Error
*** SOLVE aborted
--- Profile Summary (1186 records processed)
     0.453   0.022GB      1548 Solve Alg  schedule
     0.359   0.009GB      1494 Equation   Objective (1)
     0.219   0.022GB      1548 Solve Fini schedule (127825)
     0.062   0.022GB      1502 Equation   Const_chance_1 (14400)
     0.062   0.005GB      1417 Loop       
     0.032   0.022GB      1573 Solve Alg  schedule_scenario
     0.032   0.018GB      1496 Equation   Const1 (13800)
     0.031   0.022GB      1573 Solve Alg  schedule_scenario
     0.016   0.022GB      1548 Solve Read schedule
     0.016   0.022GB      1573 Solve Fini schedule_scenario (213)
--- Naive_LR_solving.gms(1573) 23 Mb 1 Error
*** Status: Execution error(s)
--- Job Naive_LR_solving.gms Stop 11/18/21 10:53:05 elapsed 0:00:03.113
