--- Job inputME.gms Start 12/20/21 14:35:40 32.2.0 rc62c018 WEX-WEI x86 64bit/MS Windows
--- Applying:
    C:\GAMS\32\gmsprmNT.txt
--- GAMS Parameters defined
    Input C:\Users\charl\OneDrive\Dokumente\A_Uni\HiWi\projectTSAM\Code\Solar\1500Scen\tol01\inputME.gms
    PageSize 0
    ScrDir C:\Users\charl\OneDrive\Dokumente\A_Uni\HiWi\projectTSAM\Code\Solar\1500Scen\tol01\225a\
    SysDir C:\GAMS\32\
    LogOption 3
    ErrMsg 1
    ErrorLog 99
    IDE 1
    LstTitleLeftAligned 1
GAMS 32.2.0   Copyright (C) 1987-2020 GAMS Development. All rights reserved
Licensee: Small MUD - 5 User License                     S200323/0001AN-GEN
          Friedrich-Alexander-Universitaet Erlangen-Nurnberg         DC7699
          C:\GAMS\32\gamslice.txt
--- Starting compilation
--- inputME.gms(14) 3 Mb
--- . solar_scenarios_1500.csv(1501) 4 Mb
--- inputME.gms(36) 4 Mb
--- . scenario_sorted_1500_01.csv(1501) 4 Mb
--- inputME.gms(116) 4 Mb
--- . battery_revenue.csv(25) 4 Mb
--- inputME.gms(185) 4 Mb
--- Starting execution: elapsed 0:00:00.054
--- inputME.gms(3210) 7 Mb
*** Status: Normal completion
--- Job inputME.gms Stop 12/20/21 14:35:41 elapsed 0:00:00.255
