--- Job fixed_problem.gms Start 03/24/22 11:00:30 32.2.0 rc62c018 WEX-WEI x86 64bit/MS Windows
--- Applying:
    C:\GAMS\32\gmsprmNT.txt
--- GAMS Parameters defined
    Input C:\Users\charl\OneDrive\Dokumente\A_Uni\HiWi\ArticleSubgradient\Code\SampleRun_Environment_Solar\600Scens\tol01\Scenario2\fixed_problem.gms
    PageSize 0
    ScrDir C:\Users\charl\OneDrive\Dokumente\A_Uni\HiWi\ArticleSubgradient\Code\SampleRun_Environment_Solar\600Scens\tol01\Scenario2\225d\
    SysDir C:\GAMS\32\
    LogOption 3
    ErrMsg 1
    ErrorLog 99
    IDE 1
    LstTitleLeftAligned 1
GAMS 32.2.0   Copyright (C) 1987-2020 GAMS Development. All rights reserved
Licensee: Small MUD - 5 User License                     S200323/0001AN-GEN
          Friedrich-Alexander-Universitaet Erlangen-Nurnberg         DC7699
          C:\GAMS\32\gamslice.txt
--- Starting compilation
--- fixed_problem.gms(30) 3 Mb
--- . solar_scenarios.csv(601) 3 Mb
--- fixed_problem.gms(53) 3 Mb
--- . sampled_dynamic.csv(25) 3 Mb
--- fixed_problem.gms(62) 3 Mb
--- . battery_revenue.csv(25) 3 Mb
--- fixed_problem.gms(216) 3 Mb
--- Starting execution: elapsed 0:00:00.032
--- fixed_problem.gms(833) 8 Mb
--- Generating MIP model schedule
--- fixed_problem.gms(804) 8 Mb
--- Starting Equ Objective: elapsed 0:00:00.103
--- fixed_problem.gms(806) 9 Mb
--- Starting Equ Const1: elapsed 0:00:00.345
--- fixed_problem.gms(809) 18 Mb
--- Starting Equ Const_chance_1: elapsed 0:00:00.377
--- fixed_problem.gms(812) 23 Mb
--- Starting Equ Const_chance_2: elapsed 0:00:00.410
--- fixed_problem.gms(836) 23 Mb
--- LOOPS iter = iter1
---   28,202 rows  43,825 columns  127,825 non-zeroes
---   600 discrete-columns
--- Executing CPLEX (Solvelink=2): elapsed 0:00:00.502

IBM ILOG CPLEX   32.2.0 rc62c018 Released Aug 26, 2020 WEI x86 64bit/MS Window
--- GAMS/Cplex Link licensed for continuous and discrete problems.
Cplex 12.10.0.0

Reading data...
Starting Cplex...
Space for names approximately 1.78 Mb
Use option 'names no' to turn use of names off
Version identifier: 12.10.0.0 | 2019-11-26 | 843d4de2ae
CPXPARAM_Advance                                 0
CPXPARAM_Threads                                 8
CPXPARAM_Parallel                                1
CPXPARAM_MIP_Display                             4
CPXPARAM_TimeLimit                               1800
CPXPARAM_Tune_TimeLimit                          360
CPXPARAM_MIP_Tolerances_AbsMIPGap                0
CPXPARAM_MIP_Tolerances_MIPGap                   0
CPXPARAM_WorkDir                                 "C:\Users\charl\OneDrive\Dokumente\A_Uni\HiWi\ArticleSubgradient\Code\SampleRun_Environment_Solar\600Scens\tol01\Scenario2\225d\"
Row 'Const_chance_2' infeasible, all entries at implied bounds.
Presolve time = 0.02 sec. (9.46 ticks)

Root node processing (before b&c):
  Real time             =    0.02 sec. (11.96 ticks)
Parallel b&c, 8 threads:
  Real time             =    0.00 sec. (0.00 ticks)
  Sync time (average)   =    0.00 sec.
  Wait time (average)   =    0.00 sec.
                          ------------
Total (root+branch&cut) =    0.02 sec. (11.96 ticks)
MIP status(103): integer infeasible
Cplex Time: 0.03sec (det. 12.09 ticks)
CPLEX Error  1217: No solution exists.
Problem is integer infeasible.
--- Reading solution for model schedule
--- Executing after solve: elapsed 0:00:00.731
--- fixed_problem.gms(833) 23 Mb
--- Generating MIP model schedule
--- fixed_problem.gms(804) 23 Mb
--- Starting Equ Objective: elapsed 0:00:00.732
--- fixed_problem.gms(806) 23 Mb
--- Starting Equ Const1: elapsed 0:00:01.008
--- fixed_problem.gms(809) 23 Mb
--- Starting Equ Const_chance_1: elapsed 0:00:01.060
--- fixed_problem.gms(812) 23 Mb
--- Starting Equ Const_chance_2: elapsed 0:00:01.109
--- fixed_problem.gms(836) 23 Mb
--- LOOPS iter = iter2
---   28,202 rows  43,825 columns  127,825 non-zeroes
---   600 discrete-columns
--- Executing CPLEX (Solvelink=2): elapsed 0:00:01.204

IBM ILOG CPLEX   32.2.0 rc62c018 Released Aug 26, 2020 WEI x86 64bit/MS Window
--- GAMS/Cplex Link licensed for continuous and discrete problems.
Cplex 12.10.0.0

Reading data...
Starting Cplex...
Space for names approximately 1.78 Mb
Use option 'names no' to turn use of names off
Version identifier: 12.10.0.0 | 2019-11-26 | 843d4de2ae
CPXPARAM_Advance                                 0
CPXPARAM_Threads                                 8
CPXPARAM_Parallel                                1
CPXPARAM_MIP_Display                             4
CPXPARAM_TimeLimit                               1800
CPXPARAM_Tune_TimeLimit                          360
CPXPARAM_MIP_Tolerances_AbsMIPGap                0
CPXPARAM_MIP_Tolerances_MIPGap                   0
CPXPARAM_WorkDir                                 "C:\Users\charl\OneDrive\Dokumente\A_Uni\HiWi\ArticleSubgradient\Code\SampleRun_Environment_Solar\600Scens\tol01\Scenario2\225d\"
Row 'Const_chance_2' infeasible, all entries at implied bounds.
Presolve time = 0.02 sec. (9.45 ticks)

Root node processing (before b&c):
  Real time             =    0.03 sec. (11.97 ticks)
Parallel b&c, 8 threads:
  Real time             =    0.00 sec. (0.00 ticks)
  Sync time (average)   =    0.00 sec.
  Wait time (average)   =    0.00 sec.
                          ------------
Total (root+branch&cut) =    0.03 sec. (11.97 ticks)
MIP status(103): integer infeasible
Cplex Time: 0.03sec (det. 12.10 ticks)
CPLEX Error  1217: No solution exists.
Problem is integer infeasible.
--- Reading solution for model schedule
--- Executing after solve: elapsed 0:00:01.385
--- fixed_problem.gms(833) 23 Mb
--- Generating MIP model schedule
--- fixed_problem.gms(804) 23 Mb
--- Starting Equ Objective: elapsed 0:00:01.385
--- fixed_problem.gms(806) 23 Mb
--- Starting Equ Const1: elapsed 0:00:01.635
--- fixed_problem.gms(809) 23 Mb
--- Starting Equ Const_chance_1: elapsed 0:00:01.697
--- fixed_problem.gms(812) 23 Mb
--- Starting Equ Const_chance_2: elapsed 0:00:01.748
--- fixed_problem.gms(836) 23 Mb
--- LOOPS iter = iter3
---   28,202 rows  43,825 columns  127,825 non-zeroes
---   600 discrete-columns
--- Executing CPLEX (Solvelink=2): elapsed 0:00:01.841

IBM ILOG CPLEX   32.2.0 rc62c018 Released Aug 26, 2020 WEI x86 64bit/MS Window
--- GAMS/Cplex Link licensed for continuous and discrete problems.
Cplex 12.10.0.0

Reading data...
Starting Cplex...
Space for names approximately 1.78 Mb
Use option 'names no' to turn use of names off
Version identifier: 12.10.0.0 | 2019-11-26 | 843d4de2ae
CPXPARAM_Advance                                 0
CPXPARAM_Threads                                 8
CPXPARAM_Parallel                                1
CPXPARAM_MIP_Display                             4
CPXPARAM_TimeLimit                               1800
CPXPARAM_Tune_TimeLimit                          360
CPXPARAM_MIP_Tolerances_AbsMIPGap                0
CPXPARAM_MIP_Tolerances_MIPGap                   0
CPXPARAM_WorkDir                                 "C:\Users\charl\OneDrive\Dokumente\A_Uni\HiWi\ArticleSubgradient\Code\SampleRun_Environment_Solar\600Scens\tol01\Scenario2\225d\"
Row 'Const_chance_2' infeasible, all entries at implied bounds.
Presolve time = 0.03 sec. (9.45 ticks)

Root node processing (before b&c):
  Real time             =    0.03 sec. (11.96 ticks)
Parallel b&c, 8 threads:
  Real time             =    0.00 sec. (0.00 ticks)
  Sync time (average)   =    0.00 sec.
  Wait time (average)   =    0.00 sec.
                          ------------
Total (root+branch&cut) =    0.03 sec. (11.96 ticks)
MIP status(103): integer infeasible
Cplex Time: 0.03sec (det. 12.08 ticks)
CPLEX Error  1217: No solution exists.
Problem is integer infeasible.
--- Reading solution for model schedule
--- Executing after solve: elapsed 0:00:02.016
--- fixed_problem.gms(833) 23 Mb
--- Generating MIP model schedule
--- fixed_problem.gms(804) 23 Mb
--- Starting Equ Objective: elapsed 0:00:02.016
--- fixed_problem.gms(806) 23 Mb
--- Starting Equ Const1: elapsed 0:00:02.319
--- fixed_problem.gms(809) 23 Mb
--- Starting Equ Const_chance_1: elapsed 0:00:02.392
--- fixed_problem.gms(812) 23 Mb
--- Starting Equ Const_chance_2: elapsed 0:00:02.446
--- fixed_problem.gms(836) 23 Mb
--- LOOPS iter = iter4
---   28,202 rows  43,825 columns  127,825 non-zeroes
---   600 discrete-columns
--- Executing CPLEX (Solvelink=2): elapsed 0:00:02.547

IBM ILOG CPLEX   32.2.0 rc62c018 Released Aug 26, 2020 WEI x86 64bit/MS Window
--- GAMS/Cplex Link licensed for continuous and discrete problems.
Cplex 12.10.0.0

Reading data...
Starting Cplex...
Space for names approximately 1.78 Mb
Use option 'names no' to turn use of names off
Version identifier: 12.10.0.0 | 2019-11-26 | 843d4de2ae
CPXPARAM_Advance                                 0
CPXPARAM_Threads                                 8
CPXPARAM_Parallel                                1
CPXPARAM_MIP_Display                             4
CPXPARAM_TimeLimit                               1800
CPXPARAM_Tune_TimeLimit                          360
CPXPARAM_MIP_Tolerances_AbsMIPGap                0
CPXPARAM_MIP_Tolerances_MIPGap                   0
CPXPARAM_WorkDir                                 "C:\Users\charl\OneDrive\Dokumente\A_Uni\HiWi\ArticleSubgradient\Code\SampleRun_Environment_Solar\600Scens\tol01\Scenario2\225d\"
Row 'Const_chance_2' infeasible, all entries at implied bounds.
Presolve time = 0.03 sec. (9.46 ticks)

Root node processing (before b&c):
  Real time             =    0.03 sec. (11.99 ticks)
Parallel b&c, 8 threads:
  Real time             =    0.00 sec. (0.00 ticks)
  Sync time (average)   =    0.00 sec.
  Wait time (average)   =    0.00 sec.
                          ------------
Total (root+branch&cut) =    0.03 sec. (11.99 ticks)
MIP status(103): integer infeasible
Cplex Time: 0.03sec (det. 12.12 ticks)
CPLEX Error  1217: No solution exists.
Problem is integer infeasible.
--- Reading solution for model schedule
--- Executing after solve: elapsed 0:00:02.726
--- fixed_problem.gms(833) 23 Mb
--- Generating MIP model schedule
--- fixed_problem.gms(804) 23 Mb
--- Starting Equ Objective: elapsed 0:00:02.726
--- fixed_problem.gms(806) 23 Mb
--- Starting Equ Const1: elapsed 0:00:03.002
--- fixed_problem.gms(809) 23 Mb
--- Starting Equ Const_chance_1: elapsed 0:00:03.071
--- fixed_problem.gms(812) 23 Mb
--- Starting Equ Const_chance_2: elapsed 0:00:03.130
--- fixed_problem.gms(836) 23 Mb
--- LOOPS iter = iter5
---   28,202 rows  43,825 columns  127,825 non-zeroes
---   600 discrete-columns
--- Executing CPLEX (Solvelink=2): elapsed 0:00:03.239

IBM ILOG CPLEX   32.2.0 rc62c018 Released Aug 26, 2020 WEI x86 64bit/MS Window
--- GAMS/Cplex Link licensed for continuous and discrete problems.
Cplex 12.10.0.0

Reading data...
Starting Cplex...
Space for names approximately 1.78 Mb
Use option 'names no' to turn use of names off
Version identifier: 12.10.0.0 | 2019-11-26 | 843d4de2ae
CPXPARAM_Advance                                 0
CPXPARAM_Threads                                 8
CPXPARAM_Parallel                                1
CPXPARAM_MIP_Display                             4
CPXPARAM_TimeLimit                               1800
CPXPARAM_Tune_TimeLimit                          360
CPXPARAM_MIP_Tolerances_AbsMIPGap                0
CPXPARAM_MIP_Tolerances_MIPGap                   0
CPXPARAM_WorkDir                                 "C:\Users\charl\OneDrive\Dokumente\A_Uni\HiWi\ArticleSubgradient\Code\SampleRun_Environment_Solar\600Scens\tol01\Scenario2\225d\"
Row 'Const_chance_2' infeasible, all entries at implied bounds.
Presolve time = 0.02 sec. (9.43 ticks)

Root node processing (before b&c):
  Real time             =    0.03 sec. (11.95 ticks)
Parallel b&c, 8 threads:
  Real time             =    0.00 sec. (0.00 ticks)
  Sync time (average)   =    0.00 sec.
  Wait time (average)   =    0.00 sec.
                          ------------
Total (root+branch&cut) =    0.03 sec. (11.95 ticks)
MIP status(103): integer infeasible
Cplex Time: 0.03sec (det. 12.08 ticks)
CPLEX Error  1217: No solution exists.
Problem is integer infeasible.
--- Reading solution for model schedule
--- Executing after solve: elapsed 0:00:03.411
--- fixed_problem.gms(833) 23 Mb
--- Generating MIP model schedule
--- fixed_problem.gms(804) 23 Mb
--- Starting Equ Objective: elapsed 0:00:03.411
--- fixed_problem.gms(806) 23 Mb
--- Starting Equ Const1: elapsed 0:00:03.684
--- fixed_problem.gms(809) 23 Mb
--- Starting Equ Const_chance_1: elapsed 0:00:03.750
--- fixed_problem.gms(812) 23 Mb
--- Starting Equ Const_chance_2: elapsed 0:00:03.811
--- fixed_problem.gms(836) 23 Mb
--- LOOPS iter = iter6
---   28,202 rows  43,825 columns  127,825 non-zeroes
---   600 discrete-columns
--- Executing CPLEX (Solvelink=2): elapsed 0:00:03.917

IBM ILOG CPLEX   32.2.0 rc62c018 Released Aug 26, 2020 WEI x86 64bit/MS Window
--- GAMS/Cplex Link licensed for continuous and discrete problems.
Cplex 12.10.0.0

Reading data...
Starting Cplex...
Space for names approximately 1.78 Mb
Use option 'names no' to turn use of names off
Version identifier: 12.10.0.0 | 2019-11-26 | 843d4de2ae
CPXPARAM_Advance                                 0
CPXPARAM_Threads                                 8
CPXPARAM_Parallel                                1
CPXPARAM_MIP_Display                             4
CPXPARAM_TimeLimit                               1800
CPXPARAM_Tune_TimeLimit                          360
CPXPARAM_MIP_Tolerances_AbsMIPGap                0
CPXPARAM_MIP_Tolerances_MIPGap                   0
CPXPARAM_WorkDir                                 "C:\Users\charl\OneDrive\Dokumente\A_Uni\HiWi\ArticleSubgradient\Code\SampleRun_Environment_Solar\600Scens\tol01\Scenario2\225d\"
Row 'Const_chance_2' infeasible, all entries at implied bounds.
Presolve time = 0.02 sec. (9.45 ticks)

Root node processing (before b&c):
  Real time             =    0.02 sec. (11.96 ticks)
Parallel b&c, 8 threads:
  Real time             =    0.00 sec. (0.00 ticks)
  Sync time (average)   =    0.00 sec.
  Wait time (average)   =    0.00 sec.
                          ------------
Total (root+branch&cut) =    0.02 sec. (11.96 ticks)
MIP status(103): integer infeasible
Cplex Time: 0.03sec (det. 12.09 ticks)
CPLEX Error  1217: No solution exists.
Problem is integer infeasible.
--- Reading solution for model schedule
--- Executing after solve: elapsed 0:00:04.086
--- fixed_problem.gms(833) 23 Mb
--- Generating MIP model schedule
--- fixed_problem.gms(804) 23 Mb
--- Starting Equ Objective: elapsed 0:00:04.086
--- fixed_problem.gms(806) 23 Mb
--- Starting Equ Const1: elapsed 0:00:04.362
--- fixed_problem.gms(809) 23 Mb
--- Starting Equ Const_chance_1: elapsed 0:00:04.435
--- fixed_problem.gms(812) 23 Mb
--- Starting Equ Const_chance_2: elapsed 0:00:04.494
--- fixed_problem.gms(836) 23 Mb
--- LOOPS iter = iter7
---   28,202 rows  43,825 columns  127,825 non-zeroes
---   600 discrete-columns
--- Executing CPLEX (Solvelink=2): elapsed 0:00:04.591

IBM ILOG CPLEX   32.2.0 rc62c018 Released Aug 26, 2020 WEI x86 64bit/MS Window
--- GAMS/Cplex Link licensed for continuous and discrete problems.
Cplex 12.10.0.0

Reading data...
Starting Cplex...
Space for names approximately 1.78 Mb
Use option 'names no' to turn use of names off
Version identifier: 12.10.0.0 | 2019-11-26 | 843d4de2ae
CPXPARAM_Advance                                 0
CPXPARAM_Threads                                 8
CPXPARAM_Parallel                                1
CPXPARAM_MIP_Display                             4
CPXPARAM_TimeLimit                               1800
CPXPARAM_Tune_TimeLimit                          360
CPXPARAM_MIP_Tolerances_AbsMIPGap                0
CPXPARAM_MIP_Tolerances_MIPGap                   0
CPXPARAM_WorkDir                                 "C:\Users\charl\OneDrive\Dokumente\A_Uni\HiWi\ArticleSubgradient\Code\SampleRun_Environment_Solar\600Scens\tol01\Scenario2\225d\"
Row 'Const_chance_2' infeasible, all entries at implied bounds.
Presolve time = 0.02 sec. (9.46 ticks)

Root node processing (before b&c):
  Real time             =    0.02 sec. (11.99 ticks)
Parallel b&c, 8 threads:
  Real time             =    0.00 sec. (0.00 ticks)
  Sync time (average)   =    0.00 sec.
  Wait time (average)   =    0.00 sec.
                          ------------
Total (root+branch&cut) =    0.02 sec. (11.99 ticks)
MIP status(103): integer infeasible
Cplex Time: 0.02sec (det. 12.11 ticks)
CPLEX Error  1217: No solution exists.
Problem is integer infeasible.
--- Reading solution for model schedule
--- Executing after solve: elapsed 0:00:04.775
--- fixed_problem.gms(833) 23 Mb
--- Generating MIP model schedule
--- fixed_problem.gms(804) 23 Mb
--- Starting Equ Objective: elapsed 0:00:04.775
--- fixed_problem.gms(806) 23 Mb
--- Starting Equ Const1: elapsed 0:00:05.045
--- fixed_problem.gms(809) 23 Mb
--- Starting Equ Const_chance_1: elapsed 0:00:05.112
--- fixed_problem.gms(812) 23 Mb
--- Starting Equ Const_chance_2: elapsed 0:00:05.179
--- fixed_problem.gms(836) 23 Mb
--- LOOPS iter = iter8
---   28,202 rows  43,825 columns  127,825 non-zeroes
---   600 discrete-columns
--- Executing CPLEX (Solvelink=2): elapsed 0:00:05.272

IBM ILOG CPLEX   32.2.0 rc62c018 Released Aug 26, 2020 WEI x86 64bit/MS Window
--- GAMS/Cplex Link licensed for continuous and discrete problems.
Cplex 12.10.0.0

Reading data...
Starting Cplex...
Space for names approximately 1.78 Mb
Use option 'names no' to turn use of names off
Version identifier: 12.10.0.0 | 2019-11-26 | 843d4de2ae
CPXPARAM_Advance                                 0
CPXPARAM_Threads                                 8
CPXPARAM_Parallel                                1
CPXPARAM_MIP_Display                             4
CPXPARAM_TimeLimit                               1800
CPXPARAM_Tune_TimeLimit                          360
CPXPARAM_MIP_Tolerances_AbsMIPGap                0
CPXPARAM_MIP_Tolerances_MIPGap                   0
CPXPARAM_WorkDir                                 "C:\Users\charl\OneDrive\Dokumente\A_Uni\HiWi\ArticleSubgradient\Code\SampleRun_Environment_Solar\600Scens\tol01\Scenario2\225d\"
Row 'Const_chance_2' infeasible, all entries at implied bounds.
Presolve time = 0.03 sec. (9.42 ticks)

Root node processing (before b&c):
  Real time             =    0.03 sec. (11.93 ticks)
Parallel b&c, 8 threads:
  Real time             =    0.00 sec. (0.00 ticks)
  Sync time (average)   =    0.00 sec.
  Wait time (average)   =    0.00 sec.
                          ------------
Total (root+branch&cut) =    0.03 sec. (11.93 ticks)
MIP status(103): integer infeasible
Cplex Time: 0.03sec (det. 12.06 ticks)
CPLEX Error  1217: No solution exists.
Problem is integer infeasible.
--- Reading solution for model schedule
--- Executing after solve: elapsed 0:00:05.456
--- fixed_problem.gms(833) 23 Mb
--- Generating MIP model schedule
--- fixed_problem.gms(804) 23 Mb
--- Starting Equ Objective: elapsed 0:00:05.456
--- fixed_problem.gms(806) 23 Mb
--- Starting Equ Const1: elapsed 0:00:05.731
--- fixed_problem.gms(809) 23 Mb
--- Starting Equ Const_chance_1: elapsed 0:00:05.797
--- fixed_problem.gms(812) 23 Mb
--- Starting Equ Const_chance_2: elapsed 0:00:05.859
--- fixed_problem.gms(836) 23 Mb
--- LOOPS iter = iter9
---   28,202 rows  43,825 columns  127,825 non-zeroes
---   600 discrete-columns
--- Executing CPLEX (Solvelink=2): elapsed 0:00:05.952

IBM ILOG CPLEX   32.2.0 rc62c018 Released Aug 26, 2020 WEI x86 64bit/MS Window
--- GAMS/Cplex Link licensed for continuous and discrete problems.
Cplex 12.10.0.0

Reading data...
Starting Cplex...
Space for names approximately 1.78 Mb
Use option 'names no' to turn use of names off
Version identifier: 12.10.0.0 | 2019-11-26 | 843d4de2ae
CPXPARAM_Advance                                 0
CPXPARAM_Threads                                 8
CPXPARAM_Parallel                                1
CPXPARAM_MIP_Display                             4
CPXPARAM_TimeLimit                               1800
CPXPARAM_Tune_TimeLimit                          360
CPXPARAM_MIP_Tolerances_AbsMIPGap                0
CPXPARAM_MIP_Tolerances_MIPGap                   0
CPXPARAM_WorkDir                                 "C:\Users\charl\OneDrive\Dokumente\A_Uni\HiWi\ArticleSubgradient\Code\SampleRun_Environment_Solar\600Scens\tol01\Scenario2\225d\"
Row 'Const_chance_2' infeasible, all entries at implied bounds.
Presolve time = 0.02 sec. (9.42 ticks)

Root node processing (before b&c):
  Real time             =    0.02 sec. (11.93 ticks)
Parallel b&c, 8 threads:
  Real time             =    0.00 sec. (0.00 ticks)
  Sync time (average)   =    0.00 sec.
  Wait time (average)   =    0.00 sec.
                          ------------
Total (root+branch&cut) =    0.02 sec. (11.93 ticks)
MIP status(103): integer infeasible
Cplex Time: 0.02sec (det. 12.06 ticks)
CPLEX Error  1217: No solution exists.
Problem is integer infeasible.
--- Reading solution for model schedule
--- Executing after solve: elapsed 0:00:06.140
--- fixed_problem.gms(833) 23 Mb
--- Generating MIP model schedule
--- fixed_problem.gms(804) 23 Mb
--- Starting Equ Objective: elapsed 0:00:06.141
--- fixed_problem.gms(806) 23 Mb
--- Starting Equ Const1: elapsed 0:00:06.417
--- fixed_problem.gms(809) 23 Mb
--- Starting Equ Const_chance_1: elapsed 0:00:06.490
--- fixed_problem.gms(812) 23 Mb
--- Starting Equ Const_chance_2: elapsed 0:00:06.551
--- fixed_problem.gms(836) 23 Mb
--- LOOPS iter = iter10
---   28,202 rows  43,825 columns  127,825 non-zeroes
---   600 discrete-columns
--- Executing CPLEX (Solvelink=2): elapsed 0:00:06.655

IBM ILOG CPLEX   32.2.0 rc62c018 Released Aug 26, 2020 WEI x86 64bit/MS Window
--- GAMS/Cplex Link licensed for continuous and discrete problems.
Cplex 12.10.0.0

Reading data...
Starting Cplex...
Space for names approximately 1.78 Mb
Use option 'names no' to turn use of names off
Version identifier: 12.10.0.0 | 2019-11-26 | 843d4de2ae
CPXPARAM_Advance                                 0
CPXPARAM_Threads                                 8
CPXPARAM_Parallel                                1
CPXPARAM_MIP_Display                             4
CPXPARAM_TimeLimit                               1800
CPXPARAM_Tune_TimeLimit                          360
CPXPARAM_MIP_Tolerances_AbsMIPGap                0
CPXPARAM_MIP_Tolerances_MIPGap                   0
CPXPARAM_WorkDir                                 "C:\Users\charl\OneDrive\Dokumente\A_Uni\HiWi\ArticleSubgradient\Code\SampleRun_Environment_Solar\600Scens\tol01\Scenario2\225d\"
Row 'Const_chance_2' infeasible, all entries at implied bounds.
Presolve time = 0.02 sec. (9.46 ticks)

Root node processing (before b&c):
  Real time             =    0.03 sec. (11.99 ticks)
Parallel b&c, 8 threads:
  Real time             =    0.00 sec. (0.00 ticks)
  Sync time (average)   =    0.00 sec.
  Wait time (average)   =    0.00 sec.
                          ------------
Total (root+branch&cut) =    0.03 sec. (11.99 ticks)
MIP status(103): integer infeasible
Cplex Time: 0.03sec (det. 12.11 ticks)
CPLEX Error  1217: No solution exists.
Problem is integer infeasible.
--- Reading solution for model schedule
--- Executing after solve: elapsed 0:00:06.832
--- fixed_problem.gms(833) 23 Mb
--- Generating MIP model schedule
--- fixed_problem.gms(804) 23 Mb
--- Starting Equ Objective: elapsed 0:00:06.832
--- fixed_problem.gms(806) 23 Mb
--- Starting Equ Const1: elapsed 0:00:07.095
--- fixed_problem.gms(809) 23 Mb
--- Starting Equ Const_chance_1: elapsed 0:00:07.166
--- fixed_problem.gms(812) 23 Mb
--- Starting Equ Const_chance_2: elapsed 0:00:07.236
--- fixed_problem.gms(836) 23 Mb
--- LOOPS iter = iter11
---   28,202 rows  43,825 columns  127,825 non-zeroes
---   600 discrete-columns
--- Executing CPLEX (Solvelink=2): elapsed 0:00:07.339

IBM ILOG CPLEX   32.2.0 rc62c018 Released Aug 26, 2020 WEI x86 64bit/MS Window
--- GAMS/Cplex Link licensed for continuous and discrete problems.
Cplex 12.10.0.0

Reading data...
Starting Cplex...
Space for names approximately 1.78 Mb
Use option 'names no' to turn use of names off
Version identifier: 12.10.0.0 | 2019-11-26 | 843d4de2ae
CPXPARAM_Advance                                 0
CPXPARAM_Threads                                 8
CPXPARAM_Parallel                                1
CPXPARAM_MIP_Display                             4
CPXPARAM_TimeLimit                               1800
CPXPARAM_Tune_TimeLimit                          360
CPXPARAM_MIP_Tolerances_AbsMIPGap                0
CPXPARAM_MIP_Tolerances_MIPGap                   0
CPXPARAM_WorkDir                                 "C:\Users\charl\OneDrive\Dokumente\A_Uni\HiWi\ArticleSubgradient\Code\SampleRun_Environment_Solar\600Scens\tol01\Scenario2\225d\"
Row 'Const_chance_2' infeasible, all entries at implied bounds.
Presolve time = 0.00 sec. (9.45 ticks)

Root node processing (before b&c):
  Real time             =    0.02 sec. (11.97 ticks)
Parallel b&c, 8 threads:
  Real time             =    0.00 sec. (0.00 ticks)
  Sync time (average)   =    0.00 sec.
  Wait time (average)   =    0.00 sec.
                          ------------
Total (root+branch&cut) =    0.02 sec. (11.97 ticks)
MIP status(103): integer infeasible
Cplex Time: 0.03sec (det. 12.09 ticks)
CPLEX Error  1217: No solution exists.
Problem is integer infeasible.
--- Reading solution for model schedule
--- Executing after solve: elapsed 0:00:07.515
--- fixed_problem.gms(833) 23 Mb
--- Generating MIP model schedule
--- fixed_problem.gms(804) 23 Mb
--- Starting Equ Objective: elapsed 0:00:07.516
--- fixed_problem.gms(806) 23 Mb
--- Starting Equ Const1: elapsed 0:00:07.809
--- fixed_problem.gms(809) 23 Mb
--- Starting Equ Const_chance_1: elapsed 0:00:07.874
--- fixed_problem.gms(812) 23 Mb
--- Starting Equ Const_chance_2: elapsed 0:00:07.939
--- fixed_problem.gms(836) 23 Mb
--- LOOPS iter = iter12
---   28,202 rows  43,825 columns  127,825 non-zeroes
---   600 discrete-columns
--- Executing CPLEX (Solvelink=2): elapsed 0:00:08.042

IBM ILOG CPLEX   32.2.0 rc62c018 Released Aug 26, 2020 WEI x86 64bit/MS Window
--- GAMS/Cplex Link licensed for continuous and discrete problems.
Cplex 12.10.0.0

Reading data...
Starting Cplex...
Space for names approximately 1.78 Mb
Use option 'names no' to turn use of names off
Version identifier: 12.10.0.0 | 2019-11-26 | 843d4de2ae
CPXPARAM_Advance                                 0
CPXPARAM_Threads                                 8
CPXPARAM_Parallel                                1
CPXPARAM_MIP_Display                             4
CPXPARAM_TimeLimit                               1800
CPXPARAM_Tune_TimeLimit                          360
CPXPARAM_MIP_Tolerances_AbsMIPGap                0
CPXPARAM_MIP_Tolerances_MIPGap                   0
CPXPARAM_WorkDir                                 "C:\Users\charl\OneDrive\Dokumente\A_Uni\HiWi\ArticleSubgradient\Code\SampleRun_Environment_Solar\600Scens\tol01\Scenario2\225d\"
Row 'Const_chance_2' infeasible, all entries at implied bounds.
Presolve time = 0.02 sec. (9.45 ticks)

Root node processing (before b&c):
  Real time             =    0.02 sec. (11.97 ticks)
Parallel b&c, 8 threads:
  Real time             =    0.00 sec. (0.00 ticks)
  Sync time (average)   =    0.00 sec.
  Wait time (average)   =    0.00 sec.
                          ------------
Total (root+branch&cut) =    0.02 sec. (11.97 ticks)
MIP status(103): integer infeasible
Cplex Time: 0.02sec (det. 12.09 ticks)
CPLEX Error  1217: No solution exists.
Problem is integer infeasible.
--- Reading solution for model schedule
--- Executing after solve: elapsed 0:00:08.213
--- fixed_problem.gms(833) 23 Mb
--- Generating MIP model schedule
--- fixed_problem.gms(804) 23 Mb
--- Starting Equ Objective: elapsed 0:00:08.213
--- fixed_problem.gms(806) 23 Mb
--- Starting Equ Const1: elapsed 0:00:08.502
--- fixed_problem.gms(809) 23 Mb
--- Starting Equ Const_chance_1: elapsed 0:00:08.569
--- fixed_problem.gms(812) 23 Mb
--- Starting Equ Const_chance_2: elapsed 0:00:08.632
--- fixed_problem.gms(836) 23 Mb
--- LOOPS iter = iter13
---   28,202 rows  43,825 columns  127,825 non-zeroes
---   600 discrete-columns
--- Executing CPLEX (Solvelink=2): elapsed 0:00:08.735

IBM ILOG CPLEX   32.2.0 rc62c018 Released Aug 26, 2020 WEI x86 64bit/MS Window
--- GAMS/Cplex Link licensed for continuous and discrete problems.
Cplex 12.10.0.0

Reading data...
Starting Cplex...
Space for names approximately 1.78 Mb
Use option 'names no' to turn use of names off
Version identifier: 12.10.0.0 | 2019-11-26 | 843d4de2ae
CPXPARAM_Advance                                 0
CPXPARAM_Threads                                 8
CPXPARAM_Parallel                                1
CPXPARAM_MIP_Display                             4
CPXPARAM_TimeLimit                               1800
CPXPARAM_Tune_TimeLimit                          360
CPXPARAM_MIP_Tolerances_AbsMIPGap                0
CPXPARAM_MIP_Tolerances_MIPGap                   0
CPXPARAM_WorkDir                                 "C:\Users\charl\OneDrive\Dokumente\A_Uni\HiWi\ArticleSubgradient\Code\SampleRun_Environment_Solar\600Scens\tol01\Scenario2\225d\"
Row 'Const_chance_2' infeasible, all entries at implied bounds.
Presolve time = 0.02 sec. (9.45 ticks)

Root node processing (before b&c):
  Real time             =    0.03 sec. (11.96 ticks)
Parallel b&c, 8 threads:
  Real time             =    0.00 sec. (0.00 ticks)
  Sync time (average)   =    0.00 sec.
  Wait time (average)   =    0.00 sec.
                          ------------
Total (root+branch&cut) =    0.03 sec. (11.96 ticks)
MIP status(103): integer infeasible
Cplex Time: 0.03sec (det. 12.09 ticks)
CPLEX Error  1217: No solution exists.
Problem is integer infeasible.
--- Reading solution for model schedule
--- Executing after solve: elapsed 0:00:08.910
--- fixed_problem.gms(833) 23 Mb
--- Generating MIP model schedule
--- fixed_problem.gms(804) 23 Mb
--- Starting Equ Objective: elapsed 0:00:08.910
--- fixed_problem.gms(806) 23 Mb
--- Starting Equ Const1: elapsed 0:00:09.168
--- fixed_problem.gms(809) 23 Mb
--- Starting Equ Const_chance_1: elapsed 0:00:09.241
--- fixed_problem.gms(812) 23 Mb
--- Starting Equ Const_chance_2: elapsed 0:00:09.306
--- fixed_problem.gms(836) 23 Mb
--- LOOPS iter = iter14
---   28,202 rows  43,825 columns  127,825 non-zeroes
---   600 discrete-columns
--- Executing CPLEX (Solvelink=2): elapsed 0:00:09.411

IBM ILOG CPLEX   32.2.0 rc62c018 Released Aug 26, 2020 WEI x86 64bit/MS Window
--- GAMS/Cplex Link licensed for continuous and discrete problems.
Cplex 12.10.0.0

Reading data...
Starting Cplex...
Space for names approximately 1.78 Mb
Use option 'names no' to turn use of names off
Version identifier: 12.10.0.0 | 2019-11-26 | 843d4de2ae
CPXPARAM_Advance                                 0
CPXPARAM_Threads                                 8
CPXPARAM_Parallel                                1
CPXPARAM_MIP_Display                             4
CPXPARAM_TimeLimit                               1800
CPXPARAM_Tune_TimeLimit                          360
CPXPARAM_MIP_Tolerances_AbsMIPGap                0
CPXPARAM_MIP_Tolerances_MIPGap                   0
CPXPARAM_WorkDir                                 "C:\Users\charl\OneDrive\Dokumente\A_Uni\HiWi\ArticleSubgradient\Code\SampleRun_Environment_Solar\600Scens\tol01\Scenario2\225d\"
Row 'Const_chance_2' infeasible, all entries at implied bounds.
Presolve time = 0.02 sec. (9.45 ticks)

Root node processing (before b&c):
  Real time             =    0.03 sec. (11.97 ticks)
Parallel b&c, 8 threads:
  Real time             =    0.00 sec. (0.00 ticks)
  Sync time (average)   =    0.00 sec.
  Wait time (average)   =    0.00 sec.
                          ------------
Total (root+branch&cut) =    0.03 sec. (11.97 ticks)
MIP status(103): integer infeasible
Cplex Time: 0.03sec (det. 12.09 ticks)
CPLEX Error  1217: No solution exists.
Problem is integer infeasible.
--- Reading solution for model schedule
--- Executing after solve: elapsed 0:00:09.586
--- fixed_problem.gms(833) 23 Mb
--- Generating MIP model schedule
--- fixed_problem.gms(804) 23 Mb
--- Starting Equ Objective: elapsed 0:00:09.586
--- fixed_problem.gms(806) 23 Mb
--- Starting Equ Const1: elapsed 0:00:09.852
--- fixed_problem.gms(809) 23 Mb
--- Starting Equ Const_chance_1: elapsed 0:00:09.924
--- fixed_problem.gms(812) 23 Mb
--- Starting Equ Const_chance_2: elapsed 0:00:09.988
--- fixed_problem.gms(836) 23 Mb
--- LOOPS iter = iter15
---   28,202 rows  43,825 columns  127,825 non-zeroes
---   600 discrete-columns
--- Executing CPLEX (Solvelink=2): elapsed 0:00:10.088

IBM ILOG CPLEX   32.2.0 rc62c018 Released Aug 26, 2020 WEI x86 64bit/MS Window
--- GAMS/Cplex Link licensed for continuous and discrete problems.
Cplex 12.10.0.0

Reading data...
Starting Cplex...
Space for names approximately 1.78 Mb
Use option 'names no' to turn use of names off
Version identifier: 12.10.0.0 | 2019-11-26 | 843d4de2ae
CPXPARAM_Advance                                 0
CPXPARAM_Threads                                 8
CPXPARAM_Parallel                                1
CPXPARAM_MIP_Display                             4
CPXPARAM_TimeLimit                               1800
CPXPARAM_Tune_TimeLimit                          360
CPXPARAM_MIP_Tolerances_AbsMIPGap                0
CPXPARAM_MIP_Tolerances_MIPGap                   0
CPXPARAM_WorkDir                                 "C:\Users\charl\OneDrive\Dokumente\A_Uni\HiWi\ArticleSubgradient\Code\SampleRun_Environment_Solar\600Scens\tol01\Scenario2\225d\"
Row 'Const_chance_2' infeasible, all entries at implied bounds.
Presolve time = 0.03 sec. (9.41 ticks)

Root node processing (before b&c):
  Real time             =    0.03 sec. (11.92 ticks)
Parallel b&c, 8 threads:
  Real time             =    0.00 sec. (0.00 ticks)
  Sync time (average)   =    0.00 sec.
  Wait time (average)   =    0.00 sec.
                          ------------
Total (root+branch&cut) =    0.03 sec. (11.92 ticks)
MIP status(103): integer infeasible
Cplex Time: 0.03sec (det. 12.05 ticks)
CPLEX Error  1217: No solution exists.
Problem is integer infeasible.
--- Reading solution for model schedule
--- Executing after solve: elapsed 0:00:10.265
--- fixed_problem.gms(833) 23 Mb
--- Generating MIP model schedule
--- fixed_problem.gms(804) 23 Mb
--- Starting Equ Objective: elapsed 0:00:10.266
--- fixed_problem.gms(806) 23 Mb
--- Starting Equ Const1: elapsed 0:00:10.555
--- fixed_problem.gms(809) 23 Mb
--- Starting Equ Const_chance_1: elapsed 0:00:10.624
--- fixed_problem.gms(812) 23 Mb
--- Starting Equ Const_chance_2: elapsed 0:00:10.691
--- fixed_problem.gms(836) 23 Mb
--- LOOPS iter = iter16
---   28,202 rows  43,825 columns  127,825 non-zeroes
---   600 discrete-columns
--- Executing CPLEX (Solvelink=2): elapsed 0:00:10.787

IBM ILOG CPLEX   32.2.0 rc62c018 Released Aug 26, 2020 WEI x86 64bit/MS Window
--- GAMS/Cplex Link licensed for continuous and discrete problems.
Cplex 12.10.0.0

Reading data...
Starting Cplex...
Space for names approximately 1.78 Mb
Use option 'names no' to turn use of names off
Version identifier: 12.10.0.0 | 2019-11-26 | 843d4de2ae
CPXPARAM_Advance                                 0
CPXPARAM_Threads                                 8
CPXPARAM_Parallel                                1
CPXPARAM_MIP_Display                             4
CPXPARAM_TimeLimit                               1800
CPXPARAM_Tune_TimeLimit                          360
CPXPARAM_MIP_Tolerances_AbsMIPGap                0
CPXPARAM_MIP_Tolerances_MIPGap                   0
CPXPARAM_WorkDir                                 "C:\Users\charl\OneDrive\Dokumente\A_Uni\HiWi\ArticleSubgradient\Code\SampleRun_Environment_Solar\600Scens\tol01\Scenario2\225d\"
Row 'Const_chance_2' infeasible, all entries at implied bounds.
Presolve time = 0.02 sec. (9.45 ticks)

Root node processing (before b&c):
  Real time             =    0.03 sec. (11.96 ticks)
Parallel b&c, 8 threads:
  Real time             =    0.00 sec. (0.00 ticks)
  Sync time (average)   =    0.00 sec.
  Wait time (average)   =    0.00 sec.
                          ------------
Total (root+branch&cut) =    0.03 sec. (11.96 ticks)
MIP status(103): integer infeasible
Cplex Time: 0.03sec (det. 12.09 ticks)
CPLEX Error  1217: No solution exists.
Problem is integer infeasible.
--- Reading solution for model schedule
--- Executing after solve: elapsed 0:00:10.958
--- fixed_problem.gms(833) 23 Mb
--- Generating MIP model schedule
--- fixed_problem.gms(804) 23 Mb
--- Starting Equ Objective: elapsed 0:00:10.958
--- fixed_problem.gms(806) 23 Mb
--- Starting Equ Const1: elapsed 0:00:11.234
--- fixed_problem.gms(809) 23 Mb
--- Starting Equ Const_chance_1: elapsed 0:00:11.304
--- fixed_problem.gms(812) 23 Mb
--- Starting Equ Const_chance_2: elapsed 0:00:11.371
--- fixed_problem.gms(836) 23 Mb
--- LOOPS iter = iter17
---   28,202 rows  43,825 columns  127,825 non-zeroes
---   600 discrete-columns
--- Executing CPLEX (Solvelink=2): elapsed 0:00:11.474

IBM ILOG CPLEX   32.2.0 rc62c018 Released Aug 26, 2020 WEI x86 64bit/MS Window
--- GAMS/Cplex Link licensed for continuous and discrete problems.
Cplex 12.10.0.0

Reading data...
Starting Cplex...
Space for names approximately 1.78 Mb
Use option 'names no' to turn use of names off
Version identifier: 12.10.0.0 | 2019-11-26 | 843d4de2ae
CPXPARAM_Advance                                 0
CPXPARAM_Threads                                 8
CPXPARAM_Parallel                                1
CPXPARAM_MIP_Display                             4
CPXPARAM_TimeLimit                               1800
CPXPARAM_Tune_TimeLimit                          360
CPXPARAM_MIP_Tolerances_AbsMIPGap                0
CPXPARAM_MIP_Tolerances_MIPGap                   0
CPXPARAM_WorkDir                                 "C:\Users\charl\OneDrive\Dokumente\A_Uni\HiWi\ArticleSubgradient\Code\SampleRun_Environment_Solar\600Scens\tol01\Scenario2\225d\"
Row 'Const_chance_2' infeasible, all entries at implied bounds.
Presolve time = 0.02 sec. (9.42 ticks)

Root node processing (before b&c):
  Real time             =    0.02 sec. (11.93 ticks)
Parallel b&c, 8 threads:
  Real time             =    0.00 sec. (0.00 ticks)
  Sync time (average)   =    0.00 sec.
  Wait time (average)   =    0.00 sec.
                          ------------
Total (root+branch&cut) =    0.02 sec. (11.93 ticks)
MIP status(103): integer infeasible
Cplex Time: 0.02sec (det. 12.05 ticks)
CPLEX Error  1217: No solution exists.
Problem is integer infeasible.
--- Reading solution for model schedule
--- Executing after solve: elapsed 0:00:11.655
--- fixed_problem.gms(833) 23 Mb
--- Generating MIP model schedule
--- fixed_problem.gms(804) 23 Mb
--- Starting Equ Objective: elapsed 0:00:11.655
--- fixed_problem.gms(806) 23 Mb
--- Starting Equ Const1: elapsed 0:00:11.941
--- fixed_problem.gms(809) 23 Mb
--- Starting Equ Const_chance_1: elapsed 0:00:12.006
--- fixed_problem.gms(812) 23 Mb
--- Starting Equ Const_chance_2: elapsed 0:00:12.075
--- fixed_problem.gms(836) 23 Mb
--- LOOPS iter = iter18
---   28,202 rows  43,825 columns  127,825 non-zeroes
---   600 discrete-columns
--- Executing CPLEX (Solvelink=2): elapsed 0:00:12.173

IBM ILOG CPLEX   32.2.0 rc62c018 Released Aug 26, 2020 WEI x86 64bit/MS Window
--- GAMS/Cplex Link licensed for continuous and discrete problems.
Cplex 12.10.0.0

Reading data...
Starting Cplex...
Space for names approximately 1.78 Mb
Use option 'names no' to turn use of names off
Version identifier: 12.10.0.0 | 2019-11-26 | 843d4de2ae
CPXPARAM_Advance                                 0
CPXPARAM_Threads                                 8
CPXPARAM_Parallel                                1
CPXPARAM_MIP_Display                             4
CPXPARAM_TimeLimit                               1800
CPXPARAM_Tune_TimeLimit                          360
CPXPARAM_MIP_Tolerances_AbsMIPGap                0
CPXPARAM_MIP_Tolerances_MIPGap                   0
CPXPARAM_WorkDir                                 "C:\Users\charl\OneDrive\Dokumente\A_Uni\HiWi\ArticleSubgradient\Code\SampleRun_Environment_Solar\600Scens\tol01\Scenario2\225d\"
Row 'Const_chance_2' infeasible, all entries at implied bounds.
Presolve time = 0.02 sec. (9.42 ticks)

Root node processing (before b&c):
  Real time             =    0.03 sec. (11.93 ticks)
Parallel b&c, 8 threads:
  Real time             =    0.00 sec. (0.00 ticks)
  Sync time (average)   =    0.00 sec.
  Wait time (average)   =    0.00 sec.
                          ------------
Total (root+branch&cut) =    0.03 sec. (11.93 ticks)
MIP status(103): integer infeasible
Cplex Time: 0.03sec (det. 12.05 ticks)
CPLEX Error  1217: No solution exists.
Problem is integer infeasible.
--- Reading solution for model schedule
--- Executing after solve: elapsed 0:00:12.364
--- fixed_problem.gms(833) 23 Mb
--- Generating MIP model schedule
--- fixed_problem.gms(804) 23 Mb
--- Starting Equ Objective: elapsed 0:00:12.364
--- fixed_problem.gms(806) 23 Mb
--- Starting Equ Const1: elapsed 0:00:12.634
--- fixed_problem.gms(809) 23 Mb
--- Starting Equ Const_chance_1: elapsed 0:00:12.705
--- fixed_problem.gms(812) 23 Mb
--- Starting Equ Const_chance_2: elapsed 0:00:12.771
--- fixed_problem.gms(836) 23 Mb
--- LOOPS iter = iter19
---   28,202 rows  43,825 columns  127,825 non-zeroes
---   600 discrete-columns
--- Executing CPLEX (Solvelink=2): elapsed 0:00:12.879

IBM ILOG CPLEX   32.2.0 rc62c018 Released Aug 26, 2020 WEI x86 64bit/MS Window
--- GAMS/Cplex Link licensed for continuous and discrete problems.
Cplex 12.10.0.0

Reading data...
Starting Cplex...
Space for names approximately 1.78 Mb
Use option 'names no' to turn use of names off
Version identifier: 12.10.0.0 | 2019-11-26 | 843d4de2ae
CPXPARAM_Advance                                 0
CPXPARAM_Threads                                 8
CPXPARAM_Parallel                                1
CPXPARAM_MIP_Display                             4
CPXPARAM_TimeLimit                               1800
CPXPARAM_Tune_TimeLimit                          360
CPXPARAM_MIP_Tolerances_AbsMIPGap                0
CPXPARAM_MIP_Tolerances_MIPGap                   0
CPXPARAM_WorkDir                                 "C:\Users\charl\OneDrive\Dokumente\A_Uni\HiWi\ArticleSubgradient\Code\SampleRun_Environment_Solar\600Scens\tol01\Scenario2\225d\"
Row 'Const_chance_2' infeasible, all entries at implied bounds.
Presolve time = 0.02 sec. (9.43 ticks)

Root node processing (before b&c):
  Real time             =    0.03 sec. (11.93 ticks)
Parallel b&c, 8 threads:
  Real time             =    0.00 sec. (0.00 ticks)
  Sync time (average)   =    0.00 sec.
  Wait time (average)   =    0.00 sec.
                          ------------
Total (root+branch&cut) =    0.03 sec. (11.93 ticks)
MIP status(103): integer infeasible
Cplex Time: 0.03sec (det. 12.06 ticks)
CPLEX Error  1217: No solution exists.
Problem is integer infeasible.
--- Reading solution for model schedule
--- Executing after solve: elapsed 0:00:13.052
--- fixed_problem.gms(833) 23 Mb
--- Generating MIP model schedule
--- fixed_problem.gms(804) 23 Mb
--- Starting Equ Objective: elapsed 0:00:13.052
--- fixed_problem.gms(806) 23 Mb
--- Starting Equ Const1: elapsed 0:00:13.316
--- fixed_problem.gms(809) 23 Mb
--- Starting Equ Const_chance_1: elapsed 0:00:13.388
--- fixed_problem.gms(812) 23 Mb
--- Starting Equ Const_chance_2: elapsed 0:00:13.451
--- fixed_problem.gms(836) 23 Mb
--- LOOPS iter = iter20
---   28,202 rows  43,825 columns  127,825 non-zeroes
---   600 discrete-columns
--- Executing CPLEX (Solvelink=2): elapsed 0:00:13.562

IBM ILOG CPLEX   32.2.0 rc62c018 Released Aug 26, 2020 WEI x86 64bit/MS Window
--- GAMS/Cplex Link licensed for continuous and discrete problems.
Cplex 12.10.0.0

Reading data...
Starting Cplex...
Space for names approximately 1.78 Mb
Use option 'names no' to turn use of names off
Version identifier: 12.10.0.0 | 2019-11-26 | 843d4de2ae
CPXPARAM_Advance                                 0
CPXPARAM_Threads                                 8
CPXPARAM_Parallel                                1
CPXPARAM_MIP_Display                             4
CPXPARAM_TimeLimit                               1800
CPXPARAM_Tune_TimeLimit                          360
CPXPARAM_MIP_Tolerances_AbsMIPGap                0
CPXPARAM_MIP_Tolerances_MIPGap                   0
CPXPARAM_WorkDir                                 "C:\Users\charl\OneDrive\Dokumente\A_Uni\HiWi\ArticleSubgradient\Code\SampleRun_Environment_Solar\600Scens\tol01\Scenario2\225d\"
Row 'Const_chance_2' infeasible, all entries at implied bounds.
Presolve time = 0.02 sec. (9.42 ticks)

Root node processing (before b&c):
  Real time             =    0.02 sec. (11.93 ticks)
Parallel b&c, 8 threads:
  Real time             =    0.00 sec. (0.00 ticks)
  Sync time (average)   =    0.00 sec.
  Wait time (average)   =    0.00 sec.
                          ------------
Total (root+branch&cut) =    0.02 sec. (11.93 ticks)
MIP status(103): integer infeasible
Cplex Time: 0.02sec (det. 12.05 ticks)
CPLEX Error  1217: No solution exists.
Problem is integer infeasible.
--- Reading solution for model schedule
--- Executing after solve: elapsed 0:00:13.745
--- fixed_problem.gms(833) 23 Mb
--- Generating MIP model schedule
--- fixed_problem.gms(804) 23 Mb
--- Starting Equ Objective: elapsed 0:00:13.746
--- fixed_problem.gms(806) 23 Mb
--- Starting Equ Const1: elapsed 0:00:14.018
--- fixed_problem.gms(809) 23 Mb
--- Starting Equ Const_chance_1: elapsed 0:00:14.083
--- fixed_problem.gms(812) 23 Mb
--- Starting Equ Const_chance_2: elapsed 0:00:14.149
--- fixed_problem.gms(836) 23 Mb
--- LOOPS iter = iter21
---   28,202 rows  43,825 columns  127,825 non-zeroes
---   600 discrete-columns
--- Executing CPLEX (Solvelink=2): elapsed 0:00:14.249

IBM ILOG CPLEX   32.2.0 rc62c018 Released Aug 26, 2020 WEI x86 64bit/MS Window
--- GAMS/Cplex Link licensed for continuous and discrete problems.
Cplex 12.10.0.0

Reading data...
Starting Cplex...
Space for names approximately 1.78 Mb
Use option 'names no' to turn use of names off
Version identifier: 12.10.0.0 | 2019-11-26 | 843d4de2ae
CPXPARAM_Advance                                 0
CPXPARAM_Threads                                 8
CPXPARAM_Parallel                                1
CPXPARAM_MIP_Display                             4
CPXPARAM_TimeLimit                               1800
CPXPARAM_Tune_TimeLimit                          360
CPXPARAM_MIP_Tolerances_AbsMIPGap                0
CPXPARAM_MIP_Tolerances_MIPGap                   0
CPXPARAM_WorkDir                                 "C:\Users\charl\OneDrive\Dokumente\A_Uni\HiWi\ArticleSubgradient\Code\SampleRun_Environment_Solar\600Scens\tol01\Scenario2\225d\"
Row 'Const_chance_2' infeasible, all entries at implied bounds.
Presolve time = 0.02 sec. (9.42 ticks)

Root node processing (before b&c):
  Real time             =    0.03 sec. (11.93 ticks)
Parallel b&c, 8 threads:
  Real time             =    0.00 sec. (0.00 ticks)
  Sync time (average)   =    0.00 sec.
  Wait time (average)   =    0.00 sec.
                          ------------
Total (root+branch&cut) =    0.03 sec. (11.93 ticks)
MIP status(103): integer infeasible
Cplex Time: 0.03sec (det. 12.05 ticks)
CPLEX Error  1217: No solution exists.
Problem is integer infeasible.
--- Reading solution for model schedule
--- Executing after solve: elapsed 0:00:14.430
--- fixed_problem.gms(833) 23 Mb
--- Generating MIP model schedule
--- fixed_problem.gms(804) 23 Mb
--- Starting Equ Objective: elapsed 0:00:14.430
--- fixed_problem.gms(806) 23 Mb
--- Starting Equ Const1: elapsed 0:00:14.714
--- fixed_problem.gms(809) 23 Mb
--- Starting Equ Const_chance_1: elapsed 0:00:14.779
--- fixed_problem.gms(812) 23 Mb
--- Starting Equ Const_chance_2: elapsed 0:00:14.842
--- fixed_problem.gms(836) 23 Mb
--- LOOPS iter = iter22
---   28,202 rows  43,825 columns  127,825 non-zeroes
---   600 discrete-columns
--- Executing CPLEX (Solvelink=2): elapsed 0:00:14.942

IBM ILOG CPLEX   32.2.0 rc62c018 Released Aug 26, 2020 WEI x86 64bit/MS Window
--- GAMS/Cplex Link licensed for continuous and discrete problems.
Cplex 12.10.0.0

Reading data...
Starting Cplex...
Space for names approximately 1.78 Mb
Use option 'names no' to turn use of names off
Version identifier: 12.10.0.0 | 2019-11-26 | 843d4de2ae
CPXPARAM_Advance                                 0
CPXPARAM_Threads                                 8
CPXPARAM_Parallel                                1
CPXPARAM_MIP_Display                             4
CPXPARAM_TimeLimit                               1800
CPXPARAM_Tune_TimeLimit                          360
CPXPARAM_MIP_Tolerances_AbsMIPGap                0
CPXPARAM_MIP_Tolerances_MIPGap                   0
CPXPARAM_WorkDir                                 "C:\Users\charl\OneDrive\Dokumente\A_Uni\HiWi\ArticleSubgradient\Code\SampleRun_Environment_Solar\600Scens\tol01\Scenario2\225d\"
Tried aggregator 1 time.
MIP Presolve eliminated 880 rows and 1845 columns.
MIP Presolve modified 2409 coefficients.
Reduced MIP has 27322 rows, 41980 columns, and 95731 nonzeros.
Reduced MIP has 598 binaries, 0 generals, 0 SOSs, and 0 indicators.
Presolve time = 0.08 sec. (45.55 ticks)
Probing time = 0.02 sec. (1.74 ticks)
Tried aggregator 1 time.
Detecting symmetries...
MIP Presolve eliminated 64 rows and 120 columns.
Reduced MIP has 27258 rows, 41860 columns, and 95525 nonzeros.
Reduced MIP has 598 binaries, 0 generals, 0 SOSs, and 0 indicators.
Presolve time = 0.14 sec. (61.46 ticks)
Probing time = 0.02 sec. (1.67 ticks)
MIP emphasis: balance optimality and feasibility.
MIP search method: dynamic search.
Parallel mode: deterministic, using up to 8 threads.
Parallel mode: deterministic, using up to 2 threads for parallel tasks at root LP.
Parallel mode: deterministic, using up to 6 threads for concurrent optimization:
 * Starting dual Simplex on 1 thread...
 * Starting Barrier on 4 threads...
 * Starting primal Simplex on 1 thread...
Initializing dual steep norms . . .

Iteration log . . .
Iteration:     1   Dual objective     =          -248.840555
Perturbation started.
Iteration:   101   Dual objective     =          -248.840555
Iteration:   985   Dual objective     =          -248.703247
Iteration:  1879   Dual objective     =          -248.567636
Iteration:  2628   Dual objective     =          -248.160096
Iteration:  3458   Dual objective     =          -247.541907
Iteration:  3970   Dual objective     =          -245.375312
Iteration:  4441   Dual objective     =          -243.951296
Iteration:  4913   Dual objective     =          -243.135206
Iteration:  5470   Dual objective     =          -242.689847
Iteration:  6006   Dual objective     =          -242.447531
Iteration:  6541   Dual objective     =          -242.326529
Removing perturbation.
Iteration:  7006    Objective     =          -242.844731

Dual simplex solved model.

Root relaxation solution time = 0.81 sec. (226.20 ticks)

        Nodes                                         Cuts/
   Node  Left     Objective  IInf  Best Integer    Best Bound    ItCnt     Gap

      0     0     -242.8448   165                   -242.8448     7014         
      0     0     -242.7172   165                  Cuts: 1353     8053         
*     0+    0                         -242.5544     -242.7172             0.07%
Found incumbent of value -242.554415 after 4.14 sec. (1073.31 ticks)
      0     0        cutoff           -242.5544     -242.5544     8290    0.00%
Elapsed time = 4.17 sec. (1075.40 ticks, tree = 0.01 MB, solutions = 1)

Implied bound cuts applied:  283
Flow cuts applied:  236
Mixed integer rounding cuts applied:  385
Gomory fractional cuts applied:  44

Root node processing (before b&c):
  Real time             =    4.17 sec. (1077.23 ticks)
Parallel b&c, 8 threads:
  Real time             =    0.00 sec. (0.00 ticks)
  Sync time (average)   =    0.00 sec.
  Wait time (average)   =    0.00 sec.
                          ------------
Total (root+branch&cut) =    4.17 sec. (1077.23 ticks)
MIP status(101): integer optimal solution
Cplex Time: 4.17sec (det. 1077.36 ticks)
Fixing integer variables, and solving final LP...
Version identifier: 12.10.0.0 | 2019-11-26 | 843d4de2ae
CPXPARAM_Advance                                 2
CPXPARAM_Threads                                 8
CPXPARAM_Parallel                                1
CPXPARAM_MIP_Display                             4
CPXPARAM_TimeLimit                               1800
CPXPARAM_Tune_TimeLimit                          360
CPXPARAM_MIP_Tolerances_AbsMIPGap                0
CPXPARAM_MIP_Tolerances_MIPGap                   0
CPXPARAM_WorkDir                                 "C:\Users\charl\OneDrive\Dokumente\A_Uni\HiWi\ArticleSubgradient\Code\SampleRun_Environment_Solar\600Scens\tol01\Scenario2\225d\"
Parallel mode: deterministic, using up to 8 threads for concurrent optimization:
 * Starting dual Simplex on 1 thread...
 * Starting Barrier on 6 threads...
 * Starting primal Simplex on 1 thread...
Tried aggregator 1 time.
LP Presolve eliminated 1665 rows and 2479 columns.
Reduced LP has 26537 rows, 41346 columns, and 80038 nonzeros.
Presolve time = 0.17 sec. (45.07 ticks)
Initializing dual steep norms . . .

Iteration log . . .
Iteration:     1   Dual objective     =          -248.840555
Iteration:   970   Dual objective     =          -248.639303
Iteration:  1568   Dual objective     =          -248.059841
Perturbation started.
Iteration:  1616   Dual objective     =          -248.059841
Iteration:  2283   Dual objective     =          -247.852348
Iteration:  2817   Dual objective     =          -247.527606
Iteration:  3294   Dual objective     =          -246.050521
Iteration:  3787   Dual objective     =          -244.185811
Iteration:  4282   Dual objective     =          -243.115640
Iteration:  4803   Dual objective     =          -242.573775
Iteration:  5365   Dual objective     =          -242.356733
Iteration:  6263   Dual objective     =          -242.324173
Iteration:  7187   Dual objective     =          -242.323689
Removing perturbation.

Dual simplex solved model.

Fixed MIP status(1): optimal
Cplex Time: 0.64sec (det. 261.54 ticks)

Proven optimal solution.

MIP Solution:         -242.554415    (8290 iterations, 0 nodes)
Final Solve:          -242.554415    (7560 iterations)

Best possible:        -242.554415
Absolute gap:            0.000000
Relative gap:            0.000000

--- Reading solution for model schedule
--- fixed_problem.gms(836) 23 Mb  5 secs
--- Executing after solve: elapsed 0:00:19.948
--- fixed_problem.gms(833) 23 Mb
--- Generating MIP model schedule
--- fixed_problem.gms(804) 23 Mb
--- Starting Equ Objective: elapsed 0:00:19.948
--- fixed_problem.gms(806) 23 Mb
--- Starting Equ Const1: elapsed 0:00:20.221
--- fixed_problem.gms(809) 23 Mb
--- Starting Equ Const_chance_1: elapsed 0:00:20.296
--- fixed_problem.gms(812) 25 Mb
--- Starting Equ Const_chance_2: elapsed 0:00:20.360
--- fixed_problem.gms(836) 25 Mb
--- LOOPS iter = iter23
---   28,202 rows  43,825 columns  127,825 non-zeroes
---   600 discrete-columns
--- Executing CPLEX (Solvelink=2): elapsed 0:00:20.460

IBM ILOG CPLEX   32.2.0 rc62c018 Released Aug 26, 2020 WEI x86 64bit/MS Window
--- GAMS/Cplex Link licensed for continuous and discrete problems.
Cplex 12.10.0.0

Reading data...
Starting Cplex...
Space for names approximately 1.78 Mb
Use option 'names no' to turn use of names off
Version identifier: 12.10.0.0 | 2019-11-26 | 843d4de2ae
CPXPARAM_Advance                                 2
CPXPARAM_Threads                                 8
CPXPARAM_Parallel                                1
CPXPARAM_MIP_Display                             4
CPXPARAM_TimeLimit                               1800
CPXPARAM_Tune_TimeLimit                          360
CPXPARAM_MIP_Tolerances_AbsMIPGap                0
CPXPARAM_MIP_Tolerances_MIPGap                   0
CPXPARAM_WorkDir                                 "C:\Users\charl\OneDrive\Dokumente\A_Uni\HiWi\ArticleSubgradient\Code\SampleRun_Environment_Solar\600Scens\tol01\Scenario2\225d\"
Tried aggregator 1 time.
MIP Presolve eliminated 640 rows and 1855 columns.
MIP Presolve modified 2063 coefficients.
Reduced MIP has 27562 rows, 41970 columns, and 96432 nonzeros.
Reduced MIP has 597 binaries, 0 generals, 0 SOSs, and 0 indicators.
Presolve time = 0.08 sec. (45.56 ticks)
Probing time = 0.02 sec. (1.76 ticks)
Tried aggregator 1 time.
Detecting symmetries...
MIP Presolve eliminated 99 rows and 180 columns.
Reduced MIP has 27463 rows, 41790 columns, and 96117 nonzeros.
Reduced MIP has 597 binaries, 0 generals, 0 SOSs, and 0 indicators.
Presolve time = 0.14 sec. (61.55 ticks)
Probing time = 0.02 sec. (1.69 ticks)
MIP emphasis: balance optimality and feasibility.
MIP search method: dynamic search.
Parallel mode: deterministic, using up to 8 threads.
Parallel mode: deterministic, using up to 2 threads for parallel tasks at root LP.
Parallel mode: deterministic, using up to 6 threads for concurrent optimization:
 * Starting dual Simplex on 1 thread...
 * Starting Barrier on 4 threads...
 * Starting primal Simplex on 1 thread...
Initializing dual steep norms . . .

Iteration log . . .
Iteration:     1   Dual objective     =          -259.412433
Perturbation started.
Iteration:   101   Dual objective     =          -259.412433
Iteration:   988   Dual objective     =          -259.278384
Iteration:  1878   Dual objective     =          -259.144163
Iteration:  2714   Dual objective     =          -258.797905
Iteration:  3493   Dual objective     =          -258.009117
Iteration:  4019   Dual objective     =          -255.770380
Iteration:  4519   Dual objective     =          -254.226255
Iteration:  4983   Dual objective     =          -253.344198
Iteration:  5511   Dual objective     =          -252.871559
Iteration:  6085   Dual objective     =          -252.485964
Iteration:  6670   Dual objective     =          -252.278090
Iteration:  7261   Dual objective     =          -252.178868
Removing perturbation.
Iteration:  7523    Objective     =          -252.741843

Dual simplex solved model.

Root relaxation solution time = 0.81 sec. (242.98 ticks)

        Nodes                                         Cuts/
   Node  Left     Objective  IInf  Best Integer    Best Bound    ItCnt     Gap

      0     0     -252.7421   113                   -252.7421     7541         
      0     0        cutoff                                       7789         
Elapsed time = 2.28 sec. (625.83 ticks, tree = 0.01 MB, solutions = 0)

Root node processing (before b&c):
  Real time             =    2.30 sec. (626.49 ticks)
Parallel b&c, 8 threads:
  Real time             =    0.00 sec. (0.00 ticks)
  Sync time (average)   =    0.00 sec.
  Wait time (average)   =    0.00 sec.
                          ------------
Total (root+branch&cut) =    2.30 sec. (626.49 ticks)
MIP status(119): integer infeasible or unbounded
Cplex Time: 2.30sec (det. 626.61 ticks)
CPLEX Error  1217: No solution exists.
Problem is integer infeasible.
--- Reading solution for model schedule
--- Executing after solve: elapsed 0:00:22.903
--- fixed_problem.gms(833) 25 Mb
--- Generating MIP model schedule
--- fixed_problem.gms(804) 25 Mb
--- Starting Equ Objective: elapsed 0:00:22.904
--- fixed_problem.gms(806) 25 Mb
--- Starting Equ Const1: elapsed 0:00:23.159
--- fixed_problem.gms(809) 25 Mb
--- Starting Equ Const_chance_1: elapsed 0:00:23.225
--- fixed_problem.gms(812) 25 Mb
--- Starting Equ Const_chance_2: elapsed 0:00:23.286
--- fixed_problem.gms(836) 25 Mb
--- LOOPS iter = iter24
---   28,202 rows  43,825 columns  127,825 non-zeroes
---   600 discrete-columns
--- Executing CPLEX (Solvelink=2): elapsed 0:00:23.391

IBM ILOG CPLEX   32.2.0 rc62c018 Released Aug 26, 2020 WEI x86 64bit/MS Window
--- GAMS/Cplex Link licensed for continuous and discrete problems.
Cplex 12.10.0.0

Reading data...
Starting Cplex...
Space for names approximately 1.78 Mb
Use option 'names no' to turn use of names off
Version identifier: 12.10.0.0 | 2019-11-26 | 843d4de2ae
CPXPARAM_Advance                                 2
CPXPARAM_Threads                                 8
CPXPARAM_Parallel                                1
CPXPARAM_MIP_Display                             4
CPXPARAM_TimeLimit                               1800
CPXPARAM_Tune_TimeLimit                          360
CPXPARAM_MIP_Tolerances_AbsMIPGap                0
CPXPARAM_MIP_Tolerances_MIPGap                   0
CPXPARAM_WorkDir                                 "C:\Users\charl\OneDrive\Dokumente\A_Uni\HiWi\ArticleSubgradient\Code\SampleRun_Environment_Solar\600Scens\tol01\Scenario2\225d\"
Tried aggregator 1 time.
MIP Presolve eliminated 640 rows and 1855 columns.
MIP Presolve modified 2053 coefficients.
Reduced MIP has 27562 rows, 41970 columns, and 96432 nonzeros.
Reduced MIP has 597 binaries, 0 generals, 0 SOSs, and 0 indicators.
Presolve time = 0.08 sec. (45.56 ticks)
Probing time = 0.02 sec. (1.76 ticks)
Tried aggregator 1 time.
Detecting symmetries...
MIP Presolve eliminated 99 rows and 180 columns.
Reduced MIP has 27463 rows, 41790 columns, and 96117 nonzeros.
Reduced MIP has 597 binaries, 0 generals, 0 SOSs, and 0 indicators.
Presolve time = 0.16 sec. (61.55 ticks)
Probing time = 0.02 sec. (1.69 ticks)
MIP emphasis: balance optimality and feasibility.
MIP search method: dynamic search.
Parallel mode: deterministic, using up to 8 threads.
Parallel mode: deterministic, using up to 2 threads for parallel tasks at root LP.
Parallel mode: deterministic, using up to 6 threads for concurrent optimization:
 * Starting dual Simplex on 1 thread...
 * Starting Barrier on 4 threads...
 * Starting primal Simplex on 1 thread...
Initializing dual steep norms . . .

Iteration log . . .
Iteration:     1   Dual objective     =          -261.311655
Perturbation started.
Iteration:   101   Dual objective     =          -261.311655
Iteration:   986   Dual objective     =          -261.160540
Iteration:  1899   Dual objective     =          -261.004576
Iteration:  2759   Dual objective     =          -260.743674
Iteration:  3475   Dual objective     =          -259.944135
Iteration:  3985   Dual objective     =          -257.481856
Iteration:  4472   Dual objective     =          -255.513864
Iteration:  4938   Dual objective     =          -254.202860
Iteration:  5445   Dual objective     =          -253.574714
Iteration:  6008   Dual objective     =          -253.163057
Iteration:  6602   Dual objective     =          -252.925332
Iteration:  7186   Dual objective     =          -252.821519
Removing perturbation.
Iteration:  7510    Objective     =          -253.408344

Dual simplex solved model.

Root relaxation solution time = 0.89 sec. (237.78 ticks)

        Nodes                                         Cuts/
   Node  Left     Objective  IInf  Best Integer    Best Bound    ItCnt     Gap

      0     0     -253.4086   109                   -253.4086     7522         
      0     0        cutoff                                       7971         
Elapsed time = 2.41 sec. (606.63 ticks, tree = 0.01 MB, solutions = 0)

Root node processing (before b&c):
  Real time             =    2.41 sec. (607.29 ticks)
Parallel b&c, 8 threads:
  Real time             =    0.00 sec. (0.00 ticks)
  Sync time (average)   =    0.00 sec.
  Wait time (average)   =    0.00 sec.
                          ------------
Total (root+branch&cut) =    2.41 sec. (607.29 ticks)
MIP status(119): integer infeasible or unbounded
Cplex Time: 2.41sec (det. 607.42 ticks)
CPLEX Error  1217: No solution exists.
Problem is integer infeasible.
--- Reading solution for model schedule
--- Executing after solve: elapsed 0:00:25.948
--- fixed_problem.gms(833) 25 Mb
--- Generating MIP model schedule
--- fixed_problem.gms(804) 25 Mb
--- Starting Equ Objective: elapsed 0:00:25.949
--- fixed_problem.gms(806) 25 Mb
--- Starting Equ Const1: elapsed 0:00:26.225
--- fixed_problem.gms(809) 25 Mb
--- Starting Equ Const_chance_1: elapsed 0:00:26.289
--- fixed_problem.gms(812) 25 Mb
--- Starting Equ Const_chance_2: elapsed 0:00:26.352
--- fixed_problem.gms(836) 25 Mb
--- LOOPS iter = iter25
---   28,202 rows  43,825 columns  127,825 non-zeroes
---   600 discrete-columns
--- Executing CPLEX (Solvelink=2): elapsed 0:00:26.462

IBM ILOG CPLEX   32.2.0 rc62c018 Released Aug 26, 2020 WEI x86 64bit/MS Window
--- GAMS/Cplex Link licensed for continuous and discrete problems.
Cplex 12.10.0.0

Reading data...
Starting Cplex...
Space for names approximately 1.78 Mb
Use option 'names no' to turn use of names off
Version identifier: 12.10.0.0 | 2019-11-26 | 843d4de2ae
CPXPARAM_Advance                                 2
CPXPARAM_Threads                                 8
CPXPARAM_Parallel                                1
CPXPARAM_MIP_Display                             4
CPXPARAM_TimeLimit                               1800
CPXPARAM_Tune_TimeLimit                          360
CPXPARAM_MIP_Tolerances_AbsMIPGap                0
CPXPARAM_MIP_Tolerances_MIPGap                   0
CPXPARAM_WorkDir                                 "C:\Users\charl\OneDrive\Dokumente\A_Uni\HiWi\ArticleSubgradient\Code\SampleRun_Environment_Solar\600Scens\tol01\Scenario2\225d\"
Tried aggregator 1 time.
MIP Presolve eliminated 666 rows and 1875 columns.
MIP Presolve modified 1857 coefficients.
Reduced MIP has 27536 rows, 41950 columns, and 96320 nonzeros.
Reduced MIP has 595 binaries, 0 generals, 0 SOSs, and 0 indicators.
Presolve time = 0.08 sec. (46.63 ticks)
Probing fixed 595 vars, tightened 5491 bounds.
Probing time = 0.41 sec. (64.22 ticks)
Presolve time = 0.03 sec. (16.97 ticks)

Root node processing (before b&c):
  Real time             =    0.70 sec. (264.27 ticks)
Parallel b&c, 8 threads:
  Real time             =    0.00 sec. (0.00 ticks)
  Sync time (average)   =    0.00 sec.
  Wait time (average)   =    0.00 sec.
                          ------------
Total (root+branch&cut) =    0.70 sec. (264.27 ticks)
MIP status(103): integer infeasible
Cplex Time: 0.72sec (det. 264.39 ticks)
CPLEX Error  1217: No solution exists.
Problem is integer infeasible.
--- Reading solution for model schedule
--- Executing after solve: elapsed 0:00:27.341
--- fixed_problem.gms(833) 25 Mb
--- Generating MIP model schedule
--- fixed_problem.gms(804) 25 Mb
--- Starting Equ Objective: elapsed 0:00:27.341
--- fixed_problem.gms(806) 25 Mb
--- Starting Equ Const1: elapsed 0:00:27.601
--- fixed_problem.gms(809) 25 Mb
--- Starting Equ Const_chance_1: elapsed 0:00:27.675
--- fixed_problem.gms(812) 25 Mb
--- Starting Equ Const_chance_2: elapsed 0:00:27.749
--- fixed_problem.gms(836) 25 Mb
--- LOOPS iter = iter26
---   28,202 rows  43,825 columns  127,825 non-zeroes
---   600 discrete-columns
--- Executing CPLEX (Solvelink=2): elapsed 0:00:27.860

IBM ILOG CPLEX   32.2.0 rc62c018 Released Aug 26, 2020 WEI x86 64bit/MS Window
--- GAMS/Cplex Link licensed for continuous and discrete problems.
Cplex 12.10.0.0

Reading data...
Starting Cplex...
Space for names approximately 1.78 Mb
Use option 'names no' to turn use of names off
Version identifier: 12.10.0.0 | 2019-11-26 | 843d4de2ae
CPXPARAM_Advance                                 2
CPXPARAM_Threads                                 8
CPXPARAM_Parallel                                1
CPXPARAM_MIP_Display                             4
CPXPARAM_TimeLimit                               1800
CPXPARAM_Tune_TimeLimit                          360
CPXPARAM_MIP_Tolerances_AbsMIPGap                0
CPXPARAM_MIP_Tolerances_MIPGap                   0
CPXPARAM_WorkDir                                 "C:\Users\charl\OneDrive\Dokumente\A_Uni\HiWi\ArticleSubgradient\Code\SampleRun_Environment_Solar\600Scens\tol01\Scenario2\225d\"
Tried aggregator 1 time.
MIP Presolve eliminated 627 rows and 1845 columns.
MIP Presolve modified 1912 coefficients.
Reduced MIP has 27575 rows, 41980 columns, and 96488 nonzeros.
Reduced MIP has 598 binaries, 0 generals, 0 SOSs, and 0 indicators.
Presolve time = 0.08 sec. (45.56 ticks)
Probing time = 0.02 sec. (1.75 ticks)
Tried aggregator 1 time.
Detecting symmetries...
MIP Presolve eliminated 66 rows and 120 columns.
Reduced MIP has 27509 rows, 41860 columns, and 96278 nonzeros.
Reduced MIP has 598 binaries, 0 generals, 0 SOSs, and 0 indicators.
Presolve time = 0.16 sec. (61.62 ticks)
Probing time = 0.02 sec. (1.69 ticks)
MIP emphasis: balance optimality and feasibility.
MIP search method: dynamic search.
Parallel mode: deterministic, using up to 8 threads.
Parallel mode: deterministic, using up to 2 threads for parallel tasks at root LP.
Parallel mode: deterministic, using up to 6 threads for concurrent optimization:
 * Starting dual Simplex on 1 thread...
 * Starting Barrier on 4 threads...
 * Starting primal Simplex on 1 thread...
Initializing dual steep norms . . .

Iteration log . . .
Iteration:     1   Dual objective     =          -260.510029
Perturbation started.
Iteration:   101   Dual objective     =          -260.510029
Iteration:   950   Dual objective     =          -260.396245
Iteration:  1822   Dual objective     =          -260.275783
Iteration:  2645   Dual objective     =          -260.124527
Iteration:  3496   Dual objective     =          -259.651204
Iteration:  4025   Dual objective     =          -257.552475
Iteration:  4535   Dual objective     =          -255.866847
Iteration:  5026   Dual objective     =          -254.991225
Iteration:  5565   Dual objective     =          -254.305881
Iteration:  6138   Dual objective     =          -253.890090
Iteration:  6702   Dual objective     =          -253.644130
Iteration:  7232   Dual objective     =          -253.523421
Removing perturbation.
Iteration:  7578    Objective     =          -254.082043

Dual simplex solved model.

Root relaxation solution time = 0.84 sec. (238.83 ticks)

        Nodes                                         Cuts/
   Node  Left     Objective  IInf  Best Integer    Best Bound    ItCnt     Gap

      0     0     -254.0821   135                   -254.0821     7582         
      0     0        cutoff                                       7852         
Elapsed time = 2.30 sec. (654.92 ticks, tree = 0.01 MB, solutions = 0)

Root node processing (before b&c):
  Real time             =    2.30 sec. (655.59 ticks)
Parallel b&c, 8 threads:
  Real time             =    0.00 sec. (0.00 ticks)
  Sync time (average)   =    0.00 sec.
  Wait time (average)   =    0.00 sec.
                          ------------
Total (root+branch&cut) =    2.30 sec. (655.59 ticks)
MIP status(119): integer infeasible or unbounded
Cplex Time: 2.30sec (det. 655.71 ticks)
CPLEX Error  1217: No solution exists.
Problem is integer infeasible.
--- Reading solution for model schedule
--- Executing after solve: elapsed 0:00:30.308
--- fixed_problem.gms(833) 25 Mb
--- Generating MIP model schedule
--- fixed_problem.gms(804) 25 Mb
--- Starting Equ Objective: elapsed 0:00:30.308
--- fixed_problem.gms(806) 25 Mb
--- Starting Equ Const1: elapsed 0:00:30.585
--- fixed_problem.gms(809) 25 Mb
--- Starting Equ Const_chance_1: elapsed 0:00:30.654
--- fixed_problem.gms(812) 25 Mb
--- Starting Equ Const_chance_2: elapsed 0:00:30.732
--- fixed_problem.gms(836) 25 Mb
--- LOOPS iter = iter27
---   28,202 rows  43,825 columns  127,825 non-zeroes
---   600 discrete-columns
--- Executing CPLEX (Solvelink=2): elapsed 0:00:30.849

IBM ILOG CPLEX   32.2.0 rc62c018 Released Aug 26, 2020 WEI x86 64bit/MS Window
--- GAMS/Cplex Link licensed for continuous and discrete problems.
Cplex 12.10.0.0

Reading data...
Starting Cplex...
Space for names approximately 1.78 Mb
Use option 'names no' to turn use of names off
Version identifier: 12.10.0.0 | 2019-11-26 | 843d4de2ae
CPXPARAM_Advance                                 2
CPXPARAM_Threads                                 8
CPXPARAM_Parallel                                1
CPXPARAM_MIP_Display                             4
CPXPARAM_TimeLimit                               1800
CPXPARAM_Tune_TimeLimit                          360
CPXPARAM_MIP_Tolerances_AbsMIPGap                0
CPXPARAM_MIP_Tolerances_MIPGap                   0
CPXPARAM_WorkDir                                 "C:\Users\charl\OneDrive\Dokumente\A_Uni\HiWi\ArticleSubgradient\Code\SampleRun_Environment_Solar\600Scens\tol01\Scenario2\225d\"
Tried aggregator 1 time.
MIP Presolve eliminated 640 rows and 1855 columns.
MIP Presolve modified 1885 coefficients.
Reduced MIP has 27562 rows, 41970 columns, and 96432 nonzeros.
Reduced MIP has 597 binaries, 0 generals, 0 SOSs, and 0 indicators.
Presolve time = 0.08 sec. (45.53 ticks)
Probing time = 0.02 sec. (1.73 ticks)
Tried aggregator 1 time.
Detecting symmetries...
MIP Presolve eliminated 99 rows and 180 columns.
Reduced MIP has 27463 rows, 41790 columns, and 96117 nonzeros.
Reduced MIP has 597 binaries, 0 generals, 0 SOSs, and 0 indicators.
Presolve time = 0.14 sec. (61.54 ticks)
Probing time = 0.02 sec. (1.68 ticks)
MIP emphasis: balance optimality and feasibility.
MIP search method: dynamic search.
Parallel mode: deterministic, using up to 8 threads.
Parallel mode: deterministic, using up to 2 threads for parallel tasks at root LP.
Parallel mode: deterministic, using up to 6 threads for concurrent optimization:
 * Starting dual Simplex on 1 thread...
 * Starting Barrier on 4 threads...
 * Starting primal Simplex on 1 thread...
Initializing dual steep norms . . .

Iteration log . . .
Iteration:     1   Dual objective     =          -257.510730
Perturbation started.
Iteration:   101   Dual objective     =          -257.510730
Iteration:   987   Dual objective     =          -257.386375
Iteration:  1873   Dual objective     =          -257.261978
Iteration:  2734   Dual objective     =          -257.099577
Iteration:  3470   Dual objective     =          -256.370542
Iteration:  3988   Dual objective     =          -254.187448
Iteration:  4484   Dual objective     =          -252.870964
Iteration:  4960   Dual objective     =          -252.127927
Iteration:  5505   Dual objective     =          -251.732291
Iteration:  6047   Dual objective     =          -251.563796
Iteration:  6572   Dual objective     =          -251.514768
Removing perturbation.
Iteration:  6580    Objective     =          -252.055339

Dual simplex solved model.

Root relaxation solution time = 0.78 sec. (216.63 ticks)

        Nodes                                         Cuts/
   Node  Left     Objective  IInf  Best Integer    Best Bound    ItCnt     Gap

      0     0     -252.0554   103                   -252.0554     6585         
      0     0        cutoff                                       6729         
Elapsed time = 2.28 sec. (593.37 ticks, tree = 0.01 MB, solutions = 0)

Root node processing (before b&c):
  Real time             =    2.30 sec. (594.03 ticks)
Parallel b&c, 8 threads:
  Real time             =    0.00 sec. (0.00 ticks)
  Sync time (average)   =    0.00 sec.
  Wait time (average)   =    0.00 sec.
                          ------------
Total (root+branch&cut) =    2.30 sec. (594.03 ticks)
MIP status(119): integer infeasible or unbounded
Cplex Time: 2.30sec (det. 594.16 ticks)
CPLEX Error  1217: No solution exists.
Problem is integer infeasible.
--- Reading solution for model schedule
--- Executing after solve: elapsed 0:00:33.293
--- fixed_problem.gms(833) 25 Mb
--- Generating MIP model schedule
--- fixed_problem.gms(804) 25 Mb
--- Starting Equ Objective: elapsed 0:00:33.293
--- fixed_problem.gms(806) 25 Mb
--- Starting Equ Const1: elapsed 0:00:33.569
--- fixed_problem.gms(809) 25 Mb
--- Starting Equ Const_chance_1: elapsed 0:00:33.634
--- fixed_problem.gms(812) 25 Mb
--- Starting Equ Const_chance_2: elapsed 0:00:33.710
--- fixed_problem.gms(836) 25 Mb
--- LOOPS iter = iter28
---   28,202 rows  43,825 columns  127,825 non-zeroes
---   600 discrete-columns
--- Executing CPLEX (Solvelink=2): elapsed 0:00:33.839

IBM ILOG CPLEX   32.2.0 rc62c018 Released Aug 26, 2020 WEI x86 64bit/MS Window
--- GAMS/Cplex Link licensed for continuous and discrete problems.
Cplex 12.10.0.0

Reading data...
Starting Cplex...
Space for names approximately 1.78 Mb
Use option 'names no' to turn use of names off
Version identifier: 12.10.0.0 | 2019-11-26 | 843d4de2ae
CPXPARAM_Advance                                 2
CPXPARAM_Threads                                 8
CPXPARAM_Parallel                                1
CPXPARAM_MIP_Display                             4
CPXPARAM_TimeLimit                               1800
CPXPARAM_Tune_TimeLimit                          360
CPXPARAM_MIP_Tolerances_AbsMIPGap                0
CPXPARAM_MIP_Tolerances_MIPGap                   0
CPXPARAM_WorkDir                                 "C:\Users\charl\OneDrive\Dokumente\A_Uni\HiWi\ArticleSubgradient\Code\SampleRun_Environment_Solar\600Scens\tol01\Scenario2\225d\"
Row 'Const_chance_2' infeasible, all entries at implied bounds.
Presolve time = 0.03 sec. (9.42 ticks)

Root node processing (before b&c):
  Real time             =    0.03 sec. (11.93 ticks)
Parallel b&c, 8 threads:
  Real time             =    0.00 sec. (0.00 ticks)
  Sync time (average)   =    0.00 sec.
  Wait time (average)   =    0.00 sec.
                          ------------
Total (root+branch&cut) =    0.03 sec. (11.93 ticks)
MIP status(103): integer infeasible
Cplex Time: 0.03sec (det. 12.05 ticks)
CPLEX Error  1217: No solution exists.
Problem is integer infeasible.
--- Reading solution for model schedule
--- Executing after solve: elapsed 0:00:34.019
--- fixed_problem.gms(833) 25 Mb
--- Generating MIP model schedule
--- fixed_problem.gms(804) 25 Mb
--- Starting Equ Objective: elapsed 0:00:34.019
--- fixed_problem.gms(806) 25 Mb
--- Starting Equ Const1: elapsed 0:00:34.297
--- fixed_problem.gms(809) 25 Mb
--- Starting Equ Const_chance_1: elapsed 0:00:34.362
--- fixed_problem.gms(812) 25 Mb
--- Starting Equ Const_chance_2: elapsed 0:00:34.426
--- fixed_problem.gms(836) 25 Mb
--- LOOPS iter = iter29
---   28,202 rows  43,825 columns  127,825 non-zeroes
---   600 discrete-columns
--- Executing CPLEX (Solvelink=2): elapsed 0:00:34.537

IBM ILOG CPLEX   32.2.0 rc62c018 Released Aug 26, 2020 WEI x86 64bit/MS Window
--- GAMS/Cplex Link licensed for continuous and discrete problems.
Cplex 12.10.0.0

Reading data...
Starting Cplex...
Space for names approximately 1.78 Mb
Use option 'names no' to turn use of names off
Version identifier: 12.10.0.0 | 2019-11-26 | 843d4de2ae
CPXPARAM_Advance                                 2
CPXPARAM_Threads                                 8
CPXPARAM_Parallel                                1
CPXPARAM_MIP_Display                             4
CPXPARAM_TimeLimit                               1800
CPXPARAM_Tune_TimeLimit                          360
CPXPARAM_MIP_Tolerances_AbsMIPGap                0
CPXPARAM_MIP_Tolerances_MIPGap                   0
CPXPARAM_WorkDir                                 "C:\Users\charl\OneDrive\Dokumente\A_Uni\HiWi\ArticleSubgradient\Code\SampleRun_Environment_Solar\600Scens\tol01\Scenario2\225d\"
Row 'Const_chance_2' infeasible, all entries at implied bounds.
Presolve time = 0.02 sec. (9.42 ticks)

Root node processing (before b&c):
  Real time             =    0.02 sec. (11.93 ticks)
Parallel b&c, 8 threads:
  Real time             =    0.00 sec. (0.00 ticks)
  Sync time (average)   =    0.00 sec.
  Wait time (average)   =    0.00 sec.
                          ------------
Total (root+branch&cut) =    0.02 sec. (11.93 ticks)
MIP status(103): integer infeasible
Cplex Time: 0.03sec (det. 12.05 ticks)
CPLEX Error  1217: No solution exists.
Problem is integer infeasible.
--- Reading solution for model schedule
--- Executing after solve: elapsed 0:00:34.710
--- fixed_problem.gms(833) 25 Mb
--- Generating MIP model schedule
--- fixed_problem.gms(804) 25 Mb
--- Starting Equ Objective: elapsed 0:00:34.710
--- fixed_problem.gms(806) 25 Mb
--- Starting Equ Const1: elapsed 0:00:34.993
--- fixed_problem.gms(809) 25 Mb
--- Starting Equ Const_chance_1: elapsed 0:00:35.066
--- fixed_problem.gms(812) 25 Mb
--- Starting Equ Const_chance_2: elapsed 0:00:35.130
--- fixed_problem.gms(836) 25 Mb
--- LOOPS iter = iter30
---   28,202 rows  43,825 columns  127,825 non-zeroes
---   600 discrete-columns
--- Executing CPLEX (Solvelink=2): elapsed 0:00:35.244

IBM ILOG CPLEX   32.2.0 rc62c018 Released Aug 26, 2020 WEI x86 64bit/MS Window
--- GAMS/Cplex Link licensed for continuous and discrete problems.
Cplex 12.10.0.0

Reading data...
Starting Cplex...
Space for names approximately 1.78 Mb
Use option 'names no' to turn use of names off
Version identifier: 12.10.0.0 | 2019-11-26 | 843d4de2ae
CPXPARAM_Advance                                 2
CPXPARAM_Threads                                 8
CPXPARAM_Parallel                                1
CPXPARAM_MIP_Display                             4
CPXPARAM_TimeLimit                               1800
CPXPARAM_Tune_TimeLimit                          360
CPXPARAM_MIP_Tolerances_AbsMIPGap                0
CPXPARAM_MIP_Tolerances_MIPGap                   0
CPXPARAM_WorkDir                                 "C:\Users\charl\OneDrive\Dokumente\A_Uni\HiWi\ArticleSubgradient\Code\SampleRun_Environment_Solar\600Scens\tol01\Scenario2\225d\"
Found incumbent of value 0.000000 after 0.00 sec. (1.80 ticks)
Tried aggregator 1 time.
MIP Presolve eliminated 5488 rows and 1825 columns.
MIP Presolve modified 3513 coefficients.
Reduced MIP has 22714 rows, 42000 columns, and 81939 nonzeros.
Reduced MIP has 600 binaries, 0 generals, 0 SOSs, and 0 indicators.
Presolve time = 0.08 sec. (39.61 ticks)
Probing time = 0.00 sec. (1.37 ticks)
Tried aggregator 1 time.
Detecting symmetries...
Reduced MIP has 22714 rows, 42000 columns, and 81939 nonzeros.
Reduced MIP has 600 binaries, 0 generals, 0 SOSs, and 0 indicators.
Presolve time = 0.13 sec. (56.88 ticks)

Root node processing (before b&c):
  Real time             =    0.25 sec. (115.01 ticks)
Parallel b&c, 8 threads:
  Real time             =    0.00 sec. (0.00 ticks)
  Sync time (average)   =    0.00 sec.
  Wait time (average)   =    0.00 sec.
                          ------------
Total (root+branch&cut) =    0.25 sec. (115.01 ticks)
MIP status(101): integer optimal solution
Cplex Time: 0.25sec (det. 115.13 ticks)
Fixing integer variables, and solving final LP...
Version identifier: 12.10.0.0 | 2019-11-26 | 843d4de2ae
CPXPARAM_Advance                                 2
CPXPARAM_Threads                                 8
CPXPARAM_Parallel                                1
CPXPARAM_MIP_Display                             4
CPXPARAM_TimeLimit                               1800
CPXPARAM_Tune_TimeLimit                          360
CPXPARAM_MIP_Tolerances_AbsMIPGap                0
CPXPARAM_MIP_Tolerances_MIPGap                   0
CPXPARAM_WorkDir                                 "C:\Users\charl\OneDrive\Dokumente\A_Uni\HiWi\ArticleSubgradient\Code\SampleRun_Environment_Solar\600Scens\tol01\Scenario2\225d\"
Parallel mode: deterministic, using up to 8 threads for concurrent optimization:
 * Starting dual Simplex on 1 thread...
 * Starting Barrier on 6 threads...
 * Starting primal Simplex on 1 thread...
Tried aggregator 1 time.
LP Presolve eliminated 5489 rows and 2425 columns.
Reduced LP has 22713 rows, 41400 columns, and 72426 nonzeros.
Presolve time = 0.17 sec. (45.41 ticks)
Initializing dual steep norms . . .

Dual simplex solved model.

Fixed MIP status(1): optimal
Cplex Time: 0.27sec (det. 72.65 ticks)

Proven optimal solution.

MIP Solution:            0.000000    (0 iterations, 0 nodes)
Final Solve:             0.000000    (0 iterations)

Best possible:           0.000000
Absolute gap:            0.000000
Relative gap:            0.000000

--- Reading solution for model schedule
--- Executing after solve: elapsed 0:00:35.944
--- fixed_problem.gms(866) 25 Mb
--- Putfile fixed_profit C:\Users\charl\OneDrive\Dokumente\A_Uni\HiWi\ArticleSubgradient\Code\SampleRun_Environment_Solar\600Scens\tol01\Scenario2\fixed_profit.csv
--- Putfile TestingFile3 C:\Users\charl\OneDrive\Dokumente\A_Uni\HiWi\ArticleSubgradient\Code\SampleRun_Environment_Solar\600Scens\tol01\Scenario2\Alg.csv
--- Profile Summary (1112 records processed)
    35.844   0.025GB       833 Loop       
     4.969   0.022GB       836 Solve Alg  schedule
     2.547   0.025GB       836 Solve Alg  schedule
     2.438   0.025GB       836 Solve Alg  schedule
     2.422   0.025GB       836 Solve Alg  schedule
     2.422   0.025GB       836 Solve Alg  schedule
     0.860   0.025GB       836 Solve Alg  schedule
     0.640   0.025GB       836 Solve Alg  schedule
     0.313   0.022GB       804 Equation   Objective (1)
     0.297   0.022GB       804 Equation   Objective (1)
*** Status: Normal completion
--- Job fixed_problem.gms Stop 03/24/22 11:01:06 elapsed 0:00:35.947
