--- Job main_for_lr2.gms Start 06/23/22 11:18:57 32.2.0 rc62c018 WEX-WEI x86 64bit/MS Windows
--- Applying:
    C:\GAMS\32\gmsprmNT.txt
--- GAMS Parameters defined
    Input C:\Users\charl\OneDrive\Dokumente\A_Uni\HiWi\ArticleSubgradient\Code\SampleRun_Environment_Wind\600Scens\tol05\Scenario2\main_for_lr2.gms
    PageSize 0
    ScrDir C:\Users\charl\OneDrive\Dokumente\A_Uni\HiWi\ArticleSubgradient\Code\SampleRun_Environment_Wind\600Scens\tol05\Scenario2\225a\
    SysDir C:\GAMS\32\
    LogOption 3
    ErrMsg 1
    ErrorLog 99
    IDE 1
    LstTitleLeftAligned 1
GAMS 32.2.0   Copyright (C) 1987-2020 GAMS Development. All rights reserved
Licensee: Small MUD - 5 User License                     S200323/0001AN-GEN
          Friedrich-Alexander-Universitaet Erlangen-Nurnberg         DC7699
          C:\GAMS\32\gamslice.txt
--- Starting compilation
--- main_for_lr2.gms(10) 2 Mb
--- . input.gms(13) 3 Mb
--- .. wind_costs.csv(25) 3 Mb
--- . input.gms(23) 3 Mb
--- .. wind_scenarios.csv(601) 4 Mb
--- . input.gms(107) 4 Mb
--- main_for_lr2.gms(11) 4 Mb
--- . subgradient_parameters.gms(33) 4 Mb
--- main_for_lr2.gms(12) 4 Mb
--- . equations.gms(118) 4 Mb
--- main_for_lr2.gms(13) 4 Mb
--- . lp_lowerbound.gms(12) 4 Mb
--- main_for_lr2.gms(14) 4 Mb
--- . heuristic_upperbound.gms(10) 4 Mb
--- .. sampled_dynamic.csv(25) 4 Mb
--- . heuristic_upperbound.gms(49) 4 Mb
--- main_for_lr2.gms(31) 4 Mb
--- call csv2gdx Naive.csv id=nv index=1 values=2..lastCol useHeader=y
No errors, CSV2GDX time = 62ms
--- main_for_lr2.gms(32) 4 Mb
--- GDXin=C:\Users\charl\OneDrive\Dokumente\A_Uni\HiWi\ArticleSubgradient\Code\SampleRun_Environment_Wind\600Scens\tol05\Scenario2\Naive.gdx
--- main_for_lr2.gms(73) 4 Mb 1 Error
*** Error 141 in C:\Users\charl\OneDrive\Dokumente\A_Uni\HiWi\ArticleSubgradient\Code\SampleRun_Environment_Wind\600Scens\tol05\Scenario2\main_for_lr2.gms
    Symbol declared but no values have been assigned. Check for missing
       data definition, assignment, data loading or implicit assignment
       via a solve statement.
       A wild shot: You may have spurious commas in the explanatory
       text of a declaration. Check symbol reference list.
--- main_for_lr2.gms(80) 4 Mb
--- . plain_lr.gms(4) 4 Mb 2 Errors
*** Error 257 in C:\Users\charl\OneDrive\Dokumente\A_Uni\HiWi\ArticleSubgradient\Code\SampleRun_Environment_Wind\600Scens\tol05\Scenario2\plain_lr.gms
    Solve statement not checked because of previous errors
--- . plain_lr.gms(16) 4 Mb
--- main_for_lr2.gms(86) 4 Mb
--- . LR_updates.gms(18) 4 Mb
--- .. stepsizes.gms(21) 4 Mb
--- . LR_updates.gms(44) 4 Mb 3 Errors
*** Error 141 in C:\Users\charl\OneDrive\Dokumente\A_Uni\HiWi\ArticleSubgradient\Code\SampleRun_Environment_Wind\600Scens\tol05\Scenario2\LR_updates.gms
    Symbol declared but no values have been assigned. Check for missing
       data definition, assignment, data loading or implicit assignment
       via a solve statement.
       A wild shot: You may have spurious commas in the explanatory
       text of a declaration. Check symbol reference list.
--- . LR_updates.gms(59) 4 Mb
--- main_for_lr2.gms(106) 4 Mb 3 Errors
*** Status: Compilation error(s)
--- Job main_for_lr2.gms Stop 06/23/22 11:18:57 elapsed 0:00:00.383
