--- Job main_for_lr5.gms Start 07/01/22 12:05:33 32.2.0 rc62c018 WEX-WEI x86 64bit/MS Windows
--- Applying:
    C:\GAMS\32\gmsprmNT.txt
--- GAMS Parameters defined
    Input C:\Users\charl\OneDrive\Dokumente\A_Uni\HiWi\ArticleSubgradient\Code\SampleRun_Environment_Wind\600Scens\tol05\Scenario1\main_for_lr5.gms
    PageSize 0
    ScrDir C:\Users\charl\OneDrive\Dokumente\A_Uni\HiWi\ArticleSubgradient\Code\SampleRun_Environment_Wind\600Scens\tol05\Scenario1\225f\
    SysDir C:\GAMS\32\
    LogOption 3
    ErrMsg 1
    ErrorLog 99
    IDE 1
    LstTitleLeftAligned 1
GAMS 32.2.0   Copyright (C) 1987-2020 GAMS Development. All rights reserved
Licensee: Small MUD - 5 User License                     S200323/0001AN-GEN
          Friedrich-Alexander-Universitaet Erlangen-Nurnberg         DC7699
          C:\GAMS\32\gamslice.txt
--- Starting compilation
--- main_for_lr5.gms(10) 2 Mb
--- . input.gms(13) 3 Mb
--- .. wind_costs.csv(25) 3 Mb
--- . input.gms(23) 3 Mb
--- .. wind_scenarios.csv(601) 4 Mb
--- . input.gms(107) 4 Mb
--- main_for_lr5.gms(11) 4 Mb
--- . subgradient_parameters.gms(33) 4 Mb
--- main_for_lr5.gms(12) 4 Mb
--- . equations.gms(118) 4 Mb
--- main_for_lr5.gms(13) 4 Mb
--- . lp_lowerbound.gms(12) 4 Mb
--- main_for_lr5.gms(14) 4 Mb
--- . heuristic_upperbound.gms(10) 4 Mb
--- .. sampled_dynamic.csv(25) 4 Mb
--- . heuristic_upperbound.gms(49) 4 Mb
--- main_for_lr5.gms(31) 4 Mb
--- call csv2gdx Naive.csv id=nv index=1 values=2..lastCol useHeader=y
No errors, CSV2GDX time = 0ms
--- main_for_lr5.gms(32) 4 Mb
--- GDXin=C:\Users\charl\OneDrive\Dokumente\A_Uni\HiWi\ArticleSubgradient\Code\SampleRun_Environment_Wind\600Scens\tol05\Scenario1\Naive.gdx
--- main_for_lr5.gms(80) 4 Mb
--- . plain_lr.gms(16) 4 Mb
--- main_for_lr5.gms(86) 4 Mb
--- . LR_updates.gms(18) 4 Mb
--- .. stepsizes.gms(21) 4 Mb
--- . LR_updates.gms(59) 4 Mb
--- main_for_lr5.gms(106) 4 Mb
--- Starting execution: elapsed 0:00:00.081
--- main_for_lr5.gms(900) 8 Mb
--- Generating RMIP model schedule
--- main_for_lr5.gms(818) 8 Mb
--- Starting Equ Objective: elapsed 0:00:00.270
--- main_for_lr5.gms(826) 11 Mb
--- Starting Equ Const1_1: elapsed 0:00:00.752
--- main_for_lr5.gms(834) 20 Mb
--- Starting Equ Const1_2: elapsed 0:00:00.778
--- main_for_lr5.gms(841) 20 Mb
--- Starting Equ Const_3_1: elapsed 0:00:00.782
--- main_for_lr5.gms(844) 24 Mb
--- Starting Equ Const_3_2: elapsed 0:00:00.832
--- main_for_lr5.gms(850) 28 Mb
--- Starting Equ Const_4_1: elapsed 0:00:00.887
*** Error at line 844: Execution halted: Triggered by pending CtrlC event
--- main_for_lr5.gms(901) 28 Mb 1 Error
*** SOLVE aborted
--- Profile Summary (2300 records processed)
     0.485   0.011GB       818 Equation   Objective (1)
     0.157   0.005GB       725 Loop       
     0.047   0.024GB       841 Equation   Const_3_1 (13800)
     0.047   0.028GB       844 Equation   Const_3_2 (13800)
     0.016   0.005GB       728 Assignment minwind (3)
     0.016   0.005GB       726 Loop       
     0.016   0.005GB       730 Assignment dummy (3)
     0.016   0.005GB       726 Loop       
     0.016   0.005GB       728 Assignment minwind (10)
     0.016   0.005GB       726 Loop       
--- main_for_lr5.gms(901) 28 Mb 1 Error
*** Status: Execution error(s)
--- Job main_for_lr5.gms Stop 07/01/22 12:05:33 elapsed 0:00:00.927
