--- Job fixed_problem.gms Start 05/16/22 20:32:08 32.2.0 rc62c018 WEX-WEI x86 64bit/MS Windows
--- Applying:
    C:\GAMS\32\gmsprmNT.txt
--- GAMS Parameters defined
    Input C:\Users\charl\OneDrive\Dokumente\A_Uni\HiWi\ArticleSubgradient\Code\SampleRun_Environment_Solar\1500Scens\tol01\Scenario1\fixed_problem.gms
    PageSize 0
    ScrDir C:\Users\charl\OneDrive\Dokumente\A_Uni\HiWi\ArticleSubgradient\Code\SampleRun_Environment_Solar\1500Scens\tol01\Scenario1\225a\
    SysDir C:\GAMS\32\
    LogOption 3
    ErrMsg 1
    ErrorLog 99
    IDE 1
    LstTitleLeftAligned 1
GAMS 32.2.0   Copyright (C) 1987-2020 GAMS Development. All rights reserved
Licensee: Small MUD - 5 User License                     S200323/0001AN-GEN
          Friedrich-Alexander-Universitaet Erlangen-Nurnberg         DC7699
          C:\GAMS\32\gamslice.txt
--- Starting compilation
--- fixed_problem.gms(29) 3 Mb
--- . solar_scenarios.csv(1501) 4 Mb
--- fixed_problem.gms(50) 4 Mb
--- . sampled_dynamic.csv(25) 4 Mb
--- fixed_problem.gms(59) 4 Mb
--- . battery_revenue.csv(25) 4 Mb
--- fixed_problem.gms(213) 4 Mb
--- Starting execution: elapsed 0:00:00.064
--- fixed_problem.gms(1730) 14 Mb
--- Generating MIP model schedule
--- fixed_problem.gms(1701) 14 Mb
--- Starting Equ Objective: elapsed 0:00:00.266
--- fixed_problem.gms(1703) 18 Mb
--- Starting Equ Const1: elapsed 0:00:00.814
--- fixed_problem.gms(1706) 38 Mb
--- Starting Equ Const_chance_1: elapsed 0:00:00.871
--- fixed_problem.gms(1709) 50 Mb
--- Starting Equ Const_chance_2: elapsed 0:00:00.931
--- fixed_problem.gms(1733) 50 Mb
--- LOOPS iter = iter1
---   70,502 rows  109,525 columns  319,525 non-zeroes
---   1,500 discrete-columns
*** Error at line 1733: Control C Event: execution halted
--- fixed_problem.gms(1733) 50 Mb 1 Error
*** SOLVE aborted
--- Profile Summary (1215 records processed)
     0.547   0.018GB      1701 Equation   Objective (1)
     0.157   0.005GB      1665 Loop       
     0.156   0.051GB      1733 Solve Fini schedule (319525)
     0.062   0.050GB      1706 Equation   Const_chance_1 (36000)
     0.047   0.038GB      1703 Equation   Const1 (34500)
     0.016   0.014GB      1716 Assignment P (36000)
     0.016   0.050GB      1709 Equation   Const_chance_2 (1)
     0.016   0.005GB      1668 Assignment minsolar (0)
     0.016   0.005GB      1666 Loop       
     0.016   0.005GB      1672 Assignment dummysolar (20123)
--- fixed_problem.gms(1733) 50 Mb 1 Error
*** Status: Execution error(s)
--- Job fixed_problem.gms Stop 05/16/22 20:32:09 elapsed 0:00:01.110
