--- Job SAA_solar.gms Start 03/17/22 13:32:23 32.2.0 rc62c018 WEX-WEI x86 64bit/MS Windows
--- Applying:
    C:\GAMS\32\gmsprmNT.txt
--- GAMS Parameters defined
    Input C:\Users\charl\OneDrive\Dokumente\A_Uni\HiWi\ArticleSubgradient\Code\SampleRun_Environment_Solar\1500Scens\tol01\Scenario1\SAA_solar.gms
    PageSize 0
    ScrDir C:\Users\charl\OneDrive\Dokumente\A_Uni\HiWi\ArticleSubgradient\Code\SampleRun_Environment_Solar\1500Scens\tol01\Scenario1\225a\
    SysDir C:\GAMS\32\
    LogOption 3
    ErrMsg 1
    ErrorLog 99
    IDE 1
    LstTitleLeftAligned 1
GAMS 32.2.0   Copyright (C) 1987-2020 GAMS Development. All rights reserved
Licensee: Small MUD - 5 User License                     S200323/0001AN-GEN
          Friedrich-Alexander-Universitaet Erlangen-Nurnberg         DC7699
          C:\GAMS\32\gamslice.txt
--- Starting compilation
--- SAA_solar.gms(41) 3 Mb
--- . solar_scenarios_7200.csv(7201) 7 Mb
--- SAA_solar.gms(69) 7 Mb
--- . battery_revenue.csv(25) 7 Mb
--- SAA_solar.gms(89) 7 Mb
--- . ScenarioWeights_naive.csv(7201) 8 Mb
--- SAA_solar.gms(283) 8 Mb
--- Starting execution: elapsed 0:00:00.238
--- SAA_solar.gms(14618) 45 Mb
*** Error at line 14659: Execution halted: Triggered by pending CtrlC event
--- SAA_solar.gms(14618) 45 Mb 1 Error
--- Profile Summary (30 records processed)
     0.047   0.008GB      7310 Assignment Solar (96472)
     0.031   0.008GB      7308 Assignment Solar (96497)
     0.031   0.030GB     14601 Assignment Q (172800)
     0.016   0.019GB     14599 Assignment X (172800)
     0.016   0.042GB     14602 Assignment P (172800)
     0.015   0.019GB     14600 Assignment X (172800)
--- SAA_solar.gms(14618) 45 Mb 1 Error
*** Status: Execution error(s)
--- Job SAA_solar.gms Stop 03/17/22 13:32:24 elapsed 0:00:01.134
