--- Job fixed_problem.gms Start 07/12/22 11:31:21 32.2.0 rc62c018 WEX-WEI x86 64bit/MS Windows
--- Applying:
    C:\GAMS\32\gmsprmNT.txt
--- GAMS Parameters defined
    Input C:\Users\charl\OneDrive\Dokumente\A_Uni\HiWi\ArticleSubgradient\Code\SampleRun_Environment_Wind\1500Scens\tol05\Scenario1\fixed_problem.gms
    PageSize 0
    ScrDir C:\Users\charl\OneDrive\Dokumente\A_Uni\HiWi\ArticleSubgradient\Code\SampleRun_Environment_Wind\1500Scens\tol05\Scenario1\225b\
    SysDir C:\GAMS\32\
    LogOption 3
    ErrMsg 1
    ErrorLog 99
    IDE 1
    LstTitleLeftAligned 1
GAMS 32.2.0   Copyright (C) 1987-2020 GAMS Development. All rights reserved
Licensee: Small MUD - 5 User License                     S200323/0001AN-GEN
          Friedrich-Alexander-Universitaet Erlangen-Nurnberg         DC7699
          C:\GAMS\32\gamslice.txt
--- Starting compilation
--- fixed_problem.gms(15) 2 Mb
--- . input.gms(13) 3 Mb
--- .. wind_costs.csv(25) 3 Mb
--- . input.gms(23) 3 Mb
--- .. wind_scenarios.csv(1501) 4 Mb
--- . input.gms(107) 4 Mb
--- fixed_problem.gms(21) 4 Mb
--- . sampled_dynamic.csv(25) 4 Mb
--- fixed_problem.gms(32) 4 Mb
--- . equations.gms(118) 4 Mb
--- fixed_problem.gms(73) 4 Mb
--- Starting execution: elapsed 0:00:00.066
--- fixed_problem.gms(1816) 15 Mb
--- Generating MIP model schedule
--- fixed_problem.gms(1730) 15 Mb
--- Starting Equ Objective: elapsed 0:00:01.117
--- fixed_problem.gms(1738) 23 Mb
--- Starting Equ Const1_1: elapsed 0:00:02.334
--- fixed_problem.gms(1746) 43 Mb
--- Starting Equ Const1_2: elapsed 0:00:02.394
--- fixed_problem.gms(1753) 43 Mb
--- Starting Equ Const_3_1: elapsed 0:00:02.410
--- fixed_problem.gms(1756) 54 Mb
--- Starting Equ Const_3_2: elapsed 0:00:02.523
--- fixed_problem.gms(1762) 64 Mb
--- Starting Equ Const_4_1: elapsed 0:00:02.645
--- fixed_problem.gms(1766) 71 Mb
--- Starting Equ Const_4_2: elapsed 0:00:02.933
--- fixed_problem.gms(1770) 77 Mb
--- Starting Equ Const_5: elapsed 0:00:03.197
--- fixed_problem.gms(1775) 88 Mb
--- Starting Equ Const_6: elapsed 0:00:03.294
--- fixed_problem.gms(1819) 100 Mb
--- LOOPS iterFIX = iter1
---   240,002 rows  145,525 columns  1,102,525 non-zeroes
---   37,500 discrete-columns
--- Executing GUROBI (Solvelink=2): elapsed 0:00:03.884

Gurobi           32.2.0 rc62c018 Released Aug 26, 2020 WEI x86 64bit/MS Window

Gurobi link license.
*** Cannot initialize Gurobi environment.
*** Could be a missing or invalid license. (status=10009|10009)
--- Reading solution for model schedule
--- Executing after solve: elapsed 0:00:04.473
--- fixed_problem.gms(1816) 100 Mb
--- Generating MIP model schedule
--- fixed_problem.gms(1730) 100 Mb
--- Starting Equ Objective: elapsed 0:00:04.473
--- fixed_problem.gms(1738) 100 Mb
--- Starting Equ Const1_1: elapsed 0:00:05.935
--- fixed_problem.gms(1746) 100 Mb
--- Starting Equ Const1_2: elapsed 0:00:06.099
--- fixed_problem.gms(1753) 100 Mb
--- Starting Equ Const_3_1: elapsed 0:00:06.113
--- fixed_problem.gms(1756) 100 Mb
--- Starting Equ Const_3_2: elapsed 0:00:06.300
--- fixed_problem.gms(1762) 100 Mb
--- Starting Equ Const_4_1: elapsed 0:00:06.498
--- fixed_problem.gms(1766) 100 Mb
--- Starting Equ Const_4_2: elapsed 0:00:06.837
--- fixed_problem.gms(1770) 100 Mb
--- Starting Equ Const_5: elapsed 0:00:07.183
--- fixed_problem.gms(1775) 100 Mb
--- Starting Equ Const_6: elapsed 0:00:07.350
--- fixed_problem.gms(1819) 100 Mb
--- LOOPS iterFIX = iter2
---   240,002 rows  145,525 columns  1,102,525 non-zeroes
---   37,500 discrete-columns
--- Executing GUROBI (Solvelink=2): elapsed 0:00:08.153

Gurobi           32.2.0 rc62c018 Released Aug 26, 2020 WEI x86 64bit/MS Window

Gurobi link license.
*** Cannot initialize Gurobi environment.
*** Could be a missing or invalid license. (status=10009|10009)
--- Reading solution for model schedule
--- Executing after solve: elapsed 0:00:08.715
--- fixed_problem.gms(1816) 100 Mb
--- Generating MIP model schedule
--- fixed_problem.gms(1730) 100 Mb
--- Starting Equ Objective: elapsed 0:00:08.715
--- fixed_problem.gms(1738) 100 Mb
--- Starting Equ Const1_1: elapsed 0:00:10.192
--- fixed_problem.gms(1746) 100 Mb
--- Starting Equ Const1_2: elapsed 0:00:10.376
--- fixed_problem.gms(1753) 100 Mb
--- Starting Equ Const_3_1: elapsed 0:00:10.393
--- fixed_problem.gms(1756) 100 Mb
--- Starting Equ Const_3_2: elapsed 0:00:10.632
--- fixed_problem.gms(1762) 100 Mb
--- Starting Equ Const_4_1: elapsed 0:00:10.846
--- fixed_problem.gms(1766) 100 Mb
--- Starting Equ Const_4_2: elapsed 0:00:11.237
--- fixed_problem.gms(1770) 100 Mb
--- Starting Equ Const_5: elapsed 0:00:11.615
--- fixed_problem.gms(1775) 100 Mb
--- Starting Equ Const_6: elapsed 0:00:11.792
--- fixed_problem.gms(1819) 100 Mb
--- LOOPS iterFIX = iter3
---   240,002 rows  145,525 columns  1,102,525 non-zeroes
---   37,500 discrete-columns
--- Executing GUROBI (Solvelink=2): elapsed 0:00:12.720

Gurobi           32.2.0 rc62c018 Released Aug 26, 2020 WEI x86 64bit/MS Window

Gurobi link license.
*** Cannot initialize Gurobi environment.
*** Could be a missing or invalid license. (status=10009|10009)
--- Reading solution for model schedule
--- Executing after solve: elapsed 0:00:13.473
--- fixed_problem.gms(1816) 100 Mb
--- Generating MIP model schedule
--- fixed_problem.gms(1730) 100 Mb
--- Starting Equ Objective: elapsed 0:00:13.473
--- fixed_problem.gms(1738) 100 Mb
--- Starting Equ Const1_1: elapsed 0:00:14.861
--- fixed_problem.gms(1746) 100 Mb
--- Starting Equ Const1_2: elapsed 0:00:15.034
--- fixed_problem.gms(1753) 100 Mb
--- Starting Equ Const_3_1: elapsed 0:00:15.053
--- fixed_problem.gms(1756) 100 Mb
--- Starting Equ Const_3_2: elapsed 0:00:15.346
--- fixed_problem.gms(1762) 100 Mb
--- Starting Equ Const_4_1: elapsed 0:00:15.579
--- fixed_problem.gms(1766) 100 Mb
--- Starting Equ Const_4_2: elapsed 0:00:15.958
--- fixed_problem.gms(1770) 100 Mb
--- Starting Equ Const_5: elapsed 0:00:16.315
--- fixed_problem.gms(1775) 100 Mb
--- Starting Equ Const_6: elapsed 0:00:16.476
--- fixed_problem.gms(1819) 100 Mb
--- LOOPS iterFIX = iter4
---   240,002 rows  145,525 columns  1,102,525 non-zeroes
---   37,500 discrete-columns
--- Executing GUROBI (Solvelink=2): elapsed 0:00:17.358

Gurobi           32.2.0 rc62c018 Released Aug 26, 2020 WEI x86 64bit/MS Window

Gurobi link license.
*** Cannot initialize Gurobi environment.
*** Could be a missing or invalid license. (status=10009|10009)
--- Reading solution for model schedule
--- Executing after solve: elapsed 0:00:17.875
--- fixed_problem.gms(1816) 100 Mb
--- Generating MIP model schedule
--- fixed_problem.gms(1730) 100 Mb
--- Starting Equ Objective: elapsed 0:00:17.876
--- fixed_problem.gms(1738) 100 Mb
--- Starting Equ Const1_1: elapsed 0:00:19.219
--- fixed_problem.gms(1746) 100 Mb
--- Starting Equ Const1_2: elapsed 0:00:19.391
--- fixed_problem.gms(1753) 100 Mb
--- Starting Equ Const_3_1: elapsed 0:00:19.408
--- fixed_problem.gms(1756) 100 Mb
--- Starting Equ Const_3_2: elapsed 0:00:19.650
--- fixed_problem.gms(1762) 100 Mb
--- Starting Equ Const_4_1: elapsed 0:00:19.889
--- fixed_problem.gms(1766) 100 Mb
--- Starting Equ Const_4_2: elapsed 0:00:20.257
--- fixed_problem.gms(1770) 100 Mb
--- Starting Equ Const_5: elapsed 0:00:20.617
--- fixed_problem.gms(1775) 100 Mb
--- Starting Equ Const_6: elapsed 0:00:20.813
--- fixed_problem.gms(1819) 100 Mb
--- LOOPS iterFIX = iter5
---   240,002 rows  145,525 columns  1,102,525 non-zeroes
---   37,500 discrete-columns
--- Executing GUROBI (Solvelink=2): elapsed 0:00:21.792

Gurobi           32.2.0 rc62c018 Released Aug 26, 2020 WEI x86 64bit/MS Window

Gurobi link license.
*** Cannot initialize Gurobi environment.
*** Could be a missing or invalid license. (status=10009|10009)
--- Reading solution for model schedule
--- Executing after solve: elapsed 0:00:22.323
--- fixed_problem.gms(1816) 100 Mb
--- Generating MIP model schedule
--- fixed_problem.gms(1730) 100 Mb
--- Starting Equ Objective: elapsed 0:00:22.323
--- fixed_problem.gms(1738) 100 Mb
--- Starting Equ Const1_1: elapsed 0:00:23.691
--- fixed_problem.gms(1746) 100 Mb
--- Starting Equ Const1_2: elapsed 0:00:23.885
--- fixed_problem.gms(1753) 100 Mb
--- Starting Equ Const_3_1: elapsed 0:00:23.906
--- fixed_problem.gms(1756) 100 Mb
--- Starting Equ Const_3_2: elapsed 0:00:24.152
--- fixed_problem.gms(1762) 100 Mb
--- Starting Equ Const_4_1: elapsed 0:00:24.396
--- fixed_problem.gms(1766) 100 Mb
--- Starting Equ Const_4_2: elapsed 0:00:24.747
--- fixed_problem.gms(1770) 100 Mb
--- Starting Equ Const_5: elapsed 0:00:25.079
--- fixed_problem.gms(1775) 100 Mb
--- Starting Equ Const_6: elapsed 0:00:25.271
--- fixed_problem.gms(1819) 100 Mb
--- LOOPS iterFIX = iter6
---   240,002 rows  145,525 columns  1,102,525 non-zeroes
---   37,500 discrete-columns
--- Executing GUROBI (Solvelink=2): elapsed 0:00:26.144

Gurobi           32.2.0 rc62c018 Released Aug 26, 2020 WEI x86 64bit/MS Window

Gurobi link license.
*** Cannot initialize Gurobi environment.
*** Could be a missing or invalid license. (status=10009|10009)
--- Reading solution for model schedule
--- Executing after solve: elapsed 0:00:26.649
--- fixed_problem.gms(1816) 100 Mb
--- Generating MIP model schedule
--- fixed_problem.gms(1730) 100 Mb
--- Starting Equ Objective: elapsed 0:00:26.650
--- fixed_problem.gms(1738) 100 Mb
--- Starting Equ Const1_1: elapsed 0:00:28.185
--- fixed_problem.gms(1746) 100 Mb
--- Starting Equ Const1_2: elapsed 0:00:28.379
--- fixed_problem.gms(1753) 100 Mb
--- Starting Equ Const_3_1: elapsed 0:00:28.396
--- fixed_problem.gms(1756) 100 Mb
--- Starting Equ Const_3_2: elapsed 0:00:28.648
--- fixed_problem.gms(1762) 100 Mb
--- Starting Equ Const_4_1: elapsed 0:00:28.906
--- fixed_problem.gms(1766) 100 Mb
--- Starting Equ Const_4_2: elapsed 0:00:29.268
--- fixed_problem.gms(1770) 100 Mb
--- Starting Equ Const_5: elapsed 0:00:29.655
--- fixed_problem.gms(1775) 100 Mb
--- Starting Equ Const_6: elapsed 0:00:29.863
--- fixed_problem.gms(1819) 100 Mb
--- LOOPS iterFIX = iter7
---   240,002 rows  145,525 columns  1,102,525 non-zeroes
---   37,500 discrete-columns
--- Executing GUROBI (Solvelink=2): elapsed 0:00:30.783

Gurobi           32.2.0 rc62c018 Released Aug 26, 2020 WEI x86 64bit/MS Window

Gurobi link license.
*** Cannot initialize Gurobi environment.
*** Could be a missing or invalid license. (status=10009|10009)
--- Reading solution for model schedule
--- Executing after solve: elapsed 0:00:31.356
--- fixed_problem.gms(1816) 100 Mb
--- Generating MIP model schedule
--- fixed_problem.gms(1730) 100 Mb
--- Starting Equ Objective: elapsed 0:00:31.356
--- fixed_problem.gms(1738) 100 Mb
--- Starting Equ Const1_1: elapsed 0:00:32.821
*** Error at line 1730: Execution halted: Triggered by pending CtrlC event
--- fixed_problem.gms(1819) 100 Mb 1 Error
*** SOLVE aborted
--- Profile Summary (5661 records processed)
     1.546   0.100GB      1730 Equation   Objective (1)
     1.468   0.100GB      1730 Equation   Objective (1)
     1.468   0.100GB      1730 Equation   Objective (1)
     1.453   0.100GB      1730 Equation   Objective (1)
     1.390   0.100GB      1730 Equation   Objective (1)
     1.375   0.100GB      1730 Equation   Objective (1)
     1.344   0.100GB      1730 Equation   Objective (1)
     1.219   0.023GB      1730 Equation   Objective (1)
     0.984   0.006GB      1630 Loop       
     0.735   0.100GB      1819 Solve Fini schedule (1102525)
--- fixed_problem.gms(1819) 100 Mb 1 Error
*** Status: Execution error(s)
--- Job fixed_problem.gms Stop 07/12/22 11:31:53 elapsed 0:00:32.849
