--- Job main_for_lr5.gms Start 05/20/22 11:59:21 32.2.0 rc62c018 WEX-WEI x86 64bit/MS Windows
--- Applying:
    C:\GAMS\32\gmsprmNT.txt
--- GAMS Parameters defined
    Input C:\Users\charl\OneDrive\Dokumente\A_Uni\HiWi\ArticleSubgradient\Code\SampleRun_Environment_Wind\1500Scens\tol05\Scenario1\main_for_lr5.gms
    PageSize 0
    ScrDir C:\Users\charl\OneDrive\Dokumente\A_Uni\HiWi\ArticleSubgradient\Code\SampleRun_Environment_Wind\1500Scens\tol05\Scenario1\225b\
    SysDir C:\GAMS\32\
    LogOption 3
    ErrMsg 1
    ErrorLog 99
    IDE 1
    LstTitleLeftAligned 1
GAMS 32.2.0   Copyright (C) 1987-2020 GAMS Development. All rights reserved
Licensee: Small MUD - 5 User License                     S200323/0001AN-GEN
          Friedrich-Alexander-Universitaet Erlangen-Nurnberg         DC7699
          C:\GAMS\32\gamslice.txt
--- Starting compilation
--- main_for_lr5.gms(10) 2 Mb
--- . input.gms(13) 3 Mb
--- .. wind_costs.csv(25) 3 Mb
--- . input.gms(23) 3 Mb
--- .. wind_scenarios.csv(1501) 4 Mb
--- . input.gms(107) 4 Mb
--- main_for_lr5.gms(11) 4 Mb
--- . subgradient_parameters.gms(33) 4 Mb
--- main_for_lr5.gms(12) 4 Mb
--- . equations.gms(118) 4 Mb
--- main_for_lr5.gms(13) 4 Mb
--- . lp_lowerbound.gms(12) 4 Mb
--- main_for_lr5.gms(14) 4 Mb
--- . heuristic_upperbound.gms(10) 4 Mb
--- .. sampled_dynamic.csv(25) 4 Mb
--- . heuristic_upperbound.gms(49) 4 Mb
--- main_for_lr5.gms(31) 4 Mb
--- call csv2gdx Naive.csv id=nv index=1 values=2..lastCol useHeader=y
No errors, CSV2GDX time = 0ms
--- main_for_lr5.gms(32) 4 Mb
--- GDXin=C:\Users\charl\OneDrive\Dokumente\A_Uni\HiWi\ArticleSubgradient\Code\SampleRun_Environment_Wind\1500Scens\tol05\Scenario1\Naive.gdx
--- main_for_lr5.gms(80) 4 Mb
--- . plain_lr.gms(16) 4 Mb
--- main_for_lr5.gms(86) 4 Mb
--- . LR_updates.gms(18) 4 Mb
--- .. stepsizes.gms(21) 4 Mb
--- . LR_updates.gms(59) 4 Mb
--- main_for_lr5.gms(106) 4 Mb
--- Starting execution: elapsed 0:00:00.179
--- main_for_lr5.gms(1800) 15 Mb
--- Generating RMIP model schedule
--- main_for_lr5.gms(1718) 15 Mb
--- Starting Equ Objective: elapsed 0:00:00.999
--- main_for_lr5.gms(1726) 23 Mb
--- Starting Equ Const1_1: elapsed 0:00:02.098
--- main_for_lr5.gms(1734) 43 Mb
--- Starting Equ Const1_2: elapsed 0:00:02.154
--- main_for_lr5.gms(1741) 43 Mb
--- Starting Equ Const_3_1: elapsed 0:00:02.165
--- main_for_lr5.gms(1744) 54 Mb
--- Starting Equ Const_3_2: elapsed 0:00:02.287
--- main_for_lr5.gms(1750) 64 Mb
--- Starting Equ Const_4_1: elapsed 0:00:02.400
--- main_for_lr5.gms(1754) 71 Mb
--- Starting Equ Const_4_2: elapsed 0:00:02.684
--- main_for_lr5.gms(1758) 77 Mb
--- Starting Equ Const_5: elapsed 0:00:02.943
--- main_for_lr5.gms(1763) 88 Mb
--- Starting Equ Const_6: elapsed 0:00:03.031
--- main_for_lr5.gms(1801) 100 Mb
---   240,002 rows  145,525 columns  1,102,525 non-zeroes
---   37,500 discrete-columns
--- Executing CPLEX (Solvelink=2): elapsed 0:00:03.538

IBM ILOG CPLEX   32.2.0 rc62c018 Released Aug 26, 2020 WEI x86 64bit/MS Window
--- GAMS/Cplex Link licensed for continuous and discrete problems.
Cplex 12.10.0.0

Reading data...
Starting Cplex...
Space for names approximately 10.08 Mb
Use option 'names no' to turn use of names off
Version identifier: 12.10.0.0 | 2019-11-26 | 843d4de2ae
CPXPARAM_Advance                                 0
CPXPARAM_Threads                                 8
CPXPARAM_Parallel                                1
CPXPARAM_TimeLimit                               2100
CPXPARAM_Tune_TimeLimit                          420
Parallel mode: deterministic, using up to 8 threads for concurrent optimization:
 * Starting dual Simplex on 1 thread...
 * Starting Barrier on 6 threads...
 * Starting primal Simplex on 1 thread...
Tried aggregator 1 time.
LP Presolve eliminated 1501 rows and 4501 columns.
Reduced LP has 238501 rows, 141024 columns, and 1015500 nonzeros.
Presolve time = 1.64 sec. (338.32 ticks)
Initializing dual steep norms . . .

Iteration log . . .
Iteration:     1   Dual objective     =       -167155.353290
Iteration:  1233   Dual objective     =       -124537.444983
Iteration:  2876   Dual objective     =       -113898.981590
LP status(13): user aborted
Cplex Time: 4.17sec (det. 984.94 ticks)

Solution aborted due to user request.
--- Reading solution for model schedule
--- Executing after solve: elapsed 0:00:08.679
--- main_for_lr5.gms(1861) 100 Mb
--- Generating MIP model SCHEDULEFIX
--- main_for_lr5.gms(1716) 100 Mb
--- Starting Equ ObjectiveFIX: elapsed 0:00:08.680
--- main_for_lr5.gms(1728) 100 Mb
--- Starting Equ Const1_1FIX: elapsed 0:00:09.995
*** Error at line 1716: Execution halted: Triggered by pending CtrlC event
--- main_for_lr5.gms(1864) 100 Mb 1 Error
*** SOLVE aborted
--- Profile Summary (5563 records processed)
     5.015   0.100GB      1801 Solve Alg  schedule
     1.328   0.100GB      1716 Equation   ObjectiveFIX (1)
     1.094   0.023GB      1718 Equation   Objective (1)
     0.766   0.006GB      1625 Loop       
     0.375   0.100GB      1801 Solve Fini schedule (1102525)
     0.281   0.071GB      1750 Equation   Const_4_1 (33000)
     0.250   0.077GB      1754 Equation   Const_4_2 (33000)
     0.125   0.064GB      1744 Equation   Const_3_2 (34500)
     0.125   0.098GB      1763 Equation   Const_6 (34500)
     0.125   0.100GB      1801 Solve Read schedule
--- main_for_lr5.gms(1864) 100 Mb 1 Error
*** Status: Execution error(s)
--- Job main_for_lr5.gms Stop 05/20/22 11:59:31 elapsed 0:00:10.022
