--- Job SAA.gms Start 03/16/22 14:13:37 32.2.0 rc62c018 WEX-WEI x86 64bit/MS Windows
--- Applying:
    C:\GAMS\32\gmsprmNT.txt
--- GAMS Parameters defined
    Input C:\Users\charl\OneDrive\Dokumente\A_Uni\HiWi\ArticleSubgradient\Code\SampleRun_Environment_Wind\1500Scens\tol05\Scenario1\SAA.gms
    PageSize 0
    ScrDir C:\Users\charl\OneDrive\Dokumente\A_Uni\HiWi\ArticleSubgradient\Code\SampleRun_Environment_Wind\1500Scens\tol05\Scenario1\225a\
    SysDir C:\GAMS\32\
    LogOption 3
    ErrMsg 1
    ErrorLog 99
    IDE 1
    LstTitleLeftAligned 1
GAMS 32.2.0   Copyright (C) 1987-2020 GAMS Development. All rights reserved
Licensee: Small MUD - 5 User License                     S200323/0001AN-GEN
          Friedrich-Alexander-Universitaet Erlangen-Nurnberg         DC7699
          C:\GAMS\32\gamslice.txt
--- Starting compilation
--- SAA.gms(37) 3 Mb
--- . wind_costs.csv(25) 3 Mb
--- SAA.gms(44) 3 Mb
--- . wind_scenarios_7200.csv(7201) 10 Mb
--- SAA.gms(50) 10 Mb
--- . ScenarioWeights_naive.csv(7201) 10 Mb
--- SAA.gms(275) 10 Mb
--- Starting execution: elapsed 0:00:00.178
--- SAA.gms(14593) 50 Mb
--- Generating MIP model SCHEDULE
--- SAA.gms(14546) 50 Mb
--- Starting Equ Objective: elapsed 0:00:00.492
--- SAA.gms(14548) 50 Mb
--- Starting Equ Const1_1: elapsed 0:00:00.531
--- SAA.gms(14551) 50 Mb
--- Starting Equ Const1_2: elapsed 0:00:00.555
--- SAA.gms(14558) 50 Mb
--- Starting Equ Const_3_1: elapsed 0:00:00.556
--- SAA.gms(14559) 50 Mb
--- Starting Equ Const_3_2: elapsed 0:00:00.600
--- SAA.gms(14563) 50 Mb
--- Starting Equ Const_4_1: elapsed 0:00:00.644
--- SAA.gms(14564) 51 Mb
--- Starting Equ Const_4_2: elapsed 0:00:00.680
--- SAA.gms(14567) 51 Mb
--- Starting Equ Const_5: elapsed 0:00:00.715
--- SAA.gms(14570) 51 Mb
--- Starting Equ Const_6: elapsed 0:00:00.750
--- SAA.gms(14572) 51 Mb
--- Starting Equ Const_dum1: elapsed 0:00:00.796
--- SAA.gms(14573) 51 Mb
--- Starting Equ Const_dum2: elapsed 0:00:00.796
--- SAA.gms(14661) 51 Mb
--- LOOPS rho_ind = r1
---       iter = iter1
---   3,250 rows  1,989 columns  14,821 non-zeroes
---   500 discrete-columns
--- Executing GUROBI (Solvelink=2): elapsed 0:00:00.815

Gurobi           32.2.0 rc62c018 Released Aug 26, 2020 WEI x86 64bit/MS Window

GAMS/Gurobi demo/community requires a Gurobi license from Gurobi Optimization.
*** Cannot initialize Gurobi environment.
*** Could be a missing or invalid license. (status=10009|10009)
--- Reading solution for model SCHEDULE
--- Executing after solve: elapsed 0:00:00.905
--- SAA.gms(14593) 51 Mb
--- Generating MIP model SCHEDULE
--- SAA.gms(14546) 51 Mb
--- Starting Equ Objective: elapsed 0:00:01.146
--- SAA.gms(14548) 51 Mb
--- Starting Equ Const1_1: elapsed 0:00:01.186
--- SAA.gms(14551) 51 Mb
--- Starting Equ Const1_2: elapsed 0:00:01.210
--- SAA.gms(14558) 51 Mb
--- Starting Equ Const_3_1: elapsed 0:00:01.212
--- SAA.gms(14559) 51 Mb
--- Starting Equ Const_3_2: elapsed 0:00:01.260
--- SAA.gms(14563) 51 Mb
--- Starting Equ Const_4_1: elapsed 0:00:01.309
--- SAA.gms(14564) 51 Mb
--- Starting Equ Const_4_2: elapsed 0:00:01.348
--- SAA.gms(14567) 51 Mb
--- Starting Equ Const_5: elapsed 0:00:01.389
--- SAA.gms(14570) 51 Mb
--- Starting Equ Const_6: elapsed 0:00:01.425
--- SAA.gms(14572) 52 Mb
--- Starting Equ Const_dum1: elapsed 0:00:01.471
--- SAA.gms(14573) 52 Mb
--- Starting Equ Const_dum2: elapsed 0:00:01.471
--- SAA.gms(14661) 52 Mb
--- LOOPS rho_ind = r1
---       iter = iter2
---   3,570 rows  2,183 columns  16,291 non-zeroes
---   550 discrete-columns
--- Executing GUROBI (Solvelink=2): elapsed 0:00:01.480

Gurobi           32.2.0 rc62c018 Released Aug 26, 2020 WEI x86 64bit/MS Window

GAMS/Gurobi demo/community requires a Gurobi license from Gurobi Optimization.
*** Cannot initialize Gurobi environment.
*** Could be a missing or invalid license. (status=10009|10009)
--- Reading solution for model SCHEDULE
--- Executing after solve: elapsed 0:00:01.531
--- SAA.gms(14593) 52 Mb
*** Error at line 14650: Execution halted: Triggered by pending CtrlC event
--- SAA.gms(14593) 52 Mb 1 Error
--- Profile Summary (52 records processed)
     0.094   0.051GB     14661 Solve Alg  SCHEDULE
     0.047   0.051GB     14558 Equation   Const_3_1 (506)
     0.047   0.051GB     14661 Solve Alg  SCHEDULE
     0.047   0.050GB     14558 Equation   Const_3_1 (460)
     0.047   0.051GB     14563 Equation   Const_4_1 (440)
     0.047   0.051GB     14559 Equation   Const_3_2 (506)
     0.047   0.051GB     14563 Equation   Const_4_1 (484)
     0.047   0.051GB     14570 Equation   Const_6 (506)
     0.046   0.051GB     14570 Equation   Const_6 (460)
     0.032   0.044GB     14580 Assignment V (172800)
--- SAA.gms(14593) 52 Mb 1 Error
*** Status: Execution error(s)
--- Job SAA.gms Stop 03/16/22 14:13:39 elapsed 0:00:01.723
