--- Job Naive_LR_solving.gms Start 10/07/21 16:00:27 32.2.0 rc62c018 WEX-WEI x86 64bit/MS Windows
--- Applying:
    C:\GAMS\32\gmsprmNT.txt
--- GAMS Parameters defined
    Input C:\Users\charl\OneDrive\Dokumente\A_Uni\HiWi\ArticleSubgradient\Code\OnlyImportantFiles\Naive_LR_solving.gms
    PageSize 0
    ScrDir C:\Users\charl\OneDrive\Dokumente\A_Uni\HiWi\ArticleSubgradient\Code\OnlyImportantFiles\225a\
    SysDir C:\GAMS\32\
    LogOption 3
    ErrMsg 1
    ErrorLog 99
    IDE 1
    LstTitleLeftAligned 1
GAMS 32.2.0   Copyright (C) 1987-2020 GAMS Development. All rights reserved
Licensee: Small MUD - 5 User License                     S200323/0001AN-GEN
          Friedrich-Alexander-Universitaet Erlangen-Nurnberg         DC7699
          C:\GAMS\32\gamslice.txt
--- Starting compilation
--- Naive_LR_solving.gms(19) 2 Mb
--- . inputME.gms(22) 3 Mb 1 Error
*** Error 282 in C:\Users\charl\OneDrive\Dokumente\A_Uni\HiWi\ArticleSubgradient\Code\OnlyImportantFiles\inputME.gms
    Unable to open include file
--- . inputME.gms(24) 3 Mb 2 Errors
*** Error 463 in C:\Users\charl\OneDrive\Dokumente\A_Uni\HiWi\ArticleSubgradient\Code\OnlyImportantFiles\inputME.gms
    The column section in the previous table is missing.
       You may want to use $ON/OFFEMPTY
--- . inputME.gms(44) 3 Mb 3 Errors
*** Error 282 in C:\Users\charl\OneDrive\Dokumente\A_Uni\HiWi\ArticleSubgradient\Code\OnlyImportantFiles\inputME.gms
    Unable to open include file
--- . inputME.gms(46) 3 Mb 4 Errors
*** Error 463 in C:\Users\charl\OneDrive\Dokumente\A_Uni\HiWi\ArticleSubgradient\Code\OnlyImportantFiles\inputME.gms
    The column section in the previous table is missing.
       You may want to use $ON/OFFEMPTY
--- . inputME.gms(65) 3 Mb
--- .. wind_costs.csv(25) 3 Mb
--- . inputME.gms(137) 3 Mb
--- Naive_LR_solving.gms(20) 3 Mb
--- . subgradient_parameters.gms(33) 3 Mb
--- Naive_LR_solving.gms(22) 3 Mb
--- . equations_all.gms(94) 3 Mb
--- Naive_LR_solving.gms(39) 3 Mb 5 Errors
*** Error 257 in C:\Users\charl\OneDrive\Dokumente\A_Uni\HiWi\ArticleSubgradient\Code\OnlyImportantFiles\Naive_LR_solving.gms
    Solve statement not checked because of previous errors
--- Naive_LR_solving.gms(47) 3 Mb 6 Errors
*** Error 141 in C:\Users\charl\OneDrive\Dokumente\A_Uni\HiWi\ArticleSubgradient\Code\OnlyImportantFiles\Naive_LR_solving.gms
    Symbol declared but no values have been assigned. Check for missing
       data definition, assignment, data loading or implicit assignment
       via a solve statement.
       A wild shot: You may have spurious commas in the explanatory
       text of a declaration. Check symbol reference list.
--- Naive_LR_solving.gms(71) 3 Mb
--- . lp_lowerbound.gms(4) 3 Mb 7 Errors
*** Error 257 in C:\Users\charl\OneDrive\Dokumente\A_Uni\HiWi\ArticleSubgradient\Code\OnlyImportantFiles\lp_lowerbound.gms
    Solve statement not checked because of previous errors
--- . lp_lowerbound.gms(7) 3 Mb 8 Errors
*** Error 141 in C:\Users\charl\OneDrive\Dokumente\A_Uni\HiWi\ArticleSubgradient\Code\OnlyImportantFiles\lp_lowerbound.gms
    Symbol declared but no values have been assigned. Check for missing
       data definition, assignment, data loading or implicit assignment
       via a solve statement.
       A wild shot: You may have spurious commas in the explanatory
       text of a declaration. Check symbol reference list.
--- . lp_lowerbound.gms(12) 3 Mb
--- Naive_LR_solving.gms(72) 3 Mb
--- . heuristic_upperbound.gms(16) 3 Mb 9 Errors
*** Error 257 in C:\Users\charl\OneDrive\Dokumente\A_Uni\HiWi\ArticleSubgradient\Code\OnlyImportantFiles\heuristic_upperbound.gms
    Solve statement not checked because of previous errors
--- . heuristic_upperbound.gms(40) 3 Mb 10 Errors
*** Error 116 in C:\Users\charl\OneDrive\Dokumente\A_Uni\HiWi\ArticleSubgradient\Code\OnlyImportantFiles\heuristic_upperbound.gms
    Label is unknown
--- . heuristic_upperbound.gms(47) 3 Mb 11 Errors
*** Error 257 in C:\Users\charl\OneDrive\Dokumente\A_Uni\HiWi\ArticleSubgradient\Code\OnlyImportantFiles\heuristic_upperbound.gms
    Solve statement not checked because of previous errors
--- . heuristic_upperbound.gms(51) 3 Mb 12 Errors
*** Error 141 in C:\Users\charl\OneDrive\Dokumente\A_Uni\HiWi\ArticleSubgradient\Code\OnlyImportantFiles\heuristic_upperbound.gms
    Symbol declared but no values have been assigned. Check for missing
       data definition, assignment, data loading or implicit assignment
       via a solve statement.
       A wild shot: You may have spurious commas in the explanatory
       text of a declaration. Check symbol reference list.
--- . heuristic_upperbound.gms(59) 3 Mb
--- Naive_LR_solving.gms(109) 3 Mb
--- . plain_lr.gms(4) 3 Mb 13 Errors
*** Error 257 in C:\Users\charl\OneDrive\Dokumente\A_Uni\HiWi\ArticleSubgradient\Code\OnlyImportantFiles\plain_lr.gms
    Solve statement not checked because of previous errors
--- . plain_lr.gms(6) 3 Mb 14 Errors
*** Error 141 in C:\Users\charl\OneDrive\Dokumente\A_Uni\HiWi\ArticleSubgradient\Code\OnlyImportantFiles\plain_lr.gms
    Symbol declared but no values have been assigned. Check for missing
       data definition, assignment, data loading or implicit assignment
       via a solve statement.
       A wild shot: You may have spurious commas in the explanatory
       text of a declaration. Check symbol reference list.
--- . plain_lr.gms(12) 3 Mb
--- Naive_LR_solving.gms(115) 3 Mb
--- . LR_updates.gms(17) 3 Mb
--- .. stepsizes.gms(21) 3 Mb
--- . LR_updates.gms(42) 3 Mb
--- Naive_LR_solving.gms(141) 3 Mb 14 Errors
*** Status: Compilation error(s)
--- Job Naive_LR_solving.gms Stop 10/07/21 16:00:27 elapsed 0:00:00.049
