--- Job main_for_lr2.gms Start 06/28/22 14:05:43 32.2.0 rc62c018 WEX-WEI x86 64bit/MS Windows
--- Applying:
    C:\GAMS\32\gmsprmNT.txt
--- GAMS Parameters defined
    Input C:\Users\charl\OneDrive\Dokumente\A_Uni\HiWi\ArticleSubgradient\Code\SampleRun_Environment_Wind\1500Scens\tol05\Scenario8\main_for_lr2.gms
    PageSize 0
    ScrDir C:\Users\charl\OneDrive\Dokumente\A_Uni\HiWi\ArticleSubgradient\Code\SampleRun_Environment_Wind\1500Scens\tol05\Scenario8\225a\
    SysDir C:\GAMS\32\
    LogOption 3
    ErrMsg 1
    ErrorLog 99
    IDE 1
    LstTitleLeftAligned 1
GAMS 32.2.0   Copyright (C) 1987-2020 GAMS Development. All rights reserved
Licensee: Small MUD - 5 User License                     S200323/0001AN-GEN
          Friedrich-Alexander-Universitaet Erlangen-Nurnberg         DC7699
          C:\GAMS\32\gamslice.txt
--- Starting compilation
--- main_for_lr2.gms(10) 2 Mb
--- . input.gms(13) 3 Mb
--- .. wind_costs.csv(25) 3 Mb
--- . input.gms(23) 3 Mb
--- .. wind_scenarios.csv(1501) 4 Mb
--- . input.gms(107) 4 Mb
--- main_for_lr2.gms(11) 4 Mb
--- . subgradient_parameters.gms(33) 4 Mb
--- main_for_lr2.gms(12) 4 Mb
--- . equations.gms(118) 4 Mb
--- main_for_lr2.gms(13) 4 Mb
--- . lp_lowerbound.gms(12) 4 Mb
--- main_for_lr2.gms(14) 4 Mb
--- . heuristic_upperbound.gms(10) 4 Mb
--- .. sampled_dynamic.csv(25) 4 Mb
--- . heuristic_upperbound.gms(49) 4 Mb
--- main_for_lr2.gms(31) 4 Mb
--- call csv2gdx Naive.csv id=nv index=1 values=2..lastCol useHeader=y
No errors, CSV2GDX time = 16ms
--- main_for_lr2.gms(32) 4 Mb
--- GDXin=C:\Users\charl\OneDrive\Dokumente\A_Uni\HiWi\ArticleSubgradient\Code\SampleRun_Environment_Wind\1500Scens\tol05\Scenario8\Naive.gdx
--- main_for_lr2.gms(81) 4 Mb
--- . plain_lr.gms(16) 4 Mb
--- main_for_lr2.gms(87) 4 Mb
--- . LR_updates.gms(18) 4 Mb
--- .. stepsizes.gms(21) 4 Mb
--- . LR_updates.gms(59) 4 Mb
--- main_for_lr2.gms(107) 4 Mb
--- Starting execution: elapsed 0:00:00.165
--- main_for_lr2.gms(1800) 15 Mb
--- Generating RMIP model schedule
--- main_for_lr2.gms(1718) 15 Mb
--- Starting Equ Objective: elapsed 0:00:01.220
--- main_for_lr2.gms(1726) 23 Mb
--- Starting Equ Const1_1: elapsed 0:00:02.357
--- main_for_lr2.gms(1734) 43 Mb
--- Starting Equ Const1_2: elapsed 0:00:02.420
--- main_for_lr2.gms(1741) 43 Mb
--- Starting Equ Const_3_1: elapsed 0:00:02.432
--- main_for_lr2.gms(1744) 54 Mb
--- Starting Equ Const_3_2: elapsed 0:00:02.544
--- main_for_lr2.gms(1750) 64 Mb
--- Starting Equ Const_4_1: elapsed 0:00:02.659
--- main_for_lr2.gms(1754) 71 Mb
--- Starting Equ Const_4_2: elapsed 0:00:02.936
--- main_for_lr2.gms(1758) 77 Mb
--- Starting Equ Const_5: elapsed 0:00:03.225
--- main_for_lr2.gms(1763) 88 Mb
--- Starting Equ Const_6: elapsed 0:00:03.318
--- main_for_lr2.gms(1801) 100 Mb
---   240,002 rows  145,525 columns  1,102,525 non-zeroes
---   37,500 discrete-columns
--- Executing GUROBI (Solvelink=2): elapsed 0:00:03.810

Gurobi           32.2.0 rc62c018 Released Aug 26, 2020 WEI x86 64bit/MS Window

Gurobi link license.
*** Cannot initialize Gurobi environment.
*** Could be a missing or invalid license. (status=10009|10009)
--- Reading solution for model schedule
--- Executing after solve: elapsed 0:00:04.293
--- main_for_lr2.gms(1861) 100 Mb
--- Generating MIP model SCHEDULEFIX
--- main_for_lr2.gms(1716) 100 Mb
--- Starting Equ ObjectiveFIX: elapsed 0:00:04.295
--- main_for_lr2.gms(1728) 100 Mb
--- Starting Equ Const1_1FIX: elapsed 0:00:05.556
--- main_for_lr2.gms(1735) 100 Mb
--- Starting Equ Const1_2FIX: elapsed 0:00:05.719
--- main_for_lr2.gms(1740) 100 Mb
--- Starting Equ Const_3_1FIX: elapsed 0:00:05.735
--- main_for_lr2.gms(1746) 100 Mb
--- Starting Equ Const_3_2FIX: elapsed 0:00:05.938
--- main_for_lr2.gms(1752) 100 Mb
--- Starting Equ Const_4_1FIX: elapsed 0:00:06.132
--- main_for_lr2.gms(1756) 100 Mb
--- Starting Equ Const_4_2FIX: elapsed 0:00:06.475
*** Error at line 1752: Execution halted: Triggered by pending CtrlC event
--- main_for_lr2.gms(1864) 100 Mb 1 Error
*** SOLVE aborted
--- Profile Summary (5568 records processed)
     1.266   0.100GB      1716 Equation   ObjectiveFIX (1)
     1.125   0.023GB      1718 Equation   Objective (1)
     1.000   0.006GB      1625 Loop       
     0.453   0.100GB      1801 Solve Alg  schedule
     0.359   0.100GB      1801 Solve Fini schedule (1102525)
     0.344   0.100GB      1752 Equation   Const_4_1FIX (33000)
     0.297   0.077GB      1754 Equation   Const_4_2 (33000)
     0.266   0.071GB      1750 Equation   Const_4_1 (33000)
     0.203   0.100GB      1740 Equation   Const_3_1FIX (34500)
     0.187   0.100GB      1746 Equation   Const_3_2FIX (34500)
--- main_for_lr2.gms(1864) 100 Mb 1 Error
*** Status: Execution error(s)
--- Job main_for_lr2.gms Stop 06/28/22 14:05:50 elapsed 0:00:06.603
