--- Job SAA_solar.gms Start 12/13/21 16:13:39 32.2.0 rc62c018 WEX-WEI x86 64bit/MS Windows
--- Applying:
    C:\GAMS\32\gmsprmNT.txt
--- GAMS Parameters defined
    Input C:\Users\charl\OneDrive\Dokumente\A_Uni\HiWi\ArticleSubgradient\Code\SampleRun_Environment_Solar\600Scens\tol03\Scenario5\SAA_solar.gms
    PageSize 0
    ScrDir C:\Users\charl\OneDrive\Dokumente\A_Uni\HiWi\ArticleSubgradient\Code\SampleRun_Environment_Solar\600Scens\tol03\Scenario5\225c\
    SysDir C:\GAMS\32\
    LogOption 3
    ErrMsg 1
    ErrorLog 99
    IDE 1
    LstTitleLeftAligned 1
GAMS 32.2.0   Copyright (C) 1987-2020 GAMS Development. All rights reserved
Licensee: Small MUD - 5 User License                     S200323/0001AN-GEN
          Friedrich-Alexander-Universitaet Erlangen-Nurnberg         DC7699
          C:\GAMS\32\gamslice.txt
--- Starting compilation
--- SAA_solar.gms(41) 3 Mb
--- . solar_scenarios_1200.csv(1201) 4 Mb
--- SAA_solar.gms(69) 4 Mb
--- . battery_revenue.csv(25) 4 Mb
--- SAA_solar.gms(89) 4 Mb
--- . ScenarioWeights_naive.csv(1201) 4 Mb
--- SAA_solar.gms(278) 4 Mb
--- Starting execution: elapsed 0:00:00.032
--- SAA_solar.gms(2613) 11 Mb
--- Generating MIP model schedule
--- SAA_solar.gms(2582) 11 Mb
--- Starting Equ Objective: elapsed 0:00:00.135
--- SAA_solar.gms(2584) 14 Mb
--- Starting Equ Const1: elapsed 0:00:00.595
--- SAA_solar.gms(2587) 30 Mb
--- Starting Equ Const_chance_1: elapsed 0:00:00.644
--- SAA_solar.gms(2590) 37 Mb
--- Starting Equ Const_chance_2: elapsed 0:00:00.692
--- SAA_solar.gms(2664) 37 Mb
--- LOOPS rho_ind = r1
---       iter = iter1
---   56,402 rows  87,625 columns  227,305 non-zeroes
---   1,200 discrete-columns
--- Executing GUROBI (Solvelink=2): elapsed 0:00:00.797

Gurobi           32.2.0 rc62c018 Released Aug 26, 2020 WEI x86 64bit/MS Window

Gurobi link license.
*** Cannot initialize Gurobi environment.
*** Could be a missing or invalid license. (status=10009|10009)
--- Reading solution for model schedule
--- Executing after solve: elapsed 0:00:00.931
--- SAA_solar.gms(2613) 37 Mb
--- Generating MIP model schedule
--- SAA_solar.gms(2582) 37 Mb
--- Starting Equ Objective: elapsed 0:00:01.012
--- SAA_solar.gms(2584) 37 Mb
--- Starting Equ Const1: elapsed 0:00:01.468
--- SAA_solar.gms(2587) 37 Mb
--- Starting Equ Const_chance_1: elapsed 0:00:01.552
--- SAA_solar.gms(2590) 38 Mb
--- Starting Equ Const_chance_2: elapsed 0:00:01.629
--- SAA_solar.gms(2664) 38 Mb
--- LOOPS rho_ind = r1
---       iter = iter2
---   56,402 rows  87,649 columns  227,857 non-zeroes
---   1,200 discrete-columns
--- Executing GUROBI (Solvelink=2): elapsed 0:00:01.794

Gurobi           32.2.0 rc62c018 Released Aug 26, 2020 WEI x86 64bit/MS Window

Gurobi link license.
*** Cannot initialize Gurobi environment.
*** Could be a missing or invalid license. (status=10009|10009)
--- Reading solution for model schedule
--- Executing after solve: elapsed 0:00:01.913
--- SAA_solar.gms(2613) 38 Mb
--- Generating MIP model schedule
--- SAA_solar.gms(2582) 38 Mb
--- Starting Equ Objective: elapsed 0:00:01.998
--- SAA_solar.gms(2584) 38 Mb
--- Starting Equ Const1: elapsed 0:00:02.435
--- SAA_solar.gms(2587) 38 Mb
--- Starting Equ Const_chance_1: elapsed 0:00:02.536
--- SAA_solar.gms(2590) 38 Mb
--- Starting Equ Const_chance_2: elapsed 0:00:02.630
--- SAA_solar.gms(2664) 38 Mb
--- LOOPS rho_ind = r1
---       iter = iter3
---   56,402 rows  87,649 columns  228,457 non-zeroes
---   1,200 discrete-columns
--- Executing GUROBI (Solvelink=2): elapsed 0:00:02.797

Gurobi           32.2.0 rc62c018 Released Aug 26, 2020 WEI x86 64bit/MS Window

Gurobi link license.
*** Cannot initialize Gurobi environment.
*** Could be a missing or invalid license. (status=10009|10009)
--- Reading solution for model schedule
--- Executing after solve: elapsed 0:00:02.918
--- SAA_solar.gms(2613) 38 Mb
--- Generating MIP model schedule
--- SAA_solar.gms(2582) 38 Mb
--- Starting Equ Objective: elapsed 0:00:03.004
--- SAA_solar.gms(2584) 38 Mb
--- Starting Equ Const1: elapsed 0:00:03.448
--- SAA_solar.gms(2587) 38 Mb
--- Starting Equ Const_chance_1: elapsed 0:00:03.562
--- SAA_solar.gms(2590) 38 Mb
--- Starting Equ Const_chance_2: elapsed 0:00:03.657
--- SAA_solar.gms(2664) 38 Mb
--- LOOPS rho_ind = r1
---       iter = iter4
---   56,402 rows  87,649 columns  229,129 non-zeroes
---   1,200 discrete-columns
--- Executing GUROBI (Solvelink=2): elapsed 0:00:03.826

Gurobi           32.2.0 rc62c018 Released Aug 26, 2020 WEI x86 64bit/MS Window

Gurobi link license.
*** Cannot initialize Gurobi environment.
*** Could be a missing or invalid license. (status=10009|10009)
--- Reading solution for model schedule
--- Executing after solve: elapsed 0:00:03.951
--- SAA_solar.gms(2613) 38 Mb
--- Generating MIP model schedule
--- SAA_solar.gms(2582) 38 Mb
--- Starting Equ Objective: elapsed 0:00:04.037
--- SAA_solar.gms(2584) 38 Mb
--- Starting Equ Const1: elapsed 0:00:04.486
--- SAA_solar.gms(2587) 38 Mb
--- Starting Equ Const_chance_1: elapsed 0:00:04.604
--- SAA_solar.gms(2590) 38 Mb
--- Starting Equ Const_chance_2: elapsed 0:00:04.705
--- SAA_solar.gms(2664) 38 Mb
--- LOOPS rho_ind = r1
---       iter = iter5
---   56,402 rows  87,649 columns  229,873 non-zeroes
---   1,200 discrete-columns
--- Executing GUROBI (Solvelink=2): elapsed 0:00:04.883

Gurobi           32.2.0 rc62c018 Released Aug 26, 2020 WEI x86 64bit/MS Window

Gurobi link license.
*** Cannot initialize Gurobi environment.
*** Could be a missing or invalid license. (status=10009|10009)
--- Reading solution for model schedule
--- Executing after solve: elapsed 0:00:05.019
--- SAA_solar.gms(2613) 38 Mb
--- Generating MIP model schedule
--- SAA_solar.gms(2582) 38 Mb
--- Starting Equ Objective: elapsed 0:00:05.116
--- SAA_solar.gms(2584) 38 Mb
--- Starting Equ Const1: elapsed 0:00:05.593
*** Error at line 2582: Execution halted: Triggered by pending CtrlC event
--- SAA_solar.gms(2664) 38 Mb 1 Error
*** SOLVE aborted
--- Profile Summary (84 records processed)
     0.485   0.038GB      2582 Equation   Objective (1)
     0.469   0.014GB      2582 Equation   Objective (1)
     0.453   0.038GB      2582 Equation   Objective (1)
     0.453   0.037GB      2582 Equation   Objective (1)
     0.438   0.038GB      2582 Equation   Objective (1)
     0.438   0.038GB      2582 Equation   Objective (1)
     0.172   0.038GB      2664 Solve Fini schedule (229873)
     0.172   0.038GB      2664 Solve Fini schedule (229129)
     0.156   0.038GB      2664 Solve Fini schedule (228457)
     0.156   0.038GB      2664 Solve Fini schedule (227857)
--- SAA_solar.gms(2664) 38 Mb 1 Error
*** Status: Execution error(s)
--- Job SAA_solar.gms Stop 12/13/21 16:13:44 elapsed 0:00:05.609
