--- Job equations_all.gms Start 08/30/21 10:07:59 32.2.0 rc62c018 WEX-WEI x86 64bit/MS Windows
--- Applying:
    C:\GAMS\32\gmsprmNT.txt
--- GAMS Parameters defined
    Input C:\Users\charl\OneDrive\Dokumente\A_Uni\HiWi\ArticleSubgradient\Code\150_01\equations_all.gms
    PageSize 0
    ScrDir C:\Users\charl\OneDrive\Dokumente\A_Uni\HiWi\ArticleSubgradient\Code\150_01\225a\
    SysDir C:\GAMS\32\
    LogOption 3
    ErrMsg 1
    ErrorLog 99
    IDE 1
    LstTitleLeftAligned 1
GAMS 32.2.0   Copyright (C) 1987-2020 GAMS Development. All rights reserved
Licensee: Small MUD - 5 User License                     S200323/0001AN-GEN
          Friedrich-Alexander-Universitaet Erlangen-Nurnberg         DC7699
          C:\GAMS\32\gamslice.txt
--- Starting compilation
--- equations_all.gms(1) 2 Mb 2 Errors
*** Error 120 in C:\Users\charl\OneDrive\Dokumente\A_Uni\HiWi\ArticleSubgradient\Code\150_01\equations_all.gms
    Unknown identifier entered as set
*** Error 120 in C:\Users\charl\OneDrive\Dokumente\A_Uni\HiWi\ArticleSubgradient\Code\150_01\equations_all.gms
    Unknown identifier entered as set
--- equations_all.gms(9) 2 Mb 3 Errors
*** Error 120 in C:\Users\charl\OneDrive\Dokumente\A_Uni\HiWi\ArticleSubgradient\Code\150_01\equations_all.gms
    Unknown identifier entered as set
--- equations_all.gms(29) 3 Mb 6 Errors
*** Error 140 in C:\Users\charl\OneDrive\Dokumente\A_Uni\HiWi\ArticleSubgradient\Code\150_01\equations_all.gms
    Unknown symbol
*** Error 140 in C:\Users\charl\OneDrive\Dokumente\A_Uni\HiWi\ArticleSubgradient\Code\150_01\equations_all.gms
    Unknown symbol
*** Error 140 in C:\Users\charl\OneDrive\Dokumente\A_Uni\HiWi\ArticleSubgradient\Code\150_01\equations_all.gms
    Unknown symbol
--- equations_all.gms(32) 3 Mb 9 Errors
*** Error 140 in C:\Users\charl\OneDrive\Dokumente\A_Uni\HiWi\ArticleSubgradient\Code\150_01\equations_all.gms
    Unknown symbol
*** Error 140 in C:\Users\charl\OneDrive\Dokumente\A_Uni\HiWi\ArticleSubgradient\Code\150_01\equations_all.gms
    Unknown symbol
*** Error 171 in C:\Users\charl\OneDrive\Dokumente\A_Uni\HiWi\ArticleSubgradient\Code\150_01\equations_all.gms
    Domain violation for set
--- equations_all.gms(34) 3 Mb 10 Errors
*** Error 171 in C:\Users\charl\OneDrive\Dokumente\A_Uni\HiWi\ArticleSubgradient\Code\150_01\equations_all.gms
    Domain violation for set
--- equations_all.gms(35) 3 Mb 11 Errors
*** Error 125 in C:\Users\charl\OneDrive\Dokumente\A_Uni\HiWi\ArticleSubgradient\Code\150_01\equations_all.gms
    Set is under control already
--- equations_all.gms(38) 3 Mb 13 Errors
*** Error 140 in C:\Users\charl\OneDrive\Dokumente\A_Uni\HiWi\ArticleSubgradient\Code\150_01\equations_all.gms
    Unknown symbol
*** Error 140 in C:\Users\charl\OneDrive\Dokumente\A_Uni\HiWi\ArticleSubgradient\Code\150_01\equations_all.gms
    Unknown symbol
--- equations_all.gms(40) 3 Mb 14 Errors
*** Error 171 in C:\Users\charl\OneDrive\Dokumente\A_Uni\HiWi\ArticleSubgradient\Code\150_01\equations_all.gms
    Domain violation for set
--- equations_all.gms(43) 3 Mb 16 Errors
*** Error 148 in C:\Users\charl\OneDrive\Dokumente\A_Uni\HiWi\ArticleSubgradient\Code\150_01\equations_all.gms
    Dimension different - The symbol is referenced with more/less
       indices as declared
*** Error 140 in C:\Users\charl\OneDrive\Dokumente\A_Uni\HiWi\ArticleSubgradient\Code\150_01\equations_all.gms
    Unknown symbol
--- equations_all.gms(51) 3 Mb 18 Errors
*** Error 171 in C:\Users\charl\OneDrive\Dokumente\A_Uni\HiWi\ArticleSubgradient\Code\150_01\equations_all.gms
    Domain violation for set
*** Error 140 in C:\Users\charl\OneDrive\Dokumente\A_Uni\HiWi\ArticleSubgradient\Code\150_01\equations_all.gms
    Unknown symbol
--- equations_all.gms(52) 3 Mb 20 Errors
*** Error 171 in C:\Users\charl\OneDrive\Dokumente\A_Uni\HiWi\ArticleSubgradient\Code\150_01\equations_all.gms
    Domain violation for set
*** Error 154 in C:\Users\charl\OneDrive\Dokumente\A_Uni\HiWi\ArticleSubgradient\Code\150_01\equations_all.gms
    Set for 'ord' is not controlled
--- equations_all.gms(54) 3 Mb 21 Errors
*** Error 171 in C:\Users\charl\OneDrive\Dokumente\A_Uni\HiWi\ArticleSubgradient\Code\150_01\equations_all.gms
    Domain violation for set
--- equations_all.gms(55) 3 Mb 23 Errors
*** Error 171 in C:\Users\charl\OneDrive\Dokumente\A_Uni\HiWi\ArticleSubgradient\Code\150_01\equations_all.gms
    Domain violation for set
*** Error 154 in C:\Users\charl\OneDrive\Dokumente\A_Uni\HiWi\ArticleSubgradient\Code\150_01\equations_all.gms
    Set for 'ord' is not controlled
--- equations_all.gms(59) 3 Mb 28 Errors
*** Error 171 in C:\Users\charl\OneDrive\Dokumente\A_Uni\HiWi\ArticleSubgradient\Code\150_01\equations_all.gms
    Domain violation for set
*** Error 140 in C:\Users\charl\OneDrive\Dokumente\A_Uni\HiWi\ArticleSubgradient\Code\150_01\equations_all.gms
    Unknown symbol
*** Error 120 in C:\Users\charl\OneDrive\Dokumente\A_Uni\HiWi\ArticleSubgradient\Code\150_01\equations_all.gms
    Unknown identifier entered as set
*** Error 340 in C:\Users\charl\OneDrive\Dokumente\A_Uni\HiWi\ArticleSubgradient\Code\150_01\equations_all.gms
    A label/element with the same name exist. You may have forgotten
       to quote a label/element reference. For example,
       set i / a,b,c /; parameter x(i); x('a') = 10;
*** Error 171 in C:\Users\charl\OneDrive\Dokumente\A_Uni\HiWi\ArticleSubgradient\Code\150_01\equations_all.gms
    Domain violation for set
--- equations_all.gms(60) 3 Mb 31 Errors
*** Error 171 in C:\Users\charl\OneDrive\Dokumente\A_Uni\HiWi\ArticleSubgradient\Code\150_01\equations_all.gms
    Domain violation for set
*** Error 154 in C:\Users\charl\OneDrive\Dokumente\A_Uni\HiWi\ArticleSubgradient\Code\150_01\equations_all.gms
    Set for 'ord' is not controlled
*** Error 171 in C:\Users\charl\OneDrive\Dokumente\A_Uni\HiWi\ArticleSubgradient\Code\150_01\equations_all.gms
    Domain violation for set
--- equations_all.gms(62) 3 Mb 34 Errors
*** Error 171 in C:\Users\charl\OneDrive\Dokumente\A_Uni\HiWi\ArticleSubgradient\Code\150_01\equations_all.gms
    Domain violation for set
*** Error 140 in C:\Users\charl\OneDrive\Dokumente\A_Uni\HiWi\ArticleSubgradient\Code\150_01\equations_all.gms
    Unknown symbol
*** Error 171 in C:\Users\charl\OneDrive\Dokumente\A_Uni\HiWi\ArticleSubgradient\Code\150_01\equations_all.gms
    Domain violation for set
--- equations_all.gms(63) 3 Mb 37 Errors
*** Error 171 in C:\Users\charl\OneDrive\Dokumente\A_Uni\HiWi\ArticleSubgradient\Code\150_01\equations_all.gms
    Domain violation for set
*** Error 154 in C:\Users\charl\OneDrive\Dokumente\A_Uni\HiWi\ArticleSubgradient\Code\150_01\equations_all.gms
    Set for 'ord' is not controlled
*** Error 171 in C:\Users\charl\OneDrive\Dokumente\A_Uni\HiWi\ArticleSubgradient\Code\150_01\equations_all.gms
    Domain violation for set
--- equations_all.gms(65) 3 Mb 38 Errors
*** Error 171 in C:\Users\charl\OneDrive\Dokumente\A_Uni\HiWi\ArticleSubgradient\Code\150_01\equations_all.gms
    Domain violation for set
--- equations_all.gms(66) 3 Mb 40 Errors
*** Error 171 in C:\Users\charl\OneDrive\Dokumente\A_Uni\HiWi\ArticleSubgradient\Code\150_01\equations_all.gms
    Domain violation for set
*** Error 154 in C:\Users\charl\OneDrive\Dokumente\A_Uni\HiWi\ArticleSubgradient\Code\150_01\equations_all.gms
    Set for 'ord' is not controlled
--- equations_all.gms(69) 3 Mb 42 Errors
*** Error 171 in C:\Users\charl\OneDrive\Dokumente\A_Uni\HiWi\ArticleSubgradient\Code\150_01\equations_all.gms
    Domain violation for set
*** Error 140 in C:\Users\charl\OneDrive\Dokumente\A_Uni\HiWi\ArticleSubgradient\Code\150_01\equations_all.gms
    Unknown symbol
--- equations_all.gms(70) 3 Mb 44 Errors
*** Error 171 in C:\Users\charl\OneDrive\Dokumente\A_Uni\HiWi\ArticleSubgradient\Code\150_01\equations_all.gms
    Domain violation for set
*** Error 154 in C:\Users\charl\OneDrive\Dokumente\A_Uni\HiWi\ArticleSubgradient\Code\150_01\equations_all.gms
    Set for 'ord' is not controlled
--- equations_all.gms(92) 3 Mb 45 Errors
*** Error 233 in C:\Users\charl\OneDrive\Dokumente\A_Uni\HiWi\ArticleSubgradient\Code\150_01\equations_all.gms
    Empty model list
      no legal data between / / or 'all' without any equations
--- equations_all.gms(93) 3 Mb 45 Errors
*** Status: Compilation error(s)
--- Job equations_all.gms Stop 08/30/21 10:07:59 elapsed 0:00:00.007
