--- Job main_for_naive.gms Start 05/12/22 14:27:59 32.2.0 rc62c018 WEX-WEI x86 64bit/MS Windows
--- Applying:
    C:\GAMS\32\gmsprmNT.txt
--- GAMS Parameters defined
    Input C:\Users\charl\OneDrive\Dokumente\A_Uni\HiWi\ArticleSubgradient\Code\SampleRun_Environment_Solar\100Scens\tol01\Scenario_1\main_for_naive.gms
    PageSize 0
    ScrDir C:\Users\charl\OneDrive\Dokumente\A_Uni\HiWi\ArticleSubgradient\Code\SampleRun_Environment_Solar\100Scens\tol01\Scenario_1\225c\
    SysDir C:\GAMS\32\
    LogOption 3
    ErrMsg 1
    ErrorLog 99
    IDE 1
    LstTitleLeftAligned 1
GAMS 32.2.0   Copyright (C) 1987-2020 GAMS Development. All rights reserved
Licensee: Small MUD - 5 User License                     S200323/0001AN-GEN
          Friedrich-Alexander-Universitaet Erlangen-Nurnberg         DC7699
          C:\GAMS\32\gamslice.txt
--- Starting compilation
--- main_for_naive.gms(9) 2 Mb
--- . input.gms(8) 3 Mb
--- .. solar_scenarios.csv(101) 3 Mb
--- . input.gms(28) 3 Mb
--- .. scenario_sorted.csv(101) 3 Mb
--- . input.gms(108) 3 Mb
--- .. battery_revenue.csv(25) 3 Mb
--- . input.gms(177) 3 Mb
--- main_for_naive.gms(10) 3 Mb
--- . subgradient_parameters.gms(33) 3 Mb
--- main_for_naive.gms(11) 3 Mb
--- . equations_all.gms(76) 3 Mb
--- main_for_naive.gms(46) 3 Mb
--- Starting execution: elapsed 0:00:00.015
--- main_for_naive.gms(531) 5 Mb
--- Generating MIP model schedule
--- main_for_naive.gms(475) 5 Mb
--- Starting Equ Objective: elapsed 0:00:00.021
--- main_for_naive.gms(477) 5 Mb
--- Starting Equ Const1: elapsed 0:00:00.055
--- main_for_naive.gms(483) 6 Mb
--- Starting Equ Const_chance_1: elapsed 0:00:00.060
--- main_for_naive.gms(490) 7 Mb
--- Starting Equ Const_chance_2: elapsed 0:00:00.066
--- main_for_naive.gms(532) 7 Mb
---   4,702 rows  7,325 columns  21,325 non-zeroes
---   100 discrete-columns
--- Executing GUROBI (Solvelink=2): elapsed 0:00:00.084

Gurobi           32.2.0 rc62c018 Released Aug 26, 2020 WEI x86 64bit/MS Window

Gurobi link license.
*** Cannot initialize Gurobi environment.
*** Could be a missing or invalid license. (status=10009|10009)
--- Reading solution for model schedule
--- Executing after solve: elapsed 0:00:00.176
--- main_for_naive.gms(558) 7 Mb
--- Putfile TestingFile3 C:\Users\charl\OneDrive\Dokumente\A_Uni\HiWi\ArticleSubgradient\Code\SampleRun_Environment_Solar\100Scens\tol01\Scenario_1\Naive.csv
--- Profile Summary (229 records processed)
     0.093   0.007GB       532 Solve Alg  schedule
     0.031   0.005GB       475 Equation   Objective (1)
     0.016   0.004GB       390 Assignment dummysolar (1343)
     0.016   0.007GB       483 Equation   Const_chance_1 (2400)
     0.016   0.007GB       532 Solve Fini schedule (21325)
*** Status: Normal completion
--- Job main_for_naive.gms Stop 05/12/22 14:28:00 elapsed 0:00:00.179
