--- Job main_for_lr3.gms Start 05/12/22 14:17:12 32.2.0 rc62c018 WEX-WEI x86 64bit/MS Windows
--- Applying:
    C:\GAMS\32\gmsprmNT.txt
--- GAMS Parameters defined
    Input C:\Users\charl\OneDrive\Dokumente\A_Uni\HiWi\ArticleSubgradient\Code\SampleRun_Environment_Solar\100Scens\tol01\Scenario_1\main_for_lr3.gms
    PageSize 0
    ScrDir C:\Users\charl\OneDrive\Dokumente\A_Uni\HiWi\ArticleSubgradient\Code\SampleRun_Environment_Solar\100Scens\tol01\Scenario_1\225c\
    SysDir C:\GAMS\32\
    LogOption 3
    ErrMsg 1
    ErrorLog 99
    IDE 1
    LstTitleLeftAligned 1
GAMS 32.2.0   Copyright (C) 1987-2020 GAMS Development. All rights reserved
Licensee: Small MUD - 5 User License                     S200323/0001AN-GEN
          Friedrich-Alexander-Universitaet Erlangen-Nurnberg         DC7699
          C:\GAMS\32\gamslice.txt
--- Starting compilation
--- main_for_lr3.gms(13) 2 Mb
--- . input.gms(14) 3 Mb
--- .. solar_scenarios.csv(101) 3 Mb
--- . input.gms(36) 3 Mb
--- .. scenario_sorted.csv(101) 3 Mb
--- . input.gms(116) 3 Mb
--- .. battery_revenue.csv(25) 3 Mb
--- . input.gms(185) 3 Mb
--- main_for_lr3.gms(14) 3 Mb
--- . subgradient_parameters.gms(33) 3 Mb
--- main_for_lr3.gms(15) 3 Mb
--- . equations_all.gms(76) 3 Mb
--- main_for_lr3.gms(16) 3 Mb
--- . lp_lowerbound.gms(12) 3 Mb
--- main_for_lr3.gms(17) 3 Mb
--- . heuristic_upperbound.gms(58) 3 Mb
--- main_for_lr3.gms(74) 3 Mb
--- . plain_lr.gms(13) 3 Mb
--- main_for_lr3.gms(80) 3 Mb
--- . LR_updates.gms(18) 3 Mb
--- .. stepsizes.gms(21) 3 Mb
--- . LR_updates.gms(43) 3 Mb
--- main_for_lr3.gms(103) 3 Mb
--- Starting execution: elapsed 0:00:00.024
--- main_for_lr3.gms(540) 5 Mb
--- Generating RMIP model schedule
--- main_for_lr3.gms(487) 5 Mb
--- Starting Equ Objective: elapsed 0:00:00.029
--- main_for_lr3.gms(489) 5 Mb
--- Starting Equ Const1: elapsed 0:00:00.069
--- main_for_lr3.gms(495) 6 Mb
--- Starting Equ Const_chance_1: elapsed 0:00:00.075
--- main_for_lr3.gms(502) 7 Mb
--- Starting Equ Const_chance_2: elapsed 0:00:00.080
--- main_for_lr3.gms(541) 7 Mb
---   4,702 rows  7,325 columns  21,325 non-zeroes
---   100 discrete-columns
--- Executing GUROBI (Solvelink=2): elapsed 0:00:00.102

Gurobi           32.2.0 rc62c018 Released Aug 26, 2020 WEI x86 64bit/MS Window

Gurobi link license.
*** Cannot initialize Gurobi environment.
*** Could be a missing or invalid license. (status=10009|10009)
--- Reading solution for model schedule
--- Executing after solve: elapsed 0:00:00.193
--- main_for_lr3.gms(563) 7 Mb
--- Generating MIP model schedule_scenario
--- main_for_lr3.gms(507) 7 Mb
--- Starting Equ Objective_scenario: elapsed 0:00:00.194
--- main_for_lr3.gms(491) 7 Mb
--- Starting Equ Const1_scenario: elapsed 0:00:00.194
--- main_for_lr3.gms(496) 7 Mb
--- Starting Equ Const_chance_1_scenario: elapsed 0:00:00.195
--- main_for_lr3.gms(566) 7 Mb
--- LOOPS rs = scen1
---   48 rows  97 columns  213 non-zeroes
--- Executing GUROBI (Solvelink=5): elapsed 0:00:00.202

Gurobi           32.2.0 rc62c018 Released Aug 26, 2020 WEI x86 64bit/MS Window

GAMS/Gurobi demo/community requires a Gurobi license from Gurobi Optimization.
*** Cannot initialize Gurobi environment.
*** Could be a missing or invalid license. (status=10009|10009)
--- Reading solution for model schedule_scenario
--- Executing after solve: elapsed 0:00:00.224
--- main_for_lr3.gms(563) 7 Mb
--- Generating MIP model schedule_scenario
--- main_for_lr3.gms(507) 7 Mb
--- Starting Equ Objective_scenario: elapsed 0:00:00.224
--- main_for_lr3.gms(491) 7 Mb
--- Starting Equ Const1_scenario: elapsed 0:00:00.225
--- main_for_lr3.gms(496) 7 Mb
--- Starting Equ Const_chance_1_scenario: elapsed 0:00:00.225
--- main_for_lr3.gms(566) 7 Mb
--- LOOPS rs = scen2
---   48 rows  97 columns  213 non-zeroes
--- Executing GUROBI (Solvelink=5): elapsed 0:00:00.233

Gurobi           32.2.0 rc62c018 Released Aug 26, 2020 WEI x86 64bit/MS Window

GAMS/Gurobi demo/community requires a Gurobi license from Gurobi Optimization.
*** Cannot initialize Gurobi environment.
*** Could be a missing or invalid license. (status=10009|10009)
--- Reading solution for model schedule_scenario
--- Executing after solve: elapsed 0:00:00.246
--- main_for_lr3.gms(563) 7 Mb
--- Generating MIP model schedule_scenario
--- main_for_lr3.gms(507) 7 Mb
--- Starting Equ Objective_scenario: elapsed 0:00:00.246
--- main_for_lr3.gms(491) 7 Mb
--- Starting Equ Const1_scenario: elapsed 0:00:00.246
--- main_for_lr3.gms(496) 7 Mb
--- Starting Equ Const_chance_1_scenario: elapsed 0:00:00.247
--- main_for_lr3.gms(566) 7 Mb
--- LOOPS rs = scen3
---   48 rows  97 columns  213 non-zeroes
--- Executing GUROBI (Solvelink=5): elapsed 0:00:00.252

Gurobi           32.2.0 rc62c018 Released Aug 26, 2020 WEI x86 64bit/MS Window

GAMS/Gurobi demo/community requires a Gurobi license from Gurobi Optimization.
*** Cannot initialize Gurobi environment.
*** Could be a missing or invalid license. (status=10009|10009)
--- Reading solution for model schedule_scenario
--- Executing after solve: elapsed 0:00:00.266
--- main_for_lr3.gms(563) 7 Mb
--- Generating MIP model schedule_scenario
--- main_for_lr3.gms(507) 7 Mb
--- Starting Equ Objective_scenario: elapsed 0:00:00.266
--- main_for_lr3.gms(491) 7 Mb
--- Starting Equ Const1_scenario: elapsed 0:00:00.266
--- main_for_lr3.gms(496) 7 Mb
--- Starting Equ Const_chance_1_scenario: elapsed 0:00:00.266
--- main_for_lr3.gms(566) 7 Mb
--- LOOPS rs = scen4
---   48 rows  97 columns  213 non-zeroes
--- Executing GUROBI (Solvelink=5): elapsed 0:00:00.271

Gurobi           32.2.0 rc62c018 Released Aug 26, 2020 WEI x86 64bit/MS Window

GAMS/Gurobi demo/community requires a Gurobi license from Gurobi Optimization.
*** Cannot initialize Gurobi environment.
*** Could be a missing or invalid license. (status=10009|10009)
--- Reading solution for model schedule_scenario
--- Executing after solve: elapsed 0:00:00.285
--- main_for_lr3.gms(563) 7 Mb
--- Generating MIP model schedule_scenario
--- main_for_lr3.gms(507) 7 Mb
--- Starting Equ Objective_scenario: elapsed 0:00:00.285
--- main_for_lr3.gms(491) 7 Mb
--- Starting Equ Const1_scenario: elapsed 0:00:00.285
--- main_for_lr3.gms(496) 7 Mb
--- Starting Equ Const_chance_1_scenario: elapsed 0:00:00.287
--- main_for_lr3.gms(566) 7 Mb
--- LOOPS rs = scen5
---   48 rows  97 columns  213 non-zeroes
--- Executing GUROBI (Solvelink=5): elapsed 0:00:00.290

Gurobi           32.2.0 rc62c018 Released Aug 26, 2020 WEI x86 64bit/MS Window

GAMS/Gurobi demo/community requires a Gurobi license from Gurobi Optimization.
*** Cannot initialize Gurobi environment.
*** Could be a missing or invalid license. (status=10009|10009)
--- Reading solution for model schedule_scenario
--- Executing after solve: elapsed 0:00:00.303
--- main_for_lr3.gms(563) 7 Mb
--- Generating MIP model schedule_scenario
--- main_for_lr3.gms(507) 7 Mb
--- Starting Equ Objective_scenario: elapsed 0:00:00.304
--- main_for_lr3.gms(491) 7 Mb
--- Starting Equ Const1_scenario: elapsed 0:00:00.304
--- main_for_lr3.gms(496) 7 Mb
--- Starting Equ Const_chance_1_scenario: elapsed 0:00:00.304
--- main_for_lr3.gms(566) 7 Mb
--- LOOPS rs = scen6
---   48 rows  97 columns  213 non-zeroes
--- Executing GUROBI (Solvelink=5): elapsed 0:00:00.309

Gurobi           32.2.0 rc62c018 Released Aug 26, 2020 WEI x86 64bit/MS Window

GAMS/Gurobi demo/community requires a Gurobi license from Gurobi Optimization.
*** Cannot initialize Gurobi environment.
*** Could be a missing or invalid license. (status=10009|10009)
--- Reading solution for model schedule_scenario
--- Executing after solve: elapsed 0:00:00.321
--- main_for_lr3.gms(563) 7 Mb
--- Generating MIP model schedule_scenario
--- main_for_lr3.gms(507) 7 Mb
--- Starting Equ Objective_scenario: elapsed 0:00:00.321
--- main_for_lr3.gms(491) 7 Mb
--- Starting Equ Const1_scenario: elapsed 0:00:00.322
--- main_for_lr3.gms(496) 7 Mb
--- Starting Equ Const_chance_1_scenario: elapsed 0:00:00.322
--- main_for_lr3.gms(566) 7 Mb
--- LOOPS rs = scen7
---   48 rows  97 columns  213 non-zeroes
--- Executing GUROBI (Solvelink=5): elapsed 0:00:00.326

Gurobi           32.2.0 rc62c018 Released Aug 26, 2020 WEI x86 64bit/MS Window

GAMS/Gurobi demo/community requires a Gurobi license from Gurobi Optimization.
*** Cannot initialize Gurobi environment.
*** Could be a missing or invalid license. (status=10009|10009)
--- Reading solution for model schedule_scenario
--- Executing after solve: elapsed 0:00:00.337
--- main_for_lr3.gms(563) 7 Mb
--- Generating MIP model schedule_scenario
--- main_for_lr3.gms(507) 7 Mb
--- Starting Equ Objective_scenario: elapsed 0:00:00.337
--- main_for_lr3.gms(491) 7 Mb
--- Starting Equ Const1_scenario: elapsed 0:00:00.337
--- main_for_lr3.gms(496) 7 Mb
--- Starting Equ Const_chance_1_scenario: elapsed 0:00:00.338
--- main_for_lr3.gms(566) 7 Mb
--- LOOPS rs = scen8
---   48 rows  97 columns  213 non-zeroes
--- Executing GUROBI (Solvelink=5): elapsed 0:00:00.341

Gurobi           32.2.0 rc62c018 Released Aug 26, 2020 WEI x86 64bit/MS Window

GAMS/Gurobi demo/community requires a Gurobi license from Gurobi Optimization.
*** Cannot initialize Gurobi environment.
*** Could be a missing or invalid license. (status=10009|10009)
--- Reading solution for model schedule_scenario
--- Executing after solve: elapsed 0:00:00.352
--- main_for_lr3.gms(563) 7 Mb
--- Generating MIP model schedule_scenario
--- main_for_lr3.gms(507) 7 Mb
--- Starting Equ Objective_scenario: elapsed 0:00:00.352
--- main_for_lr3.gms(491) 7 Mb
--- Starting Equ Const1_scenario: elapsed 0:00:00.352
--- main_for_lr3.gms(496) 7 Mb
--- Starting Equ Const_chance_1_scenario: elapsed 0:00:00.353
--- main_for_lr3.gms(566) 7 Mb
--- LOOPS rs = scen9
---   48 rows  97 columns  213 non-zeroes
--- Executing GUROBI (Solvelink=5): elapsed 0:00:00.356

Gurobi           32.2.0 rc62c018 Released Aug 26, 2020 WEI x86 64bit/MS Window

GAMS/Gurobi demo/community requires a Gurobi license from Gurobi Optimization.
*** Cannot initialize Gurobi environment.
*** Could be a missing or invalid license. (status=10009|10009)
--- Reading solution for model schedule_scenario
--- Executing after solve: elapsed 0:00:00.367
--- main_for_lr3.gms(563) 7 Mb
--- Generating MIP model schedule_scenario
--- main_for_lr3.gms(507) 7 Mb
--- Starting Equ Objective_scenario: elapsed 0:00:00.367
--- main_for_lr3.gms(491) 7 Mb
--- Starting Equ Const1_scenario: elapsed 0:00:00.367
--- main_for_lr3.gms(496) 7 Mb
--- Starting Equ Const_chance_1_scenario: elapsed 0:00:00.368
--- main_for_lr3.gms(566) 7 Mb
--- LOOPS rs = scen10
---   48 rows  97 columns  213 non-zeroes
--- Executing GUROBI (Solvelink=5): elapsed 0:00:00.371

Gurobi           32.2.0 rc62c018 Released Aug 26, 2020 WEI x86 64bit/MS Window

GAMS/Gurobi demo/community requires a Gurobi license from Gurobi Optimization.
*** Cannot initialize Gurobi environment.
*** Could be a missing or invalid license. (status=10009|10009)
--- Reading solution for model schedule_scenario
--- Executing after solve: elapsed 0:00:00.383
--- main_for_lr3.gms(563) 7 Mb
--- Generating MIP model schedule_scenario
--- main_for_lr3.gms(507) 7 Mb
--- Starting Equ Objective_scenario: elapsed 0:00:00.383
--- main_for_lr3.gms(491) 7 Mb
--- Starting Equ Const1_scenario: elapsed 0:00:00.383
--- main_for_lr3.gms(496) 7 Mb
--- Starting Equ Const_chance_1_scenario: elapsed 0:00:00.384
--- main_for_lr3.gms(566) 7 Mb
--- LOOPS rs = scen11
---   48 rows  97 columns  213 non-zeroes
--- Executing GUROBI (Solvelink=5): elapsed 0:00:00.387

Gurobi           32.2.0 rc62c018 Released Aug 26, 2020 WEI x86 64bit/MS Window

GAMS/Gurobi demo/community requires a Gurobi license from Gurobi Optimization.
*** Cannot initialize Gurobi environment.
*** Could be a missing or invalid license. (status=10009|10009)
--- Reading solution for model schedule_scenario
--- Executing after solve: elapsed 0:00:00.399
--- main_for_lr3.gms(563) 7 Mb
--- Generating MIP model schedule_scenario
--- main_for_lr3.gms(507) 7 Mb
--- Starting Equ Objective_scenario: elapsed 0:00:00.399
--- main_for_lr3.gms(491) 7 Mb
--- Starting Equ Const1_scenario: elapsed 0:00:00.400
--- main_for_lr3.gms(496) 7 Mb
--- Starting Equ Const_chance_1_scenario: elapsed 0:00:00.400
--- main_for_lr3.gms(566) 7 Mb
--- LOOPS rs = scen12
---   48 rows  97 columns  213 non-zeroes
--- Executing GUROBI (Solvelink=5): elapsed 0:00:00.404

Gurobi           32.2.0 rc62c018 Released Aug 26, 2020 WEI x86 64bit/MS Window

GAMS/Gurobi demo/community requires a Gurobi license from Gurobi Optimization.
*** Cannot initialize Gurobi environment.
*** Could be a missing or invalid license. (status=10009|10009)
--- Reading solution for model schedule_scenario
--- Executing after solve: elapsed 0:00:00.418
--- main_for_lr3.gms(563) 7 Mb
--- Generating MIP model schedule_scenario
--- main_for_lr3.gms(507) 7 Mb
--- Starting Equ Objective_scenario: elapsed 0:00:00.418
--- main_for_lr3.gms(491) 7 Mb
--- Starting Equ Const1_scenario: elapsed 0:00:00.418
--- main_for_lr3.gms(496) 7 Mb
--- Starting Equ Const_chance_1_scenario: elapsed 0:00:00.419
--- main_for_lr3.gms(566) 7 Mb
--- LOOPS rs = scen13
---   48 rows  97 columns  213 non-zeroes
--- Executing GUROBI (Solvelink=5): elapsed 0:00:00.423

Gurobi           32.2.0 rc62c018 Released Aug 26, 2020 WEI x86 64bit/MS Window

GAMS/Gurobi demo/community requires a Gurobi license from Gurobi Optimization.
*** Cannot initialize Gurobi environment.
*** Could be a missing or invalid license. (status=10009|10009)
--- Reading solution for model schedule_scenario
--- Executing after solve: elapsed 0:00:00.435
--- main_for_lr3.gms(563) 7 Mb
--- Generating MIP model schedule_scenario
--- main_for_lr3.gms(507) 7 Mb
--- Starting Equ Objective_scenario: elapsed 0:00:00.435
--- main_for_lr3.gms(491) 7 Mb
--- Starting Equ Const1_scenario: elapsed 0:00:00.436
--- main_for_lr3.gms(496) 7 Mb
--- Starting Equ Const_chance_1_scenario: elapsed 0:00:00.437
--- main_for_lr3.gms(566) 7 Mb
--- LOOPS rs = scen14
---   48 rows  97 columns  213 non-zeroes
--- Executing GUROBI (Solvelink=5): elapsed 0:00:00.441

Gurobi           32.2.0 rc62c018 Released Aug 26, 2020 WEI x86 64bit/MS Window

GAMS/Gurobi demo/community requires a Gurobi license from Gurobi Optimization.
*** Cannot initialize Gurobi environment.
*** Could be a missing or invalid license. (status=10009|10009)
--- Reading solution for model schedule_scenario
--- Executing after solve: elapsed 0:00:00.452
--- main_for_lr3.gms(563) 7 Mb
--- Generating MIP model schedule_scenario
--- main_for_lr3.gms(507) 7 Mb
--- Starting Equ Objective_scenario: elapsed 0:00:00.452
--- main_for_lr3.gms(491) 7 Mb
--- Starting Equ Const1_scenario: elapsed 0:00:00.452
--- main_for_lr3.gms(496) 7 Mb
--- Starting Equ Const_chance_1_scenario: elapsed 0:00:00.453
--- main_for_lr3.gms(566) 7 Mb
--- LOOPS rs = scen15
---   48 rows  97 columns  213 non-zeroes
--- Executing GUROBI (Solvelink=5): elapsed 0:00:00.457

Gurobi           32.2.0 rc62c018 Released Aug 26, 2020 WEI x86 64bit/MS Window

GAMS/Gurobi demo/community requires a Gurobi license from Gurobi Optimization.
*** Cannot initialize Gurobi environment.
*** Could be a missing or invalid license. (status=10009|10009)
--- Reading solution for model schedule_scenario
--- Executing after solve: elapsed 0:00:00.470
--- main_for_lr3.gms(563) 7 Mb
--- Generating MIP model schedule_scenario
--- main_for_lr3.gms(507) 7 Mb
--- Starting Equ Objective_scenario: elapsed 0:00:00.470
--- main_for_lr3.gms(491) 7 Mb
--- Starting Equ Const1_scenario: elapsed 0:00:00.470
--- main_for_lr3.gms(496) 7 Mb
--- Starting Equ Const_chance_1_scenario: elapsed 0:00:00.471
--- main_for_lr3.gms(566) 7 Mb
--- LOOPS rs = scen16
---   48 rows  97 columns  213 non-zeroes
--- Executing GUROBI (Solvelink=5): elapsed 0:00:00.474

Gurobi           32.2.0 rc62c018 Released Aug 26, 2020 WEI x86 64bit/MS Window

GAMS/Gurobi demo/community requires a Gurobi license from Gurobi Optimization.
*** Cannot initialize Gurobi environment.
*** Could be a missing or invalid license. (status=10009|10009)
--- Reading solution for model schedule_scenario
--- Executing after solve: elapsed 0:00:00.485
--- main_for_lr3.gms(563) 7 Mb
--- Generating MIP model schedule_scenario
--- main_for_lr3.gms(507) 7 Mb
--- Starting Equ Objective_scenario: elapsed 0:00:00.485
--- main_for_lr3.gms(491) 7 Mb
--- Starting Equ Const1_scenario: elapsed 0:00:00.485
--- main_for_lr3.gms(496) 7 Mb
--- Starting Equ Const_chance_1_scenario: elapsed 0:00:00.486
--- main_for_lr3.gms(566) 7 Mb
--- LOOPS rs = scen17
---   48 rows  97 columns  213 non-zeroes
--- Executing GUROBI (Solvelink=5): elapsed 0:00:00.490

Gurobi           32.2.0 rc62c018 Released Aug 26, 2020 WEI x86 64bit/MS Window

GAMS/Gurobi demo/community requires a Gurobi license from Gurobi Optimization.
*** Cannot initialize Gurobi environment.
*** Could be a missing or invalid license. (status=10009|10009)
--- Reading solution for model schedule_scenario
--- Executing after solve: elapsed 0:00:00.500
--- main_for_lr3.gms(563) 7 Mb
--- Generating MIP model schedule_scenario
--- main_for_lr3.gms(507) 7 Mb
--- Starting Equ Objective_scenario: elapsed 0:00:00.500
--- main_for_lr3.gms(491) 7 Mb
--- Starting Equ Const1_scenario: elapsed 0:00:00.500
--- main_for_lr3.gms(496) 7 Mb
--- Starting Equ Const_chance_1_scenario: elapsed 0:00:00.501
--- main_for_lr3.gms(566) 7 Mb
--- LOOPS rs = scen18
---   48 rows  97 columns  213 non-zeroes
--- Executing GUROBI (Solvelink=5): elapsed 0:00:00.504

Gurobi           32.2.0 rc62c018 Released Aug 26, 2020 WEI x86 64bit/MS Window

GAMS/Gurobi demo/community requires a Gurobi license from Gurobi Optimization.
*** Cannot initialize Gurobi environment.
*** Could be a missing or invalid license. (status=10009|10009)
--- Reading solution for model schedule_scenario
--- Executing after solve: elapsed 0:00:00.516
--- main_for_lr3.gms(563) 7 Mb
--- Generating MIP model schedule_scenario
--- main_for_lr3.gms(507) 7 Mb
--- Starting Equ Objective_scenario: elapsed 0:00:00.516
--- main_for_lr3.gms(491) 7 Mb
--- Starting Equ Const1_scenario: elapsed 0:00:00.516
--- main_for_lr3.gms(496) 7 Mb
--- Starting Equ Const_chance_1_scenario: elapsed 0:00:00.517
--- main_for_lr3.gms(566) 7 Mb
--- LOOPS rs = scen19
---   48 rows  97 columns  213 non-zeroes
--- Executing GUROBI (Solvelink=5): elapsed 0:00:00.521

Gurobi           32.2.0 rc62c018 Released Aug 26, 2020 WEI x86 64bit/MS Window

GAMS/Gurobi demo/community requires a Gurobi license from Gurobi Optimization.
*** Cannot initialize Gurobi environment.
*** Could be a missing or invalid license. (status=10009|10009)
--- Reading solution for model schedule_scenario
--- Executing after solve: elapsed 0:00:00.535
--- main_for_lr3.gms(563) 7 Mb
--- Generating MIP model schedule_scenario
--- main_for_lr3.gms(507) 7 Mb
--- Starting Equ Objective_scenario: elapsed 0:00:00.535
--- main_for_lr3.gms(491) 7 Mb
--- Starting Equ Const1_scenario: elapsed 0:00:00.535
--- main_for_lr3.gms(496) 7 Mb
--- Starting Equ Const_chance_1_scenario: elapsed 0:00:00.536
--- main_for_lr3.gms(566) 7 Mb
--- LOOPS rs = scen20
---   48 rows  97 columns  213 non-zeroes
--- Executing GUROBI (Solvelink=5): elapsed 0:00:00.540

Gurobi           32.2.0 rc62c018 Released Aug 26, 2020 WEI x86 64bit/MS Window

GAMS/Gurobi demo/community requires a Gurobi license from Gurobi Optimization.
*** Cannot initialize Gurobi environment.
*** Could be a missing or invalid license. (status=10009|10009)
--- Reading solution for model schedule_scenario
--- Executing after solve: elapsed 0:00:00.551
--- main_for_lr3.gms(563) 7 Mb
--- Generating MIP model schedule_scenario
--- main_for_lr3.gms(507) 7 Mb
--- Starting Equ Objective_scenario: elapsed 0:00:00.551
--- main_for_lr3.gms(491) 7 Mb
--- Starting Equ Const1_scenario: elapsed 0:00:00.552
--- main_for_lr3.gms(496) 7 Mb
--- Starting Equ Const_chance_1_scenario: elapsed 0:00:00.552
--- main_for_lr3.gms(566) 7 Mb
--- LOOPS rs = scen21
---   48 rows  97 columns  213 non-zeroes
--- Executing GUROBI (Solvelink=5): elapsed 0:00:00.556

Gurobi           32.2.0 rc62c018 Released Aug 26, 2020 WEI x86 64bit/MS Window

GAMS/Gurobi demo/community requires a Gurobi license from Gurobi Optimization.
*** Cannot initialize Gurobi environment.
*** Could be a missing or invalid license. (status=10009|10009)
--- Reading solution for model schedule_scenario
--- Executing after solve: elapsed 0:00:00.567
--- main_for_lr3.gms(563) 7 Mb
--- Generating MIP model schedule_scenario
--- main_for_lr3.gms(507) 7 Mb
--- Starting Equ Objective_scenario: elapsed 0:00:00.567
--- main_for_lr3.gms(491) 7 Mb
--- Starting Equ Const1_scenario: elapsed 0:00:00.568
--- main_for_lr3.gms(496) 7 Mb
--- Starting Equ Const_chance_1_scenario: elapsed 0:00:00.569
--- main_for_lr3.gms(566) 7 Mb
--- LOOPS rs = scen22
---   48 rows  97 columns  213 non-zeroes
--- Executing GUROBI (Solvelink=5): elapsed 0:00:00.572

Gurobi           32.2.0 rc62c018 Released Aug 26, 2020 WEI x86 64bit/MS Window

GAMS/Gurobi demo/community requires a Gurobi license from Gurobi Optimization.
*** Cannot initialize Gurobi environment.
*** Could be a missing or invalid license. (status=10009|10009)
--- Reading solution for model schedule_scenario
--- Executing after solve: elapsed 0:00:00.583
--- main_for_lr3.gms(563) 7 Mb
--- Generating MIP model schedule_scenario
--- main_for_lr3.gms(507) 7 Mb
--- Starting Equ Objective_scenario: elapsed 0:00:00.583
--- main_for_lr3.gms(491) 7 Mb
--- Starting Equ Const1_scenario: elapsed 0:00:00.583
--- main_for_lr3.gms(496) 7 Mb
--- Starting Equ Const_chance_1_scenario: elapsed 0:00:00.584
--- main_for_lr3.gms(566) 7 Mb
--- LOOPS rs = scen23
---   48 rows  97 columns  213 non-zeroes
--- Executing GUROBI (Solvelink=5): elapsed 0:00:00.588

Gurobi           32.2.0 rc62c018 Released Aug 26, 2020 WEI x86 64bit/MS Window

GAMS/Gurobi demo/community requires a Gurobi license from Gurobi Optimization.
*** Cannot initialize Gurobi environment.
*** Could be a missing or invalid license. (status=10009|10009)
--- Reading solution for model schedule_scenario
--- Executing after solve: elapsed 0:00:00.598
--- main_for_lr3.gms(563) 7 Mb
--- Generating MIP model schedule_scenario
--- main_for_lr3.gms(507) 7 Mb
--- Starting Equ Objective_scenario: elapsed 0:00:00.599
--- main_for_lr3.gms(491) 7 Mb
--- Starting Equ Const1_scenario: elapsed 0:00:00.599
--- main_for_lr3.gms(496) 7 Mb
--- Starting Equ Const_chance_1_scenario: elapsed 0:00:00.600
--- main_for_lr3.gms(566) 7 Mb
--- LOOPS rs = scen24
---   48 rows  97 columns  213 non-zeroes
--- Executing GUROBI (Solvelink=5): elapsed 0:00:00.604

Gurobi           32.2.0 rc62c018 Released Aug 26, 2020 WEI x86 64bit/MS Window

GAMS/Gurobi demo/community requires a Gurobi license from Gurobi Optimization.
*** Cannot initialize Gurobi environment.
*** Could be a missing or invalid license. (status=10009|10009)
--- Reading solution for model schedule_scenario
--- Executing after solve: elapsed 0:00:00.616
--- main_for_lr3.gms(563) 7 Mb
--- Generating MIP model schedule_scenario
--- main_for_lr3.gms(507) 7 Mb
--- Starting Equ Objective_scenario: elapsed 0:00:00.616
--- main_for_lr3.gms(491) 7 Mb
--- Starting Equ Const1_scenario: elapsed 0:00:00.616
--- main_for_lr3.gms(496) 7 Mb
--- Starting Equ Const_chance_1_scenario: elapsed 0:00:00.617
--- main_for_lr3.gms(566) 7 Mb
--- LOOPS rs = scen25
---   48 rows  97 columns  213 non-zeroes
--- Executing GUROBI (Solvelink=5): elapsed 0:00:00.620

Gurobi           32.2.0 rc62c018 Released Aug 26, 2020 WEI x86 64bit/MS Window

GAMS/Gurobi demo/community requires a Gurobi license from Gurobi Optimization.
*** Cannot initialize Gurobi environment.
*** Could be a missing or invalid license. (status=10009|10009)
--- Reading solution for model schedule_scenario
--- Executing after solve: elapsed 0:00:00.632
--- main_for_lr3.gms(563) 7 Mb
--- Generating MIP model schedule_scenario
--- main_for_lr3.gms(507) 7 Mb
--- Starting Equ Objective_scenario: elapsed 0:00:00.632
--- main_for_lr3.gms(491) 7 Mb
--- Starting Equ Const1_scenario: elapsed 0:00:00.632
--- main_for_lr3.gms(496) 7 Mb
--- Starting Equ Const_chance_1_scenario: elapsed 0:00:00.633
--- main_for_lr3.gms(566) 7 Mb
--- LOOPS rs = scen26
---   48 rows  97 columns  213 non-zeroes
--- Executing GUROBI (Solvelink=5): elapsed 0:00:00.636

Gurobi           32.2.0 rc62c018 Released Aug 26, 2020 WEI x86 64bit/MS Window

GAMS/Gurobi demo/community requires a Gurobi license from Gurobi Optimization.
*** Cannot initialize Gurobi environment.
*** Could be a missing or invalid license. (status=10009|10009)
--- Reading solution for model schedule_scenario
--- Executing after solve: elapsed 0:00:00.647
--- main_for_lr3.gms(563) 7 Mb
--- Generating MIP model schedule_scenario
--- main_for_lr3.gms(507) 7 Mb
--- Starting Equ Objective_scenario: elapsed 0:00:00.648
--- main_for_lr3.gms(491) 7 Mb
--- Starting Equ Const1_scenario: elapsed 0:00:00.648
--- main_for_lr3.gms(496) 7 Mb
--- Starting Equ Const_chance_1_scenario: elapsed 0:00:00.649
--- main_for_lr3.gms(566) 7 Mb
--- LOOPS rs = scen27
---   48 rows  97 columns  213 non-zeroes
--- Executing GUROBI (Solvelink=5): elapsed 0:00:00.652

Gurobi           32.2.0 rc62c018 Released Aug 26, 2020 WEI x86 64bit/MS Window

GAMS/Gurobi demo/community requires a Gurobi license from Gurobi Optimization.
*** Cannot initialize Gurobi environment.
*** Could be a missing or invalid license. (status=10009|10009)
--- Reading solution for model schedule_scenario
--- Executing after solve: elapsed 0:00:00.662
--- main_for_lr3.gms(563) 7 Mb
--- Generating MIP model schedule_scenario
--- main_for_lr3.gms(507) 7 Mb
--- Starting Equ Objective_scenario: elapsed 0:00:00.663
--- main_for_lr3.gms(491) 7 Mb
--- Starting Equ Const1_scenario: elapsed 0:00:00.663
--- main_for_lr3.gms(496) 7 Mb
--- Starting Equ Const_chance_1_scenario: elapsed 0:00:00.664
--- main_for_lr3.gms(566) 7 Mb
--- LOOPS rs = scen28
---   48 rows  97 columns  213 non-zeroes
--- Executing GUROBI (Solvelink=5): elapsed 0:00:00.666

Gurobi           32.2.0 rc62c018 Released Aug 26, 2020 WEI x86 64bit/MS Window

GAMS/Gurobi demo/community requires a Gurobi license from Gurobi Optimization.
*** Cannot initialize Gurobi environment.
*** Could be a missing or invalid license. (status=10009|10009)
--- Reading solution for model schedule_scenario
--- Executing after solve: elapsed 0:00:00.677
--- main_for_lr3.gms(563) 7 Mb
--- Generating MIP model schedule_scenario
--- main_for_lr3.gms(507) 7 Mb
--- Starting Equ Objective_scenario: elapsed 0:00:00.677
--- main_for_lr3.gms(491) 7 Mb
--- Starting Equ Const1_scenario: elapsed 0:00:00.678
--- main_for_lr3.gms(496) 7 Mb
--- Starting Equ Const_chance_1_scenario: elapsed 0:00:00.679
--- main_for_lr3.gms(566) 7 Mb
--- LOOPS rs = scen29
---   48 rows  97 columns  213 non-zeroes
--- Executing GUROBI (Solvelink=5): elapsed 0:00:00.682

Gurobi           32.2.0 rc62c018 Released Aug 26, 2020 WEI x86 64bit/MS Window

GAMS/Gurobi demo/community requires a Gurobi license from Gurobi Optimization.
*** Cannot initialize Gurobi environment.
*** Could be a missing or invalid license. (status=10009|10009)
--- Reading solution for model schedule_scenario
--- Executing after solve: elapsed 0:00:00.693
--- main_for_lr3.gms(563) 7 Mb
--- Generating MIP model schedule_scenario
--- main_for_lr3.gms(507) 7 Mb
--- Starting Equ Objective_scenario: elapsed 0:00:00.693
--- main_for_lr3.gms(491) 7 Mb
--- Starting Equ Const1_scenario: elapsed 0:00:00.693
--- main_for_lr3.gms(496) 7 Mb
--- Starting Equ Const_chance_1_scenario: elapsed 0:00:00.694
--- main_for_lr3.gms(566) 7 Mb
--- LOOPS rs = scen30
---   48 rows  97 columns  213 non-zeroes
--- Executing GUROBI (Solvelink=5): elapsed 0:00:00.698

Gurobi           32.2.0 rc62c018 Released Aug 26, 2020 WEI x86 64bit/MS Window

GAMS/Gurobi demo/community requires a Gurobi license from Gurobi Optimization.
*** Cannot initialize Gurobi environment.
*** Could be a missing or invalid license. (status=10009|10009)
--- Reading solution for model schedule_scenario
--- Executing after solve: elapsed 0:00:00.707
--- main_for_lr3.gms(563) 7 Mb
--- Generating MIP model schedule_scenario
--- main_for_lr3.gms(507) 7 Mb
--- Starting Equ Objective_scenario: elapsed 0:00:00.708
--- main_for_lr3.gms(491) 7 Mb
--- Starting Equ Const1_scenario: elapsed 0:00:00.708
--- main_for_lr3.gms(496) 7 Mb
--- Starting Equ Const_chance_1_scenario: elapsed 0:00:00.709
--- main_for_lr3.gms(566) 7 Mb
--- LOOPS rs = scen31
---   48 rows  97 columns  213 non-zeroes
--- Executing GUROBI (Solvelink=5): elapsed 0:00:00.712

Gurobi           32.2.0 rc62c018 Released Aug 26, 2020 WEI x86 64bit/MS Window

GAMS/Gurobi demo/community requires a Gurobi license from Gurobi Optimization.
*** Cannot initialize Gurobi environment.
*** Could be a missing or invalid license. (status=10009|10009)
--- Reading solution for model schedule_scenario
--- Executing after solve: elapsed 0:00:00.723
--- main_for_lr3.gms(563) 7 Mb
--- Generating MIP model schedule_scenario
--- main_for_lr3.gms(507) 7 Mb
--- Starting Equ Objective_scenario: elapsed 0:00:00.723
--- main_for_lr3.gms(491) 7 Mb
--- Starting Equ Const1_scenario: elapsed 0:00:00.723
--- main_for_lr3.gms(496) 7 Mb
--- Starting Equ Const_chance_1_scenario: elapsed 0:00:00.724
--- main_for_lr3.gms(566) 7 Mb
--- LOOPS rs = scen32
---   48 rows  97 columns  213 non-zeroes
--- Executing GUROBI (Solvelink=5): elapsed 0:00:00.729

Gurobi           32.2.0 rc62c018 Released Aug 26, 2020 WEI x86 64bit/MS Window

GAMS/Gurobi demo/community requires a Gurobi license from Gurobi Optimization.
*** Cannot initialize Gurobi environment.
*** Could be a missing or invalid license. (status=10009|10009)
--- Reading solution for model schedule_scenario
--- Executing after solve: elapsed 0:00:00.739
--- main_for_lr3.gms(563) 7 Mb
--- Generating MIP model schedule_scenario
--- main_for_lr3.gms(507) 7 Mb
--- Starting Equ Objective_scenario: elapsed 0:00:00.739
--- main_for_lr3.gms(491) 7 Mb
--- Starting Equ Const1_scenario: elapsed 0:00:00.739
--- main_for_lr3.gms(496) 7 Mb
--- Starting Equ Const_chance_1_scenario: elapsed 0:00:00.740
--- main_for_lr3.gms(566) 7 Mb
--- LOOPS rs = scen33
---   48 rows  97 columns  213 non-zeroes
--- Executing GUROBI (Solvelink=5): elapsed 0:00:00.743

Gurobi           32.2.0 rc62c018 Released Aug 26, 2020 WEI x86 64bit/MS Window

GAMS/Gurobi demo/community requires a Gurobi license from Gurobi Optimization.
*** Cannot initialize Gurobi environment.
*** Could be a missing or invalid license. (status=10009|10009)
--- Reading solution for model schedule_scenario
--- Executing after solve: elapsed 0:00:00.754
--- main_for_lr3.gms(563) 7 Mb
--- Generating MIP model schedule_scenario
--- main_for_lr3.gms(507) 7 Mb
--- Starting Equ Objective_scenario: elapsed 0:00:00.754
--- main_for_lr3.gms(491) 7 Mb
--- Starting Equ Const1_scenario: elapsed 0:00:00.754
--- main_for_lr3.gms(496) 7 Mb
--- Starting Equ Const_chance_1_scenario: elapsed 0:00:00.756
--- main_for_lr3.gms(566) 7 Mb
--- LOOPS rs = scen34
---   48 rows  97 columns  213 non-zeroes
--- Executing GUROBI (Solvelink=5): elapsed 0:00:00.758

Gurobi           32.2.0 rc62c018 Released Aug 26, 2020 WEI x86 64bit/MS Window

GAMS/Gurobi demo/community requires a Gurobi license from Gurobi Optimization.
*** Cannot initialize Gurobi environment.
*** Could be a missing or invalid license. (status=10009|10009)
--- Reading solution for model schedule_scenario
--- Executing after solve: elapsed 0:00:00.768
--- main_for_lr3.gms(563) 7 Mb
--- Generating MIP model schedule_scenario
--- main_for_lr3.gms(507) 7 Mb
--- Starting Equ Objective_scenario: elapsed 0:00:00.768
--- main_for_lr3.gms(491) 7 Mb
--- Starting Equ Const1_scenario: elapsed 0:00:00.769
--- main_for_lr3.gms(496) 7 Mb
--- Starting Equ Const_chance_1_scenario: elapsed 0:00:00.769
--- main_for_lr3.gms(566) 7 Mb
--- LOOPS rs = scen35
---   48 rows  97 columns  213 non-zeroes
--- Executing GUROBI (Solvelink=5): elapsed 0:00:00.773

Gurobi           32.2.0 rc62c018 Released Aug 26, 2020 WEI x86 64bit/MS Window

GAMS/Gurobi demo/community requires a Gurobi license from Gurobi Optimization.
*** Cannot initialize Gurobi environment.
*** Could be a missing or invalid license. (status=10009|10009)
--- Reading solution for model schedule_scenario
--- Executing after solve: elapsed 0:00:00.783
--- main_for_lr3.gms(563) 7 Mb
--- Generating MIP model schedule_scenario
--- main_for_lr3.gms(507) 7 Mb
--- Starting Equ Objective_scenario: elapsed 0:00:00.783
--- main_for_lr3.gms(491) 7 Mb
--- Starting Equ Const1_scenario: elapsed 0:00:00.784
--- main_for_lr3.gms(496) 7 Mb
--- Starting Equ Const_chance_1_scenario: elapsed 0:00:00.784
--- main_for_lr3.gms(566) 7 Mb
--- LOOPS rs = scen36
---   48 rows  97 columns  213 non-zeroes
--- Executing GUROBI (Solvelink=5): elapsed 0:00:00.789

Gurobi           32.2.0 rc62c018 Released Aug 26, 2020 WEI x86 64bit/MS Window

GAMS/Gurobi demo/community requires a Gurobi license from Gurobi Optimization.
*** Cannot initialize Gurobi environment.
*** Could be a missing or invalid license. (status=10009|10009)
--- Reading solution for model schedule_scenario
--- Executing after solve: elapsed 0:00:00.799
--- main_for_lr3.gms(563) 7 Mb
--- Generating MIP model schedule_scenario
--- main_for_lr3.gms(507) 7 Mb
--- Starting Equ Objective_scenario: elapsed 0:00:00.799
--- main_for_lr3.gms(491) 7 Mb
--- Starting Equ Const1_scenario: elapsed 0:00:00.799
--- main_for_lr3.gms(496) 7 Mb
--- Starting Equ Const_chance_1_scenario: elapsed 0:00:00.800
--- main_for_lr3.gms(566) 7 Mb
--- LOOPS rs = scen37
---   48 rows  97 columns  213 non-zeroes
--- Executing GUROBI (Solvelink=5): elapsed 0:00:00.803

Gurobi           32.2.0 rc62c018 Released Aug 26, 2020 WEI x86 64bit/MS Window

GAMS/Gurobi demo/community requires a Gurobi license from Gurobi Optimization.
*** Cannot initialize Gurobi environment.
*** Could be a missing or invalid license. (status=10009|10009)
--- Reading solution for model schedule_scenario
--- Executing after solve: elapsed 0:00:00.812
--- main_for_lr3.gms(563) 7 Mb
--- Generating MIP model schedule_scenario
--- main_for_lr3.gms(507) 7 Mb
--- Starting Equ Objective_scenario: elapsed 0:00:00.812
--- main_for_lr3.gms(491) 7 Mb
--- Starting Equ Const1_scenario: elapsed 0:00:00.812
--- main_for_lr3.gms(496) 7 Mb
--- Starting Equ Const_chance_1_scenario: elapsed 0:00:00.813
--- main_for_lr3.gms(566) 7 Mb
--- LOOPS rs = scen38
---   48 rows  97 columns  213 non-zeroes
--- Executing GUROBI (Solvelink=5): elapsed 0:00:00.816

Gurobi           32.2.0 rc62c018 Released Aug 26, 2020 WEI x86 64bit/MS Window

GAMS/Gurobi demo/community requires a Gurobi license from Gurobi Optimization.
*** Cannot initialize Gurobi environment.
*** Could be a missing or invalid license. (status=10009|10009)
--- Reading solution for model schedule_scenario
--- Executing after solve: elapsed 0:00:00.826
--- main_for_lr3.gms(563) 7 Mb
--- Generating MIP model schedule_scenario
--- main_for_lr3.gms(507) 7 Mb
--- Starting Equ Objective_scenario: elapsed 0:00:00.826
--- main_for_lr3.gms(491) 7 Mb
--- Starting Equ Const1_scenario: elapsed 0:00:00.827
--- main_for_lr3.gms(496) 7 Mb
--- Starting Equ Const_chance_1_scenario: elapsed 0:00:00.827
--- main_for_lr3.gms(566) 7 Mb
--- LOOPS rs = scen39
---   48 rows  97 columns  213 non-zeroes
--- Executing GUROBI (Solvelink=5): elapsed 0:00:00.832

Gurobi           32.2.0 rc62c018 Released Aug 26, 2020 WEI x86 64bit/MS Window

GAMS/Gurobi demo/community requires a Gurobi license from Gurobi Optimization.
*** Cannot initialize Gurobi environment.
*** Could be a missing or invalid license. (status=10009|10009)
--- Reading solution for model schedule_scenario
--- Executing after solve: elapsed 0:00:00.843
--- main_for_lr3.gms(563) 7 Mb
--- Generating MIP model schedule_scenario
--- main_for_lr3.gms(507) 7 Mb
--- Starting Equ Objective_scenario: elapsed 0:00:00.843
--- main_for_lr3.gms(491) 7 Mb
--- Starting Equ Const1_scenario: elapsed 0:00:00.844
--- main_for_lr3.gms(496) 7 Mb
--- Starting Equ Const_chance_1_scenario: elapsed 0:00:00.844
--- main_for_lr3.gms(566) 7 Mb
--- LOOPS rs = scen40
---   48 rows  97 columns  213 non-zeroes
--- Executing GUROBI (Solvelink=5): elapsed 0:00:00.849

Gurobi           32.2.0 rc62c018 Released Aug 26, 2020 WEI x86 64bit/MS Window

GAMS/Gurobi demo/community requires a Gurobi license from Gurobi Optimization.
*** Cannot initialize Gurobi environment.
*** Could be a missing or invalid license. (status=10009|10009)
--- Reading solution for model schedule_scenario
--- Executing after solve: elapsed 0:00:00.859
--- main_for_lr3.gms(563) 7 Mb
--- Generating MIP model schedule_scenario
--- main_for_lr3.gms(507) 7 Mb
--- Starting Equ Objective_scenario: elapsed 0:00:00.860
--- main_for_lr3.gms(491) 7 Mb
--- Starting Equ Const1_scenario: elapsed 0:00:00.860
--- main_for_lr3.gms(496) 7 Mb
--- Starting Equ Const_chance_1_scenario: elapsed 0:00:00.861
--- main_for_lr3.gms(566) 7 Mb
--- LOOPS rs = scen41
---   48 rows  97 columns  213 non-zeroes
--- Executing GUROBI (Solvelink=5): elapsed 0:00:00.864

Gurobi           32.2.0 rc62c018 Released Aug 26, 2020 WEI x86 64bit/MS Window

GAMS/Gurobi demo/community requires a Gurobi license from Gurobi Optimization.
*** Cannot initialize Gurobi environment.
*** Could be a missing or invalid license. (status=10009|10009)
--- Reading solution for model schedule_scenario
--- Executing after solve: elapsed 0:00:00.874
--- main_for_lr3.gms(563) 7 Mb
--- Generating MIP model schedule_scenario
--- main_for_lr3.gms(507) 7 Mb
--- Starting Equ Objective_scenario: elapsed 0:00:00.874
--- main_for_lr3.gms(491) 7 Mb
--- Starting Equ Const1_scenario: elapsed 0:00:00.874
--- main_for_lr3.gms(496) 7 Mb
--- Starting Equ Const_chance_1_scenario: elapsed 0:00:00.875
--- main_for_lr3.gms(566) 7 Mb
--- LOOPS rs = scen42
---   48 rows  97 columns  213 non-zeroes
--- Executing GUROBI (Solvelink=5): elapsed 0:00:00.878

Gurobi           32.2.0 rc62c018 Released Aug 26, 2020 WEI x86 64bit/MS Window

GAMS/Gurobi demo/community requires a Gurobi license from Gurobi Optimization.
*** Cannot initialize Gurobi environment.
*** Could be a missing or invalid license. (status=10009|10009)
--- Reading solution for model schedule_scenario
--- Executing after solve: elapsed 0:00:00.888
--- main_for_lr3.gms(563) 7 Mb
--- Generating MIP model schedule_scenario
--- main_for_lr3.gms(507) 7 Mb
--- Starting Equ Objective_scenario: elapsed 0:00:00.888
--- main_for_lr3.gms(491) 7 Mb
--- Starting Equ Const1_scenario: elapsed 0:00:00.889
--- main_for_lr3.gms(496) 7 Mb
--- Starting Equ Const_chance_1_scenario: elapsed 0:00:00.890
--- main_for_lr3.gms(566) 7 Mb
--- LOOPS rs = scen43
---   48 rows  97 columns  213 non-zeroes
--- Executing GUROBI (Solvelink=5): elapsed 0:00:00.893

Gurobi           32.2.0 rc62c018 Released Aug 26, 2020 WEI x86 64bit/MS Window

GAMS/Gurobi demo/community requires a Gurobi license from Gurobi Optimization.
*** Cannot initialize Gurobi environment.
*** Could be a missing or invalid license. (status=10009|10009)
--- Reading solution for model schedule_scenario
--- Executing after solve: elapsed 0:00:00.902
--- main_for_lr3.gms(563) 7 Mb
--- Generating MIP model schedule_scenario
--- main_for_lr3.gms(507) 7 Mb
--- Starting Equ Objective_scenario: elapsed 0:00:00.902
--- main_for_lr3.gms(491) 7 Mb
--- Starting Equ Const1_scenario: elapsed 0:00:00.903
--- main_for_lr3.gms(496) 7 Mb
--- Starting Equ Const_chance_1_scenario: elapsed 0:00:00.903
--- main_for_lr3.gms(566) 7 Mb
--- LOOPS rs = scen44
---   48 rows  97 columns  213 non-zeroes
--- Executing GUROBI (Solvelink=5): elapsed 0:00:00.907

Gurobi           32.2.0 rc62c018 Released Aug 26, 2020 WEI x86 64bit/MS Window

GAMS/Gurobi demo/community requires a Gurobi license from Gurobi Optimization.
*** Cannot initialize Gurobi environment.
*** Could be a missing or invalid license. (status=10009|10009)
--- Reading solution for model schedule_scenario
--- Executing after solve: elapsed 0:00:00.916
--- main_for_lr3.gms(563) 7 Mb
--- Generating MIP model schedule_scenario
--- main_for_lr3.gms(507) 7 Mb
--- Starting Equ Objective_scenario: elapsed 0:00:00.916
--- main_for_lr3.gms(491) 7 Mb
--- Starting Equ Const1_scenario: elapsed 0:00:00.917
--- main_for_lr3.gms(496) 7 Mb
--- Starting Equ Const_chance_1_scenario: elapsed 0:00:00.917
--- main_for_lr3.gms(566) 7 Mb
--- LOOPS rs = scen45
---   48 rows  97 columns  213 non-zeroes
--- Executing GUROBI (Solvelink=5): elapsed 0:00:00.920

Gurobi           32.2.0 rc62c018 Released Aug 26, 2020 WEI x86 64bit/MS Window

GAMS/Gurobi demo/community requires a Gurobi license from Gurobi Optimization.
*** Cannot initialize Gurobi environment.
*** Could be a missing or invalid license. (status=10009|10009)
--- Reading solution for model schedule_scenario
--- Executing after solve: elapsed 0:00:00.932
--- main_for_lr3.gms(563) 7 Mb
--- Generating MIP model schedule_scenario
--- main_for_lr3.gms(507) 7 Mb
--- Starting Equ Objective_scenario: elapsed 0:00:00.933
--- main_for_lr3.gms(491) 7 Mb
--- Starting Equ Const1_scenario: elapsed 0:00:00.933
--- main_for_lr3.gms(496) 7 Mb
--- Starting Equ Const_chance_1_scenario: elapsed 0:00:00.934
--- main_for_lr3.gms(566) 7 Mb
--- LOOPS rs = scen46
---   48 rows  97 columns  213 non-zeroes
--- Executing GUROBI (Solvelink=5): elapsed 0:00:00.938

Gurobi           32.2.0 rc62c018 Released Aug 26, 2020 WEI x86 64bit/MS Window

GAMS/Gurobi demo/community requires a Gurobi license from Gurobi Optimization.
*** Cannot initialize Gurobi environment.
*** Could be a missing or invalid license. (status=10009|10009)
--- Reading solution for model schedule_scenario
--- Executing after solve: elapsed 0:00:00.949
--- main_for_lr3.gms(563) 7 Mb
--- Generating MIP model schedule_scenario
--- main_for_lr3.gms(507) 7 Mb
--- Starting Equ Objective_scenario: elapsed 0:00:00.949
--- main_for_lr3.gms(491) 7 Mb
--- Starting Equ Const1_scenario: elapsed 0:00:00.950
--- main_for_lr3.gms(496) 7 Mb
--- Starting Equ Const_chance_1_scenario: elapsed 0:00:00.951
--- main_for_lr3.gms(566) 7 Mb
--- LOOPS rs = scen47
---   48 rows  97 columns  213 non-zeroes
--- Executing GUROBI (Solvelink=5): elapsed 0:00:00.954

Gurobi           32.2.0 rc62c018 Released Aug 26, 2020 WEI x86 64bit/MS Window

GAMS/Gurobi demo/community requires a Gurobi license from Gurobi Optimization.
*** Cannot initialize Gurobi environment.
*** Could be a missing or invalid license. (status=10009|10009)
--- Reading solution for model schedule_scenario
--- Executing after solve: elapsed 0:00:00.964
--- main_for_lr3.gms(563) 7 Mb
--- Generating MIP model schedule_scenario
--- main_for_lr3.gms(507) 7 Mb
--- Starting Equ Objective_scenario: elapsed 0:00:00.964
--- main_for_lr3.gms(491) 7 Mb
--- Starting Equ Const1_scenario: elapsed 0:00:00.964
--- main_for_lr3.gms(496) 7 Mb
--- Starting Equ Const_chance_1_scenario: elapsed 0:00:00.965
--- main_for_lr3.gms(566) 7 Mb
--- LOOPS rs = scen48
---   48 rows  97 columns  213 non-zeroes
--- Executing GUROBI (Solvelink=5): elapsed 0:00:00.968

Gurobi           32.2.0 rc62c018 Released Aug 26, 2020 WEI x86 64bit/MS Window

GAMS/Gurobi demo/community requires a Gurobi license from Gurobi Optimization.
*** Cannot initialize Gurobi environment.
*** Could be a missing or invalid license. (status=10009|10009)
--- Reading solution for model schedule_scenario
--- Executing after solve: elapsed 0:00:00.981
--- main_for_lr3.gms(563) 7 Mb
--- Generating MIP model schedule_scenario
--- main_for_lr3.gms(507) 7 Mb
--- Starting Equ Objective_scenario: elapsed 0:00:00.981
--- main_for_lr3.gms(491) 7 Mb
--- Starting Equ Const1_scenario: elapsed 0:00:00.981
--- main_for_lr3.gms(496) 7 Mb
--- Starting Equ Const_chance_1_scenario: elapsed 0:00:00.982
--- main_for_lr3.gms(566) 7 Mb
--- LOOPS rs = scen49
---   48 rows  97 columns  213 non-zeroes
--- Executing GUROBI (Solvelink=5): elapsed 0:00:00.985

Gurobi           32.2.0 rc62c018 Released Aug 26, 2020 WEI x86 64bit/MS Window

GAMS/Gurobi demo/community requires a Gurobi license from Gurobi Optimization.
*** Cannot initialize Gurobi environment.
*** Could be a missing or invalid license. (status=10009|10009)
--- Reading solution for model schedule_scenario
--- Executing after solve: elapsed 0:00:00.995
--- main_for_lr3.gms(563) 7 Mb
--- Generating MIP model schedule_scenario
--- main_for_lr3.gms(507) 7 Mb
--- Starting Equ Objective_scenario: elapsed 0:00:00.995
--- main_for_lr3.gms(491) 7 Mb
--- Starting Equ Const1_scenario: elapsed 0:00:00.996
--- main_for_lr3.gms(496) 7 Mb
--- Starting Equ Const_chance_1_scenario: elapsed 0:00:00.996
--- main_for_lr3.gms(566) 7 Mb
--- LOOPS rs = scen50
---   48 rows  97 columns  213 non-zeroes
--- Executing GUROBI (Solvelink=5): elapsed 0:00:01.000

Gurobi           32.2.0 rc62c018 Released Aug 26, 2020 WEI x86 64bit/MS Window

GAMS/Gurobi demo/community requires a Gurobi license from Gurobi Optimization.
*** Cannot initialize Gurobi environment.
*** Could be a missing or invalid license. (status=10009|10009)
--- Reading solution for model schedule_scenario
--- Executing after solve: elapsed 0:00:01.011
--- main_for_lr3.gms(563) 7 Mb
--- Generating MIP model schedule_scenario
--- main_for_lr3.gms(507) 7 Mb
--- Starting Equ Objective_scenario: elapsed 0:00:01.012
--- main_for_lr3.gms(491) 7 Mb
--- Starting Equ Const1_scenario: elapsed 0:00:01.012
--- main_for_lr3.gms(496) 7 Mb
--- Starting Equ Const_chance_1_scenario: elapsed 0:00:01.012
--- main_for_lr3.gms(566) 7 Mb
--- LOOPS rs = scen51
---   48 rows  97 columns  213 non-zeroes
--- Executing GUROBI (Solvelink=5): elapsed 0:00:01.016

Gurobi           32.2.0 rc62c018 Released Aug 26, 2020 WEI x86 64bit/MS Window

GAMS/Gurobi demo/community requires a Gurobi license from Gurobi Optimization.
*** Cannot initialize Gurobi environment.
*** Could be a missing or invalid license. (status=10009|10009)
--- Reading solution for model schedule_scenario
--- Executing after solve: elapsed 0:00:01.026
--- main_for_lr3.gms(563) 7 Mb
--- Generating MIP model schedule_scenario
--- main_for_lr3.gms(507) 7 Mb
--- Starting Equ Objective_scenario: elapsed 0:00:01.026
--- main_for_lr3.gms(491) 7 Mb
--- Starting Equ Const1_scenario: elapsed 0:00:01.026
--- main_for_lr3.gms(496) 7 Mb
--- Starting Equ Const_chance_1_scenario: elapsed 0:00:01.027
--- main_for_lr3.gms(566) 7 Mb
--- LOOPS rs = scen52
---   48 rows  97 columns  213 non-zeroes
--- Executing GUROBI (Solvelink=5): elapsed 0:00:01.030

Gurobi           32.2.0 rc62c018 Released Aug 26, 2020 WEI x86 64bit/MS Window

GAMS/Gurobi demo/community requires a Gurobi license from Gurobi Optimization.
*** Cannot initialize Gurobi environment.
*** Could be a missing or invalid license. (status=10009|10009)
--- Reading solution for model schedule_scenario
--- Executing after solve: elapsed 0:00:01.041
--- main_for_lr3.gms(563) 7 Mb
--- Generating MIP model schedule_scenario
--- main_for_lr3.gms(507) 7 Mb
--- Starting Equ Objective_scenario: elapsed 0:00:01.041
--- main_for_lr3.gms(491) 7 Mb
--- Starting Equ Const1_scenario: elapsed 0:00:01.041
--- main_for_lr3.gms(496) 7 Mb
--- Starting Equ Const_chance_1_scenario: elapsed 0:00:01.042
--- main_for_lr3.gms(566) 7 Mb
--- LOOPS rs = scen53
---   48 rows  97 columns  213 non-zeroes
--- Executing GUROBI (Solvelink=5): elapsed 0:00:01.046

Gurobi           32.2.0 rc62c018 Released Aug 26, 2020 WEI x86 64bit/MS Window

GAMS/Gurobi demo/community requires a Gurobi license from Gurobi Optimization.
*** Cannot initialize Gurobi environment.
*** Could be a missing or invalid license. (status=10009|10009)
--- Reading solution for model schedule_scenario
--- Executing after solve: elapsed 0:00:01.057
--- main_for_lr3.gms(563) 7 Mb
--- Generating MIP model schedule_scenario
--- main_for_lr3.gms(507) 7 Mb
--- Starting Equ Objective_scenario: elapsed 0:00:01.057
--- main_for_lr3.gms(491) 7 Mb
--- Starting Equ Const1_scenario: elapsed 0:00:01.058
--- main_for_lr3.gms(496) 7 Mb
--- Starting Equ Const_chance_1_scenario: elapsed 0:00:01.058
--- main_for_lr3.gms(566) 7 Mb
--- LOOPS rs = scen54
---   48 rows  97 columns  213 non-zeroes
--- Executing GUROBI (Solvelink=5): elapsed 0:00:01.062

Gurobi           32.2.0 rc62c018 Released Aug 26, 2020 WEI x86 64bit/MS Window

GAMS/Gurobi demo/community requires a Gurobi license from Gurobi Optimization.
*** Cannot initialize Gurobi environment.
*** Could be a missing or invalid license. (status=10009|10009)
--- Reading solution for model schedule_scenario
--- Executing after solve: elapsed 0:00:01.073
--- main_for_lr3.gms(563) 7 Mb
--- Generating MIP model schedule_scenario
--- main_for_lr3.gms(507) 7 Mb
--- Starting Equ Objective_scenario: elapsed 0:00:01.073
--- main_for_lr3.gms(491) 7 Mb
--- Starting Equ Const1_scenario: elapsed 0:00:01.074
--- main_for_lr3.gms(496) 7 Mb
--- Starting Equ Const_chance_1_scenario: elapsed 0:00:01.074
--- main_for_lr3.gms(566) 7 Mb
--- LOOPS rs = scen55
---   48 rows  97 columns  213 non-zeroes
--- Executing GUROBI (Solvelink=5): elapsed 0:00:01.079

Gurobi           32.2.0 rc62c018 Released Aug 26, 2020 WEI x86 64bit/MS Window

GAMS/Gurobi demo/community requires a Gurobi license from Gurobi Optimization.
*** Cannot initialize Gurobi environment.
*** Could be a missing or invalid license. (status=10009|10009)
--- Reading solution for model schedule_scenario
--- Executing after solve: elapsed 0:00:01.089
--- main_for_lr3.gms(563) 7 Mb
--- Generating MIP model schedule_scenario
--- main_for_lr3.gms(507) 7 Mb
--- Starting Equ Objective_scenario: elapsed 0:00:01.090
--- main_for_lr3.gms(491) 7 Mb
--- Starting Equ Const1_scenario: elapsed 0:00:01.090
--- main_for_lr3.gms(496) 7 Mb
--- Starting Equ Const_chance_1_scenario: elapsed 0:00:01.091
--- main_for_lr3.gms(566) 7 Mb
--- LOOPS rs = scen56
---   48 rows  97 columns  213 non-zeroes
--- Executing GUROBI (Solvelink=5): elapsed 0:00:01.094

Gurobi           32.2.0 rc62c018 Released Aug 26, 2020 WEI x86 64bit/MS Window

GAMS/Gurobi demo/community requires a Gurobi license from Gurobi Optimization.
*** Cannot initialize Gurobi environment.
*** Could be a missing or invalid license. (status=10009|10009)
--- Reading solution for model schedule_scenario
--- Executing after solve: elapsed 0:00:01.105
--- main_for_lr3.gms(563) 7 Mb
--- Generating MIP model schedule_scenario
--- main_for_lr3.gms(507) 7 Mb
--- Starting Equ Objective_scenario: elapsed 0:00:01.105
--- main_for_lr3.gms(491) 7 Mb
--- Starting Equ Const1_scenario: elapsed 0:00:01.106
--- main_for_lr3.gms(496) 7 Mb
--- Starting Equ Const_chance_1_scenario: elapsed 0:00:01.106
--- main_for_lr3.gms(566) 7 Mb
--- LOOPS rs = scen57
---   48 rows  97 columns  213 non-zeroes
--- Executing GUROBI (Solvelink=5): elapsed 0:00:01.110

Gurobi           32.2.0 rc62c018 Released Aug 26, 2020 WEI x86 64bit/MS Window

GAMS/Gurobi demo/community requires a Gurobi license from Gurobi Optimization.
*** Cannot initialize Gurobi environment.
*** Could be a missing or invalid license. (status=10009|10009)
--- Reading solution for model schedule_scenario
--- Executing after solve: elapsed 0:00:01.120
--- main_for_lr3.gms(563) 7 Mb
--- Generating MIP model schedule_scenario
--- main_for_lr3.gms(507) 7 Mb
--- Starting Equ Objective_scenario: elapsed 0:00:01.120
--- main_for_lr3.gms(491) 7 Mb
--- Starting Equ Const1_scenario: elapsed 0:00:01.121
--- main_for_lr3.gms(496) 7 Mb
--- Starting Equ Const_chance_1_scenario: elapsed 0:00:01.122
--- main_for_lr3.gms(566) 7 Mb
--- LOOPS rs = scen58
---   48 rows  97 columns  213 non-zeroes
--- Executing GUROBI (Solvelink=5): elapsed 0:00:01.125

Gurobi           32.2.0 rc62c018 Released Aug 26, 2020 WEI x86 64bit/MS Window

GAMS/Gurobi demo/community requires a Gurobi license from Gurobi Optimization.
*** Cannot initialize Gurobi environment.
*** Could be a missing or invalid license. (status=10009|10009)
--- Reading solution for model schedule_scenario
--- Executing after solve: elapsed 0:00:01.135
--- main_for_lr3.gms(563) 7 Mb
--- Generating MIP model schedule_scenario
--- main_for_lr3.gms(507) 7 Mb
--- Starting Equ Objective_scenario: elapsed 0:00:01.135
--- main_for_lr3.gms(491) 7 Mb
--- Starting Equ Const1_scenario: elapsed 0:00:01.135
--- main_for_lr3.gms(496) 7 Mb
--- Starting Equ Const_chance_1_scenario: elapsed 0:00:01.136
--- main_for_lr3.gms(566) 7 Mb
--- LOOPS rs = scen59
---   48 rows  97 columns  213 non-zeroes
--- Executing GUROBI (Solvelink=5): elapsed 0:00:01.139

Gurobi           32.2.0 rc62c018 Released Aug 26, 2020 WEI x86 64bit/MS Window

GAMS/Gurobi demo/community requires a Gurobi license from Gurobi Optimization.
*** Cannot initialize Gurobi environment.
*** Could be a missing or invalid license. (status=10009|10009)
--- Reading solution for model schedule_scenario
--- Executing after solve: elapsed 0:00:01.149
--- main_for_lr3.gms(563) 7 Mb
--- Generating MIP model schedule_scenario
--- main_for_lr3.gms(507) 7 Mb
--- Starting Equ Objective_scenario: elapsed 0:00:01.149
--- main_for_lr3.gms(491) 7 Mb
--- Starting Equ Const1_scenario: elapsed 0:00:01.149
--- main_for_lr3.gms(496) 7 Mb
--- Starting Equ Const_chance_1_scenario: elapsed 0:00:01.150
--- main_for_lr3.gms(566) 7 Mb
--- LOOPS rs = scen60
---   48 rows  97 columns  213 non-zeroes
--- Executing GUROBI (Solvelink=5): elapsed 0:00:01.154

Gurobi           32.2.0 rc62c018 Released Aug 26, 2020 WEI x86 64bit/MS Window

GAMS/Gurobi demo/community requires a Gurobi license from Gurobi Optimization.
*** Cannot initialize Gurobi environment.
*** Could be a missing or invalid license. (status=10009|10009)
--- Reading solution for model schedule_scenario
--- Executing after solve: elapsed 0:00:01.166
--- main_for_lr3.gms(563) 7 Mb
--- Generating MIP model schedule_scenario
--- main_for_lr3.gms(507) 7 Mb
--- Starting Equ Objective_scenario: elapsed 0:00:01.166
--- main_for_lr3.gms(491) 7 Mb
--- Starting Equ Const1_scenario: elapsed 0:00:01.166
--- main_for_lr3.gms(496) 7 Mb
--- Starting Equ Const_chance_1_scenario: elapsed 0:00:01.167
--- main_for_lr3.gms(566) 7 Mb
--- LOOPS rs = scen61
---   48 rows  97 columns  213 non-zeroes
--- Executing GUROBI (Solvelink=5): elapsed 0:00:01.170

Gurobi           32.2.0 rc62c018 Released Aug 26, 2020 WEI x86 64bit/MS Window

GAMS/Gurobi demo/community requires a Gurobi license from Gurobi Optimization.
*** Cannot initialize Gurobi environment.
*** Could be a missing or invalid license. (status=10009|10009)
--- Reading solution for model schedule_scenario
--- Executing after solve: elapsed 0:00:01.183
--- main_for_lr3.gms(563) 7 Mb
--- Generating MIP model schedule_scenario
--- main_for_lr3.gms(507) 7 Mb
--- Starting Equ Objective_scenario: elapsed 0:00:01.184
--- main_for_lr3.gms(491) 7 Mb
--- Starting Equ Const1_scenario: elapsed 0:00:01.184
--- main_for_lr3.gms(496) 7 Mb
--- Starting Equ Const_chance_1_scenario: elapsed 0:00:01.184
--- main_for_lr3.gms(566) 7 Mb
--- LOOPS rs = scen62
---   48 rows  97 columns  213 non-zeroes
--- Executing GUROBI (Solvelink=5): elapsed 0:00:01.188

Gurobi           32.2.0 rc62c018 Released Aug 26, 2020 WEI x86 64bit/MS Window

GAMS/Gurobi demo/community requires a Gurobi license from Gurobi Optimization.
*** Cannot initialize Gurobi environment.
*** Could be a missing or invalid license. (status=10009|10009)
--- Reading solution for model schedule_scenario
--- Executing after solve: elapsed 0:00:01.202
--- main_for_lr3.gms(563) 7 Mb
--- Generating MIP model schedule_scenario
--- main_for_lr3.gms(507) 7 Mb
--- Starting Equ Objective_scenario: elapsed 0:00:01.202
--- main_for_lr3.gms(491) 7 Mb
--- Starting Equ Const1_scenario: elapsed 0:00:01.203
--- main_for_lr3.gms(496) 7 Mb
--- Starting Equ Const_chance_1_scenario: elapsed 0:00:01.203
--- main_for_lr3.gms(566) 7 Mb
--- LOOPS rs = scen63
---   48 rows  97 columns  213 non-zeroes
--- Executing GUROBI (Solvelink=5): elapsed 0:00:01.207

Gurobi           32.2.0 rc62c018 Released Aug 26, 2020 WEI x86 64bit/MS Window

GAMS/Gurobi demo/community requires a Gurobi license from Gurobi Optimization.
*** Cannot initialize Gurobi environment.
*** Could be a missing or invalid license. (status=10009|10009)
--- Reading solution for model schedule_scenario
--- Executing after solve: elapsed 0:00:01.219
--- main_for_lr3.gms(563) 7 Mb
--- Generating MIP model schedule_scenario
--- main_for_lr3.gms(507) 7 Mb
--- Starting Equ Objective_scenario: elapsed 0:00:01.219
--- main_for_lr3.gms(491) 7 Mb
--- Starting Equ Const1_scenario: elapsed 0:00:01.220
--- main_for_lr3.gms(496) 7 Mb
--- Starting Equ Const_chance_1_scenario: elapsed 0:00:01.220
--- main_for_lr3.gms(566) 7 Mb
--- LOOPS rs = scen64
---   48 rows  97 columns  213 non-zeroes
--- Executing GUROBI (Solvelink=5): elapsed 0:00:01.223

Gurobi           32.2.0 rc62c018 Released Aug 26, 2020 WEI x86 64bit/MS Window

GAMS/Gurobi demo/community requires a Gurobi license from Gurobi Optimization.
*** Cannot initialize Gurobi environment.
*** Could be a missing or invalid license. (status=10009|10009)
--- Reading solution for model schedule_scenario
--- Executing after solve: elapsed 0:00:01.233
--- main_for_lr3.gms(563) 7 Mb
--- Generating MIP model schedule_scenario
--- main_for_lr3.gms(507) 7 Mb
--- Starting Equ Objective_scenario: elapsed 0:00:01.234
--- main_for_lr3.gms(491) 7 Mb
--- Starting Equ Const1_scenario: elapsed 0:00:01.234
--- main_for_lr3.gms(496) 7 Mb
--- Starting Equ Const_chance_1_scenario: elapsed 0:00:01.235
--- main_for_lr3.gms(566) 7 Mb
--- LOOPS rs = scen65
---   48 rows  97 columns  213 non-zeroes
--- Executing GUROBI (Solvelink=5): elapsed 0:00:01.238

Gurobi           32.2.0 rc62c018 Released Aug 26, 2020 WEI x86 64bit/MS Window

GAMS/Gurobi demo/community requires a Gurobi license from Gurobi Optimization.
*** Cannot initialize Gurobi environment.
*** Could be a missing or invalid license. (status=10009|10009)
--- Reading solution for model schedule_scenario
--- Executing after solve: elapsed 0:00:01.249
--- main_for_lr3.gms(563) 7 Mb
--- Generating MIP model schedule_scenario
--- main_for_lr3.gms(507) 7 Mb
--- Starting Equ Objective_scenario: elapsed 0:00:01.249
--- main_for_lr3.gms(491) 7 Mb
--- Starting Equ Const1_scenario: elapsed 0:00:01.250
--- main_for_lr3.gms(496) 7 Mb
--- Starting Equ Const_chance_1_scenario: elapsed 0:00:01.250
--- main_for_lr3.gms(566) 7 Mb
--- LOOPS rs = scen66
---   48 rows  97 columns  213 non-zeroes
--- Executing GUROBI (Solvelink=5): elapsed 0:00:01.254

Gurobi           32.2.0 rc62c018 Released Aug 26, 2020 WEI x86 64bit/MS Window

GAMS/Gurobi demo/community requires a Gurobi license from Gurobi Optimization.
*** Cannot initialize Gurobi environment.
*** Could be a missing or invalid license. (status=10009|10009)
--- Reading solution for model schedule_scenario
--- Executing after solve: elapsed 0:00:01.264
--- main_for_lr3.gms(563) 7 Mb
--- Generating MIP model schedule_scenario
--- main_for_lr3.gms(507) 7 Mb
--- Starting Equ Objective_scenario: elapsed 0:00:01.265
--- main_for_lr3.gms(491) 7 Mb
--- Starting Equ Const1_scenario: elapsed 0:00:01.265
--- main_for_lr3.gms(496) 7 Mb
--- Starting Equ Const_chance_1_scenario: elapsed 0:00:01.266
--- main_for_lr3.gms(566) 7 Mb
--- LOOPS rs = scen67
---   48 rows  97 columns  213 non-zeroes
--- Executing GUROBI (Solvelink=5): elapsed 0:00:01.268

Gurobi           32.2.0 rc62c018 Released Aug 26, 2020 WEI x86 64bit/MS Window

GAMS/Gurobi demo/community requires a Gurobi license from Gurobi Optimization.
*** Cannot initialize Gurobi environment.
*** Could be a missing or invalid license. (status=10009|10009)
--- Reading solution for model schedule_scenario
--- Executing after solve: elapsed 0:00:01.278
--- main_for_lr3.gms(563) 7 Mb
--- Generating MIP model schedule_scenario
--- main_for_lr3.gms(507) 7 Mb
--- Starting Equ Objective_scenario: elapsed 0:00:01.278
--- main_for_lr3.gms(491) 7 Mb
--- Starting Equ Const1_scenario: elapsed 0:00:01.279
--- main_for_lr3.gms(496) 7 Mb
--- Starting Equ Const_chance_1_scenario: elapsed 0:00:01.279
--- main_for_lr3.gms(566) 7 Mb
--- LOOPS rs = scen68
---   48 rows  97 columns  213 non-zeroes
--- Executing GUROBI (Solvelink=5): elapsed 0:00:01.283

Gurobi           32.2.0 rc62c018 Released Aug 26, 2020 WEI x86 64bit/MS Window

GAMS/Gurobi demo/community requires a Gurobi license from Gurobi Optimization.
*** Cannot initialize Gurobi environment.
*** Could be a missing or invalid license. (status=10009|10009)
--- Reading solution for model schedule_scenario
--- Executing after solve: elapsed 0:00:01.293
--- main_for_lr3.gms(563) 7 Mb
--- Generating MIP model schedule_scenario
--- main_for_lr3.gms(507) 7 Mb
--- Starting Equ Objective_scenario: elapsed 0:00:01.293
--- main_for_lr3.gms(491) 7 Mb
--- Starting Equ Const1_scenario: elapsed 0:00:01.293
--- main_for_lr3.gms(496) 7 Mb
--- Starting Equ Const_chance_1_scenario: elapsed 0:00:01.294
--- main_for_lr3.gms(566) 7 Mb
--- LOOPS rs = scen69
---   48 rows  97 columns  213 non-zeroes
--- Executing GUROBI (Solvelink=5): elapsed 0:00:01.298

Gurobi           32.2.0 rc62c018 Released Aug 26, 2020 WEI x86 64bit/MS Window

GAMS/Gurobi demo/community requires a Gurobi license from Gurobi Optimization.
*** Cannot initialize Gurobi environment.
*** Could be a missing or invalid license. (status=10009|10009)
--- Reading solution for model schedule_scenario
--- Executing after solve: elapsed 0:00:01.308
--- main_for_lr3.gms(563) 7 Mb
--- Generating MIP model schedule_scenario
--- main_for_lr3.gms(507) 7 Mb
--- Starting Equ Objective_scenario: elapsed 0:00:01.308
--- main_for_lr3.gms(491) 7 Mb
--- Starting Equ Const1_scenario: elapsed 0:00:01.308
--- main_for_lr3.gms(496) 7 Mb
--- Starting Equ Const_chance_1_scenario: elapsed 0:00:01.309
--- main_for_lr3.gms(566) 7 Mb
--- LOOPS rs = scen70
---   48 rows  97 columns  213 non-zeroes
--- Executing GUROBI (Solvelink=5): elapsed 0:00:01.314

Gurobi           32.2.0 rc62c018 Released Aug 26, 2020 WEI x86 64bit/MS Window

GAMS/Gurobi demo/community requires a Gurobi license from Gurobi Optimization.
*** Cannot initialize Gurobi environment.
*** Could be a missing or invalid license. (status=10009|10009)
--- Reading solution for model schedule_scenario
--- Executing after solve: elapsed 0:00:01.324
--- main_for_lr3.gms(563) 7 Mb
--- Generating MIP model schedule_scenario
--- main_for_lr3.gms(507) 7 Mb
--- Starting Equ Objective_scenario: elapsed 0:00:01.324
--- main_for_lr3.gms(491) 7 Mb
--- Starting Equ Const1_scenario: elapsed 0:00:01.325
--- main_for_lr3.gms(496) 7 Mb
--- Starting Equ Const_chance_1_scenario: elapsed 0:00:01.326
--- main_for_lr3.gms(566) 7 Mb
--- LOOPS rs = scen71
---   48 rows  97 columns  213 non-zeroes
--- Executing GUROBI (Solvelink=5): elapsed 0:00:01.330

Gurobi           32.2.0 rc62c018 Released Aug 26, 2020 WEI x86 64bit/MS Window

GAMS/Gurobi demo/community requires a Gurobi license from Gurobi Optimization.
*** Cannot initialize Gurobi environment.
*** Could be a missing or invalid license. (status=10009|10009)
--- Reading solution for model schedule_scenario
--- Executing after solve: elapsed 0:00:01.340
--- main_for_lr3.gms(563) 7 Mb
--- Generating MIP model schedule_scenario
--- main_for_lr3.gms(507) 7 Mb
--- Starting Equ Objective_scenario: elapsed 0:00:01.340
--- main_for_lr3.gms(491) 7 Mb
--- Starting Equ Const1_scenario: elapsed 0:00:01.340
--- main_for_lr3.gms(496) 7 Mb
--- Starting Equ Const_chance_1_scenario: elapsed 0:00:01.341
--- main_for_lr3.gms(566) 7 Mb
--- LOOPS rs = scen72
---   48 rows  97 columns  213 non-zeroes
--- Executing GUROBI (Solvelink=5): elapsed 0:00:01.345

Gurobi           32.2.0 rc62c018 Released Aug 26, 2020 WEI x86 64bit/MS Window

GAMS/Gurobi demo/community requires a Gurobi license from Gurobi Optimization.
*** Cannot initialize Gurobi environment.
*** Could be a missing or invalid license. (status=10009|10009)
--- Reading solution for model schedule_scenario
--- Executing after solve: elapsed 0:00:01.355
--- main_for_lr3.gms(563) 7 Mb
--- Generating MIP model schedule_scenario
--- main_for_lr3.gms(507) 7 Mb
--- Starting Equ Objective_scenario: elapsed 0:00:01.355
--- main_for_lr3.gms(491) 7 Mb
--- Starting Equ Const1_scenario: elapsed 0:00:01.356
--- main_for_lr3.gms(496) 7 Mb
--- Starting Equ Const_chance_1_scenario: elapsed 0:00:01.356
--- main_for_lr3.gms(566) 7 Mb
--- LOOPS rs = scen73
---   48 rows  97 columns  213 non-zeroes
--- Executing GUROBI (Solvelink=5): elapsed 0:00:01.361

Gurobi           32.2.0 rc62c018 Released Aug 26, 2020 WEI x86 64bit/MS Window

GAMS/Gurobi demo/community requires a Gurobi license from Gurobi Optimization.
*** Cannot initialize Gurobi environment.
*** Could be a missing or invalid license. (status=10009|10009)
--- Reading solution for model schedule_scenario
--- Executing after solve: elapsed 0:00:01.372
--- main_for_lr3.gms(563) 7 Mb
--- Generating MIP model schedule_scenario
--- main_for_lr3.gms(507) 7 Mb
--- Starting Equ Objective_scenario: elapsed 0:00:01.373
--- main_for_lr3.gms(491) 7 Mb
--- Starting Equ Const1_scenario: elapsed 0:00:01.373
--- main_for_lr3.gms(496) 7 Mb
--- Starting Equ Const_chance_1_scenario: elapsed 0:00:01.373
--- main_for_lr3.gms(566) 7 Mb
--- LOOPS rs = scen74
---   48 rows  97 columns  213 non-zeroes
--- Executing GUROBI (Solvelink=5): elapsed 0:00:01.377

Gurobi           32.2.0 rc62c018 Released Aug 26, 2020 WEI x86 64bit/MS Window

GAMS/Gurobi demo/community requires a Gurobi license from Gurobi Optimization.
*** Cannot initialize Gurobi environment.
*** Could be a missing or invalid license. (status=10009|10009)
--- Reading solution for model schedule_scenario
--- Executing after solve: elapsed 0:00:01.388
--- main_for_lr3.gms(563) 7 Mb
--- Generating MIP model schedule_scenario
--- main_for_lr3.gms(507) 7 Mb
--- Starting Equ Objective_scenario: elapsed 0:00:01.388
--- main_for_lr3.gms(491) 7 Mb
--- Starting Equ Const1_scenario: elapsed 0:00:01.388
--- main_for_lr3.gms(496) 7 Mb
--- Starting Equ Const_chance_1_scenario: elapsed 0:00:01.389
--- main_for_lr3.gms(566) 7 Mb
--- LOOPS rs = scen75
---   48 rows  97 columns  213 non-zeroes
--- Executing GUROBI (Solvelink=5): elapsed 0:00:01.392

Gurobi           32.2.0 rc62c018 Released Aug 26, 2020 WEI x86 64bit/MS Window

GAMS/Gurobi demo/community requires a Gurobi license from Gurobi Optimization.
*** Cannot initialize Gurobi environment.
*** Could be a missing or invalid license. (status=10009|10009)
--- Reading solution for model schedule_scenario
--- Executing after solve: elapsed 0:00:01.403
--- main_for_lr3.gms(563) 7 Mb
--- Generating MIP model schedule_scenario
--- main_for_lr3.gms(507) 7 Mb
--- Starting Equ Objective_scenario: elapsed 0:00:01.403
--- main_for_lr3.gms(491) 7 Mb
--- Starting Equ Const1_scenario: elapsed 0:00:01.404
--- main_for_lr3.gms(496) 7 Mb
--- Starting Equ Const_chance_1_scenario: elapsed 0:00:01.404
--- main_for_lr3.gms(566) 7 Mb
--- LOOPS rs = scen76
---   48 rows  97 columns  213 non-zeroes
--- Executing GUROBI (Solvelink=5): elapsed 0:00:01.408

Gurobi           32.2.0 rc62c018 Released Aug 26, 2020 WEI x86 64bit/MS Window

GAMS/Gurobi demo/community requires a Gurobi license from Gurobi Optimization.
*** Cannot initialize Gurobi environment.
*** Could be a missing or invalid license. (status=10009|10009)
--- Reading solution for model schedule_scenario
--- Executing after solve: elapsed 0:00:01.419
--- main_for_lr3.gms(563) 7 Mb
--- Generating MIP model schedule_scenario
--- main_for_lr3.gms(507) 7 Mb
--- Starting Equ Objective_scenario: elapsed 0:00:01.419
--- main_for_lr3.gms(491) 7 Mb
--- Starting Equ Const1_scenario: elapsed 0:00:01.419
--- main_for_lr3.gms(496) 7 Mb
--- Starting Equ Const_chance_1_scenario: elapsed 0:00:01.420
--- main_for_lr3.gms(566) 7 Mb
--- LOOPS rs = scen77
---   48 rows  97 columns  213 non-zeroes
--- Executing GUROBI (Solvelink=5): elapsed 0:00:01.424

Gurobi           32.2.0 rc62c018 Released Aug 26, 2020 WEI x86 64bit/MS Window

GAMS/Gurobi demo/community requires a Gurobi license from Gurobi Optimization.
*** Cannot initialize Gurobi environment.
*** Could be a missing or invalid license. (status=10009|10009)
--- Reading solution for model schedule_scenario
--- Executing after solve: elapsed 0:00:01.435
--- main_for_lr3.gms(563) 7 Mb
--- Generating MIP model schedule_scenario
--- main_for_lr3.gms(507) 7 Mb
--- Starting Equ Objective_scenario: elapsed 0:00:01.435
--- main_for_lr3.gms(491) 7 Mb
--- Starting Equ Const1_scenario: elapsed 0:00:01.435
--- main_for_lr3.gms(496) 7 Mb
--- Starting Equ Const_chance_1_scenario: elapsed 0:00:01.436
--- main_for_lr3.gms(566) 7 Mb
--- LOOPS rs = scen78
---   48 rows  97 columns  213 non-zeroes
--- Executing GUROBI (Solvelink=5): elapsed 0:00:01.439

Gurobi           32.2.0 rc62c018 Released Aug 26, 2020 WEI x86 64bit/MS Window

GAMS/Gurobi demo/community requires a Gurobi license from Gurobi Optimization.
*** Cannot initialize Gurobi environment.
*** Could be a missing or invalid license. (status=10009|10009)
--- Reading solution for model schedule_scenario
--- Executing after solve: elapsed 0:00:01.451
--- main_for_lr3.gms(563) 7 Mb
--- Generating MIP model schedule_scenario
--- main_for_lr3.gms(507) 7 Mb
--- Starting Equ Objective_scenario: elapsed 0:00:01.451
--- main_for_lr3.gms(491) 7 Mb
--- Starting Equ Const1_scenario: elapsed 0:00:01.451
--- main_for_lr3.gms(496) 7 Mb
--- Starting Equ Const_chance_1_scenario: elapsed 0:00:01.452
--- main_for_lr3.gms(566) 7 Mb
--- LOOPS rs = scen79
---   48 rows  97 columns  213 non-zeroes
--- Executing GUROBI (Solvelink=5): elapsed 0:00:01.455

Gurobi           32.2.0 rc62c018 Released Aug 26, 2020 WEI x86 64bit/MS Window

GAMS/Gurobi demo/community requires a Gurobi license from Gurobi Optimization.
*** Cannot initialize Gurobi environment.
*** Could be a missing or invalid license. (status=10009|10009)
--- Reading solution for model schedule_scenario
--- Executing after solve: elapsed 0:00:01.465
--- main_for_lr3.gms(563) 7 Mb
--- Generating MIP model schedule_scenario
--- main_for_lr3.gms(507) 7 Mb
--- Starting Equ Objective_scenario: elapsed 0:00:01.465
--- main_for_lr3.gms(491) 7 Mb
--- Starting Equ Const1_scenario: elapsed 0:00:01.466
--- main_for_lr3.gms(496) 7 Mb
--- Starting Equ Const_chance_1_scenario: elapsed 0:00:01.466
--- main_for_lr3.gms(566) 7 Mb
--- LOOPS rs = scen80
---   48 rows  97 columns  213 non-zeroes
--- Executing GUROBI (Solvelink=5): elapsed 0:00:01.471

Gurobi           32.2.0 rc62c018 Released Aug 26, 2020 WEI x86 64bit/MS Window

GAMS/Gurobi demo/community requires a Gurobi license from Gurobi Optimization.
*** Cannot initialize Gurobi environment.
*** Could be a missing or invalid license. (status=10009|10009)
--- Reading solution for model schedule_scenario
--- Executing after solve: elapsed 0:00:01.482
--- main_for_lr3.gms(563) 7 Mb
--- Generating MIP model schedule_scenario
--- main_for_lr3.gms(507) 7 Mb
--- Starting Equ Objective_scenario: elapsed 0:00:01.482
--- main_for_lr3.gms(491) 7 Mb
--- Starting Equ Const1_scenario: elapsed 0:00:01.483
--- main_for_lr3.gms(496) 7 Mb
--- Starting Equ Const_chance_1_scenario: elapsed 0:00:01.483
--- main_for_lr3.gms(566) 7 Mb
--- LOOPS rs = scen81
---   48 rows  97 columns  213 non-zeroes
--- Executing GUROBI (Solvelink=5): elapsed 0:00:01.487

Gurobi           32.2.0 rc62c018 Released Aug 26, 2020 WEI x86 64bit/MS Window

GAMS/Gurobi demo/community requires a Gurobi license from Gurobi Optimization.
*** Cannot initialize Gurobi environment.
*** Could be a missing or invalid license. (status=10009|10009)
--- Reading solution for model schedule_scenario
--- Executing after solve: elapsed 0:00:01.498
--- main_for_lr3.gms(563) 7 Mb
--- Generating MIP model schedule_scenario
--- main_for_lr3.gms(507) 7 Mb
--- Starting Equ Objective_scenario: elapsed 0:00:01.498
--- main_for_lr3.gms(491) 7 Mb
--- Starting Equ Const1_scenario: elapsed 0:00:01.498
--- main_for_lr3.gms(496) 7 Mb
--- Starting Equ Const_chance_1_scenario: elapsed 0:00:01.499
--- main_for_lr3.gms(566) 7 Mb
--- LOOPS rs = scen82
---   48 rows  97 columns  213 non-zeroes
--- Executing GUROBI (Solvelink=5): elapsed 0:00:01.502

Gurobi           32.2.0 rc62c018 Released Aug 26, 2020 WEI x86 64bit/MS Window

GAMS/Gurobi demo/community requires a Gurobi license from Gurobi Optimization.
*** Cannot initialize Gurobi environment.
*** Could be a missing or invalid license. (status=10009|10009)
--- Reading solution for model schedule_scenario
--- Executing after solve: elapsed 0:00:01.513
--- main_for_lr3.gms(563) 7 Mb
--- Generating MIP model schedule_scenario
--- main_for_lr3.gms(507) 7 Mb
--- Starting Equ Objective_scenario: elapsed 0:00:01.513
--- main_for_lr3.gms(491) 7 Mb
--- Starting Equ Const1_scenario: elapsed 0:00:01.513
--- main_for_lr3.gms(496) 7 Mb
--- Starting Equ Const_chance_1_scenario: elapsed 0:00:01.514
--- main_for_lr3.gms(566) 7 Mb
--- LOOPS rs = scen83
---   48 rows  97 columns  213 non-zeroes
--- Executing GUROBI (Solvelink=5): elapsed 0:00:01.519

Gurobi           32.2.0 rc62c018 Released Aug 26, 2020 WEI x86 64bit/MS Window

GAMS/Gurobi demo/community requires a Gurobi license from Gurobi Optimization.
*** Cannot initialize Gurobi environment.
*** Could be a missing or invalid license. (status=10009|10009)
--- Reading solution for model schedule_scenario
--- Executing after solve: elapsed 0:00:01.530
--- main_for_lr3.gms(563) 7 Mb
--- Generating MIP model schedule_scenario
--- main_for_lr3.gms(507) 7 Mb
--- Starting Equ Objective_scenario: elapsed 0:00:01.530
--- main_for_lr3.gms(491) 7 Mb
--- Starting Equ Const1_scenario: elapsed 0:00:01.530
--- main_for_lr3.gms(496) 7 Mb
--- Starting Equ Const_chance_1_scenario: elapsed 0:00:01.531
--- main_for_lr3.gms(566) 7 Mb
--- LOOPS rs = scen84
---   48 rows  97 columns  213 non-zeroes
--- Executing GUROBI (Solvelink=5): elapsed 0:00:01.534

Gurobi           32.2.0 rc62c018 Released Aug 26, 2020 WEI x86 64bit/MS Window

GAMS/Gurobi demo/community requires a Gurobi license from Gurobi Optimization.
*** Cannot initialize Gurobi environment.
*** Could be a missing or invalid license. (status=10009|10009)
--- Reading solution for model schedule_scenario
--- Executing after solve: elapsed 0:00:01.544
--- main_for_lr3.gms(563) 7 Mb
--- Generating MIP model schedule_scenario
--- main_for_lr3.gms(507) 7 Mb
--- Starting Equ Objective_scenario: elapsed 0:00:01.545
--- main_for_lr3.gms(491) 7 Mb
--- Starting Equ Const1_scenario: elapsed 0:00:01.545
--- main_for_lr3.gms(496) 7 Mb
--- Starting Equ Const_chance_1_scenario: elapsed 0:00:01.546
--- main_for_lr3.gms(566) 7 Mb
--- LOOPS rs = scen85
---   48 rows  97 columns  213 non-zeroes
--- Executing GUROBI (Solvelink=5): elapsed 0:00:01.549

Gurobi           32.2.0 rc62c018 Released Aug 26, 2020 WEI x86 64bit/MS Window

GAMS/Gurobi demo/community requires a Gurobi license from Gurobi Optimization.
*** Cannot initialize Gurobi environment.
*** Could be a missing or invalid license. (status=10009|10009)
--- Reading solution for model schedule_scenario
--- Executing after solve: elapsed 0:00:01.559
--- main_for_lr3.gms(563) 7 Mb
--- Generating MIP model schedule_scenario
--- main_for_lr3.gms(507) 7 Mb
--- Starting Equ Objective_scenario: elapsed 0:00:01.560
--- main_for_lr3.gms(491) 7 Mb
--- Starting Equ Const1_scenario: elapsed 0:00:01.560
--- main_for_lr3.gms(496) 7 Mb
--- Starting Equ Const_chance_1_scenario: elapsed 0:00:01.560
--- main_for_lr3.gms(566) 7 Mb
--- LOOPS rs = scen86
---   48 rows  97 columns  213 non-zeroes
--- Executing GUROBI (Solvelink=5): elapsed 0:00:01.563

Gurobi           32.2.0 rc62c018 Released Aug 26, 2020 WEI x86 64bit/MS Window

GAMS/Gurobi demo/community requires a Gurobi license from Gurobi Optimization.
*** Cannot initialize Gurobi environment.
*** Could be a missing or invalid license. (status=10009|10009)
--- Reading solution for model schedule_scenario
--- Executing after solve: elapsed 0:00:01.573
--- main_for_lr3.gms(563) 7 Mb
--- Generating MIP model schedule_scenario
--- main_for_lr3.gms(507) 7 Mb
--- Starting Equ Objective_scenario: elapsed 0:00:01.574
--- main_for_lr3.gms(491) 7 Mb
--- Starting Equ Const1_scenario: elapsed 0:00:01.574
--- main_for_lr3.gms(496) 7 Mb
--- Starting Equ Const_chance_1_scenario: elapsed 0:00:01.575
--- main_for_lr3.gms(566) 7 Mb
--- LOOPS rs = scen87
---   48 rows  97 columns  213 non-zeroes
--- Executing GUROBI (Solvelink=5): elapsed 0:00:01.579

Gurobi           32.2.0 rc62c018 Released Aug 26, 2020 WEI x86 64bit/MS Window

GAMS/Gurobi demo/community requires a Gurobi license from Gurobi Optimization.
*** Cannot initialize Gurobi environment.
*** Could be a missing or invalid license. (status=10009|10009)
--- Reading solution for model schedule_scenario
--- Executing after solve: elapsed 0:00:01.590
--- main_for_lr3.gms(563) 7 Mb
--- Generating MIP model schedule_scenario
--- main_for_lr3.gms(507) 7 Mb
--- Starting Equ Objective_scenario: elapsed 0:00:01.590
--- main_for_lr3.gms(491) 7 Mb
--- Starting Equ Const1_scenario: elapsed 0:00:01.591
--- main_for_lr3.gms(496) 7 Mb
--- Starting Equ Const_chance_1_scenario: elapsed 0:00:01.591
--- main_for_lr3.gms(566) 7 Mb
--- LOOPS rs = scen88
---   48 rows  97 columns  213 non-zeroes
--- Executing GUROBI (Solvelink=5): elapsed 0:00:01.595

Gurobi           32.2.0 rc62c018 Released Aug 26, 2020 WEI x86 64bit/MS Window

GAMS/Gurobi demo/community requires a Gurobi license from Gurobi Optimization.
*** Cannot initialize Gurobi environment.
*** Could be a missing or invalid license. (status=10009|10009)
--- Reading solution for model schedule_scenario
--- Executing after solve: elapsed 0:00:01.606
--- main_for_lr3.gms(563) 7 Mb
--- Generating MIP model schedule_scenario
--- main_for_lr3.gms(507) 7 Mb
--- Starting Equ Objective_scenario: elapsed 0:00:01.606
--- main_for_lr3.gms(491) 7 Mb
--- Starting Equ Const1_scenario: elapsed 0:00:01.607
--- main_for_lr3.gms(496) 7 Mb
--- Starting Equ Const_chance_1_scenario: elapsed 0:00:01.607
--- main_for_lr3.gms(566) 7 Mb
--- LOOPS rs = scen89
---   48 rows  97 columns  213 non-zeroes
--- Executing GUROBI (Solvelink=5): elapsed 0:00:01.610

Gurobi           32.2.0 rc62c018 Released Aug 26, 2020 WEI x86 64bit/MS Window

GAMS/Gurobi demo/community requires a Gurobi license from Gurobi Optimization.
*** Cannot initialize Gurobi environment.
*** Could be a missing or invalid license. (status=10009|10009)
--- Reading solution for model schedule_scenario
--- Executing after solve: elapsed 0:00:01.621
--- main_for_lr3.gms(563) 7 Mb
--- Generating MIP model schedule_scenario
--- main_for_lr3.gms(507) 7 Mb
--- Starting Equ Objective_scenario: elapsed 0:00:01.621
--- main_for_lr3.gms(491) 7 Mb
--- Starting Equ Const1_scenario: elapsed 0:00:01.622
--- main_for_lr3.gms(496) 7 Mb
--- Starting Equ Const_chance_1_scenario: elapsed 0:00:01.622
--- main_for_lr3.gms(566) 7 Mb
--- LOOPS rs = scen90
---   48 rows  97 columns  213 non-zeroes
--- Executing GUROBI (Solvelink=5): elapsed 0:00:01.626

Gurobi           32.2.0 rc62c018 Released Aug 26, 2020 WEI x86 64bit/MS Window

GAMS/Gurobi demo/community requires a Gurobi license from Gurobi Optimization.
*** Cannot initialize Gurobi environment.
*** Could be a missing or invalid license. (status=10009|10009)
--- Reading solution for model schedule_scenario
--- Executing after solve: elapsed 0:00:01.637
--- main_for_lr3.gms(563) 7 Mb
--- Generating MIP model schedule_scenario
--- main_for_lr3.gms(507) 7 Mb
--- Starting Equ Objective_scenario: elapsed 0:00:01.637
--- main_for_lr3.gms(491) 7 Mb
--- Starting Equ Const1_scenario: elapsed 0:00:01.637
--- main_for_lr3.gms(496) 7 Mb
--- Starting Equ Const_chance_1_scenario: elapsed 0:00:01.638
--- main_for_lr3.gms(566) 7 Mb
--- LOOPS rs = scen91
---   48 rows  97 columns  213 non-zeroes
--- Executing GUROBI (Solvelink=5): elapsed 0:00:01.641

Gurobi           32.2.0 rc62c018 Released Aug 26, 2020 WEI x86 64bit/MS Window

GAMS/Gurobi demo/community requires a Gurobi license from Gurobi Optimization.
*** Cannot initialize Gurobi environment.
*** Could be a missing or invalid license. (status=10009|10009)
--- Reading solution for model schedule_scenario
--- Executing after solve: elapsed 0:00:01.652
--- main_for_lr3.gms(563) 7 Mb
--- Generating MIP model schedule_scenario
--- main_for_lr3.gms(507) 7 Mb
--- Starting Equ Objective_scenario: elapsed 0:00:01.652
--- main_for_lr3.gms(491) 7 Mb
--- Starting Equ Const1_scenario: elapsed 0:00:01.652
--- main_for_lr3.gms(496) 7 Mb
--- Starting Equ Const_chance_1_scenario: elapsed 0:00:01.653
--- main_for_lr3.gms(566) 7 Mb
--- LOOPS rs = scen92
---   48 rows  97 columns  213 non-zeroes
--- Executing GUROBI (Solvelink=5): elapsed 0:00:01.656

Gurobi           32.2.0 rc62c018 Released Aug 26, 2020 WEI x86 64bit/MS Window

GAMS/Gurobi demo/community requires a Gurobi license from Gurobi Optimization.
*** Cannot initialize Gurobi environment.
*** Could be a missing or invalid license. (status=10009|10009)
--- Reading solution for model schedule_scenario
--- Executing after solve: elapsed 0:00:01.667
--- main_for_lr3.gms(563) 7 Mb
--- Generating MIP model schedule_scenario
--- main_for_lr3.gms(507) 7 Mb
--- Starting Equ Objective_scenario: elapsed 0:00:01.667
--- main_for_lr3.gms(491) 7 Mb
--- Starting Equ Const1_scenario: elapsed 0:00:01.668
--- main_for_lr3.gms(496) 7 Mb
--- Starting Equ Const_chance_1_scenario: elapsed 0:00:01.668
--- main_for_lr3.gms(566) 7 Mb
--- LOOPS rs = scen93
---   48 rows  97 columns  213 non-zeroes
--- Executing GUROBI (Solvelink=5): elapsed 0:00:01.672

Gurobi           32.2.0 rc62c018 Released Aug 26, 2020 WEI x86 64bit/MS Window

GAMS/Gurobi demo/community requires a Gurobi license from Gurobi Optimization.
*** Cannot initialize Gurobi environment.
*** Could be a missing or invalid license. (status=10009|10009)
--- Reading solution for model schedule_scenario
--- Executing after solve: elapsed 0:00:01.681
--- main_for_lr3.gms(563) 7 Mb
--- Generating MIP model schedule_scenario
--- main_for_lr3.gms(507) 7 Mb
--- Starting Equ Objective_scenario: elapsed 0:00:01.682
--- main_for_lr3.gms(491) 7 Mb
--- Starting Equ Const1_scenario: elapsed 0:00:01.682
--- main_for_lr3.gms(496) 7 Mb
--- Starting Equ Const_chance_1_scenario: elapsed 0:00:01.682
--- main_for_lr3.gms(566) 7 Mb
--- LOOPS rs = scen94
---   48 rows  97 columns  213 non-zeroes
--- Executing GUROBI (Solvelink=5): elapsed 0:00:01.687

Gurobi           32.2.0 rc62c018 Released Aug 26, 2020 WEI x86 64bit/MS Window

GAMS/Gurobi demo/community requires a Gurobi license from Gurobi Optimization.
*** Cannot initialize Gurobi environment.
*** Could be a missing or invalid license. (status=10009|10009)
--- Reading solution for model schedule_scenario
--- Executing after solve: elapsed 0:00:01.698
--- main_for_lr3.gms(563) 7 Mb
--- Generating MIP model schedule_scenario
--- main_for_lr3.gms(507) 7 Mb
--- Starting Equ Objective_scenario: elapsed 0:00:01.698
--- main_for_lr3.gms(491) 7 Mb
--- Starting Equ Const1_scenario: elapsed 0:00:01.699
--- main_for_lr3.gms(496) 7 Mb
--- Starting Equ Const_chance_1_scenario: elapsed 0:00:01.699
--- main_for_lr3.gms(566) 7 Mb
--- LOOPS rs = scen95
---   48 rows  97 columns  213 non-zeroes
--- Executing GUROBI (Solvelink=5): elapsed 0:00:01.702

Gurobi           32.2.0 rc62c018 Released Aug 26, 2020 WEI x86 64bit/MS Window

GAMS/Gurobi demo/community requires a Gurobi license from Gurobi Optimization.
*** Cannot initialize Gurobi environment.
*** Could be a missing or invalid license. (status=10009|10009)
--- Reading solution for model schedule_scenario
--- Executing after solve: elapsed 0:00:01.713
--- main_for_lr3.gms(563) 7 Mb
--- Generating MIP model schedule_scenario
--- main_for_lr3.gms(507) 7 Mb
--- Starting Equ Objective_scenario: elapsed 0:00:01.713
--- main_for_lr3.gms(491) 7 Mb
--- Starting Equ Const1_scenario: elapsed 0:00:01.714
--- main_for_lr3.gms(496) 7 Mb
--- Starting Equ Const_chance_1_scenario: elapsed 0:00:01.714
--- main_for_lr3.gms(566) 7 Mb
--- LOOPS rs = scen96
---   48 rows  97 columns  213 non-zeroes
--- Executing GUROBI (Solvelink=5): elapsed 0:00:01.718

Gurobi           32.2.0 rc62c018 Released Aug 26, 2020 WEI x86 64bit/MS Window

GAMS/Gurobi demo/community requires a Gurobi license from Gurobi Optimization.
*** Cannot initialize Gurobi environment.
*** Could be a missing or invalid license. (status=10009|10009)
--- Reading solution for model schedule_scenario
--- Executing after solve: elapsed 0:00:01.728
--- main_for_lr3.gms(563) 7 Mb
--- Generating MIP model schedule_scenario
--- main_for_lr3.gms(507) 7 Mb
--- Starting Equ Objective_scenario: elapsed 0:00:01.728
--- main_for_lr3.gms(491) 7 Mb
--- Starting Equ Const1_scenario: elapsed 0:00:01.728
--- main_for_lr3.gms(496) 7 Mb
--- Starting Equ Const_chance_1_scenario: elapsed 0:00:01.729
--- main_for_lr3.gms(566) 7 Mb
--- LOOPS rs = scen97
---   48 rows  97 columns  213 non-zeroes
--- Executing GUROBI (Solvelink=5): elapsed 0:00:01.733

Gurobi           32.2.0 rc62c018 Released Aug 26, 2020 WEI x86 64bit/MS Window

GAMS/Gurobi demo/community requires a Gurobi license from Gurobi Optimization.
*** Cannot initialize Gurobi environment.
*** Could be a missing or invalid license. (status=10009|10009)
--- Reading solution for model schedule_scenario
--- Executing after solve: elapsed 0:00:01.743
--- main_for_lr3.gms(563) 7 Mb
--- Generating MIP model schedule_scenario
--- main_for_lr3.gms(507) 7 Mb
--- Starting Equ Objective_scenario: elapsed 0:00:01.744
--- main_for_lr3.gms(491) 7 Mb
--- Starting Equ Const1_scenario: elapsed 0:00:01.744
--- main_for_lr3.gms(496) 7 Mb
--- Starting Equ Const_chance_1_scenario: elapsed 0:00:01.744
--- main_for_lr3.gms(566) 7 Mb
--- LOOPS rs = scen98
---   48 rows  97 columns  213 non-zeroes
--- Executing GUROBI (Solvelink=5): elapsed 0:00:01.748

Gurobi           32.2.0 rc62c018 Released Aug 26, 2020 WEI x86 64bit/MS Window

GAMS/Gurobi demo/community requires a Gurobi license from Gurobi Optimization.
*** Cannot initialize Gurobi environment.
*** Could be a missing or invalid license. (status=10009|10009)
--- Reading solution for model schedule_scenario
--- Executing after solve: elapsed 0:00:01.758
--- main_for_lr3.gms(563) 7 Mb
--- Generating MIP model schedule_scenario
--- main_for_lr3.gms(507) 7 Mb
--- Starting Equ Objective_scenario: elapsed 0:00:01.758
--- main_for_lr3.gms(491) 7 Mb
--- Starting Equ Const1_scenario: elapsed 0:00:01.759
--- main_for_lr3.gms(496) 7 Mb
--- Starting Equ Const_chance_1_scenario: elapsed 0:00:01.759
--- main_for_lr3.gms(566) 7 Mb
--- LOOPS rs = scen99
---   48 rows  97 columns  213 non-zeroes
--- Executing GUROBI (Solvelink=5): elapsed 0:00:01.762

Gurobi           32.2.0 rc62c018 Released Aug 26, 2020 WEI x86 64bit/MS Window

GAMS/Gurobi demo/community requires a Gurobi license from Gurobi Optimization.
*** Cannot initialize Gurobi environment.
*** Could be a missing or invalid license. (status=10009|10009)
--- Reading solution for model schedule_scenario
--- Executing after solve: elapsed 0:00:01.773
--- main_for_lr3.gms(563) 7 Mb
--- Generating MIP model schedule_scenario
--- main_for_lr3.gms(507) 7 Mb
--- Starting Equ Objective_scenario: elapsed 0:00:01.773
--- main_for_lr3.gms(491) 7 Mb
--- Starting Equ Const1_scenario: elapsed 0:00:01.773
--- main_for_lr3.gms(496) 7 Mb
--- Starting Equ Const_chance_1_scenario: elapsed 0:00:01.774
--- main_for_lr3.gms(566) 7 Mb
--- LOOPS rs = scen100
---   48 rows  97 columns  213 non-zeroes
--- Executing GUROBI (Solvelink=5): elapsed 0:00:01.778

Gurobi           32.2.0 rc62c018 Released Aug 26, 2020 WEI x86 64bit/MS Window

GAMS/Gurobi demo/community requires a Gurobi license from Gurobi Optimization.
*** Cannot initialize Gurobi environment.
*** Could be a missing or invalid license. (status=10009|10009)
--- Reading solution for model schedule_scenario
--- Executing after solve: elapsed 0:00:01.789
--- main_for_lr3.gms(596) 7 Mb
--- Generating MIP model schedule
--- main_for_lr3.gms(487) 7 Mb
--- Starting Equ Objective: elapsed 0:00:01.792
--- main_for_lr3.gms(489) 7 Mb
--- Starting Equ Const1: elapsed 0:00:01.835
--- main_for_lr3.gms(495) 7 Mb
--- Starting Equ Const_chance_1: elapsed 0:00:01.842
--- main_for_lr3.gms(502) 7 Mb
--- Starting Equ Const_chance_2: elapsed 0:00:01.850
--- main_for_lr3.gms(597) 7 Mb
---   4,702 rows  7,325 columns  21,325 non-zeroes
---   100 discrete-columns
--- Executing GUROBI (Solvelink=5): elapsed 0:00:01.863

Gurobi           32.2.0 rc62c018 Released Aug 26, 2020 WEI x86 64bit/MS Window

Gurobi link license.
*** Cannot initialize Gurobi environment.
*** Could be a missing or invalid license. (status=10009|10009)
--- Reading solution for model schedule
--- Executing after solve: elapsed 0:00:01.877
--- main_for_lr3.gms(656) 7 Mb
--- Generating MIP model Lagrangian
--- main_for_lr3.gms(504) 7 Mb
--- Starting Equ LR: elapsed 0:00:01.877
--- main_for_lr3.gms(489) 7 Mb
--- Starting Equ Const1: elapsed 0:00:01.880
--- main_for_lr3.gms(495) 7 Mb
--- Starting Equ Const_chance_1: elapsed 0:00:01.887
--- main_for_lr3.gms(669) 7 Mb
--- LOOPS iter = iter1
---   4,701 rows  7,325 columns  21,225 non-zeroes
---   100 discrete-columns
--- Executing GUROBI (Solvelink=5): elapsed 0:00:01.903

Gurobi           32.2.0 rc62c018 Released Aug 26, 2020 WEI x86 64bit/MS Window

Gurobi link license.
*** Cannot initialize Gurobi environment.
*** Could be a missing or invalid license. (status=10009|10009)
--- Reading solution for model Lagrangian
--- Executing after solve: elapsed 0:00:01.924
--- main_for_lr3.gms(656) 7 Mb
*** Error at line 748: division by zero (0)
--- main_for_lr3.gms(771) 7 Mb 1 Error
*** Error at line 771: division by zero (0)
--- main_for_lr3.gms(771) 7 Mb 2 Errors
--- Putfile scen_sorted C:\Users\charl\OneDrive\Dokumente\A_Uni\HiWi\ArticleSubgradient\Code\SampleRun_Environment_Solar\100Scens\tol01\Scenario_1\scen_sorted.csv
--- Putfile TestingFile3 C:\Users\charl\OneDrive\Dokumente\A_Uni\HiWi\ArticleSubgradient\Code\SampleRun_Environment_Solar\100Scens\tol01\Scenario_1\LR3.csv
--- Profile Summary (1649 records processed)
     1.594   0.007GB       563 Loop       
     0.094   0.007GB       541 Solve Alg  schedule
     0.047   0.005GB       487 Equation   Objective (1)
     0.047   0.007GB       656 Loop       
     0.046   0.007GB       487 Equation   Objective (1)
     0.031   0.007GB       566 Solve Alg  schedule_scenario
     0.016   0.007GB       566 Solve Alg  schedule_scenario
     0.016   0.007GB       566 Solve Alg  schedule_scenario
     0.016   0.007GB       566 Solve Alg  schedule_scenario
     0.016   0.007GB       566 Solve Alg  schedule_scenario
--- main_for_lr3.gms(771) 7 Mb 2 Errors
*** Status: Execution error(s)
--- Job main_for_lr3.gms Stop 05/12/22 14:17:14 elapsed 0:00:01.927
