--- Job SAA_solar.gms Start 12/13/21 16:13:34 32.2.0 rc62c018 WEX-WEI x86 64bit/MS Windows
--- Applying:
    C:\GAMS\32\gmsprmNT.txt
--- GAMS Parameters defined
    Input C:\Users\charl\OneDrive\Dokumente\A_Uni\HiWi\ArticleSubgradient\Code\SampleRun_Environment_Solar\100Scens\tol01\Scenario_1\SAA_solar.gms
    PageSize 0
    ScrDir C:\Users\charl\OneDrive\Dokumente\A_Uni\HiWi\ArticleSubgradient\Code\SampleRun_Environment_Solar\100Scens\tol01\Scenario_1\225c\
    SysDir C:\GAMS\32\
    LogOption 3
    ErrMsg 1
    ErrorLog 99
    IDE 1
    LstTitleLeftAligned 1
GAMS 32.2.0   Copyright (C) 1987-2020 GAMS Development. All rights reserved
Licensee: Small MUD - 5 User License                     S200323/0001AN-GEN
          Friedrich-Alexander-Universitaet Erlangen-Nurnberg         DC7699
          C:\GAMS\32\gamslice.txt
--- Starting compilation
--- SAA_solar.gms(41) 3 Mb
--- . solar_scenarios_1200.csv(1201) 4 Mb
--- SAA_solar.gms(69) 4 Mb
--- . battery_revenue.csv(25) 4 Mb
--- SAA_solar.gms(89) 4 Mb
--- . ScenarioWeights_naive.csv(1201) 4 Mb
--- SAA_solar.gms(278) 4 Mb
--- Starting execution: elapsed 0:00:00.033
--- SAA_solar.gms(2613) 11 Mb
--- Generating MIP model schedule
--- SAA_solar.gms(2582) 11 Mb
--- Starting Equ Objective: elapsed 0:00:00.151
--- SAA_solar.gms(2584) 14 Mb
--- Starting Equ Const1: elapsed 0:00:00.601
--- SAA_solar.gms(2587) 30 Mb
--- Starting Equ Const_chance_1: elapsed 0:00:00.643
--- SAA_solar.gms(2590) 37 Mb
--- Starting Equ Const_chance_2: elapsed 0:00:00.689
--- SAA_solar.gms(2664) 37 Mb
--- LOOPS rho_ind = r1
---       iter = iter1
---   56,402 rows  87,625 columns  227,305 non-zeroes
---   1,200 discrete-columns
--- Executing GUROBI (Solvelink=2): elapsed 0:00:00.792

Gurobi           32.2.0 rc62c018 Released Aug 26, 2020 WEI x86 64bit/MS Window

Gurobi link license.
*** Cannot initialize Gurobi environment.
*** Could be a missing or invalid license. (status=10009|10009)
--- Reading solution for model schedule
--- Executing after solve: elapsed 0:00:00.947
--- SAA_solar.gms(2613) 37 Mb
--- Generating MIP model schedule
--- SAA_solar.gms(2582) 37 Mb
--- Starting Equ Objective: elapsed 0:00:01.033
--- SAA_solar.gms(2584) 37 Mb
--- Starting Equ Const1: elapsed 0:00:01.485
--- SAA_solar.gms(2587) 37 Mb
--- Starting Equ Const_chance_1: elapsed 0:00:01.572
--- SAA_solar.gms(2590) 38 Mb
--- Starting Equ Const_chance_2: elapsed 0:00:01.652
--- SAA_solar.gms(2664) 38 Mb
--- LOOPS rho_ind = r1
---       iter = iter2
---   56,402 rows  87,649 columns  227,857 non-zeroes
---   1,200 discrete-columns
--- Executing GUROBI (Solvelink=2): elapsed 0:00:01.814

Gurobi           32.2.0 rc62c018 Released Aug 26, 2020 WEI x86 64bit/MS Window

Gurobi link license.
*** Cannot initialize Gurobi environment.
*** Could be a missing or invalid license. (status=10009|10009)
--- Reading solution for model schedule
--- Executing after solve: elapsed 0:00:01.939
--- SAA_solar.gms(2613) 38 Mb
--- Generating MIP model schedule
--- SAA_solar.gms(2582) 38 Mb
--- Starting Equ Objective: elapsed 0:00:02.020
--- SAA_solar.gms(2584) 38 Mb
--- Starting Equ Const1: elapsed 0:00:02.478
*** Error at line 2582: Execution halted: Triggered by pending CtrlC event
--- SAA_solar.gms(2664) 38 Mb 1 Error
*** SOLVE aborted
--- Profile Summary (54 records processed)
     0.453   0.037GB      2582 Equation   Objective (1)
     0.453   0.014GB      2582 Equation   Objective (1)
     0.453   0.038GB      2582 Equation   Objective (1)
     0.141   0.037GB      2664 Solve Alg  schedule
     0.141   0.038GB      2664 Solve Fini schedule (227857)
     0.109   0.038GB      2664 Solve Alg  schedule
     0.094   0.037GB      2584 Equation   Const1 (27600)
     0.093   0.037GB      2664 Solve Fini schedule (227305)
     0.078   0.038GB      2587 Equation   Const_chance_1 (28800)
     0.047   0.030GB      2584 Equation   Const1 (27600)
--- SAA_solar.gms(2664) 38 Mb 1 Error
*** Status: Execution error(s)
--- Job SAA_solar.gms Stop 12/13/21 16:13:36 elapsed 0:00:02.487
