--- Job SAA.gms Start 05/11/22 10:35:38 32.2.0 rc62c018 WEX-WEI x86 64bit/MS Windows
--- Applying:
    C:\GAMS\32\gmsprmNT.txt
--- GAMS Parameters defined
    Input C:\Users\charl\OneDrive\Dokumente\A_Uni\HiWi\ArticleSubgradient\Code\Wind\900Scens\tol03\SAA.gms
    PageSize 0
    ScrDir C:\Users\charl\OneDrive\Dokumente\A_Uni\HiWi\ArticleSubgradient\Code\Wind\900Scens\tol03\225c\
    SysDir C:\GAMS\32\
    LogOption 3
    ErrMsg 1
    ErrorLog 99
    IDE 1
    LstTitleLeftAligned 1
GAMS 32.2.0   Copyright (C) 1987-2020 GAMS Development. All rights reserved
Licensee: Small MUD - 5 User License                     S200323/0001AN-GEN
          Friedrich-Alexander-Universitaet Erlangen-Nurnberg         DC7699
          C:\GAMS\32\gamslice.txt
--- Starting compilation
--- SAA.gms(32) 3 Mb
--- . wind_costs.csv(25) 3 Mb
--- SAA.gms(39) 3 Mb
--- . wind_scenarios_7200.csv(7201) 10 Mb
--- SAA.gms(46) 10 Mb
--- . ScenarioWeights_naive.csv(7201) 10 Mb
--- SAA.gms(264) 10 Mb
--- Starting execution: elapsed 0:00:00.229
--- SAA.gms(14587) 50 Mb
--- Generating MIP model SCHEDULE
--- SAA.gms(14542) 50 Mb
--- Starting Equ Objective: elapsed 0:00:00.565
--- SAA.gms(14544) 50 Mb
--- Starting Equ Const1_1: elapsed 0:00:00.605
--- SAA.gms(14546) 50 Mb
--- Starting Equ Const1_2: elapsed 0:00:00.631
--- SAA.gms(14553) 50 Mb
--- Starting Equ Const_3_1: elapsed 0:00:00.633
--- SAA.gms(14554) 50 Mb
--- Starting Equ Const_3_2: elapsed 0:00:00.684
--- SAA.gms(14558) 50 Mb
--- Starting Equ Const_4_1: elapsed 0:00:00.732
--- SAA.gms(14559) 51 Mb
--- Starting Equ Const_4_2: elapsed 0:00:00.770
--- SAA.gms(14562) 51 Mb
--- Starting Equ Const_5: elapsed 0:00:00.809
--- SAA.gms(14565) 51 Mb
--- Starting Equ Const_6: elapsed 0:00:00.854
--- SAA.gms(14567) 51 Mb
--- Starting Equ Const_dum1: elapsed 0:00:00.909
--- SAA.gms(14568) 51 Mb
--- Starting Equ Const_dum2: elapsed 0:00:00.909
--- SAA.gms(14650) 51 Mb
--- LOOPS rho_ind = r1
---       iter = iter1
---   3,250 rows  1,989 columns  14,821 non-zeroes
---   500 discrete-columns
--- Executing GUROBI (Solvelink=2): elapsed 0:00:00.930

Gurobi           32.2.0 rc62c018 Released Aug 26, 2020 WEI x86 64bit/MS Window

GAMS/Gurobi demo/community requires a Gurobi license from Gurobi Optimization.
*** Cannot initialize Gurobi environment.
*** Could be a missing or invalid license. (status=10009|10009)
--- Reading solution for model SCHEDULE
--- Executing after solve: elapsed 0:00:01.008
--- SAA.gms(14587) 51 Mb
*** Error at line 14640: Execution halted: Triggered by pending CtrlC event
--- SAA.gms(14587) 51 Mb 1 Error
--- Profile Summary (35 records processed)
     0.078   0.051GB     14650 Solve Alg  SCHEDULE
     0.063   0.051GB     14565 Equation   Const_6 (460)
     0.062   0.050GB     14553 Equation   Const_3_1 (460)
     0.047   0.050GB     14554 Equation   Const_3_2 (460)
     0.047   0.051GB     14559 Equation   Const_4_2 (440)
     0.032   0.021GB     14573 Assignment X (172800)
     0.032   0.050GB     14544 Equation   Const1_1 (480)
     0.031   0.050GB     14542 Equation   Objective (1)
     0.031   0.051GB     14558 Equation   Const_4_1 (440)
     0.031   0.051GB     14562 Equation   Const_5 (460)
--- SAA.gms(14587) 51 Mb 1 Error
*** Status: Execution error(s)
--- Job SAA.gms Stop 05/11/22 10:35:39 elapsed 0:00:01.110
