--- Job main_for_lr.gms Start 11/11/21 11:27:53 32.2.0 rc62c018 WEX-WEI x86 64bit/MS Windows
--- Applying:
    C:\GAMS\32\gmsprmNT.txt
--- GAMS Parameters defined
    Input C:\Users\charl\OneDrive\Dokumente\A_Uni\HiWi\ArticleSubgradient\Code\Debugging\Solar\main_for_lr.gms
    PageSize 0
    ScrDir C:\Users\charl\OneDrive\Dokumente\A_Uni\HiWi\ArticleSubgradient\Code\Debugging\Solar\225a\
    SysDir C:\GAMS\32\
    LogOption 3
    ErrMsg 1
    ErrorLog 99
    IDE 1
    LstTitleLeftAligned 1
GAMS 32.2.0   Copyright (C) 1987-2020 GAMS Development. All rights reserved
Licensee: Small MUD - 5 User License                     S200323/0001AN-GEN
          Friedrich-Alexander-Universitaet Erlangen-Nurnberg         DC7699
          C:\GAMS\32\gamslice.txt
--- Starting compilation
--- main_for_lr.gms(19) 2 Mb
--- . inputME.gms(14) 3 Mb
--- .. solar_scenarios_600.csv(601) 3 Mb
--- . inputME.gms(86) 3 Mb
--- .. scenario_sorted.csv(601) 3 Mb
--- . inputME.gms(116) 3 Mb
--- .. battery_revenue.csv(25) 3 Mb
--- . inputME.gms(185) 3 Mb
--- main_for_lr.gms(20) 3 Mb
--- . subgradient_parameters.gms(33) 3 Mb
--- main_for_lr.gms(22) 3 Mb
--- . equations_all.gms(76) 3 Mb
--- main_for_lr.gms(23) 3 Mb
--- . lp_lowerbound.gms(12) 3 Mb
--- main_for_lr.gms(24) 3 Mb
--- . heuristic_upperbound.gms(58) 3 Mb
--- main_for_lr.gms(48) 3 Mb
--- . plain_lr.gms(12) 3 Mb
--- main_for_lr.gms(54) 3 Mb
--- . LR_updates.gms(17) 3 Mb
--- .. stepsizes.gms(21) 3 Mb
--- . LR_updates.gms(42) 3 Mb
--- main_for_lr.gms(69) 3 Mb
--- Starting execution: elapsed 0:00:00.041
--- main_for_lr.gms(1547) 8 Mb
--- Generating RMIP model schedule
--- main_for_lr.gms(1494) 8 Mb
--- Starting Equ Objective: elapsed 0:00:00.169
--- main_for_lr.gms(1496) 9 Mb
--- Starting Equ Const1: elapsed 0:00:00.479
--- main_for_lr.gms(1502) 18 Mb
--- Starting Equ Const_chance_1: elapsed 0:00:00.519
--- main_for_lr.gms(1509) 23 Mb
--- Starting Equ Const_chance_2: elapsed 0:00:00.561
--- main_for_lr.gms(1548) 23 Mb
---   28,202 rows  43,825 columns  127,825 non-zeroes
---   600 discrete-columns
--- Executing CPLEX (Solvelink=2): elapsed 0:00:00.786

IBM ILOG CPLEX   32.2.0 rc62c018 Released Aug 26, 2020 WEI x86 64bit/MS Window
--- GAMS/Cplex Link licensed for continuous and discrete problems.
Cplex 12.10.0.0

Reading data...
Starting Cplex...
Space for names approximately 1.78 Mb
Use option 'names no' to turn use of names off
Version identifier: 12.10.0.0 | 2019-11-26 | 843d4de2ae
CPXPARAM_Advance                                 0
CPXPARAM_Threads                                 8
CPXPARAM_Parallel                                1
CPXPARAM_TimeLimit                               2100
CPXPARAM_Tune_TimeLimit                          420
Parallel mode: deterministic, using up to 8 threads for concurrent optimization:
 * Starting dual Simplex on 1 thread...
 * Starting Barrier on 6 threads...
 * Starting primal Simplex on 1 thread...
Tried aggregator 1 time.
Presolve time = 0.31 sec. (44.50 ticks)
LP status(13): user aborted
Cplex Time: 0.34sec (det. 142.37 ticks)
Rerunning with presolve turned off and solving with LPMETHOD=1
Version identifier: 12.10.0.0 | 2019-11-26 | 843d4de2ae
CPXPARAM_Advance                                 2
CPXPARAM_Preprocessing_Presolve                  0
CPXPARAM_LPMethod                                1
CPXPARAM_Threads                                 8
CPXPARAM_Parallel                                1
CPXPARAM_TimeLimit                               2100
CPXPARAM_Tune_TimeLimit                          420
Using devex.
LP status(13): user aborted
Cplex Time: 0.05sec (det. 13.44 ticks)

Solution aborted due to user request.
--- Reading solution for model schedule
--- Executing after solve: elapsed 0:00:01.788
--- main_for_lr.gms(1570) 23 Mb
--- Generating MIP model schedule_scenario
--- main_for_lr.gms(1514) 23 Mb
--- Starting Equ Objective_scenario: elapsed 0:00:01.788
--- main_for_lr.gms(1498) 23 Mb
--- Starting Equ Const1_scenario: elapsed 0:00:01.788
--- main_for_lr.gms(1503) 23 Mb
--- Starting Equ Const_chance_1_scenario: elapsed 0:00:01.795
--- main_for_lr.gms(1573) 23 Mb
--- LOOPS rs = scen1
---   48 rows  97 columns  213 non-zeroes
--- Executing CPLEX (Solvelink=5): elapsed 0:00:01.805

IBM ILOG CPLEX   32.2.0 rc62c018 Released Aug 26, 2020 WEI x86 64bit/MS Window
--- GAMS/Cplex Link licensed for continuous and discrete problems.
Cplex 12.10.0.0

Reading data...
Starting Cplex...
Space for names approximately 0.00 Mb
Use option 'names no' to turn use of names off
Version identifier: 12.10.0.0 | 2019-11-26 | 843d4de2ae
CPXPARAM_Advance                                 0
CPXPARAM_Threads                                 8
CPXPARAM_Parallel                                1
CPXPARAM_TimeLimit                               2100
CPXPARAM_Tune_TimeLimit                          420
Tried aggregator 1 time.
LP Presolve eliminated 10 rows and 13 columns.
Reduced LP has 38 rows, 84 columns, and 136 nonzeros.
Presolve time = 0.00 sec. (0.07 ticks)
Initializing dual steep norms . . .

Iteration log . . .
Iteration:     1   Dual infeasibility =             0.285410
Iteration:     8   Dual objective     =          -332.091724
LP status(1): optimal
Cplex Time: 0.02sec (det. 0.15 ticks)

Optimal solution found.
Objective :        -299.908020

--- Reading solution for model schedule_scenario
--- Executing after solve: elapsed 0:00:01.837
--- main_for_lr.gms(1570) 23 Mb
--- Generating MIP model schedule_scenario
--- main_for_lr.gms(1514) 23 Mb
--- Starting Equ Objective_scenario: elapsed 0:00:01.837
--- main_for_lr.gms(1498) 23 Mb
--- Starting Equ Const1_scenario: elapsed 0:00:01.837
--- main_for_lr.gms(1503) 23 Mb
--- Starting Equ Const_chance_1_scenario: elapsed 0:00:01.837
--- main_for_lr.gms(1573) 23 Mb
--- LOOPS rs = scen2
---   48 rows  97 columns  213 non-zeroes
--- Executing CPLEX (Solvelink=5): elapsed 0:00:01.837

IBM ILOG CPLEX   32.2.0 rc62c018 Released Aug 26, 2020 WEI x86 64bit/MS Window
--- GAMS/Cplex Link licensed for continuous and discrete problems.
Cplex 12.10.0.0

Reading data...
Starting Cplex...
Space for names approximately 0.00 Mb
Use option 'names no' to turn use of names off
Version identifier: 12.10.0.0 | 2019-11-26 | 843d4de2ae
CPXPARAM_Advance                                 0
CPXPARAM_Threads                                 8
CPXPARAM_Parallel                                1
CPXPARAM_TimeLimit                               2100
CPXPARAM_Tune_TimeLimit                          420
Tried aggregator 1 time.
LP Presolve eliminated 10 rows and 13 columns.
Reduced LP has 38 rows, 84 columns, and 136 nonzeros.
Presolve time = 0.00 sec. (0.07 ticks)
Initializing dual steep norms . . .

Iteration log . . .
Iteration:     1   Dual infeasibility =             0.285410
Iteration:     8   Dual objective     =          -330.334345
LP status(1): optimal
Cplex Time: 0.00sec (det. 0.15 ticks)

Optimal solution found.
Objective :        -298.522846

--- Reading solution for model schedule_scenario
--- Executing after solve: elapsed 0:00:01.856
--- main_for_lr.gms(1570) 23 Mb
--- Generating MIP model schedule_scenario
--- main_for_lr.gms(1514) 23 Mb
--- Starting Equ Objective_scenario: elapsed 0:00:01.856
--- main_for_lr.gms(1498) 23 Mb
--- Starting Equ Const1_scenario: elapsed 0:00:01.856
--- main_for_lr.gms(1503) 23 Mb
--- Starting Equ Const_chance_1_scenario: elapsed 0:00:01.872
--- main_for_lr.gms(1573) 23 Mb
--- LOOPS rs = scen3
---   48 rows  97 columns  213 non-zeroes
--- Executing CPLEX (Solvelink=5): elapsed 0:00:01.872

IBM ILOG CPLEX   32.2.0 rc62c018 Released Aug 26, 2020 WEI x86 64bit/MS Window
--- GAMS/Cplex Link licensed for continuous and discrete problems.
Cplex 12.10.0.0

Reading data...
Starting Cplex...
Space for names approximately 0.00 Mb
Use option 'names no' to turn use of names off
Version identifier: 12.10.0.0 | 2019-11-26 | 843d4de2ae
CPXPARAM_Advance                                 0
CPXPARAM_Threads                                 8
CPXPARAM_Parallel                                1
CPXPARAM_TimeLimit                               2100
CPXPARAM_Tune_TimeLimit                          420
Tried aggregator 1 time.
LP Presolve eliminated 10 rows and 13 columns.
Reduced LP has 38 rows, 84 columns, and 136 nonzeros.
Presolve time = 0.00 sec. (0.07 ticks)
Initializing dual steep norms . . .

Iteration log . . .
Iteration:     1   Dual infeasibility =             0.285410
Iteration:     8   Dual objective     =          -338.146846
LP status(1): optimal
Cplex Time: 0.00sec (det. 0.15 ticks)

Optimal solution found.
Objective :        -306.286280

--- Reading solution for model schedule_scenario
--- Executing after solve: elapsed 0:00:01.903
--- main_for_lr.gms(1570) 23 Mb
--- Generating MIP model schedule_scenario
--- main_for_lr.gms(1514) 23 Mb
--- Starting Equ Objective_scenario: elapsed 0:00:01.903
--- main_for_lr.gms(1498) 23 Mb
--- Starting Equ Const1_scenario: elapsed 0:00:01.903
--- main_for_lr.gms(1503) 23 Mb
--- Starting Equ Const_chance_1_scenario: elapsed 0:00:01.911
--- main_for_lr.gms(1573) 23 Mb
--- LOOPS rs = scen4
---   48 rows  97 columns  213 non-zeroes
--- Executing CPLEX (Solvelink=5): elapsed 0:00:01.918

IBM ILOG CPLEX   32.2.0 rc62c018 Released Aug 26, 2020 WEI x86 64bit/MS Window
--- GAMS/Cplex Link licensed for continuous and discrete problems.
Cplex 12.10.0.0

Reading data...
Starting Cplex...
Space for names approximately 0.00 Mb
Use option 'names no' to turn use of names off
Version identifier: 12.10.0.0 | 2019-11-26 | 843d4de2ae
CPXPARAM_Advance                                 0
CPXPARAM_Threads                                 8
CPXPARAM_Parallel                                1
CPXPARAM_TimeLimit                               2100
CPXPARAM_Tune_TimeLimit                          420
Tried aggregator 1 time.
LP Presolve eliminated 10 rows and 13 columns.
Reduced LP has 38 rows, 84 columns, and 136 nonzeros.
Presolve time = 0.00 sec. (0.07 ticks)
Initializing dual steep norms . . .

Iteration log . . .
Iteration:     1   Dual infeasibility =             0.285410
Iteration:     8   Dual objective     =          -333.679115
LP status(1): optimal
Cplex Time: 0.00sec (det. 0.15 ticks)

Optimal solution found.
Objective :        -301.848769

--- Reading solution for model schedule_scenario
--- Executing after solve: elapsed 0:00:01.931
--- main_for_lr.gms(1570) 23 Mb
--- Generating MIP model schedule_scenario
--- main_for_lr.gms(1514) 23 Mb
--- Starting Equ Objective_scenario: elapsed 0:00:01.931
--- main_for_lr.gms(1498) 23 Mb
--- Starting Equ Const1_scenario: elapsed 0:00:01.931
--- main_for_lr.gms(1503) 23 Mb
--- Starting Equ Const_chance_1_scenario: elapsed 0:00:01.931
--- main_for_lr.gms(1573) 23 Mb
--- LOOPS rs = scen5
---   48 rows  97 columns  213 non-zeroes
--- Executing CPLEX (Solvelink=5): elapsed 0:00:01.946

IBM ILOG CPLEX   32.2.0 rc62c018 Released Aug 26, 2020 WEI x86 64bit/MS Window
--- GAMS/Cplex Link licensed for continuous and discrete problems.
Cplex 12.10.0.0

Reading data...
Starting Cplex...
Space for names approximately 0.00 Mb
Use option 'names no' to turn use of names off
Version identifier: 12.10.0.0 | 2019-11-26 | 843d4de2ae
CPXPARAM_Advance                                 0
CPXPARAM_Threads                                 8
CPXPARAM_Parallel                                1
CPXPARAM_TimeLimit                               2100
CPXPARAM_Tune_TimeLimit                          420
Tried aggregator 1 time.
LP Presolve eliminated 10 rows and 13 columns.
Reduced LP has 38 rows, 84 columns, and 136 nonzeros.
Presolve time = 0.00 sec. (0.07 ticks)
Initializing dual steep norms . . .

Iteration log . . .
Iteration:     1   Dual infeasibility =             0.285410
Iteration:     8   Dual objective     =          -328.928401
LP status(1): optimal
Cplex Time: 0.00sec (det. 0.15 ticks)

Optimal solution found.
Objective :        -296.999457

--- Reading solution for model schedule_scenario
--- Executing after solve: elapsed 0:00:01.972
--- main_for_lr.gms(1570) 23 Mb
--- Generating MIP model schedule_scenario
--- main_for_lr.gms(1514) 23 Mb
--- Starting Equ Objective_scenario: elapsed 0:00:01.972
--- main_for_lr.gms(1498) 23 Mb
--- Starting Equ Const1_scenario: elapsed 0:00:01.972
--- main_for_lr.gms(1503) 23 Mb
--- Starting Equ Const_chance_1_scenario: elapsed 0:00:01.972
--- main_for_lr.gms(1573) 23 Mb
--- LOOPS rs = scen6
---   48 rows  97 columns  213 non-zeroes
--- Executing CPLEX (Solvelink=5): elapsed 0:00:01.972

IBM ILOG CPLEX   32.2.0 rc62c018 Released Aug 26, 2020 WEI x86 64bit/MS Window
--- GAMS/Cplex Link licensed for continuous and discrete problems.
Cplex 12.10.0.0

Reading data...
Starting Cplex...
Space for names approximately 0.00 Mb
Use option 'names no' to turn use of names off
Version identifier: 12.10.0.0 | 2019-11-26 | 843d4de2ae
CPXPARAM_Advance                                 0
CPXPARAM_Threads                                 8
CPXPARAM_Parallel                                1
CPXPARAM_TimeLimit                               2100
CPXPARAM_Tune_TimeLimit                          420
Tried aggregator 1 time.
LP Presolve eliminated 10 rows and 13 columns.
Reduced LP has 38 rows, 84 columns, and 136 nonzeros.
Presolve time = 0.00 sec. (0.07 ticks)
Initializing dual steep norms . . .

Iteration log . . .
Iteration:     1   Dual infeasibility =             0.285410
Iteration:     8   Dual objective     =          -329.496392
LP status(1): optimal
Cplex Time: 0.00sec (det. 0.15 ticks)

Optimal solution found.
Objective :        -297.437675

--- Reading solution for model schedule_scenario
--- Executing after solve: elapsed 0:00:02.003
--- main_for_lr.gms(1570) 23 Mb
--- Generating MIP model schedule_scenario
--- main_for_lr.gms(1514) 23 Mb
--- Starting Equ Objective_scenario: elapsed 0:00:02.003
--- main_for_lr.gms(1498) 23 Mb
--- Starting Equ Const1_scenario: elapsed 0:00:02.003
--- main_for_lr.gms(1503) 23 Mb
--- Starting Equ Const_chance_1_scenario: elapsed 0:00:02.003
--- main_for_lr.gms(1573) 23 Mb
--- LOOPS rs = scen7
---   48 rows  97 columns  213 non-zeroes
--- Executing CPLEX (Solvelink=5): elapsed 0:00:02.003

IBM ILOG CPLEX   32.2.0 rc62c018 Released Aug 26, 2020 WEI x86 64bit/MS Window
--- GAMS/Cplex Link licensed for continuous and discrete problems.
Cplex 12.10.0.0

Reading data...
Starting Cplex...
Space for names approximately 0.00 Mb
Use option 'names no' to turn use of names off
Version identifier: 12.10.0.0 | 2019-11-26 | 843d4de2ae
CPXPARAM_Advance                                 0
CPXPARAM_Threads                                 8
CPXPARAM_Parallel                                1
CPXPARAM_TimeLimit                               2100
CPXPARAM_Tune_TimeLimit                          420
Tried aggregator 1 time.
LP Presolve eliminated 10 rows and 13 columns.
Reduced LP has 38 rows, 84 columns, and 136 nonzeros.
Presolve time = 0.02 sec. (0.07 ticks)
Initializing dual steep norms . . .

Iteration log . . .
Iteration:     1   Dual infeasibility =             0.285410
Iteration:     8   Dual objective     =          -327.074142
LP status(1): optimal
Cplex Time: 0.02sec (det. 0.15 ticks)

Optimal solution found.
Objective :        -295.047274

--- Reading solution for model schedule_scenario
--- Executing after solve: elapsed 0:00:02.029
--- main_for_lr.gms(1570) 23 Mb
--- Generating MIP model schedule_scenario
--- main_for_lr.gms(1514) 23 Mb
--- Starting Equ Objective_scenario: elapsed 0:00:02.029
--- main_for_lr.gms(1498) 23 Mb
--- Starting Equ Const1_scenario: elapsed 0:00:02.029
--- main_for_lr.gms(1503) 23 Mb
--- Starting Equ Const_chance_1_scenario: elapsed 0:00:02.044
--- main_for_lr.gms(1573) 23 Mb
--- LOOPS rs = scen8
---   48 rows  97 columns  213 non-zeroes
--- Executing CPLEX (Solvelink=5): elapsed 0:00:02.044

IBM ILOG CPLEX   32.2.0 rc62c018 Released Aug 26, 2020 WEI x86 64bit/MS Window
--- GAMS/Cplex Link licensed for continuous and discrete problems.
Cplex 12.10.0.0

Reading data...
Starting Cplex...
Space for names approximately 0.00 Mb
Use option 'names no' to turn use of names off
Version identifier: 12.10.0.0 | 2019-11-26 | 843d4de2ae
CPXPARAM_Advance                                 0
CPXPARAM_Threads                                 8
CPXPARAM_Parallel                                1
CPXPARAM_TimeLimit                               2100
CPXPARAM_Tune_TimeLimit                          420
Tried aggregator 1 time.
LP Presolve eliminated 10 rows and 13 columns.
Reduced LP has 38 rows, 84 columns, and 136 nonzeros.
Presolve time = 0.00 sec. (0.07 ticks)
Initializing dual steep norms . . .

Iteration log . . .
Iteration:     1   Dual infeasibility =             0.285410
Iteration:     8   Dual objective     =          -319.077021
LP status(1): optimal
Cplex Time: 0.00sec (det. 0.15 ticks)

Optimal solution found.
Objective :        -286.983319

--- Reading solution for model schedule_scenario
--- Executing after solve: elapsed 0:00:02.072
--- main_for_lr.gms(1570) 23 Mb
--- Generating MIP model schedule_scenario
--- main_for_lr.gms(1514) 23 Mb
--- Starting Equ Objective_scenario: elapsed 0:00:02.072
--- main_for_lr.gms(1498) 23 Mb
--- Starting Equ Const1_scenario: elapsed 0:00:02.072
--- main_for_lr.gms(1503) 23 Mb
--- Starting Equ Const_chance_1_scenario: elapsed 0:00:02.072
--- main_for_lr.gms(1573) 23 Mb
--- LOOPS rs = scen9
---   48 rows  97 columns  213 non-zeroes
--- Executing CPLEX (Solvelink=5): elapsed 0:00:02.072

IBM ILOG CPLEX   32.2.0 rc62c018 Released Aug 26, 2020 WEI x86 64bit/MS Window
--- GAMS/Cplex Link licensed for continuous and discrete problems.
Cplex 12.10.0.0

Reading data...
Starting Cplex...
Space for names approximately 0.00 Mb
Use option 'names no' to turn use of names off
Version identifier: 12.10.0.0 | 2019-11-26 | 843d4de2ae
CPXPARAM_Advance                                 0
CPXPARAM_Threads                                 8
CPXPARAM_Parallel                                1
CPXPARAM_TimeLimit                               2100
CPXPARAM_Tune_TimeLimit                          420
Tried aggregator 1 time.
LP Presolve eliminated 10 rows and 13 columns.
Reduced LP has 38 rows, 84 columns, and 136 nonzeros.
Presolve time = 0.00 sec. (0.07 ticks)
Initializing dual steep norms . . .

Iteration log . . .
Iteration:     1   Dual infeasibility =             0.285410
Iteration:     8   Dual objective     =          -323.689407
LP status(1): optimal
Cplex Time: 0.00sec (det. 0.15 ticks)

Optimal solution found.
Objective :        -291.564973

--- Reading solution for model schedule_scenario
--- Executing after solve: elapsed 0:00:02.103
--- main_for_lr.gms(1570) 23 Mb
--- Generating MIP model schedule_scenario
--- main_for_lr.gms(1514) 23 Mb
--- Starting Equ Objective_scenario: elapsed 0:00:02.103
--- main_for_lr.gms(1498) 23 Mb
--- Starting Equ Const1_scenario: elapsed 0:00:02.103
--- main_for_lr.gms(1503) 23 Mb
--- Starting Equ Const_chance_1_scenario: elapsed 0:00:02.103
--- main_for_lr.gms(1573) 23 Mb
--- LOOPS rs = scen10
---   48 rows  97 columns  213 non-zeroes
--- Executing CPLEX (Solvelink=5): elapsed 0:00:02.103

IBM ILOG CPLEX   32.2.0 rc62c018 Released Aug 26, 2020 WEI x86 64bit/MS Window
--- GAMS/Cplex Link licensed for continuous and discrete problems.
Cplex 12.10.0.0

Reading data...
Starting Cplex...
Space for names approximately 0.00 Mb
Use option 'names no' to turn use of names off
Version identifier: 12.10.0.0 | 2019-11-26 | 843d4de2ae
CPXPARAM_Advance                                 0
CPXPARAM_Threads                                 8
CPXPARAM_Parallel                                1
CPXPARAM_TimeLimit                               2100
CPXPARAM_Tune_TimeLimit                          420
Tried aggregator 1 time.
LP Presolve eliminated 10 rows and 13 columns.
Reduced LP has 38 rows, 84 columns, and 136 nonzeros.
Presolve time = 0.00 sec. (0.07 ticks)
Initializing dual steep norms . . .

Iteration log . . .
Iteration:     1   Dual infeasibility =             0.285410
Iteration:     8   Dual objective     =          -331.112028
LP status(1): optimal
Cplex Time: 0.00sec (det. 0.15 ticks)

Optimal solution found.
Objective :        -299.126548

--- Reading solution for model schedule_scenario
--- Executing after solve: elapsed 0:00:02.134
--- main_for_lr.gms(1570) 23 Mb
--- Generating MIP model schedule_scenario
--- main_for_lr.gms(1514) 23 Mb
--- Starting Equ Objective_scenario: elapsed 0:00:02.134
--- main_for_lr.gms(1498) 23 Mb
--- Starting Equ Const1_scenario: elapsed 0:00:02.134
--- main_for_lr.gms(1503) 23 Mb
--- Starting Equ Const_chance_1_scenario: elapsed 0:00:02.134
--- main_for_lr.gms(1573) 23 Mb
--- LOOPS rs = scen11
---   48 rows  97 columns  213 non-zeroes
--- Executing CPLEX (Solvelink=5): elapsed 0:00:02.150

IBM ILOG CPLEX   32.2.0 rc62c018 Released Aug 26, 2020 WEI x86 64bit/MS Window
--- GAMS/Cplex Link licensed for continuous and discrete problems.
Cplex 12.10.0.0

Reading data...
Starting Cplex...
Space for names approximately 0.00 Mb
Use option 'names no' to turn use of names off
Version identifier: 12.10.0.0 | 2019-11-26 | 843d4de2ae
CPXPARAM_Advance                                 0
CPXPARAM_Threads                                 8
CPXPARAM_Parallel                                1
CPXPARAM_TimeLimit                               2100
CPXPARAM_Tune_TimeLimit                          420
Tried aggregator 1 time.
LP Presolve eliminated 11 rows and 14 columns.
Reduced LP has 37 rows, 83 columns, and 133 nonzeros.
Presolve time = 0.00 sec. (0.07 ticks)
Initializing dual steep norms . . .

Iteration log . . .
Iteration:     1   Dual infeasibility =             0.218332
Iteration:     8   Dual objective     =          -334.516644
LP status(1): optimal
Cplex Time: 0.00sec (det. 0.16 ticks)

Optimal solution found.
Objective :        -302.952569

--- Reading solution for model schedule_scenario
--- Executing after solve: elapsed 0:00:02.172
--- main_for_lr.gms(1570) 23 Mb
--- Generating MIP model schedule_scenario
--- main_for_lr.gms(1514) 23 Mb
--- Starting Equ Objective_scenario: elapsed 0:00:02.172
--- main_for_lr.gms(1498) 23 Mb
--- Starting Equ Const1_scenario: elapsed 0:00:02.172
--- main_for_lr.gms(1503) 23 Mb
--- Starting Equ Const_chance_1_scenario: elapsed 0:00:02.172
--- main_for_lr.gms(1573) 23 Mb
--- LOOPS rs = scen12
---   48 rows  97 columns  213 non-zeroes
--- Executing CPLEX (Solvelink=5): elapsed 0:00:02.172

IBM ILOG CPLEX   32.2.0 rc62c018 Released Aug 26, 2020 WEI x86 64bit/MS Window
--- GAMS/Cplex Link licensed for continuous and discrete problems.
Cplex 12.10.0.0

Reading data...
Starting Cplex...
Space for names approximately 0.00 Mb
Use option 'names no' to turn use of names off
Version identifier: 12.10.0.0 | 2019-11-26 | 843d4de2ae
CPXPARAM_Advance                                 0
CPXPARAM_Threads                                 8
CPXPARAM_Parallel                                1
CPXPARAM_TimeLimit                               2100
CPXPARAM_Tune_TimeLimit                          420
Tried aggregator 1 time.
LP Presolve eliminated 11 rows and 14 columns.
Reduced LP has 37 rows, 83 columns, and 133 nonzeros.
Presolve time = 0.00 sec. (0.07 ticks)
Initializing dual steep norms . . .

Iteration log . . .
Iteration:     1   Dual infeasibility =             0.218332
Iteration:     8   Dual objective     =          -332.666177
LP status(1): optimal
Cplex Time: 0.00sec (det. 0.16 ticks)

Optimal solution found.
Objective :        -301.028856

--- Reading solution for model schedule_scenario
--- Executing after solve: elapsed 0:00:02.203
--- main_for_lr.gms(1570) 23 Mb
--- Generating MIP model schedule_scenario
--- main_for_lr.gms(1514) 23 Mb
--- Starting Equ Objective_scenario: elapsed 0:00:02.203
--- main_for_lr.gms(1498) 23 Mb
--- Starting Equ Const1_scenario: elapsed 0:00:02.203
--- main_for_lr.gms(1503) 23 Mb
--- Starting Equ Const_chance_1_scenario: elapsed 0:00:02.203
--- main_for_lr.gms(1573) 23 Mb
--- LOOPS rs = scen13
---   48 rows  97 columns  213 non-zeroes
--- Executing CPLEX (Solvelink=5): elapsed 0:00:02.219

IBM ILOG CPLEX   32.2.0 rc62c018 Released Aug 26, 2020 WEI x86 64bit/MS Window
--- GAMS/Cplex Link licensed for continuous and discrete problems.
Cplex 12.10.0.0

Reading data...
Starting Cplex...
Space for names approximately 0.00 Mb
Use option 'names no' to turn use of names off
Version identifier: 12.10.0.0 | 2019-11-26 | 843d4de2ae
CPXPARAM_Advance                                 0
CPXPARAM_Threads                                 8
CPXPARAM_Parallel                                1
CPXPARAM_TimeLimit                               2100
CPXPARAM_Tune_TimeLimit                          420
Tried aggregator 1 time.
LP Presolve eliminated 11 rows and 14 columns.
Reduced LP has 37 rows, 83 columns, and 133 nonzeros.
Presolve time = 0.00 sec. (0.07 ticks)
Initializing dual steep norms . . .

Iteration log . . .
Iteration:     1   Dual infeasibility =             0.218332
Iteration:     8   Dual objective     =          -333.939012
LP status(1): optimal
Cplex Time: 0.02sec (det. 0.16 ticks)

Optimal solution found.
Objective :        -302.431403

--- Reading solution for model schedule_scenario
--- Executing after solve: elapsed 0:00:02.240
--- main_for_lr.gms(1570) 23 Mb
--- Generating MIP model schedule_scenario
--- main_for_lr.gms(1514) 23 Mb
--- Starting Equ Objective_scenario: elapsed 0:00:02.240
--- main_for_lr.gms(1498) 23 Mb
--- Starting Equ Const1_scenario: elapsed 0:00:02.240
--- main_for_lr.gms(1503) 23 Mb
--- Starting Equ Const_chance_1_scenario: elapsed 0:00:02.240
--- main_for_lr.gms(1573) 23 Mb
--- LOOPS rs = scen14
---   48 rows  97 columns  213 non-zeroes
--- Executing CPLEX (Solvelink=5): elapsed 0:00:02.257

IBM ILOG CPLEX   32.2.0 rc62c018 Released Aug 26, 2020 WEI x86 64bit/MS Window
--- GAMS/Cplex Link licensed for continuous and discrete problems.
Cplex 12.10.0.0

Reading data...
Starting Cplex...
Space for names approximately 0.00 Mb
Use option 'names no' to turn use of names off
Version identifier: 12.10.0.0 | 2019-11-26 | 843d4de2ae
CPXPARAM_Advance                                 0
CPXPARAM_Threads                                 8
CPXPARAM_Parallel                                1
CPXPARAM_TimeLimit                               2100
CPXPARAM_Tune_TimeLimit                          420
Tried aggregator 1 time.
LP Presolve eliminated 11 rows and 14 columns.
Reduced LP has 37 rows, 83 columns, and 133 nonzeros.
Presolve time = 0.00 sec. (0.07 ticks)
Initializing dual steep norms . . .

Iteration log . . .
Iteration:     1   Dual infeasibility =             0.218332
Iteration:     8   Dual objective     =          -338.954251
LP status(1): optimal
Cplex Time: 0.00sec (det. 0.16 ticks)

Optimal solution found.
Objective :        -307.564215

--- Reading solution for model schedule_scenario
--- Executing after solve: elapsed 0:00:02.272
--- main_for_lr.gms(1570) 23 Mb
--- Generating MIP model schedule_scenario
--- main_for_lr.gms(1514) 23 Mb
--- Starting Equ Objective_scenario: elapsed 0:00:02.272
--- main_for_lr.gms(1498) 23 Mb
--- Starting Equ Const1_scenario: elapsed 0:00:02.272
--- main_for_lr.gms(1503) 23 Mb
--- Starting Equ Const_chance_1_scenario: elapsed 0:00:02.272
--- main_for_lr.gms(1573) 23 Mb
--- LOOPS rs = scen15
---   48 rows  97 columns  213 non-zeroes
--- Executing CPLEX (Solvelink=5): elapsed 0:00:02.288

IBM ILOG CPLEX   32.2.0 rc62c018 Released Aug 26, 2020 WEI x86 64bit/MS Window
--- GAMS/Cplex Link licensed for continuous and discrete problems.
Cplex 12.10.0.0

Reading data...
Starting Cplex...
Space for names approximately 0.00 Mb
Use option 'names no' to turn use of names off
Version identifier: 12.10.0.0 | 2019-11-26 | 843d4de2ae
CPXPARAM_Advance                                 0
CPXPARAM_Threads                                 8
CPXPARAM_Parallel                                1
CPXPARAM_TimeLimit                               2100
CPXPARAM_Tune_TimeLimit                          420
Tried aggregator 1 time.
LP Presolve eliminated 11 rows and 14 columns.
Reduced LP has 37 rows, 83 columns, and 133 nonzeros.
Presolve time = 0.00 sec. (0.07 ticks)
Initializing dual steep norms . . .

Iteration log . . .
Iteration:     1   Dual infeasibility =             0.218332
Iteration:     8   Dual objective     =          -333.951668
LP status(1): optimal
Cplex Time: 0.00sec (det. 0.16 ticks)

Optimal solution found.
Objective :        -302.538706

--- Reading solution for model schedule_scenario
--- Executing after solve: elapsed 0:00:02.313
--- main_for_lr.gms(1570) 23 Mb
--- Generating MIP model schedule_scenario
--- main_for_lr.gms(1514) 23 Mb
--- Starting Equ Objective_scenario: elapsed 0:00:02.313
--- main_for_lr.gms(1498) 23 Mb
--- Starting Equ Const1_scenario: elapsed 0:00:02.313
--- main_for_lr.gms(1503) 23 Mb
--- Starting Equ Const_chance_1_scenario: elapsed 0:00:02.313
--- main_for_lr.gms(1573) 23 Mb
--- LOOPS rs = scen16
---   48 rows  97 columns  213 non-zeroes
--- Executing CPLEX (Solvelink=5): elapsed 0:00:02.313

IBM ILOG CPLEX   32.2.0 rc62c018 Released Aug 26, 2020 WEI x86 64bit/MS Window
--- GAMS/Cplex Link licensed for continuous and discrete problems.
Cplex 12.10.0.0

Reading data...
Starting Cplex...
Space for names approximately 0.00 Mb
Use option 'names no' to turn use of names off
Version identifier: 12.10.0.0 | 2019-11-26 | 843d4de2ae
CPXPARAM_Advance                                 0
CPXPARAM_Threads                                 8
CPXPARAM_Parallel                                1
CPXPARAM_TimeLimit                               2100
CPXPARAM_Tune_TimeLimit                          420
Tried aggregator 1 time.
LP Presolve eliminated 10 rows and 13 columns.
Reduced LP has 38 rows, 84 columns, and 136 nonzeros.
Presolve time = 0.00 sec. (0.07 ticks)
Initializing dual steep norms . . .

Iteration log . . .
Iteration:     1   Dual infeasibility =             0.285410
Iteration:     8   Dual objective     =          -330.721749
LP status(1): optimal
Cplex Time: 0.00sec (det. 0.15 ticks)

Optimal solution found.
Objective :        -298.879986

--- Reading solution for model schedule_scenario
--- Executing after solve: elapsed 0:00:02.343
--- main_for_lr.gms(1570) 23 Mb
--- Generating MIP model schedule_scenario
--- main_for_lr.gms(1514) 23 Mb
--- Starting Equ Objective_scenario: elapsed 0:00:02.343
--- main_for_lr.gms(1498) 23 Mb
--- Starting Equ Const1_scenario: elapsed 0:00:02.343
--- main_for_lr.gms(1503) 23 Mb
--- Starting Equ Const_chance_1_scenario: elapsed 0:00:02.343
--- main_for_lr.gms(1573) 23 Mb
--- LOOPS rs = scen17
---   48 rows  97 columns  213 non-zeroes
--- Executing CPLEX (Solvelink=5): elapsed 0:00:02.356

IBM ILOG CPLEX   32.2.0 rc62c018 Released Aug 26, 2020 WEI x86 64bit/MS Window
--- GAMS/Cplex Link licensed for continuous and discrete problems.
Cplex 12.10.0.0

Reading data...
Starting Cplex...
Space for names approximately 0.00 Mb
Use option 'names no' to turn use of names off
Version identifier: 12.10.0.0 | 2019-11-26 | 843d4de2ae
CPXPARAM_Advance                                 0
CPXPARAM_Threads                                 8
CPXPARAM_Parallel                                1
CPXPARAM_TimeLimit                               2100
CPXPARAM_Tune_TimeLimit                          420
Tried aggregator 1 time.
LP Presolve eliminated 10 rows and 13 columns.
Reduced LP has 38 rows, 84 columns, and 136 nonzeros.
Presolve time = 0.00 sec. (0.07 ticks)
Initializing dual steep norms . . .

Iteration log . . .
Iteration:     1   Dual infeasibility =             0.285410
Iteration:     8   Dual objective     =          -340.577876
LP status(1): optimal
Cplex Time: 0.00sec (det. 0.15 ticks)

Optimal solution found.
Objective :        -308.759051

--- Reading solution for model schedule_scenario
--- Executing after solve: elapsed 0:00:02.372
--- main_for_lr.gms(1570) 23 Mb
--- Generating MIP model schedule_scenario
--- main_for_lr.gms(1514) 23 Mb
--- Starting Equ Objective_scenario: elapsed 0:00:02.372
--- main_for_lr.gms(1498) 23 Mb
--- Starting Equ Const1_scenario: elapsed 0:00:02.372
--- main_for_lr.gms(1503) 23 Mb
--- Starting Equ Const_chance_1_scenario: elapsed 0:00:02.372
--- main_for_lr.gms(1573) 23 Mb
--- LOOPS rs = scen18
---   48 rows  97 columns  213 non-zeroes
--- Executing CPLEX (Solvelink=5): elapsed 0:00:02.388

IBM ILOG CPLEX   32.2.0 rc62c018 Released Aug 26, 2020 WEI x86 64bit/MS Window
--- GAMS/Cplex Link licensed for continuous and discrete problems.
Cplex 12.10.0.0

Reading data...
Starting Cplex...
Space for names approximately 0.00 Mb
Use option 'names no' to turn use of names off
Version identifier: 12.10.0.0 | 2019-11-26 | 843d4de2ae
CPXPARAM_Advance                                 0
CPXPARAM_Threads                                 8
CPXPARAM_Parallel                                1
CPXPARAM_TimeLimit                               2100
CPXPARAM_Tune_TimeLimit                          420
Tried aggregator 1 time.
LP Presolve eliminated 10 rows and 13 columns.
Reduced LP has 38 rows, 84 columns, and 136 nonzeros.
Presolve time = 0.00 sec. (0.07 ticks)
Initializing dual steep norms . . .

Iteration log . . .
Iteration:     1   Dual infeasibility =             0.285410
Iteration:     8   Dual objective     =          -339.764507
LP status(1): optimal
Cplex Time: 0.00sec (det. 0.15 ticks)

Optimal solution found.
Objective :        -307.959865

--- Reading solution for model schedule_scenario
--- Executing after solve: elapsed 0:00:02.403
--- main_for_lr.gms(1570) 23 Mb
--- Generating MIP model schedule_scenario
--- main_for_lr.gms(1514) 23 Mb
--- Starting Equ Objective_scenario: elapsed 0:00:02.403
--- main_for_lr.gms(1498) 23 Mb
--- Starting Equ Const1_scenario: elapsed 0:00:02.403
--- main_for_lr.gms(1503) 23 Mb
--- Starting Equ Const_chance_1_scenario: elapsed 0:00:02.419
--- main_for_lr.gms(1573) 23 Mb
--- LOOPS rs = scen19
---   48 rows  97 columns  213 non-zeroes
--- Executing CPLEX (Solvelink=5): elapsed 0:00:02.419

IBM ILOG CPLEX   32.2.0 rc62c018 Released Aug 26, 2020 WEI x86 64bit/MS Window
--- GAMS/Cplex Link licensed for continuous and discrete problems.
Cplex 12.10.0.0

Reading data...
Starting Cplex...
Space for names approximately 0.00 Mb
Use option 'names no' to turn use of names off
Version identifier: 12.10.0.0 | 2019-11-26 | 843d4de2ae
CPXPARAM_Advance                                 0
CPXPARAM_Threads                                 8
CPXPARAM_Parallel                                1
CPXPARAM_TimeLimit                               2100
CPXPARAM_Tune_TimeLimit                          420
Tried aggregator 1 time.
LP Presolve eliminated 10 rows and 13 columns.
Reduced LP has 38 rows, 84 columns, and 136 nonzeros.
Presolve time = 0.02 sec. (0.07 ticks)
Initializing dual steep norms . . .

Iteration log . . .
Iteration:     1   Dual infeasibility =             0.285410
Iteration:     8   Dual objective     =          -331.149211
LP status(1): optimal
Cplex Time: 0.02sec (det. 0.15 ticks)

Optimal solution found.
Objective :        -299.272009

--- Reading solution for model schedule_scenario
--- Executing after solve: elapsed 0:00:02.446
--- main_for_lr.gms(1570) 23 Mb
--- Generating MIP model schedule_scenario
--- main_for_lr.gms(1514) 23 Mb
--- Starting Equ Objective_scenario: elapsed 0:00:02.446
--- main_for_lr.gms(1498) 23 Mb
--- Starting Equ Const1_scenario: elapsed 0:00:02.446
--- main_for_lr.gms(1503) 23 Mb
--- Starting Equ Const_chance_1_scenario: elapsed 0:00:02.457
--- main_for_lr.gms(1573) 23 Mb
--- LOOPS rs = scen20
---   48 rows  97 columns  213 non-zeroes
--- Executing CPLEX (Solvelink=5): elapsed 0:00:02.457

IBM ILOG CPLEX   32.2.0 rc62c018 Released Aug 26, 2020 WEI x86 64bit/MS Window
--- GAMS/Cplex Link licensed for continuous and discrete problems.
Cplex 12.10.0.0

Reading data...
Starting Cplex...
Space for names approximately 0.00 Mb
Use option 'names no' to turn use of names off
Version identifier: 12.10.0.0 | 2019-11-26 | 843d4de2ae
CPXPARAM_Advance                                 0
CPXPARAM_Threads                                 8
CPXPARAM_Parallel                                1
CPXPARAM_TimeLimit                               2100
CPXPARAM_Tune_TimeLimit                          420
Tried aggregator 1 time.
LP Presolve eliminated 10 rows and 13 columns.
Reduced LP has 38 rows, 84 columns, and 136 nonzeros.
Presolve time = 0.00 sec. (0.07 ticks)
Initializing dual steep norms . . .

Iteration log . . .
Iteration:     1   Dual infeasibility =             0.285410
Iteration:     8   Dual objective     =          -338.482518
LP status(1): optimal
Cplex Time: 0.00sec (det. 0.15 ticks)

Optimal solution found.
Objective :        -306.458907

--- Reading solution for model schedule_scenario
--- Executing after solve: elapsed 0:00:02.473
--- main_for_lr.gms(1570) 23 Mb
--- Generating MIP model schedule_scenario
--- main_for_lr.gms(1514) 23 Mb
--- Starting Equ Objective_scenario: elapsed 0:00:02.473
--- main_for_lr.gms(1498) 23 Mb
--- Starting Equ Const1_scenario: elapsed 0:00:02.473
--- main_for_lr.gms(1503) 23 Mb
--- Starting Equ Const_chance_1_scenario: elapsed 0:00:02.473
--- main_for_lr.gms(1573) 23 Mb
--- LOOPS rs = scen21
---   48 rows  97 columns  213 non-zeroes
--- Executing CPLEX (Solvelink=5): elapsed 0:00:02.489

IBM ILOG CPLEX   32.2.0 rc62c018 Released Aug 26, 2020 WEI x86 64bit/MS Window
--- GAMS/Cplex Link licensed for continuous and discrete problems.
Cplex 12.10.0.0

Reading data...
Starting Cplex...
Space for names approximately 0.00 Mb
Use option 'names no' to turn use of names off
Version identifier: 12.10.0.0 | 2019-11-26 | 843d4de2ae
CPXPARAM_Advance                                 0
CPXPARAM_Threads                                 8
CPXPARAM_Parallel                                1
CPXPARAM_TimeLimit                               2100
CPXPARAM_Tune_TimeLimit                          420
Tried aggregator 1 time.
LP Presolve eliminated 10 rows and 13 columns.
Reduced LP has 38 rows, 84 columns, and 136 nonzeros.
Presolve time = 0.00 sec. (0.07 ticks)
Initializing dual steep norms . . .

Iteration log . . .
Iteration:     1   Dual infeasibility =             0.285410
Iteration:     8   Dual objective     =          -340.283525
LP status(1): optimal
Cplex Time: 0.00sec (det. 0.15 ticks)

Optimal solution found.
Objective :        -308.261622

--- Reading solution for model schedule_scenario
--- Executing after solve: elapsed 0:00:02.504
--- main_for_lr.gms(1570) 23 Mb
--- Generating MIP model schedule_scenario
--- main_for_lr.gms(1514) 23 Mb
--- Starting Equ Objective_scenario: elapsed 0:00:02.504
--- main_for_lr.gms(1498) 23 Mb
--- Starting Equ Const1_scenario: elapsed 0:00:02.504
--- main_for_lr.gms(1503) 23 Mb
--- Starting Equ Const_chance_1_scenario: elapsed 0:00:02.504
--- main_for_lr.gms(1573) 23 Mb
--- LOOPS rs = scen22
---   48 rows  97 columns  213 non-zeroes
--- Executing CPLEX (Solvelink=5): elapsed 0:00:02.520

IBM ILOG CPLEX   32.2.0 rc62c018 Released Aug 26, 2020 WEI x86 64bit/MS Window
--- GAMS/Cplex Link licensed for continuous and discrete problems.
Cplex 12.10.0.0

Reading data...
Starting Cplex...
Space for names approximately 0.00 Mb
Use option 'names no' to turn use of names off
Version identifier: 12.10.0.0 | 2019-11-26 | 843d4de2ae
CPXPARAM_Advance                                 0
CPXPARAM_Threads                                 8
CPXPARAM_Parallel                                1
CPXPARAM_TimeLimit                               2100
CPXPARAM_Tune_TimeLimit                          420
Tried aggregator 1 time.
LP Presolve eliminated 11 rows and 14 columns.
Reduced LP has 37 rows, 83 columns, and 133 nonzeros.
Presolve time = 0.00 sec. (0.07 ticks)
Initializing dual steep norms . . .

Iteration log . . .
Iteration:     1   Dual infeasibility =             0.218332
Iteration:     8   Dual objective     =          -336.623556
LP status(1): optimal
Cplex Time: 0.00sec (det. 0.16 ticks)

Optimal solution found.
Objective :        -304.963053

--- Reading solution for model schedule_scenario
--- Executing after solve: elapsed 0:00:02.535
--- main_for_lr.gms(1570) 23 Mb
--- Generating MIP model schedule_scenario
--- main_for_lr.gms(1514) 23 Mb
--- Starting Equ Objective_scenario: elapsed 0:00:02.535
--- main_for_lr.gms(1498) 23 Mb
--- Starting Equ Const1_scenario: elapsed 0:00:02.535
--- main_for_lr.gms(1503) 23 Mb
--- Starting Equ Const_chance_1_scenario: elapsed 0:00:02.550
--- main_for_lr.gms(1573) 23 Mb
--- LOOPS rs = scen23
---   48 rows  97 columns  213 non-zeroes
--- Executing CPLEX (Solvelink=5): elapsed 0:00:02.559

IBM ILOG CPLEX   32.2.0 rc62c018 Released Aug 26, 2020 WEI x86 64bit/MS Window
--- GAMS/Cplex Link licensed for continuous and discrete problems.
Cplex 12.10.0.0

Reading data...
Starting Cplex...
Space for names approximately 0.00 Mb
Use option 'names no' to turn use of names off
Version identifier: 12.10.0.0 | 2019-11-26 | 843d4de2ae
CPXPARAM_Advance                                 0
CPXPARAM_Threads                                 8
CPXPARAM_Parallel                                1
CPXPARAM_TimeLimit                               2100
CPXPARAM_Tune_TimeLimit                          420
Tried aggregator 1 time.
LP Presolve eliminated 10 rows and 13 columns.
Reduced LP has 38 rows, 84 columns, and 136 nonzeros.
Presolve time = 0.00 sec. (0.07 ticks)
Initializing dual steep norms . . .

Iteration log . . .
Iteration:     1   Dual infeasibility =             0.285410
Iteration:     8   Dual objective     =          -337.829429
LP status(1): optimal
Cplex Time: 0.00sec (det. 0.15 ticks)

Optimal solution found.
Objective :        -305.729834

--- Reading solution for model schedule_scenario
--- Executing after solve: elapsed 0:00:02.575
--- main_for_lr.gms(1570) 23 Mb
--- Generating MIP model schedule_scenario
--- main_for_lr.gms(1514) 23 Mb
--- Starting Equ Objective_scenario: elapsed 0:00:02.575
--- main_for_lr.gms(1498) 23 Mb
--- Starting Equ Const1_scenario: elapsed 0:00:02.575
--- main_for_lr.gms(1503) 23 Mb
--- Starting Equ Const_chance_1_scenario: elapsed 0:00:02.575
--- main_for_lr.gms(1573) 23 Mb
--- LOOPS rs = scen24
---   48 rows  97 columns  213 non-zeroes
--- Executing CPLEX (Solvelink=5): elapsed 0:00:02.591

IBM ILOG CPLEX   32.2.0 rc62c018 Released Aug 26, 2020 WEI x86 64bit/MS Window
--- GAMS/Cplex Link licensed for continuous and discrete problems.
Cplex 12.10.0.0

Reading data...
Starting Cplex...
Space for names approximately 0.00 Mb
Use option 'names no' to turn use of names off
Version identifier: 12.10.0.0 | 2019-11-26 | 843d4de2ae
CPXPARAM_Advance                                 0
CPXPARAM_Threads                                 8
CPXPARAM_Parallel                                1
CPXPARAM_TimeLimit                               2100
CPXPARAM_Tune_TimeLimit                          420
Tried aggregator 1 time.
LP Presolve eliminated 10 rows and 13 columns.
Reduced LP has 38 rows, 84 columns, and 136 nonzeros.
Presolve time = 0.00 sec. (0.07 ticks)
Initializing dual steep norms . . .

Iteration log . . .
Iteration:     1   Dual infeasibility =             0.285410
Iteration:     8   Dual objective     =          -337.725109
LP status(1): optimal
Cplex Time: 0.00sec (det. 0.15 ticks)

Optimal solution found.
Objective :        -305.687135

--- Reading solution for model schedule_scenario
--- Executing after solve: elapsed 0:00:02.606
--- main_for_lr.gms(1570) 23 Mb
--- Generating MIP model schedule_scenario
--- main_for_lr.gms(1514) 23 Mb
--- Starting Equ Objective_scenario: elapsed 0:00:02.606
--- main_for_lr.gms(1498) 23 Mb
--- Starting Equ Const1_scenario: elapsed 0:00:02.606
--- main_for_lr.gms(1503) 23 Mb
--- Starting Equ Const_chance_1_scenario: elapsed 0:00:02.606
--- main_for_lr.gms(1573) 23 Mb
--- LOOPS rs = scen25
---   48 rows  97 columns  213 non-zeroes
--- Executing CPLEX (Solvelink=5): elapsed 0:00:02.622

IBM ILOG CPLEX   32.2.0 rc62c018 Released Aug 26, 2020 WEI x86 64bit/MS Window
--- GAMS/Cplex Link licensed for continuous and discrete problems.
Cplex 12.10.0.0

Reading data...
Starting Cplex...
Space for names approximately 0.00 Mb
Use option 'names no' to turn use of names off
Version identifier: 12.10.0.0 | 2019-11-26 | 843d4de2ae
CPXPARAM_Advance                                 0
CPXPARAM_Threads                                 8
CPXPARAM_Parallel                                1
CPXPARAM_TimeLimit                               2100
CPXPARAM_Tune_TimeLimit                          420
Tried aggregator 1 time.
LP Presolve eliminated 9 rows and 12 columns.
Reduced LP has 39 rows, 85 columns, and 139 nonzeros.
Presolve time = 0.00 sec. (0.08 ticks)
Initializing dual steep norms . . .

Iteration log . . .
Iteration:     1   Dual infeasibility =             0.308042
Iteration:     7   Dual objective     =          -337.214919
LP status(1): optimal
Cplex Time: 0.00sec (det. 0.16 ticks)

Optimal solution found.
Objective :        -304.770679

--- Reading solution for model schedule_scenario
--- Executing after solve: elapsed 0:00:02.638
--- main_for_lr.gms(1570) 23 Mb
--- Generating MIP model schedule_scenario
--- main_for_lr.gms(1514) 23 Mb
--- Starting Equ Objective_scenario: elapsed 0:00:02.638
--- main_for_lr.gms(1498) 23 Mb
--- Starting Equ Const1_scenario: elapsed 0:00:02.653
--- main_for_lr.gms(1503) 23 Mb
--- Starting Equ Const_chance_1_scenario: elapsed 0:00:02.655
--- main_for_lr.gms(1573) 23 Mb
--- LOOPS rs = scen26
---   48 rows  97 columns  213 non-zeroes
*** Error at line 1573: Control C Event: execution halted
--- main_for_lr.gms(1573) 23 Mb 1 Error
*** SOLVE aborted
--- Profile Summary (1700 records processed)
     0.954   0.022GB      1548 Solve Alg  schedule
     0.313   0.009GB      1494 Equation   Objective (1)
     0.218   0.022GB      1548 Solve Fini schedule (127825)
     0.109   0.005GB      1417 Loop       
     0.047   0.022GB      1502 Equation   Const_chance_1 (14400)
     0.046   0.022GB      1548 Solve Read schedule
     0.032   0.022GB      1573 Solve Alg  schedule_scenario
     0.032   0.022GB      1573 Solve Read schedule_scenario
     0.031   0.018GB      1496 Equation   Const1 (13800)
     0.031   0.022GB      1573 Solve Alg  schedule_scenario
--- main_for_lr.gms(1573) 23 Mb 1 Error
*** Status: Execution error(s)
--- Job main_for_lr.gms Stop 11/11/21 11:27:55 elapsed 0:00:02.669
