--- Job main_for_naive.gms Start 12/13/21 14:26:24 32.2.0 rc62c018 WEX-WEI x86 64bit/MS Windows
--- Applying:
    C:\GAMS\32\gmsprmNT.txt
--- GAMS Parameters defined
    Input C:\Users\charl\OneDrive\Dokumente\A_Uni\HiWi\ArticleSubgradient\Code\SampleRun_Environment_Wind\900Scens\tol03\Scenario4\main_for_naive.gms
    PageSize 0
    ScrDir C:\Users\charl\OneDrive\Dokumente\A_Uni\HiWi\ArticleSubgradient\Code\SampleRun_Environment_Wind\900Scens\tol03\Scenario4\225a\
    SysDir C:\GAMS\32\
    LogOption 3
    ErrMsg 1
    ErrorLog 99
    IDE 1
    LstTitleLeftAligned 1
GAMS 32.2.0   Copyright (C) 1987-2020 GAMS Development. All rights reserved
Licensee: Small MUD - 5 User License                     S200323/0001AN-GEN
          Friedrich-Alexander-Universitaet Erlangen-Nurnberg         DC7699
          C:\GAMS\32\gamslice.txt
--- Starting compilation
--- main_for_naive.gms(13) 2 Mb
--- . input.gms(14) 3 Mb
--- .. wind_costs.csv(25) 3 Mb
--- . input.gms(24) 3 Mb
--- .. wind_scenarios.csv(901) 4 Mb
--- . input.gms(54) 4 Mb
--- .. sampled_dynamic_hi.csv(25) 4 Mb
--- . input.gms(127) 4 Mb
--- main_for_naive.gms(14) 4 Mb
--- . subgradient_parameters.gms(35) 4 Mb
--- main_for_naive.gms(15) 4 Mb
--- . equations.gms(123) 4 Mb
--- main_for_naive.gms(48) 4 Mb
--- Starting execution: elapsed 0:00:00.035
--- main_for_naive.gms(1257) 14 Mb
--- Generating MIP model schedule
--- main_for_naive.gms(1168) 14 Mb
--- Starting Equ Objective: elapsed 0:00:00.758
--- main_for_naive.gms(1177) 22 Mb
--- Starting Equ Const1_1: elapsed 0:00:01.770
--- main_for_naive.gms(1186) 42 Mb
--- Starting Equ Const1_2: elapsed 0:00:01.832
--- main_for_naive.gms(1195) 42 Mb
--- Starting Equ Const_3_1: elapsed 0:00:01.844
--- main_for_naive.gms(1198) 53 Mb
--- Starting Equ Const_3_2: elapsed 0:00:01.941
--- main_for_naive.gms(1204) 64 Mb
--- Starting Equ Const_4_1: elapsed 0:00:02.038
--- main_for_naive.gms(1208) 70 Mb
--- Starting Equ Const_4_2: elapsed 0:00:02.275
*** Error at line 1204: Execution halted: Triggered by pending CtrlC event
--- main_for_naive.gms(1258) 70 Mb 1 Error
*** SOLVE aborted
--- Profile Summary (5539 records processed)
     1.000   0.022GB      1168 Equation   Objective (1)
     0.657   0.006GB      1073 Loop       
     0.234   0.070GB      1204 Equation   Const_4_1 (33000)
     0.110   0.064GB      1198 Equation   Const_3_2 (34500)
     0.093   0.053GB      1195 Equation   Const_3_1 (34500)
     0.062   0.042GB      1177 Equation   Const1_1 (36000)
     0.032   0.006GB      1074 Loop       
     0.032   0.006GB      1074 Loop       
     0.032   0.006GB      1074 Loop       
     0.032   0.006GB      1074 Loop       
--- main_for_naive.gms(1258) 70 Mb 1 Error
*** Status: Execution error(s)
--- Job main_for_naive.gms Stop 12/13/21 14:26:26 elapsed 0:00:02.360
