--- Job fixed_problem_hi.gms Start 03/16/22 10:56:05 32.2.0 rc62c018 WEX-WEI x86 64bit/MS Windows
--- Applying:
    C:\GAMS\32\gmsprmNT.txt
--- GAMS Parameters defined
    Input C:\Users\charl\OneDrive\Dokumente\A_Uni\HiWi\ArticleSubgradient\Code\SampleRun_Environment_Solar\900Scens\tol07\Scenario1\fixed_problem_hi.gms
    PageSize 0
    ScrDir C:\Users\charl\OneDrive\Dokumente\A_Uni\HiWi\ArticleSubgradient\Code\SampleRun_Environment_Solar\900Scens\tol07\Scenario1\225c\
    SysDir C:\GAMS\32\
    LogOption 3
    ErrMsg 1
    ErrorLog 99
    IDE 1
    LstTitleLeftAligned 1
GAMS 32.2.0   Copyright (C) 1987-2020 GAMS Development. All rights reserved
Licensee: Small MUD - 5 User License                     S200323/0001AN-GEN
          Friedrich-Alexander-Universitaet Erlangen-Nurnberg         DC7699
          C:\GAMS\32\gamslice.txt
--- Starting compilation
--- fixed_problem_hi.gms(30) 3 Mb
--- . solar_scenarios.csv(901) 3 Mb
--- fixed_problem_hi.gms(53) 3 Mb 1 Error
*** Error 282 in C:\Users\charl\OneDrive\Dokumente\A_Uni\HiWi\ArticleSubgradient\Code\SampleRun_Environment_Solar\900Scens\tol07\Scenario1\fixed_problem_hi.gms
    Unable to open include file
--- fixed_problem_hi.gms(55) 3 Mb 2 Errors
*** Error 463 in C:\Users\charl\OneDrive\Dokumente\A_Uni\HiWi\ArticleSubgradient\Code\SampleRun_Environment_Solar\900Scens\tol07\Scenario1\fixed_problem_hi.gms
    The column section in the previous table is missing.
       You may want to use $ON/OFFEMPTY
--- fixed_problem_hi.gms(62) 3 Mb
--- . battery_revenue.csv(25) 3 Mb
--- fixed_problem_hi.gms(185) 3 Mb 3 Errors
*** Error 257 in C:\Users\charl\OneDrive\Dokumente\A_Uni\HiWi\ArticleSubgradient\Code\SampleRun_Environment_Solar\900Scens\tol07\Scenario1\fixed_problem_hi.gms
    Solve statement not checked because of previous errors
--- fixed_problem_hi.gms(188) 3 Mb 4 Errors
*** Error 141 in C:\Users\charl\OneDrive\Dokumente\A_Uni\HiWi\ArticleSubgradient\Code\SampleRun_Environment_Solar\900Scens\tol07\Scenario1\fixed_problem_hi.gms
    Symbol declared but no values have been assigned. Check for missing
       data definition, assignment, data loading or implicit assignment
       via a solve statement.
       A wild shot: You may have spurious commas in the explanatory
       text of a declaration. Check symbol reference list.
--- fixed_problem_hi.gms(216) 3 Mb 4 Errors
*** Status: Compilation error(s)
--- Job fixed_problem_hi.gms Stop 03/16/22 10:56:05 elapsed 0:00:00.095
