--- Job fixed_problem.gms Start 06/29/22 11:12:32 32.2.0 rc62c018 WEX-WEI x86 64bit/MS Windows
--- Applying:
    C:\GAMS\32\gmsprmNT.txt
--- GAMS Parameters defined
    Input C:\Users\charl\OneDrive\Dokumente\A_Uni\HiWi\ArticleSubgradient\Code\SampleRun_Environment_Solar\1500Scens\tol05\Scenario1\1500_05_1_Rule6\fixed_problem.gms
    PageSize 0
    ScrDir C:\Users\charl\OneDrive\Dokumente\A_Uni\HiWi\ArticleSubgradient\Code\SampleRun_Environment_Solar\1500Scens\tol05\Scenario1\1500_05_1_Rule6\225a\
    SysDir C:\GAMS\32\
    LogOption 3
    ErrMsg 1
    ErrorLog 99
    IDE 1
    LstTitleLeftAligned 1
GAMS 32.2.0   Copyright (C) 1987-2020 GAMS Development. All rights reserved
Licensee: Small MUD - 5 User License                     S200323/0001AN-GEN
          Friedrich-Alexander-Universitaet Erlangen-Nurnberg         DC7699
          C:\GAMS\32\gamslice.txt
--- Starting compilation
--- fixed_problem.gms(15) 2 Mb
--- . input.gms(8) 3 Mb
--- .. solar_scenarios.csv(1501) 4 Mb
--- . input.gms(22) 4 Mb
--- .. scenario_sorted.csv(1501) 4 Mb
--- . input.gms(38) 4 Mb
--- .. battery_revenue.csv(25) 4 Mb
--- . input.gms(105) 4 Mb
--- fixed_problem.gms(32) 4 Mb
--- . sampled_dynamic.csv(25) 4 Mb
--- fixed_problem.gms(44) 4 Mb
--- . equations_all.gms(76) 4 Mb
--- fixed_problem.gms(84) 4 Mb
--- Starting execution: elapsed 0:00:00.153
--- fixed_problem.gms(3283) 14 Mb
--- Generating MIP model schedule
--- fixed_problem.gms(3228) 14 Mb
--- Starting Equ Objective: elapsed 0:00:01.126
--- fixed_problem.gms(3230) 18 Mb
--- Starting Equ Const1: elapsed 0:00:01.687
*** Error at line 3228: Execution halted: Triggered by pending CtrlC event
--- fixed_problem.gms(3286) 18 Mb 1 Error
*** SOLVE aborted
--- Profile Summary (5533 records processed)
     0.906   0.006GB      3133 Loop       
     0.562   0.018GB      3228 Equation   Objective (1)
     0.063   0.005GB      3134 Loop       
     0.063   0.005GB      3134 Loop       
     0.063   0.006GB      3134 Loop       
     0.062   0.005GB      3134 Loop       
     0.047   0.006GB      3134 Loop       
     0.047   0.005GB      3134 Loop       
     0.047   0.005GB      3134 Loop       
     0.047   0.005GB      3134 Loop       
--- fixed_problem.gms(3286) 18 Mb 1 Error
*** Status: Execution error(s)
--- Job fixed_problem.gms Stop 06/29/22 11:12:34 elapsed 0:00:01.693
