--- Job main_for_lr6.gms Start 06/09/22 16:34:27 32.2.0 rc62c018 WEX-WEI x86 64bit/MS Windows
--- Applying:
    C:\GAMS\32\gmsprmNT.txt
--- GAMS Parameters defined
    Input C:\Users\charl\OneDrive\Dokumente\A_Uni\HiWi\ArticleSubgradient\Code\SampleRun_Environment_Solar\1500Scens\tol05\Scenario1\1500_05_1_Rule6\main_for_lr6.gms
    PageSize 0
    ScrDir C:\Users\charl\OneDrive\Dokumente\A_Uni\HiWi\ArticleSubgradient\Code\SampleRun_Environment_Solar\1500Scens\tol05\Scenario1\1500_05_1_Rule6\225a\
    SysDir C:\GAMS\32\
    LogOption 3
    ErrMsg 1
    ErrorLog 99
    IDE 1
    LstTitleLeftAligned 1
GAMS 32.2.0   Copyright (C) 1987-2020 GAMS Development. All rights reserved
Licensee: Small MUD - 5 User License                     S200323/0001AN-GEN
          Friedrich-Alexander-Universitaet Erlangen-Nurnberg         DC7699
          C:\GAMS\32\gamslice.txt
--- Starting compilation
--- main_for_lr6.gms(10) 2 Mb
--- . input.gms(8) 3 Mb
--- .. solar_scenarios.csv(1501) 4 Mb
--- . input.gms(22) 4 Mb
--- .. scenario_sorted.csv(1501) 4 Mb
--- . input.gms(38) 4 Mb
--- .. battery_revenue.csv(25) 4 Mb
--- . input.gms(105) 4 Mb
--- main_for_lr6.gms(11) 4 Mb
--- . subgradient_parameters.gms(31) 4 Mb
--- main_for_lr6.gms(12) 4 Mb
--- . equations_all.gms(76) 4 Mb
--- main_for_lr6.gms(13) 4 Mb
--- . lp_lowerbound.gms(12) 4 Mb
--- main_for_lr6.gms(14) 4 Mb
--- . heuristic_upperbound.gms(54) 4 Mb
--- main_for_lr6.gms(31) 4 Mb
--- call csv2gdx Naive.csv id=nv index=1 values=2..lastCol useHeader=y
No errors, CSV2GDX time = 15ms
--- main_for_lr6.gms(32) 4 Mb
--- GDXin=C:\Users\charl\OneDrive\Dokumente\A_Uni\HiWi\ArticleSubgradient\Code\SampleRun_Environment_Solar\1500Scens\tol05\Scenario1\1500_05_1_Rule6\Naive.gdx
--- main_for_lr6.gms(81) 4 Mb
--- . plain_lr.gms(16) 4 Mb
--- main_for_lr6.gms(87) 4 Mb
--- . LR_updates.gms(18) 4 Mb
--- .. stepsizes.gms(21) 4 Mb
--- . LR_updates.gms(59) 4 Mb
--- main_for_lr6.gms(113) 4 Mb
--- Starting execution: elapsed 0:00:00.710
--- main_for_lr6.gms(3255) 14 Mb
--- Generating RMIP model schedule
--- main_for_lr6.gms(3202) 14 Mb
--- Starting Equ Objective: elapsed 0:00:01.766
--- main_for_lr6.gms(3204) 18 Mb
--- Starting Equ Const1: elapsed 0:00:02.382
--- main_for_lr6.gms(3210) 38 Mb
--- Starting Equ Const_chance_1: elapsed 0:00:02.446
--- main_for_lr6.gms(3217) 50 Mb
--- Starting Equ Const_chance_2: elapsed 0:00:02.524
--- main_for_lr6.gms(3256) 50 Mb
---   70,502 rows  109,525 columns  319,525 non-zeroes
---   1,500 discrete-columns
--- Executing GUROBI (Solvelink=2): elapsed 0:00:02.690

Gurobi           32.2.0 rc62c018 Released Aug 26, 2020 WEI x86 64bit/MS Window

Gurobi link license.
*** Cannot initialize Gurobi environment.
*** Could be a missing or invalid license. (status=10009|10009)
--- Reading solution for model schedule
--- Executing after solve: elapsed 0:00:03.053
--- main_for_lr6.gms(3278) 50 Mb
--- Generating MIP model schedule_scenario
--- main_for_lr6.gms(3222) 51 Mb
--- Starting Equ Objective_scenario: elapsed 0:00:03.054
--- main_for_lr6.gms(3206) 51 Mb
--- Starting Equ Const1_scenario: elapsed 0:00:03.054
--- main_for_lr6.gms(3211) 51 Mb
--- Starting Equ Const_chance_1_scenario: elapsed 0:00:03.060
--- main_for_lr6.gms(3281) 51 Mb
--- LOOPS rs = scen1
---   48 rows  97 columns  213 non-zeroes
--- Executing GUROBI (Solvelink=5): elapsed 0:00:03.068

Gurobi           32.2.0 rc62c018 Released Aug 26, 2020 WEI x86 64bit/MS Window

GAMS/Gurobi demo/community requires a Gurobi license from Gurobi Optimization.
*** Cannot initialize Gurobi environment.
*** Could be a missing or invalid license. (status=10009|10009)
--- Reading solution for model schedule_scenario
--- Executing after solve: elapsed 0:00:03.091
--- main_for_lr6.gms(3278) 51 Mb
--- Generating MIP model schedule_scenario
--- main_for_lr6.gms(3222) 51 Mb
--- Starting Equ Objective_scenario: elapsed 0:00:03.091
--- main_for_lr6.gms(3206) 51 Mb
--- Starting Equ Const1_scenario: elapsed 0:00:03.092
--- main_for_lr6.gms(3211) 51 Mb
--- Starting Equ Const_chance_1_scenario: elapsed 0:00:03.097
--- main_for_lr6.gms(3281) 51 Mb
--- LOOPS rs = scen2
---   48 rows  97 columns  213 non-zeroes
--- Executing GUROBI (Solvelink=5): elapsed 0:00:03.104

Gurobi           32.2.0 rc62c018 Released Aug 26, 2020 WEI x86 64bit/MS Window

GAMS/Gurobi demo/community requires a Gurobi license from Gurobi Optimization.
*** Cannot initialize Gurobi environment.
*** Could be a missing or invalid license. (status=10009|10009)
--- Reading solution for model schedule_scenario
--- Executing after solve: elapsed 0:00:03.117
--- main_for_lr6.gms(3278) 51 Mb
--- Generating MIP model schedule_scenario
--- main_for_lr6.gms(3222) 51 Mb
--- Starting Equ Objective_scenario: elapsed 0:00:03.117
--- main_for_lr6.gms(3206) 51 Mb
--- Starting Equ Const1_scenario: elapsed 0:00:03.117
--- main_for_lr6.gms(3211) 51 Mb
--- Starting Equ Const_chance_1_scenario: elapsed 0:00:03.123
--- main_for_lr6.gms(3281) 51 Mb
--- LOOPS rs = scen3
---   48 rows  97 columns  213 non-zeroes
--- Executing GUROBI (Solvelink=5): elapsed 0:00:03.130

Gurobi           32.2.0 rc62c018 Released Aug 26, 2020 WEI x86 64bit/MS Window

GAMS/Gurobi demo/community requires a Gurobi license from Gurobi Optimization.
*** Cannot initialize Gurobi environment.
*** Could be a missing or invalid license. (status=10009|10009)
--- Reading solution for model schedule_scenario
--- Executing after solve: elapsed 0:00:03.144
--- main_for_lr6.gms(3278) 51 Mb
--- Generating MIP model schedule_scenario
--- main_for_lr6.gms(3222) 51 Mb
--- Starting Equ Objective_scenario: elapsed 0:00:03.144
--- main_for_lr6.gms(3206) 51 Mb
--- Starting Equ Const1_scenario: elapsed 0:00:03.144
--- main_for_lr6.gms(3211) 51 Mb
--- Starting Equ Const_chance_1_scenario: elapsed 0:00:03.150
--- main_for_lr6.gms(3281) 51 Mb
--- LOOPS rs = scen4
---   48 rows  97 columns  213 non-zeroes
--- Executing GUROBI (Solvelink=5): elapsed 0:00:03.157

Gurobi           32.2.0 rc62c018 Released Aug 26, 2020 WEI x86 64bit/MS Window

GAMS/Gurobi demo/community requires a Gurobi license from Gurobi Optimization.
*** Cannot initialize Gurobi environment.
*** Could be a missing or invalid license. (status=10009|10009)
--- Reading solution for model schedule_scenario
--- Executing after solve: elapsed 0:00:03.170
--- main_for_lr6.gms(3278) 51 Mb
--- Generating MIP model schedule_scenario
--- main_for_lr6.gms(3222) 51 Mb
--- Starting Equ Objective_scenario: elapsed 0:00:03.170
--- main_for_lr6.gms(3206) 51 Mb
--- Starting Equ Const1_scenario: elapsed 0:00:03.170
--- main_for_lr6.gms(3211) 51 Mb
--- Starting Equ Const_chance_1_scenario: elapsed 0:00:03.177
--- main_for_lr6.gms(3281) 51 Mb
--- LOOPS rs = scen5
---   48 rows  97 columns  213 non-zeroes
--- Executing GUROBI (Solvelink=5): elapsed 0:00:03.184

Gurobi           32.2.0 rc62c018 Released Aug 26, 2020 WEI x86 64bit/MS Window

GAMS/Gurobi demo/community requires a Gurobi license from Gurobi Optimization.
*** Cannot initialize Gurobi environment.
*** Could be a missing or invalid license. (status=10009|10009)
--- Reading solution for model schedule_scenario
--- Executing after solve: elapsed 0:00:03.195
--- main_for_lr6.gms(3278) 51 Mb
--- Generating MIP model schedule_scenario
--- main_for_lr6.gms(3222) 51 Mb
--- Starting Equ Objective_scenario: elapsed 0:00:03.196
--- main_for_lr6.gms(3206) 51 Mb
--- Starting Equ Const1_scenario: elapsed 0:00:03.196
--- main_for_lr6.gms(3211) 51 Mb
--- Starting Equ Const_chance_1_scenario: elapsed 0:00:03.202
--- main_for_lr6.gms(3281) 51 Mb
--- LOOPS rs = scen6
---   48 rows  97 columns  213 non-zeroes
--- Executing GUROBI (Solvelink=5): elapsed 0:00:03.210

Gurobi           32.2.0 rc62c018 Released Aug 26, 2020 WEI x86 64bit/MS Window

GAMS/Gurobi demo/community requires a Gurobi license from Gurobi Optimization.
*** Cannot initialize Gurobi environment.
*** Could be a missing or invalid license. (status=10009|10009)
--- Reading solution for model schedule_scenario
--- Executing after solve: elapsed 0:00:03.222
--- main_for_lr6.gms(3278) 51 Mb
--- Generating MIP model schedule_scenario
--- main_for_lr6.gms(3222) 51 Mb
--- Starting Equ Objective_scenario: elapsed 0:00:03.223
--- main_for_lr6.gms(3206) 51 Mb
--- Starting Equ Const1_scenario: elapsed 0:00:03.223
--- main_for_lr6.gms(3211) 51 Mb
--- Starting Equ Const_chance_1_scenario: elapsed 0:00:03.230
--- main_for_lr6.gms(3281) 51 Mb
--- LOOPS rs = scen7
---   48 rows  97 columns  213 non-zeroes
--- Executing GUROBI (Solvelink=5): elapsed 0:00:03.237

Gurobi           32.2.0 rc62c018 Released Aug 26, 2020 WEI x86 64bit/MS Window

GAMS/Gurobi demo/community requires a Gurobi license from Gurobi Optimization.
*** Cannot initialize Gurobi environment.
*** Could be a missing or invalid license. (status=10009|10009)
--- Reading solution for model schedule_scenario
--- Executing after solve: elapsed 0:00:03.248
--- main_for_lr6.gms(3278) 51 Mb
--- Generating MIP model schedule_scenario
--- main_for_lr6.gms(3222) 51 Mb
--- Starting Equ Objective_scenario: elapsed 0:00:03.248
--- main_for_lr6.gms(3206) 51 Mb
--- Starting Equ Const1_scenario: elapsed 0:00:03.248
--- main_for_lr6.gms(3211) 51 Mb
--- Starting Equ Const_chance_1_scenario: elapsed 0:00:03.253
--- main_for_lr6.gms(3281) 51 Mb
--- LOOPS rs = scen8
---   48 rows  97 columns  213 non-zeroes
--- Executing GUROBI (Solvelink=5): elapsed 0:00:03.260

Gurobi           32.2.0 rc62c018 Released Aug 26, 2020 WEI x86 64bit/MS Window

GAMS/Gurobi demo/community requires a Gurobi license from Gurobi Optimization.
*** Cannot initialize Gurobi environment.
*** Could be a missing or invalid license. (status=10009|10009)
--- Reading solution for model schedule_scenario
--- Executing after solve: elapsed 0:00:03.271
--- main_for_lr6.gms(3278) 51 Mb
--- Generating MIP model schedule_scenario
--- main_for_lr6.gms(3222) 51 Mb
--- Starting Equ Objective_scenario: elapsed 0:00:03.271
--- main_for_lr6.gms(3206) 51 Mb
--- Starting Equ Const1_scenario: elapsed 0:00:03.272
--- main_for_lr6.gms(3211) 51 Mb
--- Starting Equ Const_chance_1_scenario: elapsed 0:00:03.278
--- main_for_lr6.gms(3281) 51 Mb
--- LOOPS rs = scen9
---   48 rows  97 columns  213 non-zeroes
--- Executing GUROBI (Solvelink=5): elapsed 0:00:03.285

Gurobi           32.2.0 rc62c018 Released Aug 26, 2020 WEI x86 64bit/MS Window

GAMS/Gurobi demo/community requires a Gurobi license from Gurobi Optimization.
*** Cannot initialize Gurobi environment.
*** Could be a missing or invalid license. (status=10009|10009)
--- Reading solution for model schedule_scenario
--- Executing after solve: elapsed 0:00:03.297
--- main_for_lr6.gms(3278) 51 Mb
--- Generating MIP model schedule_scenario
--- main_for_lr6.gms(3222) 51 Mb
--- Starting Equ Objective_scenario: elapsed 0:00:03.297
--- main_for_lr6.gms(3206) 51 Mb
--- Starting Equ Const1_scenario: elapsed 0:00:03.298
--- main_for_lr6.gms(3211) 51 Mb
--- Starting Equ Const_chance_1_scenario: elapsed 0:00:03.303
--- main_for_lr6.gms(3281) 51 Mb
--- LOOPS rs = scen10
---   48 rows  97 columns  213 non-zeroes
--- Executing GUROBI (Solvelink=5): elapsed 0:00:03.309

Gurobi           32.2.0 rc62c018 Released Aug 26, 2020 WEI x86 64bit/MS Window

GAMS/Gurobi demo/community requires a Gurobi license from Gurobi Optimization.
*** Cannot initialize Gurobi environment.
*** Could be a missing or invalid license. (status=10009|10009)
--- Reading solution for model schedule_scenario
--- Executing after solve: elapsed 0:00:03.320
--- main_for_lr6.gms(3278) 51 Mb
--- Generating MIP model schedule_scenario
--- main_for_lr6.gms(3222) 51 Mb
--- Starting Equ Objective_scenario: elapsed 0:00:03.320
--- main_for_lr6.gms(3206) 51 Mb
--- Starting Equ Const1_scenario: elapsed 0:00:03.321
--- main_for_lr6.gms(3211) 51 Mb
--- Starting Equ Const_chance_1_scenario: elapsed 0:00:03.327
--- main_for_lr6.gms(3281) 51 Mb
--- LOOPS rs = scen11
---   48 rows  97 columns  213 non-zeroes
--- Executing GUROBI (Solvelink=5): elapsed 0:00:03.334

Gurobi           32.2.0 rc62c018 Released Aug 26, 2020 WEI x86 64bit/MS Window

GAMS/Gurobi demo/community requires a Gurobi license from Gurobi Optimization.
*** Cannot initialize Gurobi environment.
*** Could be a missing or invalid license. (status=10009|10009)
--- Reading solution for model schedule_scenario
--- Executing after solve: elapsed 0:00:03.344
--- main_for_lr6.gms(3278) 51 Mb
--- Generating MIP model schedule_scenario
--- main_for_lr6.gms(3222) 51 Mb
--- Starting Equ Objective_scenario: elapsed 0:00:03.344
--- main_for_lr6.gms(3206) 51 Mb
--- Starting Equ Const1_scenario: elapsed 0:00:03.345
--- main_for_lr6.gms(3211) 51 Mb
--- Starting Equ Const_chance_1_scenario: elapsed 0:00:03.351
--- main_for_lr6.gms(3281) 51 Mb
--- LOOPS rs = scen12
---   48 rows  97 columns  213 non-zeroes
--- Executing GUROBI (Solvelink=5): elapsed 0:00:03.357

Gurobi           32.2.0 rc62c018 Released Aug 26, 2020 WEI x86 64bit/MS Window

GAMS/Gurobi demo/community requires a Gurobi license from Gurobi Optimization.
*** Cannot initialize Gurobi environment.
*** Could be a missing or invalid license. (status=10009|10009)
--- Reading solution for model schedule_scenario
--- Executing after solve: elapsed 0:00:03.368
--- main_for_lr6.gms(3278) 51 Mb
--- Generating MIP model schedule_scenario
--- main_for_lr6.gms(3222) 51 Mb
--- Starting Equ Objective_scenario: elapsed 0:00:03.368
--- main_for_lr6.gms(3206) 51 Mb
--- Starting Equ Const1_scenario: elapsed 0:00:03.369
--- main_for_lr6.gms(3211) 51 Mb
--- Starting Equ Const_chance_1_scenario: elapsed 0:00:03.374
--- main_for_lr6.gms(3281) 51 Mb
--- LOOPS rs = scen13
---   48 rows  97 columns  213 non-zeroes
--- Executing GUROBI (Solvelink=5): elapsed 0:00:03.381

Gurobi           32.2.0 rc62c018 Released Aug 26, 2020 WEI x86 64bit/MS Window

GAMS/Gurobi demo/community requires a Gurobi license from Gurobi Optimization.
*** Cannot initialize Gurobi environment.
*** Could be a missing or invalid license. (status=10009|10009)
--- Reading solution for model schedule_scenario
--- Executing after solve: elapsed 0:00:03.392
--- main_for_lr6.gms(3278) 51 Mb
--- Generating MIP model schedule_scenario
--- main_for_lr6.gms(3222) 51 Mb
--- Starting Equ Objective_scenario: elapsed 0:00:03.393
--- main_for_lr6.gms(3206) 51 Mb
--- Starting Equ Const1_scenario: elapsed 0:00:03.393
--- main_for_lr6.gms(3211) 51 Mb
--- Starting Equ Const_chance_1_scenario: elapsed 0:00:03.399
--- main_for_lr6.gms(3281) 51 Mb
--- LOOPS rs = scen14
---   48 rows  97 columns  213 non-zeroes
--- Executing GUROBI (Solvelink=5): elapsed 0:00:03.406

Gurobi           32.2.0 rc62c018 Released Aug 26, 2020 WEI x86 64bit/MS Window

GAMS/Gurobi demo/community requires a Gurobi license from Gurobi Optimization.
*** Cannot initialize Gurobi environment.
*** Could be a missing or invalid license. (status=10009|10009)
--- Reading solution for model schedule_scenario
--- Executing after solve: elapsed 0:00:03.417
--- main_for_lr6.gms(3278) 51 Mb
--- Generating MIP model schedule_scenario
--- main_for_lr6.gms(3222) 51 Mb
--- Starting Equ Objective_scenario: elapsed 0:00:03.417
--- main_for_lr6.gms(3206) 51 Mb
--- Starting Equ Const1_scenario: elapsed 0:00:03.418
--- main_for_lr6.gms(3211) 51 Mb
--- Starting Equ Const_chance_1_scenario: elapsed 0:00:03.423
--- main_for_lr6.gms(3281) 51 Mb
--- LOOPS rs = scen15
---   48 rows  97 columns  213 non-zeroes
--- Executing GUROBI (Solvelink=5): elapsed 0:00:03.430

Gurobi           32.2.0 rc62c018 Released Aug 26, 2020 WEI x86 64bit/MS Window

GAMS/Gurobi demo/community requires a Gurobi license from Gurobi Optimization.
*** Cannot initialize Gurobi environment.
*** Could be a missing or invalid license. (status=10009|10009)
--- Reading solution for model schedule_scenario
--- Executing after solve: elapsed 0:00:03.441
--- main_for_lr6.gms(3278) 51 Mb
--- Generating MIP model schedule_scenario
--- main_for_lr6.gms(3222) 51 Mb
--- Starting Equ Objective_scenario: elapsed 0:00:03.441
--- main_for_lr6.gms(3206) 51 Mb
--- Starting Equ Const1_scenario: elapsed 0:00:03.442
--- main_for_lr6.gms(3211) 51 Mb
--- Starting Equ Const_chance_1_scenario: elapsed 0:00:03.448
--- main_for_lr6.gms(3281) 51 Mb
--- LOOPS rs = scen16
---   48 rows  97 columns  213 non-zeroes
--- Executing GUROBI (Solvelink=5): elapsed 0:00:03.455

Gurobi           32.2.0 rc62c018 Released Aug 26, 2020 WEI x86 64bit/MS Window

GAMS/Gurobi demo/community requires a Gurobi license from Gurobi Optimization.
*** Cannot initialize Gurobi environment.
*** Could be a missing or invalid license. (status=10009|10009)
--- Reading solution for model schedule_scenario
--- Executing after solve: elapsed 0:00:03.466
--- main_for_lr6.gms(3278) 51 Mb
--- Generating MIP model schedule_scenario
--- main_for_lr6.gms(3222) 51 Mb
--- Starting Equ Objective_scenario: elapsed 0:00:03.466
--- main_for_lr6.gms(3206) 51 Mb
--- Starting Equ Const1_scenario: elapsed 0:00:03.466
--- main_for_lr6.gms(3211) 51 Mb
--- Starting Equ Const_chance_1_scenario: elapsed 0:00:03.472
--- main_for_lr6.gms(3281) 51 Mb
--- LOOPS rs = scen17
---   48 rows  97 columns  213 non-zeroes
--- Executing GUROBI (Solvelink=5): elapsed 0:00:03.479

Gurobi           32.2.0 rc62c018 Released Aug 26, 2020 WEI x86 64bit/MS Window

GAMS/Gurobi demo/community requires a Gurobi license from Gurobi Optimization.
*** Cannot initialize Gurobi environment.
*** Could be a missing or invalid license. (status=10009|10009)
--- Reading solution for model schedule_scenario
--- Executing after solve: elapsed 0:00:03.489
--- main_for_lr6.gms(3278) 51 Mb
--- Generating MIP model schedule_scenario
--- main_for_lr6.gms(3222) 51 Mb
--- Starting Equ Objective_scenario: elapsed 0:00:03.490
--- main_for_lr6.gms(3206) 51 Mb
--- Starting Equ Const1_scenario: elapsed 0:00:03.490
--- main_for_lr6.gms(3211) 51 Mb
--- Starting Equ Const_chance_1_scenario: elapsed 0:00:03.497
--- main_for_lr6.gms(3281) 51 Mb
--- LOOPS rs = scen18
---   48 rows  97 columns  213 non-zeroes
--- Executing GUROBI (Solvelink=5): elapsed 0:00:03.503

Gurobi           32.2.0 rc62c018 Released Aug 26, 2020 WEI x86 64bit/MS Window

GAMS/Gurobi demo/community requires a Gurobi license from Gurobi Optimization.
*** Cannot initialize Gurobi environment.
*** Could be a missing or invalid license. (status=10009|10009)
--- Reading solution for model schedule_scenario
--- Executing after solve: elapsed 0:00:03.514
--- main_for_lr6.gms(3278) 51 Mb
--- Generating MIP model schedule_scenario
--- main_for_lr6.gms(3222) 51 Mb
--- Starting Equ Objective_scenario: elapsed 0:00:03.515
--- main_for_lr6.gms(3206) 51 Mb
--- Starting Equ Const1_scenario: elapsed 0:00:03.515
--- main_for_lr6.gms(3211) 51 Mb
--- Starting Equ Const_chance_1_scenario: elapsed 0:00:03.521
--- main_for_lr6.gms(3281) 51 Mb
--- LOOPS rs = scen19
---   48 rows  97 columns  213 non-zeroes
--- Executing GUROBI (Solvelink=5): elapsed 0:00:03.529

Gurobi           32.2.0 rc62c018 Released Aug 26, 2020 WEI x86 64bit/MS Window

GAMS/Gurobi demo/community requires a Gurobi license from Gurobi Optimization.
*** Cannot initialize Gurobi environment.
*** Could be a missing or invalid license. (status=10009|10009)
--- Reading solution for model schedule_scenario
--- Executing after solve: elapsed 0:00:03.541
--- main_for_lr6.gms(3278) 51 Mb
--- Generating MIP model schedule_scenario
--- main_for_lr6.gms(3222) 51 Mb
--- Starting Equ Objective_scenario: elapsed 0:00:03.541
--- main_for_lr6.gms(3206) 51 Mb
--- Starting Equ Const1_scenario: elapsed 0:00:03.541
--- main_for_lr6.gms(3211) 51 Mb
--- Starting Equ Const_chance_1_scenario: elapsed 0:00:03.548
--- main_for_lr6.gms(3281) 51 Mb
--- LOOPS rs = scen20
---   48 rows  97 columns  213 non-zeroes
--- Executing GUROBI (Solvelink=5): elapsed 0:00:03.555

Gurobi           32.2.0 rc62c018 Released Aug 26, 2020 WEI x86 64bit/MS Window

GAMS/Gurobi demo/community requires a Gurobi license from Gurobi Optimization.
*** Cannot initialize Gurobi environment.
*** Could be a missing or invalid license. (status=10009|10009)
--- Reading solution for model schedule_scenario
--- Executing after solve: elapsed 0:00:03.566
--- main_for_lr6.gms(3278) 51 Mb
--- Generating MIP model schedule_scenario
--- main_for_lr6.gms(3222) 51 Mb
--- Starting Equ Objective_scenario: elapsed 0:00:03.567
--- main_for_lr6.gms(3206) 51 Mb
--- Starting Equ Const1_scenario: elapsed 0:00:03.567
--- main_for_lr6.gms(3211) 51 Mb
--- Starting Equ Const_chance_1_scenario: elapsed 0:00:03.572
--- main_for_lr6.gms(3281) 51 Mb
--- LOOPS rs = scen21
---   48 rows  97 columns  213 non-zeroes
--- Executing GUROBI (Solvelink=5): elapsed 0:00:03.579

Gurobi           32.2.0 rc62c018 Released Aug 26, 2020 WEI x86 64bit/MS Window

GAMS/Gurobi demo/community requires a Gurobi license from Gurobi Optimization.
*** Cannot initialize Gurobi environment.
*** Could be a missing or invalid license. (status=10009|10009)
--- Reading solution for model schedule_scenario
--- Executing after solve: elapsed 0:00:03.589
--- main_for_lr6.gms(3278) 51 Mb
--- Generating MIP model schedule_scenario
--- main_for_lr6.gms(3222) 51 Mb
--- Starting Equ Objective_scenario: elapsed 0:00:03.589
--- main_for_lr6.gms(3206) 51 Mb
--- Starting Equ Const1_scenario: elapsed 0:00:03.590
--- main_for_lr6.gms(3211) 51 Mb
--- Starting Equ Const_chance_1_scenario: elapsed 0:00:03.595
--- main_for_lr6.gms(3281) 51 Mb
--- LOOPS rs = scen22
---   48 rows  97 columns  213 non-zeroes
--- Executing GUROBI (Solvelink=5): elapsed 0:00:03.604

Gurobi           32.2.0 rc62c018 Released Aug 26, 2020 WEI x86 64bit/MS Window

GAMS/Gurobi demo/community requires a Gurobi license from Gurobi Optimization.
*** Cannot initialize Gurobi environment.
*** Could be a missing or invalid license. (status=10009|10009)
--- Reading solution for model schedule_scenario
--- Executing after solve: elapsed 0:00:03.616
--- main_for_lr6.gms(3278) 51 Mb
--- Generating MIP model schedule_scenario
--- main_for_lr6.gms(3222) 51 Mb
--- Starting Equ Objective_scenario: elapsed 0:00:03.616
--- main_for_lr6.gms(3206) 51 Mb
--- Starting Equ Const1_scenario: elapsed 0:00:03.616
--- main_for_lr6.gms(3211) 51 Mb
--- Starting Equ Const_chance_1_scenario: elapsed 0:00:03.623
--- main_for_lr6.gms(3281) 51 Mb
--- LOOPS rs = scen23
---   48 rows  97 columns  213 non-zeroes
--- Executing GUROBI (Solvelink=5): elapsed 0:00:03.630

Gurobi           32.2.0 rc62c018 Released Aug 26, 2020 WEI x86 64bit/MS Window

GAMS/Gurobi demo/community requires a Gurobi license from Gurobi Optimization.
*** Cannot initialize Gurobi environment.
*** Could be a missing or invalid license. (status=10009|10009)
--- Reading solution for model schedule_scenario
--- Executing after solve: elapsed 0:00:03.640
--- main_for_lr6.gms(3278) 51 Mb
--- Generating MIP model schedule_scenario
--- main_for_lr6.gms(3222) 51 Mb
--- Starting Equ Objective_scenario: elapsed 0:00:03.641
--- main_for_lr6.gms(3206) 51 Mb
--- Starting Equ Const1_scenario: elapsed 0:00:03.641
--- main_for_lr6.gms(3211) 51 Mb
--- Starting Equ Const_chance_1_scenario: elapsed 0:00:03.647
--- main_for_lr6.gms(3281) 51 Mb
--- LOOPS rs = scen24
---   48 rows  97 columns  213 non-zeroes
--- Executing GUROBI (Solvelink=5): elapsed 0:00:03.653

Gurobi           32.2.0 rc62c018 Released Aug 26, 2020 WEI x86 64bit/MS Window

GAMS/Gurobi demo/community requires a Gurobi license from Gurobi Optimization.
*** Cannot initialize Gurobi environment.
*** Could be a missing or invalid license. (status=10009|10009)
--- Reading solution for model schedule_scenario
--- Executing after solve: elapsed 0:00:03.664
--- main_for_lr6.gms(3278) 51 Mb
--- Generating MIP model schedule_scenario
--- main_for_lr6.gms(3222) 51 Mb
--- Starting Equ Objective_scenario: elapsed 0:00:03.664
--- main_for_lr6.gms(3206) 51 Mb
--- Starting Equ Const1_scenario: elapsed 0:00:03.665
--- main_for_lr6.gms(3211) 51 Mb
--- Starting Equ Const_chance_1_scenario: elapsed 0:00:03.671
*** Error at line 3206: Execution halted: Triggered by pending CtrlC event
--- main_for_lr6.gms(3281) 51 Mb 1 Error
*** SOLVE aborted
--- Profile Summary (5793 records processed)
     1.016   0.006GB      3128 Loop       
     0.625   0.018GB      3202 Equation   Objective (1)
     0.343   0.051GB      3256 Solve Alg  schedule
     0.157   0.051GB      3256 Solve Fini schedule (319525)
     0.078   0.050GB      3210 Equation   Const_chance_1 (36000)
     0.063   0.038GB      3204 Equation   Const1 (34500)
     0.063   0.006GB      3129 Loop       
     0.063   0.006GB      3129 Loop       
     0.062   0.005GB      3129 Loop       
     0.062   0.006GB      3129 Loop       
--- main_for_lr6.gms(3281) 51 Mb 1 Error
*** Status: Execution error(s)
--- Job main_for_lr6.gms Stop 06/09/22 16:34:31 elapsed 0:00:03.676
