--- Job main_for_naive.gms Start 12/13/21 14:24:00 32.2.0 rc62c018 WEX-WEI x86 64bit/MS Windows
--- Applying:
    C:\GAMS\32\gmsprmNT.txt
--- GAMS Parameters defined
    Input C:\Users\charl\OneDrive\Dokumente\A_Uni\HiWi\ArticleSubgradient\Code\SampleRun_Environment_Wind\600Scens\tol03\Scenario6\main_for_naive.gms
    PageSize 0
    ScrDir C:\Users\charl\OneDrive\Dokumente\A_Uni\HiWi\ArticleSubgradient\Code\SampleRun_Environment_Wind\600Scens\tol03\Scenario6\225a\
    SysDir C:\GAMS\32\
    LogOption 3
    ErrMsg 1
    ErrorLog 99
    IDE 1
    LstTitleLeftAligned 1
GAMS 32.2.0   Copyright (C) 1987-2020 GAMS Development. All rights reserved
Licensee: Small MUD - 5 User License                     S200323/0001AN-GEN
          Friedrich-Alexander-Universitaet Erlangen-Nurnberg         DC7699
          C:\GAMS\32\gamslice.txt
--- Starting compilation
--- main_for_naive.gms(13) 2 Mb
--- . input.gms(14) 3 Mb
--- .. wind_costs.csv(25) 3 Mb
--- . input.gms(24) 3 Mb
--- .. wind_scenarios.csv(601) 4 Mb
--- . input.gms(54) 4 Mb 1 Error
*** Error 282 in C:\Users\charl\OneDrive\Dokumente\A_Uni\HiWi\ArticleSubgradient\Code\SampleRun_Environment_Wind\600Scens\tol03\Scenario6\input.gms
    Unable to open include file
--- . input.gms(56) 4 Mb 2 Errors
*** Error 463 in C:\Users\charl\OneDrive\Dokumente\A_Uni\HiWi\ArticleSubgradient\Code\SampleRun_Environment_Wind\600Scens\tol03\Scenario6\input.gms
    The column section in the previous table is missing.
       You may want to use $ON/OFFEMPTY
--- . input.gms(127) 4 Mb
--- main_for_naive.gms(14) 4 Mb
--- . subgradient_parameters.gms(35) 4 Mb
--- main_for_naive.gms(15) 4 Mb
--- . equations.gms(123) 4 Mb
--- main_for_naive.gms(22) 4 Mb 3 Errors
*** Error 257 in C:\Users\charl\OneDrive\Dokumente\A_Uni\HiWi\ArticleSubgradient\Code\SampleRun_Environment_Wind\600Scens\tol03\Scenario6\main_for_naive.gms
    Solve statement not checked because of previous errors
--- main_for_naive.gms(26) 4 Mb 4 Errors
*** Error 141 in C:\Users\charl\OneDrive\Dokumente\A_Uni\HiWi\ArticleSubgradient\Code\SampleRun_Environment_Wind\600Scens\tol03\Scenario6\main_for_naive.gms
    Symbol declared but no values have been assigned. Check for missing
       data definition, assignment, data loading or implicit assignment
       via a solve statement.
       A wild shot: You may have spurious commas in the explanatory
       text of a declaration. Check symbol reference list.
--- main_for_naive.gms(48) 4 Mb 4 Errors
*** Status: Compilation error(s)
--- Job main_for_naive.gms Stop 12/13/21 14:24:00 elapsed 0:00:00.109
